<?xml version="1.0" encoding="UTF-8" ?>
<testsuite errors="0" failures="1" hostname="ventails1" name="com.ibm.ws.wssecurity.fat.cxf.FATSuite" tests="2" time="166.986" timestamp="2021-06-06T07:18:26">
  <properties>
    <property name="bvt.prop.IIOP.secure" value="2810" />
    <property name="os.name" value="Windows Server 2016" />
    <property name="ldap.2.ssl.port" value="20636" />
    <property name="env.java.lang.stringBuffer.growAggressively" value="false" />
    <property name="bvt.prop.jms.8" value="17080" />
    <property name="bvt.prop.jms.7" value="17070" />
    <property name="bvt.prop.jms.6" value="17060" />
    <property name="bvt.prop.jms.5" value="17050" />
    <property name="bvt.prop.jms.4" value="17040" />
    <property name="controller_4.replica" value="10013" />
    <property name="bvt.prop.jms.3" value="17030" />
    <property name="bvt.prop.jms.2" value="17020" />
    <property name="dir.log.xml" value="C:\Users\Administrator\libertyGit\open-liberty\dev\com.ibm.ws.wssecurity_fat.wsscxf.1\build\libs\autoFVT\results\junit" />
    <property name="bvt.prop.jms.1" value="17010" />
    <property name="bvt.prop.jms.0" value="7276" />
    <property name="commonxml.location" value="../../../../build.image/wlp/usr/servers/fatTestCommon.xml" />
    <property name="dir.src.staticFiles" value="C:\Users\Administrator\libertyGit\open-liberty\dev\com.ibm.ws.wssecurity_fat.wsscxf.1\build\libs\autoFVT\src\staticFiles" />
    <property name="controller_1.replica" value="10010" />
    <property name="dir.src.ears" value="C:\Users\Administrator\libertyGit\open-liberty\dev\com.ibm.ws.wssecurity_fat.wsscxf.1\build\libs\autoFVT\src\ears" />
    <property name="simplicity.commandLineProvider" value="RXA" />
    <property name="inited-test-tasks" value="true" />
    <property name="javaagent.for.jacoco" value="-javaagent:C:\Users\Administrator\libertyGit\open-liberty\dev\com.ibm.ws.wssecurity_fat.wsscxf.1\build\libs\autoFVT\${junit_jar}\jacoco-0.7.6.201602180812\lib\jacocoagent.jar=destfile=C:\Users\Administrator\libertyGit\open-liberty\dev\com.ibm.ws.wssecurity_fat.wsscxf.1\build\libs\autoFVT\results\coverage\jacoco.exec" />
    <property name="env.PROCESSOR_REVISION" value="0102" />
    <property name="env.COMSPEC" value="C:\Windows\system32\cmd.exe" />
    <property name="logging.break.small" value="-----------------------------------------" />
    <property name="UDPTest" value="18004" />
    <property name="jms.ssl" value="7286" />
    <property name="env.PROCESSOR_ARCHITECTURE" value="AMD64" />
    <property name="exec.data.file" value="C:\Users\Administrator\libertyGit\open-liberty\dev\com.ibm.ws.wssecurity_fat.wsscxf.1\build\libs\autoFVT\results\coverage\jacoco.exec" />
    <property name="fat.project" value="true" />
    <property name="HTTP_secondary" value="8030" />
    <property name="simplicityConfigProps" value="C:\Users\Administrator\libertyGit\open-liberty\dev\com.ibm.ws.wssecurity_fat.wsscxf.1\build\libs\autoFVT/simplicity.properties" />
    <property name="env.user.variant" value="" />
    <property name="portsxml.client.location" value="../../../../build.image/wlp/usr/clients/fatTestPorts.xml" />
    <property name="env.sun.arch.data.model" value="64" />
    <property name="env.sun.boot.library.path" value="C:\java8_8.0.6.30\ibm-java-sdk-80-win-x86_64\sdk\jre\bin\compressedrefs;C:\java8_8.0.6.30\ibm-java-sdk-80-win-x86_64\sdk\jre\bin" />
    <property name="ant.home" value="C:\apache-ant-1.8.4" />
    <property name="bvt.prop.security_2_HTTP_default.secure" value="8940" />
    <property name="batch.dispatcher_1_HTTP_default.secure" value="8950" />
    <property name="DSTAMP" value="20210606" />
    <property name="security_3_HTTP_default" value="8950" />
    <property name="bvt.prop.controller_4.https" value="9087" />
    <property name="env.java.class.version" value="52.0" />
    <property name="classpath.list" value="asm-all-5.2.jar com.ibm.ws.junit.extensions.jar com.ibm.ws.wssecurity.example.cbh.jar com.ibm.ws.wssecurity.example.cbhwss4j.jar com.ibm.ws.wssecurity_fat.wsscxf.1.jar infra.buildtasks-core-4.0.0.jar jackson-annotations-2.11.2.jar jackson-core-2.11.2.jar jackson-databind-2.11.2.jar org.apache.aries.util-1.1.3.jar ../../lib/com.ibm.ws.junit.extensions.jar ../../lib/com.ibm.ws.logging.core.jar ../../lib/com.ibm.ws.org.glassfish.json.1.0.jar ../../lib/com.ibm.ws.ras.instrument.jar ../../lib/com.ibm.ws.security.fat.common.jar ../../lib/com.ibm.ws.wssecurity.fat.utils.common.jar ../../lib/commons-codec-1.15.jar ../../lib/commons-lang3-3.5.jar ../../lib/commons-logging-1.2.jar ../../lib/componenttest.app.jar ../../lib/fattest.encoder.jar ../../lib/fattest.simplicity.jar ../../lib/httpclient-4.5.4.jar ../../lib/httpcore-4.4.9.jar ../../lib/httpunit-1.5.4.jar ../../lib/io.openliberty.org.apache.commons.codec.jar ../../lib/io.openliberty.org.apache.commons.logging.jar ../../lib/jsse.jar ../../lib/jtidy-9.3.8.jar ../../lib/junit.jar ../../lib/public.api-1.0.0.jar ../../lib/wss4j-1.6.18.jar ../../../../../../fattest.simplicity/build/libs/lib/activation-1.1.jar ../../../../../../fattest.simplicity/build/libs/lib/arquillian-container-test-spi-1.3.0.Final.jar ../../../../../../fattest.simplicity/build/libs/lib/arquillian-core-api-1.3.0.Final.jar ../../../../../../fattest.simplicity/build/libs/lib/arquillian-core-spi-1.3.0.Final.jar ../../../../../../fattest.simplicity/build/libs/lib/arquillian-test-spi-1.3.0.Final.jar ../../../../../../fattest.simplicity/build/libs/lib/biz.aQute.bnd.transform-5.3.0.jar ../../../../../../fattest.simplicity/build/libs/lib/com.ibm.componenttest.common-1.0.0.jar ../../../../../../fattest.simplicity/build/libs/lib/com.ibm.ws.topology.helper-1.0.0.jar ../../../../../../fattest.simplicity/build/libs/lib/commons-cli-1.4.jar ../../../../../../fattest.simplicity/build/libs/lib/commons-httpclient-3.1.jar ../../../../../../fattest.simplicity/build/libs/lib/derbynet-10.11.1.1.jar ../../../../../../fattest.simplicity/build/libs/lib/fat.util-1.0.0.jar ../../../../../../fattest.simplicity/build/libs/lib/hamcrest-all-1.3.jar ../../../../../../fattest.simplicity/build/libs/lib/httpunit-1.5.4.jar ../../../../../../fattest.simplicity/build/libs/lib/jaxb-core-2.2.10.jar ../../../../../../fattest.simplicity/build/libs/lib/jaxb-impl-2.2.10.jar ../../../../../../fattest.simplicity/build/libs/lib/jmock-2.5.1.jar ../../../../../../fattest.simplicity/build/libs/lib/jtidy-9.3.8.jar ../../../../../../fattest.simplicity/build/libs/lib/org.eclipse.transformer-0.2.0.jar ../../../../../../fattest.simplicity/build/libs/lib/org.eclipse.transformer.cli-0.2.0.jar ../../../../../../fattest.simplicity/build/libs/lib/provider.api-1.0.0.jar ../../../../../../fattest.simplicity/build/libs/lib/public.api-1.0.0.jar ../../../../../../fattest.simplicity/build/libs/lib/shrinkwrap-api-1.2.3.jar ../../../../../../fattest.simplicity/build/libs/lib/shrinkwrap-impl-base-1.2.3.jar ../../../../../../fattest.simplicity/build/libs/lib/shrinkwrap-spi-1.2.3.jar ../../../../../../../../../../../apache-ant-1.8.4/lib/ant-junit.jar ../../../../../../../../../../../apache-ant-1.8.4/lib/ant-junit4.jar ../../../../../../../../../../../apache-ant-1.8.4/lib/ant.jar ../../../../../../build.sharedResources/lib/junit/old/junit.jar ../../publish/files/bundles/com.ibm.ws.wssecurity.example.cbh.jar ../../publish/files/bundles/com.ibm.ws.wssecurity.example.cbhwss4j.jar ../../publish/servers/com.ibm.ws.wssecurity_fat.x509crl/testApps/com.ibm.ws.wssecurity.fat.utils.common.jar ../../../../../../build.image/wlp/dev/api/spec/com.ibm.websphere.javaee.activation.1.1_1.0.53.jar ../../../../../../build.image/wlp/dev/api/spec/com.ibm.websphere.javaee.activity.1.0_1.0.53.jar ../../../../../../build.image/wlp/dev/api/spec/com.ibm.websphere.javaee.annotation.1.1_1.0.53.jar ../../../../../../build.image/wlp/dev/api/spec/com.ibm.websphere.javaee.annotation.1.2_1.0.53.jar ../../../../../../build.image/wlp/dev/api/spec/com.ibm.websphere.javaee.annotation.1.3_1.0.53.jar ../../../../../../build.image/wlp/dev/api/spec/com.ibm.websphere.javaee.batch.1.0_1.0.53.jar ../../../../../../build.image/wlp/dev/api/spec/com.ibm.websphere.javaee.cdi.1.0_1.0.53.jar ../../../../../../build.image/wlp/dev/api/spec/com.ibm.websphere.javaee.cdi.1.2_1.2.53.jar ../../../../../../build.image/wlp/dev/api/spec/com.ibm.websphere.javaee.cdi.2.0_1.0.53.jar ../../../../../../build.image/wlp/dev/api/spec/com.ibm.websphere.javaee.concurrent.1.0_1.0.53.jar ../../../../../../build.image/wlp/dev/api/spec/com.ibm.websphere.javaee.connector.1.6_1.0.53.jar ../../../../../../build.image/wlp/dev/api/spec/com.ibm.websphere.javaee.connector.1.7_1.0.53.jar ../../../../../../build.image/wlp/dev/api/spec/com.ibm.websphere.javaee.ejb.3.1_1.0.53.jar ../../../../../../build.image/wlp/dev/api/spec/com.ibm.websphere.javaee.ejb.3.2_1.0.53.jar ../../../../../../build.image/wlp/dev/api/spec/com.ibm.websphere.javaee.el.2.2_1.0.53.jar ../../../../../../build.image/wlp/dev/api/spec/com.ibm.websphere.javaee.el.3.0_1.0.53.jar ../../../../../../build.image/wlp/dev/api/spec/com.ibm.websphere.javaee.interceptor.1.1_1.0.53.jar ../../../../../../build.image/wlp/dev/api/spec/com.ibm.websphere.javaee.interceptor.1.2_1.0.53.jar ../../../../../../build.image/wlp/dev/api/spec/com.ibm.websphere.javaee.jacc.1.5_1.0.53.jar ../../../../../../build.image/wlp/dev/api/spec/com.ibm.websphere.javaee.jaspic.1.1_1.0.53.jar ../../../../../../build.image/wlp/dev/api/spec/com.ibm.websphere.javaee.jaxb.2.2_1.0.53.jar ../../../../../../build.image/wlp/dev/api/spec/com.ibm.websphere.javaee.jaxb.2.3_1.0.53.jar ../../../../../../build.image/wlp/dev/api/spec/com.ibm.websphere.javaee.jaxrs.1.1_1.0.53.jar ../../../../../../build.image/wlp/dev/api/spec/com.ibm.websphere.javaee.jaxrs.2.0_1.0.53.jar ../../../../../../build.image/wlp/dev/api/spec/com.ibm.websphere.javaee.jaxrs.2.1_1.0.53.jar ../../../../../../build.image/wlp/dev/api/spec/com.ibm.websphere.javaee.jaxws.2.2_1.0.53.jar ../../../../../../build.image/wlp/dev/api/spec/com.ibm.websphere.javaee.jaxws.2.3_1.0.53.jar ../../../../../../build.image/wlp/dev/api/spec/com.ibm.websphere.javaee.jms.1.1_1.0.53.jar ../../../../../../build.image/wlp/dev/api/spec/com.ibm.websphere.javaee.jms.2.0_1.0.53.jar ../../../../../../build.image/wlp/dev/api/spec/com.ibm.websphere.javaee.jsf.2.2_1.0.53.jar ../../../../../../build.image/wlp/dev/api/spec/com.ibm.websphere.javaee.jsf.2.3_1.0.53.jar ../../../../../../build.image/wlp/dev/api/spec/com.ibm.websphere.javaee.jsonb.1.0_1.0.53.jar ../../../../../../build.image/wlp/dev/api/spec/com.ibm.websphere.javaee.jsonp.1.0_1.0.53.jar ../../../../../../build.image/wlp/dev/api/spec/com.ibm.websphere.javaee.jsonp.1.1_1.0.53.jar ../../../../../../build.image/wlp/dev/api/spec/com.ibm.websphere.javaee.jsp.2.2_1.0.53.jar ../../../../../../build.image/wlp/dev/api/spec/com.ibm.websphere.javaee.jsp.2.3_1.0.53.jar ../../../../../../build.image/wlp/dev/api/spec/com.ibm.websphere.javaee.jsp.tld.2.2.jakarta_1.2.53.jar ../../../../../../build.image/wlp/dev/api/spec/com.ibm.websphere.javaee.jsp.tld.2.2_1.2.53.jar ../../../../../../build.image/wlp/dev/api/spec/com.ibm.websphere.javaee.jstl.1.2_1.0.53.jar ../../../../../../build.image/wlp/dev/api/spec/com.ibm.websphere.javaee.jws.1.0_1.0.53.jar ../../../../../../build.image/wlp/dev/api/spec/com.ibm.websphere.javaee.mail.1.5_1.0.53.jar ../../../../../../build.image/wlp/dev/api/spec/com.ibm.websphere.javaee.mail.1.6_1.0.53.jar ../../../../../../build.image/wlp/dev/api/spec/com.ibm.websphere.javaee.management.j2ee.1.1_1.0.53.jar ../../../../../../build.image/wlp/dev/api/spec/com.ibm.websphere.javaee.persistence.2.0_1.0.53.jar ../../../../../../build.image/wlp/dev/api/spec/com.ibm.websphere.javaee.persistence.2.1_1.0.53.jar ../../../../../../build.image/wlp/dev/api/spec/com.ibm.websphere.javaee.persistence.2.2_1.0.53.jar ../../../../../../build.image/wlp/dev/api/spec/com.ibm.websphere.javaee.security.1.0_1.0.53.jar ../../../../../../build.image/wlp/dev/api/spec/com.ibm.websphere.javaee.servlet.3.0_1.0.53.jar ../../../../../../build.image/wlp/dev/api/spec/com.ibm.websphere.javaee.servlet.3.1_1.0.53.jar ../../../../../../build.image/wlp/dev/api/spec/com.ibm.websphere.javaee.servlet.4.0_1.0.53.jar ../../../../../../build.image/wlp/dev/api/spec/com.ibm.websphere.javaee.servlet.sip.1.1_1.1.53.jar ../../../../../../build.image/wlp/dev/api/spec/com.ibm.websphere.javaee.transaction.1.1_1.0.53.jar ../../../../../../build.image/wlp/dev/api/spec/com.ibm.websphere.javaee.transaction.1.2_1.0.53.jar ../../../../../../build.image/wlp/dev/api/spec/com.ibm.websphere.javaee.validation.1.0_1.0.53.jar ../../../../../../build.image/wlp/dev/api/spec/com.ibm.websphere.javaee.validation.1.1_1.0.53.jar ../../../../../../build.image/wlp/dev/api/spec/com.ibm.websphere.javaee.validation.2.0_1.0.53.jar ../../../../../../build.image/wlp/dev/api/spec/com.ibm.websphere.javaee.websocket.1.0_1.0.53.jar ../../../../../../build.image/wlp/dev/api/spec/com.ibm.websphere.javaee.websocket.1.1_1.0.53.jar ../../../../../../build.image/wlp/dev/api/spec/com.ibm.websphere.javaee.wsdl4j.1.2_1.0.53.jar ../../../../../../build.image/wlp/dev/api/spec/com.ibm.websphere.org.osgi.core_1.2.53.jar ../../../../../../build.image/wlp/dev/api/spec/com.ibm.websphere.org.osgi.service.blueprint_1.0.53.jar ../../../../../../build.image/wlp/dev/api/spec/com.ibm.websphere.org.osgi.service.cm_1.1.53.jar ../../../../../../build.image/wlp/dev/api/spec/com.ibm.websphere.org.osgi.service.component_1.1.53.jar ../../../../../../build.image/wlp/dev/api/spec/com.ibm.websphere.org.osgi.service.http.jakarta_1.0.53.jar ../../../../../../build.image/wlp/dev/api/spec/com.ibm.websphere.org.osgi.service.http.whiteboard_1.0.53.jar ../../../../../../build.image/wlp/dev/api/spec/com.ibm.websphere.org.osgi.service.http_1.0.53.jar ../../../../../../build.image/wlp/dev/api/spec/com.ibm.websphere.prereq.wsdl4j.api_1.0.53.jar ../../../../../../build.image/wlp/dev/api/spec/io.openliberty.jakarta.activation.2.0_1.0.53.jar ../../../../../../build.image/wlp/dev/api/spec/io.openliberty.jakarta.annotation.2.0_1.0.53.jar ../../../../../../build.image/wlp/dev/api/spec/io.openliberty.jakarta.authentication.2.0_1.0.53.jar ../../../../../../build.image/wlp/dev/api/spec/io.openliberty.jakarta.authorization.2.0_1.0.53.jar ../../../../../../build.image/wlp/dev/api/spec/io.openliberty.jakarta.batch.2.0_1.0.53.jar ../../../../../../build.image/wlp/dev/api/spec/io.openliberty.jakarta.cdi.3.0_1.0.53.jar ../../../../../../build.image/wlp/dev/api/spec/io.openliberty.jakarta.concurrency.2.0_1.0.53.jar ../../../../../../build.image/wlp/dev/api/spec/io.openliberty.jakarta.connectors.2.0_1.0.53.jar ../../../../../../build.image/wlp/dev/api/spec/io.openliberty.jakarta.enterpriseBeans.4.0_1.0.53.jar ../../../../../../build.image/wlp/dev/api/spec/io.openliberty.jakarta.expressionLanguage.4.0_1.0.53.jar ../../../../../../build.image/wlp/dev/api/spec/io.openliberty.jakarta.faces.3.0_1.0.53.jar ../../../../../../build.image/wlp/dev/api/spec/io.openliberty.jakarta.interceptor.2.0_1.0.53.jar ../../../../../../build.image/wlp/dev/api/spec/io.openliberty.jakarta.jsonb.2.0_1.0.53.jar ../../../../../../build.image/wlp/dev/api/spec/io.openliberty.jakarta.jsonp.2.0_1.0.53.jar ../../../../../../build.image/wlp/dev/api/spec/io.openliberty.jakarta.jstl.2.0_1.0.53.jar ../../../../../../build.image/wlp/dev/api/spec/io.openliberty.jakarta.jws.3.0_1.0.53.jar ../../../../../../build.image/wlp/dev/api/spec/io.openliberty.jakarta.mail.2.0_1.0.53.jar ../../../../../../build.image/wlp/dev/api/spec/io.openliberty.jakarta.messaging.3.0_1.0.53.jar ../../../../../../build.image/wlp/dev/api/spec/io.openliberty.jakarta.pages.3.0_1.0.53.jar ../../../../../../build.image/wlp/dev/api/spec/io.openliberty.jakarta.persistence.3.0_1.0.53.jar ../../../../../../build.image/wlp/dev/api/spec/io.openliberty.jakarta.restfulWS.3.0_1.0.53.jar ../../../../../../build.image/wlp/dev/api/spec/io.openliberty.jakarta.security.2.0_1.0.53.jar ../../../../../../build.image/wlp/dev/api/spec/io.openliberty.jakarta.servlet.5.0_1.0.53.jar ../../../../../../build.image/wlp/dev/api/spec/io.openliberty.jakarta.soap.2.0_1.0.53.jar ../../../../../../build.image/wlp/dev/api/spec/io.openliberty.jakarta.transaction.2.0_1.0.53.jar ../../../../../../build.image/wlp/dev/api/spec/io.openliberty.jakarta.validation.3.0_1.0.53.jar ../../../../../../build.image/wlp/dev/api/spec/io.openliberty.jakarta.websocket.2.0_1.0.53.jar ../../../../../../build.image/wlp/dev/api/spec/io.openliberty.jakarta.xmlBinding.3.0_1.0.53.jar ../../../../../../build.image/wlp/dev/api/spec/io.openliberty.jakarta.xmlWS.3.0_1.0.53.jar" />
    <property name="jms.1.ssl" value="17510" />
    <property name="env.user.dir" value="C:\Users\Administrator\libertyGit\open-liberty\dev" />
    <property name="com.ibm.oti.vm.bootstrap.library.path" value="C:\java8_8.0.6.30\ibm-java-sdk-80-win-x86_64\sdk\jre\bin\compressedrefs;C:\java8_8.0.6.30\ibm-java-sdk-80-win-x86_64\sdk\jre\bin" />
    <property name="dir.build.lib" value="C:\Users\Administrator\libertyGit\open-liberty\dev\com.ibm.ws.wssecurity_fat.wsscxf.1\build\libs\autoFVT\build\lib" />
    <property name="wsadminlib.py" value="C:\Users\Administrator\libertyGit\open-liberty\dev\com.ibm.ws.wssecurity_fat.wsscxf.1\build\libs\autoFVT\src/jython/wsadminlib.py" />
    <property name="member_1.https" value="8081" />
    <property name="env.SHELL" value="C:\Git\usr\bin\bash.exe" />
    <property name="env.fat.test.localrun" value="true" />
    <property name="testinfo.properties" value="C:\Users\Administrator\libertyGit\open-liberty\dev\com.ibm.ws.wssecurity_fat.wsscxf.1\build\libs\autoFVT/build/testinfo.properties" />
    <property name="dir.log" value="C:\Users\Administrator\libertyGit\open-liberty\dev\com.ibm.ws.wssecurity_fat.wsscxf.1\build\libs\autoFVT\results" />
    <property name="env.file.separator" value="\" />
    <property name="env.PUBLIC" value="C:\Users\Public" />
    <property name="env.ibm.signalhandling.rs" value="false" />
    <property name="skip.backup" value="false" />
    <property name="dir.src.tags" value="C:\Users\Administrator\libertyGit\open-liberty\dev\com.ibm.ws.wssecurity_fat.wsscxf.1\build\libs\autoFVT\src\tags" />
    <property name="dir.doc" value="C:\Users\Administrator\libertyGit\open-liberty\dev\com.ibm.ws.wssecurity_fat.wsscxf.1\build\libs\autoFVT\doc" />
    <property name="controller_1.http" value="9080" />
    <property name="env.MANPATH" value="C:\Git\mingw64\local\man;C:\Git\mingw64\share\man;C:\Git\usr\local\man;C:\Git\usr\share\man;C:\Git\usr\man;C:\Git\share\man" />
    <property name="env.ANT_CMD_LINE_ARGS" value=" -f C:\Users\Administrator\libertyGit\open-liberty\dev\com.ibm.ws.wssecurity_fat.wsscxf.1\build\libs\autoFVT\TestBuild.xml" />
    <property name="dir.log.javacores" value="C:\Users\Administrator\libertyGit\open-liberty\dev\com.ibm.ws.wssecurity_fat.wsscxf.1\build\libs\autoFVT\results\javacores" />
    <property name="env.ANT_HOME" value="C:\apache-ant-1.8.4" />
    <property name="user.home" value="C:\Users\Administrator" />
    <property name="bvt.prop.batch.dispatcher_1_HTTP_default.secure" value="8950" />
    <property name="env.SSH_AGENT_PID" value="2777" />
    <property name="env.DISPLAY" value="needs-to-be-defined" />
    <property name="env.artifactory.download.server" value="na.artifactory.swg-devops.com" />
    <property name="jms.4.ssl" value="17540" />
    <property name="com.ibm.system.agent.path" value="C:\java8_8.0.6.30\ibm-java-sdk-80-win-x86_64\sdk\jre\bin" />
    <property name="suitedef" value="fullregression" />
    <property name="env.global.debug.java2.sec" value="false" />
    <property name="fat.debug" value="false" />
    <property name="bvt.prop.security_3_HTTP_default.secure" value="8960" />
    <property name="bvt.prop.batch.dispatcher_1_HTTP_default" value="8942" />
    <property name="env.java.vm.specification.name" value="Java Virtual Machine Specification" />
    <property name="IIOP.secondary" value="2819" />
    <property name="env.com.ibm.oti.vm.bootstrap.library.path" value="C:\java8_8.0.6.30\ibm-java-sdk-80-win-x86_64\sdk\jre\bin\compressedrefs;C:\java8_8.0.6.30\ibm-java-sdk-80-win-x86_64\sdk\jre\bin" />
    <property name="batch.dispatcher_2_HTTP_default.secure" value="8951" />
    <property name="env.USERDOMAIN" value="VENTAILS1" />
    <property name="env.NUMBER_OF_PROCESSORS" value="4" />
    <property name="ldap.1.ssl.port" value="10636" />
    <property name="env.=C:" value="C:\Users\Administrator\libertyGit\open-liberty\dev\com.ibm.ws.wssecurity_fat.wsscxf.1" />
    <property name="dir.log.coverage" value="C:\Users\Administrator\libertyGit\open-liberty\dev\com.ibm.ws.wssecurity_fat.wsscxf.1\build\libs\autoFVT\results\coverage" />
    <property name="server.debug.sysprop.value" value="false" />
    <property name="env.ProgramW6432" value="C:\Program Files" />
    <property name="env.USERNAME" value="Administrator" />
    <property name="bvt.prop.member_4.https" value="8087" />
    <property name="bvt.prop.JMXREST_default" value="8880" />
    <property name="file.encoding" value="ISO8859_1" />
    <property name="bvt.prop.jms.2.ssl" value="17520" />
    <property name="env.MSYSTEM_CHOST" value="x86_64-w64-mingw32" />
    <property name="disable.ffdc.checking" value="${disable.ffdc.checking}" />
    <property name="env.os.arch" value="amd64" />
    <property name="dir.build.classes" value="C:\Users\Administrator\libertyGit\open-liberty\dev\com.ibm.ws.wssecurity_fat.wsscxf.1\build\libs\autoFVT\build\classes" />
    <property name="env.OLDPWD" value="C:/Users/Administrator/libertyGit/open-liberty/dev" />
    <property name="bvt.prop.IIOP.secondary.secure" value="2820" />
    <property name="controller_2.http" value="9082" />
    <property name="env.PATHEXT" value=".COM;.EXE;.BAT;.CMD;.VBS;.VBE;.JS;.JSE;.WSF;.WSH;.MSC" />
    <property name="java.vm.version" value="2.9" />
    <property name="sun.io.unicode.encoding" value="UnicodeLittle" />
    <property name="dir.build" value="C:\Users\Administrator\libertyGit\open-liberty\dev\com.ibm.ws.wssecurity_fat.wsscxf.1\build\libs\autoFVT\build" />
    <property name="security_4_HTTP_default" value="8970" />
    <property name="member_5.https" value="8089" />
    <property name="java.runtime.version" value="8.0.6.30 - pwa6480sr6fp30-20210507_01(SR6 FP30)" />
    <property name="server.origin" value="${server.origin}" />
    <property name="jms.7.ssl" value="17570" />
    <property name="env.java.specification.name" value="Java Platform API Specification" />
    <property name="bvt.prop.IIOP.tertiary" value="2829" />
    <property name="simplicity.jiiwsPort" value="1982" />
    <property name="dir.lib" value="C:\Users\Administrator\libertyGit\open-liberty\dev\com.ibm.ws.wssecurity_fat.wsscxf.1\build\libs\autoFVT\lib" />
    <property name="dir.build.jars" value="C:\Users\Administrator\libertyGit\open-liberty\dev\com.ibm.ws.wssecurity_fat.wsscxf.1\build\libs\autoFVT\build\lib" />
    <property name="com.ibm.util.extralibs.properties" value="" />
    <property name="zos.extra.vmargs" value="" />
    <property name="simplicity.webSphereOperationsProvider" value="WSADMIN" />
    <property name="env.sun.java.command" value="org.gradle.launcher.daemon.bootstrap.GradleDaemon 6.8.3" />
    <property name="ant.file.type" value="file" />
    <property name="java.awt.graphicsenv" value="sun.awt.Win32GraphicsEnvironment" />
    <property name="bvt.prop.controller_4.replica" value="10013" />
    <property name="env.path.separator" value=";" />
    <property name="env.java.fullversion" value="8.0.6.30 - pwa6480sr6fp30-20210507_01(SR6 FP30)&#xa;JRE 1.8.0 Windows Server 2016 amd64-64-Bit Compressed References 20210415_469669 (JIT enabled, AOT enabled)&#xa;OpenJ9   - c2bc063&#xa;OMR      - fa000e8&#xa;IBM      - 8165371" />
    <property name="ibm.signalhandling.sigint" value="true" />
    <property name="bvt.prop.controller_1.replica" value="10010" />
    <property name="controller_3.https" value="9085" />
    <property name="bvt.prop.batch.dispatcher_2_HTTP_default.secure" value="8951" />
    <property name="env.java.runtime.version" value="8.0.6.30 - pwa6480sr6fp30-20210507_01(SR6 FP30)" />
    <property name="com.ibm.ws.logging.max.file.size" value="0" />
    <property name="env.MINGW_PREFIX" value="C:/Git/mingw64" />
    <property name="zip.backup" value="backup.zip" />
    <property name="env.user.timezone" value="" />
    <property name="env.sun.desktop" value="windows" />
    <property name="env.com.ibm.jcl.checkClassPath" value="" />
    <property name="env.HOME" value="C:\Users\Administrator" />
    <property name="java.class.version" value="52.0" />
    <property name="env.java.vm.name" value="IBM J9 VM" />
    <property name="fat.test.artifactory.download.token" value="${artifactory.download.token}" />
    <property name="env.ORIGINAL_TMP" value="C:/Users/ADMINI~1/AppData/Local/Temp/2" />
    <property name="bvt.prop.jms.5.ssl" value="17550" />
    <property name="java.home" value="C:\java8_8.0.6.30\ibm-java-sdk-80-win-x86_64\sdk\jre" />
    <property name="dir.build.ears" value="C:\Users\Administrator\libertyGit\open-liberty\dev\com.ibm.ws.wssecurity_fat.wsscxf.1\build\libs\autoFVT\build\ears" />
    <property name="bootstrapping.properties" value="C:\Users\Administrator\libertyGit\open-liberty\dev\com.ibm.ws.wssecurity_fat.wsscxf.1\build\libs\autoFVT/bootstrapping.properties" />
    <property name="logging.break.error" value="******************************************************************" />
    <property name="sun.cpu.endian" value="little" />
    <property name="env.java.awt.graphicsenv" value="sun.awt.Win32GraphicsEnvironment" />
    <property name="ant.file.standard.launch.tasks" value="C:\Users\Administrator\libertyGit\open-liberty\dev\com.ibm.ws.wssecurity_fat.wsscxf.1\build\libs\autoFVT\src\ant\launch.xml" />
    <property name="simplicity.properties" value="C:\Users\Administrator\libertyGit\open-liberty\dev\com.ibm.ws.wssecurity_fat.wsscxf.1\build\libs\autoFVT/simplicity.properties" />
    <property name="IIOP.secondary.secure" value="2820" />
    <property name="env.file.encoding" value="Cp1252" />
    <property name="ant.project.default-target" value="execute" />
    <property name="ant.file.type.standard.properties" value="file" />
    <property name="http.1.ssl" value="8040" />
    <property name="bvt.prop.mockservice.http" value="9111" />
    <property name="env.java.endorsed.dirs" value="C:\java8_8.0.6.30\ibm-java-sdk-80-win-x86_64\sdk\jre\lib\endorsed" />
    <property name="dir.src.tlds" value="C:\Users\Administrator\libertyGit\open-liberty\dev\com.ibm.ws.wssecurity_fat.wsscxf.1\build\libs\autoFVT\src\tlds" />
    <property name="controller_3.http" value="9084" />
    <property name="env.fat.test.class.name" value="com.ibm.ws.wssecurity.fat.cxf.x509token.CxfX509ASyncTests" />
    <property name="env.com.ibm.util.extralibs.properties" value="" />
    <property name="fat.test.really.use.local.ldap" value="false" />
    <property name="env.java.vm.info" value="JRE 1.8.0 Windows Server 2016 amd64-64-Bit Compressed References 20210415_469669 (JIT enabled, AOT enabled)&#xa;OpenJ9   - c2bc063&#xa;OMR      - fa000e8&#xa;IBM      - 8165371" />
    <property name="env.PROCESSOR_IDENTIFIER" value="AMD64 Family 23 Model 1 Stepping 2, AuthenticAMD" />
    <property name="fat.test.localrun" value="true" />
    <property name="bvt.prop.security_1_HTTP_default" value="8910" />
    <property name="IIOP.tertiary.secure" value="2830" />
    <property name="env.user.home" value="C:\Users\Administrator" />
    <property name="bvt.prop.batch.dispatcher_2_HTTP_default" value="8943" />
    <property name="user.country" value="US" />
    <property name="logging.break.medium" value="----------------------------------------------------------------" />
    <property name="user.timezone" value="" />
    <property name="http.1" value="8030" />
    <property name="http.0" value="8010" />
    <property name="env.PROGRAMFILES" value="C:\Program Files" />
    <property name="bvt.prop.member_3.https" value="8085" />
    <property name="sun.arch.data.model" value="64" />
    <property name="env.os.name" value="Windows Server 2016" />
    <property name="bvt.prop.jms.8.ssl" value="17580" />
    <property name="env.os.encoding" value="UTF8" />
    <property name="java.vm.vendor" value="IBM Corporation" />
    <property name="bvt.prop.smtp_port" value="3025" />
    <property name="bvt.prop.member.alternateElectionPort" value="40572" />
    <property name="console.encoding" value="Cp437" />
    <property name="is.windows.platform" value="true" />
    <property name="java.vm.specification.version" value="1.8" />
    <property name="jms" value="7276" />
    <property name="bvt.prop.controller_3.https" value="9085" />
    <property name="env.ibm.system.encoding" value="Cp1252" />
    <property name="bvt.prop.member_1.http" value="8080" />
    <property name="env.JAVA_HOME" value="C:/java8_8.0.6.30/ibm-java-sdk-80-win-x86_64/sdk" />
    <property name="fat.test.method.name" value="testCxfAsyncInvokeNonBlocking" />
    <property name="env.sun.jnu.encoding" value="Cp1252" />
    <property name="env.os.version" value="10.0" />
    <property name="user.dir" value="C:\Users\Administrator\libertyGit\open-liberty\dev\com.ibm.ws.wssecurity_fat.wsscxf.1\build\libs\autoFVT" />
    <property name="env.com.ibm.oti.shared.enabled" value="false" />
    <property name="jacocoagent.file" value="C:\Users\Administrator\libertyGit\open-liberty\dev\com.ibm.ws.wssecurity_fat.wsscxf.1\build\libs\autoFVT\${junit_jar}\jacoco-0.7.6.201602180812\lib\jacocoagent.jar" />
    <property name="dir.suitedef" value="C:\Users\Administrator\libertyGit\open-liberty\dev\com.ibm.ws.wssecurity_fat.wsscxf.1\build\libs\autoFVT/src/suitedef" />
    <property name="bvt.prop.security_5_HTTP_default.secure" value="8980" />
    <property name="env.LANG" value="en_US.UTF-8" />
    <property name="controller_4.http" value="9086" />
    <property name="env.java.runtime.name" value="Java(TM) SE Runtime Environment" />
    <property name="env.com.ibm.system.agent.path" value="C:\java8_8.0.6.30\ibm-java-sdk-80-win-x86_64\sdk\jre\bin" />
    <property name="bvt.prop.HTTP_default" value="8010" />
    <property name="ascii.file.encoding" value="ISO8859_1" />
    <property name="controller_3.replica" value="10012" />
    <property name="com.ibm.ws.logging.trace.specification" value="*=info:logservice=detail:com.ibm.ws.runtime.update.*=all" />
    <property name="ant.file.Test.Build" value="C:\Users\Administrator\libertyGit\open-liberty\dev\com.ibm.ws.wssecurity_fat.wsscxf.1\build\libs\autoFVT\TestBuild.xml" />
    <property name="controller_2.https" value="9083" />
    <property name="local.properties" value="C:\Users\Administrator\libertyGit\open-liberty\dev\com.ibm.ws.wssecurity_fat.wsscxf.1\build\libs\autoFVT/local.properties" />
    <property name="env.fat.test.method.name" value="testCxfAsyncInvokeNonBlocking" />
    <property name="shared.resources" value="../../../../build.sharedResources/lib" />
    <property name="bvt.prop.http.0.ssl" value="8020" />
    <property name="java.version" value="1.8.0_291" />
    <property name="framework.maxheap" value="-Xmx1024m" />
    <property name="env.org.gradle.appname" value="gradlew" />
    <property name="libertyInstallPath" value="../../../../build.image/wlp" />
    <property name="test.run.on.mac.jvmarg1" value="-Dignore=ignore" />
    <property name="member.alternateElectionPort" value="40572" />
    <property name="osgiConsolePort" value="5678" />
    <property name="java.class.path" value="C:\Users\Administrator\libertyGit\open-liberty\dev\com.ibm.ws.wssecurity_fat.wsscxf.1\build\libs\autoFVT\build\lib\cp.jar" />
    <property name="ldap.1.port" value="10389" />
    <property name="ant.java.version" value="1.8" />
    <property name="IIOP.tertiary" value="2829" />
    <property name="sun.desktop" value="windows" />
    <property name="java.specification.version" value="1.8" />
    <property name="env.ORIGINAL_PATH" value="C:\Git\mingw64\bin;C:\Git\usr\bin;C:\Users\Administrator\bin;C:\jdk-11.0.11.9-openj9\bin;C:\apache-ant-1.8.4\bin;C:\Windows\system32;C:\Windows;C:\Windows\System32\Wbem;C:\Windows\System32\WindowsPowerShell\v1.0;C:\Git\cmd;C:\Users\Administrator\AppData\Local\Microsoft\WindowsApps;C:\Microsoft VS Code\bin" />
    <property name="env.ORIGINAL_TEMP" value="C:/Users/ADMINI~1/AppData/Local/Temp/2" />
    <property name="sun.boot.library.path" value="C:\java8_8.0.6.30\ibm-java-sdk-80-win-x86_64\sdk\jre\bin\compressedrefs;C:\java8_8.0.6.30\ibm-java-sdk-80-win-x86_64\sdk\jre\bin" />
    <property name="ignore" value="ignore" />
    <property name="dir.src.golden.files" value="C:\Users\Administrator\libertyGit\open-liberty\dev\com.ibm.ws.wssecurity_fat.wsscxf.1\build\libs\autoFVT\src\goldenFiles" />
    <property name="env.USERDOMAIN_ROAMINGPROFILE" value="VENTAILS1" />
    <property name="env.MINGW_PACKAGE_PREFIX" value="mingw-w64-x86_64" />
    <property name="jms.2.ssl" value="17520" />
    <property name="bvt.prop.imap_port" value="6663" />
    <property name="env.java.home" value="C:\java8_8.0.6.30\ibm-java-sdk-80-win-x86_64\sdk\jre" />
    <property name="env.sun.cpu.endian" value="little" />
    <property name="isPersonalBuild" value="false" />
    <property name="bvt.prop.httpFAT_4" value="19030" />
    <property name="bvt.prop.httpFAT_3" value="18443" />
    <property name="bvt.prop.httpFAT_2" value="18082" />
    <property name="bvt.prop.httpFAT_1" value="18080" />
    <property name="bvt.prop.member_2.http" value="8082" />
    <property name="env._JAVACMD" value="C:/java8_8.0.6.30/ibm-java-sdk-80-win-x86_64/sdk\bin\java.exe" />
    <property name="HTTP_default" value="8010" />
    <property name="env.org.gradle.internal.http.socketTimeout" value="180000" />
    <property name="apache.ds.home" value="C:\Users\Administrator\libertyGit\open-liberty\dev\com.ibm.ws.wssecurity_fat.wsscxf.1\build\libs\autoFVT\apacheds-2.0.0-M15" />
    <property name="localhost.JavaHome" value="C:\java8_8.0.6.30\ibm-java-sdk-80-win-x86_64\sdk\jre" />
    <property name="env.java.vendor" value="IBM Corporation" />
    <property name="java.specification.vendor" value="Oracle Corporation" />
    <property name="bvt.prop.security_2_HTTP_default" value="8930" />
    <property name="IIOP.client" value="2811" />
    <property name="user.name" value="Administrator" />
    <property name="debugging.port" value="false" />
    <property name="global.ghe.access.token" value="f55ca4a4e285899c1baf08e9f93da2d8558e2ff7" />
    <property name="java.util.logging.config.file" value="C:\Users\Administrator\libertyGit\open-liberty\dev\com.ibm.ws.wssecurity_fat.wsscxf.1\build\libs\autoFVT\results/logging.properties" />
    <property name="ibm.signalhandling.sigchain" value="true" />
    <property name="com.ibm.ws.logging.ffdc.summary.policy" value="immediate" />
    <property name="batch.endpoint_1_HTTP_default" value="8944" />
    <property name="controller_5.http" value="9088" />
    <property name="dir.log.html" value="C:\Users\Administrator\libertyGit\open-liberty\dev\com.ibm.ws.wssecurity_fat.wsscxf.1\build\libs\autoFVT\results\junit.html" />
    <property name="bvt.prop.http.1" value="8030" />
    <property name="bvt.prop.http.0" value="8010" />
    <property name="env.PROCESSOR_LEVEL" value="23" />
    <property name="mockservice.http" value="9111" />
    <property name="env.ibm.signalhandling.sigint" value="true" />
    <property name="bvt.prop.controller_3.replica" value="10012" />
    <property name="env.sun.boot.class.path" value="C:\java8_8.0.6.30\ibm-java-sdk-80-win-x86_64\sdk\jre\bin\compressedrefs\jclSC180\vm.jar;C:\java8_8.0.6.30\ibm-java-sdk-80-win-x86_64\sdk\jre\lib\se-service.jar;C:\java8_8.0.6.30\ibm-java-sdk-80-win-x86_64\sdk\jre\lib\math.jar;C:\java8_8.0.6.30\ibm-java-sdk-80-win-x86_64\sdk\jre\lib\ibmorb.jar;C:\java8_8.0.6.30\ibm-java-sdk-80-win-x86_64\sdk\jre\lib\ibmorbapi.jar;C:\java8_8.0.6.30\ibm-java-sdk-80-win-x86_64\sdk\jre\lib\ibmcfw.jar;C:\java8_8.0.6.30\ibm-java-sdk-80-win-x86_64\sdk\jre\lib\ibmpkcs.jar;C:\java8_8.0.6.30\ibm-java-sdk-80-win-x86_64\sdk\jre\lib\ibmcertpathfw.jar;C:\java8_8.0.6.30\ibm-java-sdk-80-win-x86_64\sdk\jre\lib\ibmjgssfw.jar;C:\java8_8.0.6.30\ibm-java-sdk-80-win-x86_64\sdk\jre\lib\ibmjssefw.jar;C:\java8_8.0.6.30\ibm-java-sdk-80-win-x86_64\sdk\jre\lib\ibmsaslfw.jar;C:\java8_8.0.6.30\ibm-java-sdk-80-win-x86_64\sdk\jre\lib\ibmjcefw.jar;C:\java8_8.0.6.30\ibm-java-sdk-80-win-x86_64\sdk\jre\lib\ibmjgssprovider.jar;C:\java8_8.0.6.30\ibm-java-sdk-80-win-x86_64\sdk\jre\lib\ibmjsseprovider2.jar;C:\java8_8.0.6.30\ibm-java-sdk-80-win-x86_64\sdk\jre\lib\ibmcertpathprovider.jar;C:\java8_8.0.6.30\ibm-java-sdk-80-win-x86_64\sdk\jre\lib\xmldsigfw.jar;C:\java8_8.0.6.30\ibm-java-sdk-80-win-x86_64\sdk\jre\lib\xml.jar;C:\java8_8.0.6.30\ibm-java-sdk-80-win-x86_64\sdk\jre\lib\charsets.jar;C:\java8_8.0.6.30\ibm-java-sdk-80-win-x86_64\sdk\jre\lib\resources.jar;C:\java8_8.0.6.30\ibm-java-sdk-80-win-x86_64\sdk\jre\lib\rt.jar;C:\java8_8.0.6.30\ibm-java-sdk-80-win-x86_64\sdk\jre\lib\dataaccess.jar" />
    <property name="bvt.prop.jms.0.ssl" value="7286" />
    <property name="ant.core.lib" value="C:\apache-ant-1.8.4\lib\ant.jar" />
    <property name="java.endorsed.dirs" value="C:\java8_8.0.6.30\ibm-java-sdk-80-win-x86_64\sdk\jre\lib\endorsed" />
    <property name="ibm.signalhandling.rs" value="false" />
    <property name="jms.8" value="17080" />
    <property name="jms.7" value="17070" />
    <property name="jms.6" value="17060" />
    <property name="jms.5" value="17050" />
    <property name="jms.4" value="17040" />
    <property name="jms.3" value="17030" />
    <property name="jms.2" value="17020" />
    <property name="jms.1" value="17010" />
    <property name="jms.0" value="7276" />
    <property name="env.MINGW_CHOST" value="x86_64-w64-mingw32" />
    <property name="ldap.2.port" value="20389" />
    <property name="bvt.prop.controller_2.https" value="9083" />
    <property name="env.MSYSTEM_CARCH" value="x86_64" />
    <property name="jms.5.ssl" value="17550" />
    <property name="os.encoding" value="UTF8" />
    <property name="dir.log.tmp" value="C:\Users\Administrator\libertyGit\open-liberty\dev\com.ibm.ws.wssecurity_fat.wsscxf.1\build\libs\autoFVT\results\tmp" />
    <property name="fattest.timeout" value="10800000" />
    <property name="java.protocol.handler.pkgs" value="sun.net.www.protocol|com.sun.net.ssl.internal.www.protocol" />
    <property name="is.running.automated.build" value="${is.running.automated.build}" />
    <property name="env.CLIENTNAME" value="DESKTOP-BIAO9N7" />
    <property name="member_4.https" value="8087" />
    <property name="env.java.vm.vendor" value="IBM Corporation" />
    <property name="env.com.ibm.cpu.endian" value="little" />
    <property name="env.SHLVL" value="1" />
    <property name="HTTP_default.secure" value="8020" />
    <property name="jacocoant.file" value="C:\Users\Administrator\libertyGit\open-liberty\dev\com.ibm.ws.wssecurity_fat.wsscxf.1\build\libs\autoFVT\${junit_jar}\jacoco-0.7.6.201602180812\lib\jacocoant.jar" />
    <property name="imap_port" value="6663" />
    <property name="java.lang.stringBuffer.growAggressively" value="false" />
    <property name="extra.vmargs" value="" />
    <property name="env.TERM" value="cygwin" />
    <property name="bvt.prop.SSL_bvt" value="18005" />
    <property name="env.PLINK_PROTOCOL" value="ssh" />
    <property name="env._USE_CLASSPATH" value="no" />
    <property name="javadoc.overview" value="C:\Users\Administrator\libertyGit\open-liberty\dev\com.ibm.ws.wssecurity_fat.wsscxf.1\build\libs\autoFVT\doc\overview.html" />
    <property name="bvt.prop.member_3.http" value="8084" />
    <property name="java.io.tmpdir" value="C:\Users\Administrator\libertyGit\open-liberty\dev\com.ibm.ws.wssecurity_fat.wsscxf.1\build\libs\autoFVT\build\tmp" />
    <property name="env.java.vm.version" value="2.9" />
    <property name="env.WINDIR" value="C:\Windows" />
    <property name="build.tmp.dir" value="C:\Users\Administrator\libertyGit\open-liberty\dev\com.ibm.ws.wssecurity_fat.wsscxf.1\build\libs\autoFVT\build\tmp" />
    <property name="user.language" value="en" />
    <property name="security_1_HTTP_default.secure" value="8920" />
    <property name="install.location" value="C:\Users\Administrator\libertyGit\open-liberty\dev\com.ibm.ws.wssecurity_fat.wsscxf.1\build\libs\autoFVT/" />
    <property name="ant.version" value="Apache Ant(TM) version 1.8.4 compiled on May 22 2012" />
    <property name="bvt.prop.IIOP.tertiary.secure" value="2830" />
    <property name="fileFFDC" value="ignoredFFDCs.xml" />
    <property name="member_1.http" value="8080" />
    <property name="ant.library.dir" value="C:\apache-ant-1.8.4\lib" />
    <property name="env.java.awt.printerjob" value="sun.awt.windows.WPrinterJob" />
    <property name="bvt.prop.pop3_port" value="3110" />
    <property name="bvt.prop.jms.3.ssl" value="17530" />
    <property name="env.TMP" value="C:\Users\ADMINI~1\AppData\Local\Temp\2" />
    <property name="bvt.prop.batch.endpoint_1_HTTP_default" value="8944" />
    <property name="ports.xml" value="fatTestPorts.xml" />
    <property name="env.com.ibm.oti.vm.library.version" value="29" />
    <property name="env.org.gradle.internal.http.connectionTimeout" value="180000" />
    <property name="env.SESSIONNAME" value="RDP-Tcp#9" />
    <property name="com.ibm.oti.configuration" value="scar" />
    <property name="local.java" value="../../../../fattest.simplicity" />
    <property name="JMXREST_default" value="8880" />
    <property name="jms.8.ssl" value="17580" />
    <property name="env.SYSTEMROOT" value="C:\Windows" />
    <property name="java.runtime.name" value="Java(TM) SE Runtime Environment" />
    <property name="fat.test.class.name" value="com.ibm.ws.wssecurity.fat.cxf.x509token.CxfX509ASyncTests" />
    <property name="smtp_port" value="3025" />
    <property name="gen.logging.properties" value="C:\Users\Administrator\libertyGit\open-liberty\dev\com.ibm.ws.wssecurity_fat.wsscxf.1\build\libs\autoFVT\results/logging.properties" />
    <property name="env.HOMEDRIVE" value="C:" />
    <property name="ldap.3.port" value="30389" />
    <property name="bvt.prop.IIOP.client" value="2811" />
    <property name="bvt.prop.controller_1.http" value="9080" />
    <property name="illegal.access.permit" value="" />
    <property name="dir.src.ant" value="C:\Users\Administrator\libertyGit\open-liberty\dev\com.ibm.ws.wssecurity_fat.wsscxf.1\build\libs\autoFVT\src\ant" />
    <property name="TSTAMP" value="0018" />
    <property name="env.library.jansi.path" value="C:\Users\Administrator\.gradle\native\jansi\1.18\windows64" />
    <property name="simplicity.preferJIIWSWsAdmin" value="false" />
    <property name="env.com.ibm.vm.bitmode" value="64" />
    <property name="line.separator" value="&#xd;&#xa;" />
    <property name="ant.file.type.standard.launch.tasks" value="file" />
    <property name="bvt.prop.security_3_HTTP_default" value="8950" />
    <property name="env.COMMONPROGRAMFILES" value="C:\Program Files\Common Files" />
    <property name="java.vendor" value="IBM Corporation" />
    <property name="java.vm.specification.name" value="Java Virtual Machine Specification" />
    <property name="bvt.prop.security_4_HTTP_default" value="8970" />
    <property name="batch.endpoint_2_HTTP_default" value="8945" />
    <property name="controller_5.replica" value="10014" />
    <property name="env.user.language" value="en" />
    <property name="bvt.prop.member_4.http" value="8086" />
    <property name="certpath.linuxlikepath" value="C:/Users/Administrator/libertyGit/open-liberty/dev/com.ibm.ws.wssecurity_fat.wsscxf.1/build/libs/autoFVT/apacheds-2.0.0-M15/instances/liberty.ks" />
    <property name="controller_2.replica" value="10011" />
    <property name="env.PATH" value="C:\Users\Administrator\bin;C:\Git\mingw64\bin;C:\Git\usr\local\bin;C:\Git\usr\bin;C:\Git\usr\bin;C:\Git\mingw64\bin;C:\Git\usr\bin;C:\Users\Administrator\bin;C:\jdk-11.0.11.9-openj9\bin;C:\apache-ant-1.8.4\bin;C:\Windows\system32;C:\Windows;C:\Windows\System32\Wbem;C:\Windows\System32\WindowsPowerShell\v1.0;C:\Git\cmd;C:\Users\Administrator\AppData\Local\Microsoft\WindowsApps;C:\Microsoft VS Code\bin;C:\Git\usr\bin\vendor_perl;C:\Git\usr\bin\core_perl" />
    <property name="bvt.prop.jms.6.ssl" value="17560" />
    <property name="env.TEMP" value="C:\Users\ADMINI~1\AppData\Local\Temp\2" />
    <property name="env.user.name" value="Administrator" />
    <property name="bvt.prop.member_2.https" value="8083" />
    <property name="dir.test.current.directory" value="C:\Users\Administrator\libertyGit\open-liberty\dev\com.ibm.ws.wssecurity_fat.wsscxf.1\build\libs\autoFVT" />
    <property name="env.LOGONSERVER" value="\\VENTAILS1" />
    <property name="HTTP_secondary.secure" value="8040" />
    <property name="fat.on.mac" value="false" />
    <property name="env.file.encoding.pkg" value="sun.io" />
    <property name="member_2.http" value="8082" />
    <property name="today.day" value="Sunday" />
    <property name="pop3_port" value="3110" />
    <property name="env.awt.toolkit" value="sun.awt.windows.WToolkit" />
    <property name="batch.dispatcher_1_HTTP_default" value="8942" />
    <property name="delete.run.fats" value="${delete.run.fats}" />
    <property name="ant.file" value="C:\Users\Administrator\libertyGit\open-liberty\dev\com.ibm.ws.wssecurity_fat.wsscxf.1\build\libs\autoFVT\TestBuild.xml" />
    <property name="user.variant" value="" />
    <property name="env.ibm.signalhandling.sigchain" value="true" />
    <property name="ibm.system.encoding" value="Cp1252" />
    <property name="security_2_HTTP_default.secure" value="8940" />
    <property name="bvt.prop.IIOP" value="2809" />
    <property name="env.JAVA_HOME_backup" value="C:\old-ibm-java-sdk-80-win-x86_64\sdk" />
    <property name="bvt.prop.batch.endpoint_1_HTTP_default.secure" value="8952" />
    <property name="dir.ws" value="C:\Users\Administrator\libertyGit\open-liberty\dev\com.ibm.ws.wssecurity_fat.wsscxf.1\build" />
    <property name="member_3.https" value="8085" />
    <property name="java.fullversion" value="8.0.6.30 - pwa6480sr6fp30-20210507_01(SR6 FP30)&#xa;JRE 1.8.0 Windows Server 2016 amd64-64-Bit Compressed References 20210415_469669 (JIT enabled, AOT enabled)&#xa;OpenJ9   - c2bc063&#xa;OMR      - fa000e8&#xa;IBM      - 8165371" />
    <property name="controller_5.https" value="9089" />
    <property name="dir.src" value="C:\Users\Administrator\libertyGit\open-liberty\dev\com.ibm.ws.wssecurity_fat.wsscxf.1\build\libs\autoFVT\src" />
    <property name="env.ProgramData" value="C:\ProgramData" />
    <property name="env.IBM_JAVA_COMMAND_LINE" value="C:/java8_8.0.6.30/ibm-java-sdk-80-win-x86_64/sdk\bin\java.exe -classpath C:\apache-ant-1.8.4\lib\ant-launcher.jar -Dant.home=C:\apache-ant-1.8.4 org.apache.tools.ant.launch.Launcher -f C:\Users\Administrator\libertyGit\open-liberty\dev\com.ibm.ws.wssecurity_fat.wsscxf.1\build\libs\autoFVT\TestBuild.xml" />
    <property name="env.fat.test.mode" value="FULL" />
    <property name="java.compiler" value="j9jit29" />
    <property name="dir.src.jython" value="C:\Users\Administrator\libertyGit\open-liberty\dev\com.ibm.ws.wssecurity_fat.wsscxf.1\build\libs\autoFVT\src\jython" />
    <property name="env.COMPUTERNAME" value="VENTAILS1" />
    <property name="dir.src.wars" value="C:\Users\Administrator\libertyGit\open-liberty\dev\com.ibm.ws.wssecurity_fat.wsscxf.1\build\libs\autoFVT\src\wars" />
    <property name="filesToFind" value="FATSuiteLite.class;FATSuite.class;FATTest.class" />
    <property name="liberty.server.dir" value="C:\Users\Administrator\libertyGit\open-liberty\dev\com.ibm.ws.wssecurity_fat.wsscxf.1\build\libs\autoFVT/../image/output/${install.name}/usr/servers" />
    <property name="env.PKG_CONFIG_PATH" value="C:\Git\mingw64\lib\pkgconfig;C:\Git\mingw64\share\pkgconfig" />
    <property name="batch.endpoint_1_HTTP_default.secure" value="8952" />
    <property name="liberty.location" value="../../../../build.image/wlp" />
    <property name="java.specification.name" value="Java Platform API Specification" />
    <property name="SSL_bvt" value="18005" />
    <property name="httpFAT_4" value="19030" />
    <property name="dir.build.javadoc" value="C:\Users\Administrator\libertyGit\open-liberty\dev\com.ibm.ws.wssecurity_fat.wsscxf.1\build\libs\autoFVT\build\javadoc" />
    <property name="httpFAT_3" value="18443" />
    <property name="env.java.library.path" value="C:\java8_8.0.6.30\ibm-java-sdk-80-win-x86_64\sdk\jre\bin\compressedrefs;C:\java8_8.0.6.30\ibm-java-sdk-80-win-x86_64\sdk\jre\bin;C:\Windows\system32;C:\Windows;C:\Users\Administrator\bin;C:\Git\mingw64\bin;C:\Git\usr\local\bin;C:\Git\usr\bin;C:\Git\usr\bin;C:\Git\mingw64\bin;C:\Git\usr\bin;C:\Users\Administrator\bin;C:\jdk-11.0.11.9-openj9\bin;C:\apache-ant-1.8.4\bin;C:\Windows\system32;C:\Windows;C:\Windows\System32\Wbem;C:\Windows\System32\WindowsPowerShell\v1.0;C:\Git\cmd;C:\Users\Administrator\AppData\Local\Microsoft\WindowsApps;C:\Microsoft VS Code\bin;C:\Git\usr\bin\vendor_perl;C:\Git\usr\bin\core_perl;." />
    <property name="httpFAT_2" value="18082" />
    <property name="httpFAT_1" value="18080" />
    <property name="env.CommonProgramFiles(x86)" value="C:\Program Files (x86)\Common Files" />
    <property name="hostName" value="localhost" />
    <property name="bvt.prop.controller_2.http" value="9082" />
    <property name="controller_1.https" value="9081" />
    <property name="env.java.specification.vendor" value="Oracle Corporation" />
    <property name="com.ibm.ws.classloading.tcclLockWaitTimeMillis" value="120000" />
    <property name="env.LOCALAPPDATA" value="C:\Users\Administrator\AppData\Local" />
    <property name="test.bucket.class" value="com.ibm.ws.wssecurity.fat.cxf.FATSuite" />
    <property name="java.vendor.url" value="http://www.ibm.com" />
    <property name="env.org.gradle.internal.repository.initial.backoff" value="125" />
    <property name="env.ALLUSERSPROFILE" value="C:\ProgramData" />
    <property name="test.coverage" value="${test.coverage}" />
    <property name="bvt.prop.HTTP_secondary.secure" value="8040" />
    <property name="testports.properties" value="testports.properties" />
    <property name="bvt.prop.batch.endpoint_2_HTTP_default" value="8945" />
    <property name="bvt.prop.member_5.http" value="8088" />
    <property name="IIOP.secure" value="2810" />
    <property name="IIOP.client.secure" value="2812" />
    <property name="env.user.country" value="US" />
    <property name="bvt.prop.HTTP_default.secure" value="8020" />
    <property name="osgi.console" value="5678" />
    <property name="com.ibm.cpu.endian" value="little" />
    <property name="jms.0.ssl" value="7286" />
    <property name="bvt.prop.HTTP_secondary" value="8030" />
    <property name="env.CONFIG_SITE" value="C:/Git/etc/config.site" />
    <property name="member_3.http" value="8084" />
    <property name="os.version" value="10.0" />
    <property name="env.PSModulePath" value="C:\Program Files\WindowsPowerShell\Modules;C:\Windows\system32\WindowsPowerShell\v1.0\Modules" />
    <property name="env.OS" value="Windows_NT" />
    <property name="ant.project.invoked-targets" value="execute" />
    <property name="fat.test.mode" value="FULL" />
    <property name="dir.imports" value="C:\Users\Administrator\libertyGit\open-liberty\dev\com.ibm.ws.wssecurity_fat.wsscxf.1\build\imports" />
    <property name="dir.code" value="C:\Users\Administrator\libertyGit\open-liberty\dev\com.ibm.ws.wssecurity_fat.wsscxf.1\build\libs" />
    <property name="env.CommonProgramW6432" value="C:\Program Files\Common Files" />
    <property name="ant.project.name" value="Test.Build" />
    <property name="env.java.class.path" value="C:\Users\Administrator\.gradle\wrapper\dists\gradle-6.8.3-bin\7ykxq50lst7lb7wx1nijpicxn\gradle-6.8.3\lib\gradle-launcher-6.8.3.jar" />
    <property name="env.SSH_ASKPASS" value="C:/Git/mingw64/libexec/git-core/git-gui--askpass" />
    <property name="env.java.compiler" value="j9jit29" />
    <property name="bvt.prop.member_6.https" value="8091" />
    <property name="env.HOSTNAME" value="ventails1" />
    <property name="bvt.prop.http.1.ssl" value="8040" />
    <property name="env.sun.io.unicode.encoding" value="UnicodeLittle" />
    <property name="classpath.jar.name" value="C:\Users\Administrator\libertyGit\open-liberty\dev\com.ibm.ws.wssecurity_fat.wsscxf.1\build\libs\autoFVT/build/lib/cp.jar" />
    <property name="security_3_HTTP_default.secure" value="8960" />
    <property name="zip.autoFVT" value="autoFVT.zip" />
    <property name="console.log" value="console.${buildLabel}.log" />
    <property name="bvt.prop.batch.endpoint_2_HTTP_default.secure" value="8953" />
    <property name="sun.boot.class.path" value="C:\java8_8.0.6.30\ibm-java-sdk-80-win-x86_64\sdk\jre\bin\compressedrefs\jclSC180\vm.jar;C:\java8_8.0.6.30\ibm-java-sdk-80-win-x86_64\sdk\jre\lib\se-service.jar;C:\java8_8.0.6.30\ibm-java-sdk-80-win-x86_64\sdk\jre\lib\math.jar;C:\java8_8.0.6.30\ibm-java-sdk-80-win-x86_64\sdk\jre\lib\ibmorb.jar;C:\java8_8.0.6.30\ibm-java-sdk-80-win-x86_64\sdk\jre\lib\ibmorbapi.jar;C:\java8_8.0.6.30\ibm-java-sdk-80-win-x86_64\sdk\jre\lib\ibmcfw.jar;C:\java8_8.0.6.30\ibm-java-sdk-80-win-x86_64\sdk\jre\lib\ibmpkcs.jar;C:\java8_8.0.6.30\ibm-java-sdk-80-win-x86_64\sdk\jre\lib\ibmcertpathfw.jar;C:\java8_8.0.6.30\ibm-java-sdk-80-win-x86_64\sdk\jre\lib\ibmjgssfw.jar;C:\java8_8.0.6.30\ibm-java-sdk-80-win-x86_64\sdk\jre\lib\ibmjssefw.jar;C:\java8_8.0.6.30\ibm-java-sdk-80-win-x86_64\sdk\jre\lib\ibmsaslfw.jar;C:\java8_8.0.6.30\ibm-java-sdk-80-win-x86_64\sdk\jre\lib\ibmjcefw.jar;C:\java8_8.0.6.30\ibm-java-sdk-80-win-x86_64\sdk\jre\lib\ibmjgssprovider.jar;C:\java8_8.0.6.30\ibm-java-sdk-80-win-x86_64\sdk\jre\lib\ibmjsseprovider2.jar;C:\java8_8.0.6.30\ibm-java-sdk-80-win-x86_64\sdk\jre\lib\ibmcertpathprovider.jar;C:\java8_8.0.6.30\ibm-java-sdk-80-win-x86_64\sdk\jre\lib\xmldsigfw.jar;C:\java8_8.0.6.30\ibm-java-sdk-80-win-x86_64\sdk\jre\lib\xml.jar;C:\java8_8.0.6.30\ibm-java-sdk-80-win-x86_64\sdk\jre\lib\charsets.jar;C:\java8_8.0.6.30\ibm-java-sdk-80-win-x86_64\sdk\jre\lib\resources.jar;C:\java8_8.0.6.30\ibm-java-sdk-80-win-x86_64\sdk\jre\lib\rt.jar;C:\java8_8.0.6.30\ibm-java-sdk-80-win-x86_64\sdk\jre\lib\dataaccess.jar" />
    <property name="framework.debug.jvmarg2" value="-Dignore=ignore" />
    <property name="bvt.prop.controller_3.http" value="9084" />
    <property name="entry.point" value="com.ibm.ws.wssecurity.fat.cxf.FATSuite" />
    <property name="framework.debug.jvmarg1" value="-Dignore=ignore" />
    <property name="sun.jnu.encoding" value="Cp1252" />
    <property name="configuration.properties" value="C:\Users\Administrator\libertyGit\open-liberty\dev\com.ibm.ws.wssecurity_fat.wsscxf.1\build\libs\autoFVT/configuration.properties" />
    <property name="bvt.prop.jms" value="7276" />
    <property name="env.ACLOCAL_PATH" value="C:\Git\mingw64\share\aclocal;C:\Git\usr\share\aclocal" />
    <property name="batch.endpoint_2_HTTP_default.secure" value="8953" />
    <property name="fat.minimum.java.level" value="1.8" />
    <property name="testports.location" value="../../../../build.image/wlp/usr/servers/testports.properties" />
    <property name="env.java.vm.specification.vendor" value="Oracle Corporation" />
    <property name="env.sun.java.launcher" value="SUN_STANDARD" />
    <property name="jms.3.ssl" value="17530" />
    <property name="simplicity.useTopologyCaching" value="false" />
    <property name="batch.dispatcher_2_HTTP_default" value="8943" />
    <property name="env.java.version" value="1.8.0_291" />
    <property name="bvt.prop.member_6.http" value="8090" />
    <property name="java.awt.fonts" value="" />
    <property name="bvt.prop.controller_1.https" value="9081" />
    <property name="enable.server.log.validation" value="false" />
    <property name="sun.java.command" value="org.apache.tools.ant.taskdefs.optional.junit.JUnitTestRunner com.ibm.ws.wssecurity.fat.cxf.FATSuite filtertrace=true haltOnError=false haltOnFailure=false formatter=org.apache.tools.ant.taskdefs.optional.junit.SummaryJUnitResultFormatter showoutput=false outputtoformatters=true logfailedtests=true logtestlistenerevents=false formatter=org.apache.tools.ant.taskdefs.optional.junit.XMLJUnitResultFormatter,C:\Users\Administrator\libertyGit\open-liberty\dev\com.ibm.ws.wssecurity_fat.wsscxf.1\build\libs\autoFVT\results\junit\TEST-com.ibm.ws.wssecurity.fat.cxf.FATSuite.xml crashfile=C:\Users\Administrator\libertyGit\open-liberty\dev\com.ibm.ws.wssecurity_fat.wsscxf.1\build\libs\autoFVT\junitvmwatcher2285618401802098528.properties propsfile=C:\Users\Administrator\libertyGit\open-liberty\dev\com.ibm.ws.wssecurity_fat.wsscxf.1\build\libs\autoFVT\junit3201127006519082926.properties" />
    <property name="env.ProgramFiles(x86)" value="C:\Program Files (x86)" />
    <property name="env.com.ibm.oti.configuration" value="scar" />
    <property name="com.ibm.vm.bitmode" value="64" />
    <property name="env.MSYSTEM" value="MINGW64" />
    <property name="member_4.http" value="8086" />
    <property name="env.EXEPATH" value="C:\Git" />
    <property name="com.ibm.oti.shared.enabled" value="false" />
    <property name="common.xml" value="fatTestCommon.xml" />
    <property name="ldap.3.ssl.port" value="30636" />
    <property name="bvt.prop.IIOP.client.secure" value="2812" />
    <property name="env.com.ibm.jsse2.overrideDefaultTLS" value="true" />
    <property name="env.APPDATA" value="C:\Users\Administrator\AppData\Roaming" />
    <property name="file.encoding.pkg" value="sun.io" />
    <property name="bvt.prop.jms.1.ssl" value="17510" />
    <property name="env.INFOPATH" value="C:\Git\usr\local\info;C:\Git\usr\share\info;C:\Git\usr\info;C:\Git\share\info" />
    <property name="java.awt.printerjob" value="sun.awt.windows.WPrinterJob" />
    <property name="bvt.prop.IIOP.secondary" value="2819" />
    <property name="env.java.io.tmpdir" value="C:\Users\ADMINI~1\AppData\Local\Temp\2\" />
    <property name="env.org.gradle.internal.repository.max.tentatives" value="11" />
    <property name="framework.debug.embed.jvmarg1" value="-Dignore=ignore" />
    <property name="env.java.ext.dirs" value="C:\java8_8.0.6.30\ibm-java-sdk-80-win-x86_64\sdk\jre\lib\ext" />
    <property name="os.arch" value="amd64" />
    <property name="bvt.prop.controller_5.replica" value="10014" />
    <property name="bvt.prop.controller_4.http" value="9086" />
    <property name="portsxml.location" value="../../../../build.image/wlp/usr/servers/fatTestPorts.xml" />
    <property name="global.consulServerList" value="https://liberty008.hursley.ibm.com,https://liberty009.hursley.ibm.com,https://liberty010.hursley.ibm.com,https://libh-consul-01.fyre.ibm.com,https://libr-consul-01.fyre.ibm.com,https://libs-consul-01.fyre.ibm.com,https://libhpike-consul--1.liberty.hur.hdclab.intranet.ibm.com,https://libhpike-consul--2.liberty.hur.hdclab.intranet.ibm.com,https://libhpike-consul--3.liberty.hur.hdclab.intranet.ibm.com" />
    <property name="jms.6.ssl" value="17560" />
    <property name="bvt.prop.controller_2.replica" value="10011" />
    <property name="env.PWD" value="C:/Users/Administrator/libertyGit/open-liberty/dev" />
    <property name="com.ibm.jcl.checkClassPath" value="" />
    <property name="dir.log.was" value="C:\Users\Administrator\libertyGit\open-liberty\dev\com.ibm.ws.wssecurity_fat.wsscxf.1\build\libs\autoFVT\results\websphereLogs" />
    <property name="java.vm.name" value="IBM J9 VM" />
    <property name="IIOP" value="2809" />
    <property name="TODAY" value="June 6 2021" />
    <property name="logging.break.large" value="------------------------------------------------------------------------" />
    <property name="ant.file.standard.properties" value="C:\Users\Administrator\libertyGit\open-liberty\dev\com.ibm.ws.wssecurity_fat.wsscxf.1\build\libs\autoFVT\src\ant\properties.xml" />
    <property name="env.java.vm.specification.version" value="1.8" />
    <property name="env.java.vendor.url" value="http://www.ibm.com" />
    <property name="com.ibm.oti.vm.library.version" value="29" />
    <property name="bvt.prop.UDPTest" value="18004" />
    <property name="bvt.prop.jms.ssl" value="7286" />
    <property name="java.library.path" value="C:\java8_8.0.6.30\ibm-java-sdk-80-win-x86_64\sdk\jre\bin\compressedrefs;C:\java8_8.0.6.30\ibm-java-sdk-80-win-x86_64\sdk\jre\bin;C:\Windows\system32;C:\Windows;C:\Users\Administrator\bin;C:\Git\mingw64\bin;C:\Git\usr\local\bin;C:\Git\usr\bin;C:\Git\usr\bin;C:\Git\mingw64\bin;C:\Git\usr\bin;C:\Users\Administrator\bin;C:\jdk-11.0.11.9-openj9\bin;C:\apache-ant-1.8.4\bin;C:\Windows\system32;C:\Windows;C:\Windows\System32\Wbem;C:\Windows\System32\WindowsPowerShell\v1.0;C:\Git\cmd;C:\Users\Administrator\AppData\Local\Microsoft\WindowsApps;C:\Microsoft VS Code\bin;C:\Git\usr\bin\vendor_perl;C:\Git\usr\bin\core_perl;." />
    <property name="java.vm.specification.vendor" value="Oracle Corporation" />
    <property name="test.run.on.mac.sysprop.value" value="false" />
    <property name="env.TMPDIR" value="C:\Users\ADMINI~1\AppData\Local\Temp\2" />
    <property name="com.ibm.zero.version" value="2" />
    <property name="bvt.prop.fileFFDC" value="ignoredFFDCs.xml" />
    <property name="bvt.prop.member_5.https" value="8089" />
    <property name="basedir" value="C:\Users\Administrator\libertyGit\open-liberty\dev\com.ibm.ws.wssecurity_fat.wsscxf.1\build\libs\autoFVT" />
    <property name="env.SSH_AUTH_SOCK" value="C:/Users/ADMINI~1/AppData/Local/Temp/2/ssh-9OlfdnRhtXtV/agent.2776" />
    <property name="member_5.http" value="8088" />
    <property name="dir.src.java" value="C:\Users\Administrator\libertyGit\open-liberty\dev\com.ibm.ws.wssecurity_fat.wsscxf.1\build\libs\autoFVT\src\java" />
    <property name="security_1_HTTP_default" value="8910" />
    <property name="java.vm.info" value="JRE 1.8.0 Windows Server 2016 amd64-64-Bit Compressed References 20210415_469669 (JIT enabled, AOT enabled)&#xa;OpenJ9   - c2bc063&#xa;OMR      - fa000e8&#xa;IBM      - 8165371" />
    <property name="env.HOMEPATH" value="\Users\Administrator" />
    <property name="commonxml.client.location" value="../../../../build.image/wlp/usr/clients/fatTestCommon.xml" />
    <property name="security_2_HTTP_default" value="8930" />
    <property name="bvt.prop.jms.4.ssl" value="17540" />
    <property name="env.MSYSTEM_PREFIX" value="C:/Git/mingw64" />
    <property name="is.zos.platform" value="false" />
    <property name="fat.test.artifactory.download.server" value="na.artifactory.swg-devops.com" />
    <property name="bvt.prop.controller_5.https" value="9089" />
    <property name="java.ext.dirs" value="C:\java8_8.0.6.30\ibm-java-sdk-80-win-x86_64\sdk\jre\lib\ext" />
    <property name="bvt.prop.member_1.https" value="8081" />
    <property name="env.com.ibm.zero.version" value="2" />
    <property name="member_6.https" value="8091" />
    <property name="http.0.ssl" value="8020" />
    <property name="fat.timeout" value="10800000" />
    <property name="path.separator" value=";" />
    <property name="env.line.separator" value="&#xd;&#xa;" />
    <property name="dir.build.wars" value="C:\Users\Administrator\libertyGit\open-liberty\dev\com.ibm.ws.wssecurity_fat.wsscxf.1\build\libs\autoFVT\build\wars" />
    <property name="micro.version" value="53" />
    <property name="env.console.encoding" value="Cp437" />
    <property name="file.separator" value="\" />
    <property name="bvt.prop.security_1_HTTP_default.secure" value="8920" />
    <property name="env.SYSTEMDRIVE" value="C:" />
    <property name="bvt.prop.controller_5.http" value="9088" />
    <property name="awt.toolkit" value="sun.awt.windows.WToolkit" />
    <property name="org.osgi.service.http.port" value="8010" />
    <property name="member_2.https" value="8083" />
    <property name="env.USERPROFILE" value="C:\Users\Administrator" />
    <property name="controller_4.https" value="9087" />
    <property name="nd.virtualHostName" value="default_host" />
    <property name="env.PROMPT" value="$P$G" />
    <property name="simplicity.jiiwsInactivityTimeout" value="600000" />
    <property name="certpath" value="C:\Users\Administrator\libertyGit\open-liberty\dev\com.ibm.ws.wssecurity_fat.wsscxf.1\build\libs\autoFVT\apacheds-2.0.0-M15\instances\liberty.ks" />
    <property name="env.java.awt.fonts" value="" />
    <property name="env.java.specification.version" value="1.8" />
    <property name="dir.src.jars" value="C:\Users\Administrator\libertyGit\open-liberty\dev\com.ibm.ws.wssecurity_fat.wsscxf.1\build\libs\autoFVT\src\jars" />
    <property name="security_5_HTTP_default.secure" value="8980" />
    <property name="ant.file.type.Test.Build" value="file" />
    <property name="dir.component.root" value="C:\Users\Administrator\libertyGit\open-liberty\dev\com.ibm.ws.wssecurity_fat.wsscxf.1\build\libs\autoFVT" />
    <property name="logging.properties" value="C:\Users\Administrator\libertyGit\open-liberty\dev\com.ibm.ws.wssecurity_fat.wsscxf.1\build\libs\autoFVT/logging.properties" />
    <property name="bvt.prop.jms.7.ssl" value="17570" />
    <property name="global.debug.java2.sec" value="false" />
    <property name="member_6.http" value="8090" />
    <property name="env.fat.test.really.use.local.ldap" value="false" />
    <property name="test.classpath.wlp.include" value="api/spec/*.jar" />
    <property name="sun.java.launcher" value="SUN_STANDARD" />
    <property name="dir.build.tmp" value="C:\Users\Administrator\libertyGit\open-liberty\dev\com.ibm.ws.wssecurity_fat.wsscxf.1\build\libs\autoFVT\build\tmp" />
  </properties>
  <testcase classname="com.ibm.ws.wssecurity.fat.cxf.x509token.CxfX509ASyncTests" name="testCxfAsyncInvokeNonBlocking" time="3.081" />
  <testcase classname="com.ibm.ws.wssecurity.fat.cxf.x509token.CxfX509ASyncTests" name="testCxfAsyncInvokeNonBlocking_EE8_FEATURES" time="11.555">
    <failure message="2021-06-06-00:21:06:220 &#xa;Expected: &#xa;Response: null&#xa; But received: &#xa;&lt;html&gt;&lt;head&gt;&lt;title&gt;CXF x509 Async Service Cleint&lt;/title&gt;&lt;/head&gt;&lt;body&gt;&lt;p&gt;Request: CXF x509 Async Service Client&lt;/p&gt;&lt;p&gt;Response: java.util.concurrent.ExecutionException: javax.xml.ws.soap.SOAPFaultException: com.ibm.ws.wssecurity.example.cbhwss4j.CommonPasswordCallbackWss4j cannot be found by com.ibm.ws.org.apache.cxf.rt.security.3.4.1_1.0.53.202106011250&lt;/p&gt;&lt;/body&gt;&lt;/html&gt;&#xa;" type="junit.framework.AssertionFailedError">junit.framework.AssertionFailedError: 2021-06-06-00:21:06:220 
Expected: 
Response: null
 But received: 
&lt;html&gt;&lt;head&gt;&lt;title&gt;CXF x509 Async Service Cleint&lt;/title&gt;&lt;/head&gt;&lt;body&gt;&lt;p&gt;Request: CXF x509 Async Service Client&lt;/p&gt;&lt;p&gt;Response: java.util.concurrent.ExecutionException: javax.xml.ws.soap.SOAPFaultException: com.ibm.ws.wssecurity.example.cbhwss4j.CommonPasswordCallbackWss4j cannot be found by com.ibm.ws.org.apache.cxf.rt.security.3.4.1_1.0.53.202106011250&lt;/p&gt;&lt;/body&gt;&lt;/html&gt;

	at com.ibm.ws.wssecurity.fat.utils.common.CommonTests.genericAsyncTestSub(CommonTests.java:629)
	at com.ibm.ws.wssecurity.fat.utils.common.CommonTests.genericAsyncTest(CommonTests.java:380)
	at com.ibm.ws.wssecurity.fat.utils.common.CommonTests.genericAsyncTest(CommonTests.java:327)
	at com.ibm.ws.wssecurity.fat.cxf.x509token.CxfX509ASyncTests.testCxfAsyncInvokeNonBlocking(CxfX509ASyncTests.java:120)
	at componenttest.custom.junit.runner.FATRunner$1.evaluate(FATRunner.java:197)
	at componenttest.custom.junit.runner.FATRunner$2.evaluate(FATRunner.java:318)
	at componenttest.custom.junit.runner.FATRunner.run(FATRunner.java:171)
	at componenttest.rules.repeater.RepeatTests$CompositeRepeatTestActionStatement.evaluate(RepeatTests.java:115)
</failure>
  </testcase>
  <system-out><![CDATA[[06/06/2021 00:18:25:936 PDT] 001 TestModeFilter                 <clinit>                       I System property: fat.test.mode is FULL running in test mode FULL
[06/06/2021 00:18:26:052 PDT] 001 TestNameFilter                 <clinit>                       I Running only test class with name: com.ibm.ws.wssecurity.fat.cxf.x509token.CxfX509ASyncTests
[06/06/2021 00:18:26:052 PDT] 001 TestNameFilter                 <clinit>                       I Running only test with method name: testCxfAsyncInvokeNonBlocking
[06/06/2021 00:18:26:052 PDT] 001 FeatureFilter                  <clinit>                       I System property: fat.test.feature.under.test is null
[06/06/2021 00:18:26:052 PDT] 001 JavaLevelFilter                <clinit>                       I System property: fat.test.feature.under.test is null
[06/06/2021 00:18:26:052 PDT] 001 FATRunner                      <clinit>                       I Is this FAT running locally?  fat.test.localrun=true
[06/06/2021 00:18:26:052 PDT] 001 FATRunner                      <clinit>                       I Using filters [componenttest.custom.junit.runner.TestModeFilter@2f22a48e, componenttest.custom.junit.runner.TestNameFilter@29342c25, componenttest.custom.junit.runner.FeatureFilter@b5cc0071, componenttest.custom.junit.runner.SystemPropertyFilter@fef085f1, componenttest.custom.junit.runner.JavaLevelFilter@3142ca88]
[06/06/2021 00:18:26:221 PDT] 001 Log                            warning                        W All tests were filtered out for class com.ibm.ws.wssecurity.fat.cxf.x509migtoken.CxfX509MigTests
[06/06/2021 00:18:26:252 PDT] 001 Log                            warning                        W All tests were filtered out for class com.ibm.ws.wssecurity.fat.cxf.sha2sig.CxfSha2SigTests
[06/06/2021 00:18:26:268 PDT] 001 Log                            warning                        W All tests were filtered out for class com.ibm.ws.wssecurity.fat.cxf.wss11sig.CxfWss11SigTests
[06/06/2021 00:18:26:290 PDT] 001 Log                            warning                        W All tests were filtered out for class com.ibm.ws.wssecurity.fat.cxf.wss11enc.CxfWss11EncTests
[06/06/2021 00:18:26:290 PDT] 001 Log                            warning                        W All tests were filtered out for class com.ibm.ws.wssecurity.fat.cxf.x509token.CxfX509BasicTests
[06/06/2021 00:18:26:305 PDT] 001 Log                            warning                        W All tests were filtered out for class com.ibm.ws.wssecurity.fat.cxf.x509token.CxfX509EncTests
[06/06/2021 00:18:26:305 PDT] 001 Log                            warning                        W All tests were filtered out for class com.ibm.ws.wssecurity.fat.cxf.x509token.CxfX509ObjectTests
[06/06/2021 00:18:26:321 PDT] 001 Log                            warning                        W All tests were filtered out for class com.ibm.ws.wssecurity.fat.cxf.x509token.CxfX509OverRideTests
[06/06/2021 00:18:26:321 PDT] 001 Log                            warning                        W All tests were filtered out for class com.ibm.ws.wssecurity.fat.cxf.x509token.CxfX509SigTests
[06/06/2021 00:18:26:337 PDT] 001 Log                            warning                        W All tests were filtered out for class com.ibm.ws.wssecurity.fat.cxf.x509token.CxfX509StrTypeTests
[06/06/2021 00:18:26:337 PDT] 001 Log                            warning                        W All tests were filtered out for class com.ibm.ws.wssecurity.fat.cxf.x509token.CxfX509CrlTests
[06/06/2021 00:18:26:352 PDT] 001 Log                            warning                        W All tests were filtered out for class com.ibm.ws.wssecurity.fat.cxf.x509migtoken.CxfX509MigSymSha2NegativeTests
[06/06/2021 00:18:26:368 PDT] 001 Log                            warning                        W All tests were filtered out for class com.ibm.ws.wssecurity.fat.cxf.x509migtoken.CxfX509MigSymTests
[06/06/2021 00:18:26:390 PDT] 001 Log                            warning                        W All tests were filtered out for class com.ibm.ws.wssecurity.fat.cxf.x509migtoken.CxfEndSupTokensAsymTests
[06/06/2021 00:18:26:405 PDT] 001 Log                            warning                        W All tests were filtered out for class com.ibm.ws.wssecurity.fat.cxf.x509migtoken.CxfEndSupTokensSymTests
[06/06/2021 00:18:26:590 PDT] 001 CompositeRepeatTestActionState evaluate                       I All tests attempt to run 2 times:
[06/06/2021 00:18:26:590 PDT] 001 CompositeRepeatTestActionState evaluate                       I   [0] No modifications
[06/06/2021 00:18:26:590 PDT] 001 CompositeRepeatTestActionState evaluate                       I   [1] Set all features to EE8 compatibility
[06/06/2021 00:18:26:590 PDT] 001 CompositeRepeatTestActionState evaluate                       I ===================================
[06/06/2021 00:18:26:590 PDT] 001 CompositeRepeatTestActionState evaluate                       I 
[06/06/2021 00:18:26:590 PDT] 001 CompositeRepeatTestActionState evaluate                       I Running tests with action: No modifications
[06/06/2021 00:18:26:590 PDT] 001 CompositeRepeatTestActionState evaluate                       I 
[06/06/2021 00:18:26:590 PDT] 001 CompositeRepeatTestActionState evaluate                       I ===================================
Trying user.dir: C:\Users\Administrator\libertyGit\open-liberty\dev\com.ibm.ws.wssecurity_fat.wsscxf.1\build\libs\autoFVT\bootstrapping.properties
[06/06/2021 00:18:26:605 PDT] 001 LibertyServerFactory           getLibertyServer               I server=com.ibm.ws.wssecurity_fat.x509async   testClassName=com.ibm.ws.wssecurity.fat.cxf.x509token.CxfX509ASyncTests
[06/06/2021 00:18:26:621 PDT] 001 JavaInfo                       <init>                         I major=8  minor=0 service release=6 fixpack=30  vendor=IBM  javaHome=C:\java8_8.0.6.30\ibm-java-sdk-80-win-x86_64\sdk\jre
[06/06/2021 00:18:26:652 PDT] 001 LibertyServer                  setup                          I Successfully obtained machine. Operating System is: WINDOWS
[06/06/2021 00:18:26:652 PDT] 001 LibertyServer                  setup                          I Jar Home now set to: C:/java8_8.0.6.30/ibm-java-sdk-80-win-x86_64/sdk/jre/../bin/jar.exe
[06/06/2021 00:18:29:188 PDT] 001 FATRunner                      injectLibertyServers           I Injected LibertyServer com.ibm.ws.wssecurity_fat.x509async to class com.ibm.ws.wssecurity.fat.cxf.x509token.CxfX509ASyncTests
[06/06/2021 00:18:31:125 PDT] 001 LibertyFileManager             copyFileIntoLiberty            I Copying: C:/Users/Administrator/libertyGit/open-liberty/dev/com.ibm.ws.wssecurity_fat.wsscxf.1/build/libs/autoFVT/lib/LibertyFATTestFiles/bundles/com.ibm.ws.wssecurity.example.cbh.jar to C:/Users/Administrator/libertyGit/open-liberty/dev/build.image/wlp/usr/extension/lib//com.ibm.ws.wssecurity.example.cbh.jar
[06/06/2021 00:18:31:141 PDT] 001 LibertyFileManager             copyFileIntoLiberty            I Copying: C:/Users/Administrator/libertyGit/open-liberty/dev/com.ibm.ws.wssecurity_fat.wsscxf.1/build/libs/autoFVT/lib/LibertyFATTestFiles/features/wsseccbh-1.0.mf to C:/Users/Administrator/libertyGit/open-liberty/dev/build.image/wlp/usr/extension/lib/features//wsseccbh-1.0.mf
[06/06/2021 00:18:31:756 PDT] 001 ShrinkHelper                   exportArtifact                 I Exporting shrinkwrap artifact: x509aSyncclient.war: 10 assets to publish/servers/com.ibm.ws.wssecurity_fat.x509async/dropins
[06/06/2021 00:18:31:788 PDT] 001 ShrinkHelper                   exportArtifact                 I x509aSyncclient.war:
/WEB-INF/
/WEB-INF/classes/
/WEB-INF/classes/com/
/WEB-INF/classes/com/ibm/
/WEB-INF/classes/com/ibm/ws/
/WEB-INF/classes/com/ibm/ws/wssecurity/
/WEB-INF/classes/com/ibm/ws/wssecurity/fat/
/WEB-INF/classes/com/ibm/ws/wssecurity/fat/x509Asyncclient/
/WEB-INF/classes/com/ibm/ws/wssecurity/fat/x509Asyncclient/CxfX509AsyncSvcClient.class
/WEB-INF/classes/com/ibm/ws/wssecurity/fat/x509Asyncclient/TestAsyncHandler.class
/WEB-INF/classes/test/
/WEB-INF/classes/test/wssecfvt/
/WEB-INF/classes/test/wssecfvt/x509async/
/WEB-INF/classes/test/wssecfvt/x509async/UrnX509AsyncType.class
/WEB-INF/classes/test/wssecfvt/x509async/X509AsyncService.class
/WEB-INF/classes/test/wssecfvt/x509async/types/
/WEB-INF/classes/test/wssecfvt/x509async/types/ObjectFactory.class
/WEB-INF/classes/test/wssecfvt/x509async/types/RequestString.class
/WEB-INF/classes/test/wssecfvt/x509async/types/ResponseString.class
/WEB-INF/classes/test/wssecfvt/x509async/types/package-info.class
/WEB-INF/web.xml
/META-INF/
/META-INF/permissions.xml
[06/06/2021 00:18:31:788 PDT] 001 LibertyFileManager             copyFileIntoLiberty            I Copying: C:/Users/Administrator/libertyGit/open-liberty/dev/com.ibm.ws.wssecurity_fat.wsscxf.1/build/libs/autoFVT/publish/servers/com.ibm.ws.wssecurity_fat.x509async/dropins/x509aSyncclient.war to C:/Users/Administrator/libertyGit/open-liberty/dev/build.image/wlp/usr/servers/com.ibm.ws.wssecurity_fat.x509async/dropins/x509aSyncclient.war via C:/Users/Administrator/libertyGit/open-liberty/dev/build.image/wlp/usr/servers/com.ibm.ws.wssecurity_fat.x509async/x509aSyncclient.war.1622963911788
[06/06/2021 00:18:31:788 PDT] 001 LibertyServer                  addInstalledAppForValidation   I Adding installed app: x509aSyncclient for validation
[06/06/2021 00:18:31:803 PDT] 001 ShrinkHelper                   exportArtifact                 I Exporting shrinkwrap artifact: x509aSync.war: 9 assets to publish/servers/com.ibm.ws.wssecurity_fat.x509async/dropins
[06/06/2021 00:18:31:821 PDT] 001 ShrinkHelper                   exportArtifact                 I x509aSync.war:
/WEB-INF/
/WEB-INF/classes/
/WEB-INF/classes/com/
/WEB-INF/classes/com/ibm/
/WEB-INF/classes/com/ibm/ws/
/WEB-INF/classes/com/ibm/ws/wssecurity/
/WEB-INF/classes/com/ibm/ws/wssecurity/fat/
/WEB-INF/classes/com/ibm/ws/wssecurity/fat/x509async/
/WEB-INF/classes/com/ibm/ws/wssecurity/fat/x509async/X509AsyncWebSvc.class
/WEB-INF/classes/test/
/WEB-INF/classes/test/wssecfvt/
/WEB-INF/classes/test/wssecfvt/x509async/
/WEB-INF/classes/test/wssecfvt/x509async/UrnX509AsyncType.class
/WEB-INF/classes/test/wssecfvt/x509async/X509AsyncService.class
/WEB-INF/classes/test/wssecfvt/x509async/types/
/WEB-INF/classes/test/wssecfvt/x509async/types/ObjectFactory.class
/WEB-INF/classes/test/wssecfvt/x509async/types/RequestString.class
/WEB-INF/classes/test/wssecfvt/x509async/types/ResponseString.class
/WEB-INF/classes/test/wssecfvt/x509async/types/package-info.class
/WEB-INF/web.xml
/WEB-INF/X509Async.wsdl
[06/06/2021 00:18:31:823 PDT] 001 LibertyFileManager             copyFileIntoLiberty            I Copying: C:/Users/Administrator/libertyGit/open-liberty/dev/com.ibm.ws.wssecurity_fat.wsscxf.1/build/libs/autoFVT/publish/servers/com.ibm.ws.wssecurity_fat.x509async/dropins/x509aSync.war to C:/Users/Administrator/libertyGit/open-liberty/dev/build.image/wlp/usr/servers/com.ibm.ws.wssecurity_fat.x509async/dropins/x509aSync.war via C:/Users/Administrator/libertyGit/open-liberty/dev/build.image/wlp/usr/servers/com.ibm.ws.wssecurity_fat.x509async/x509aSync.war.1622963911823
[06/06/2021 00:18:31:825 PDT] 001 LibertyServer                  addInstalledAppForValidation   I Adding installed app: x509aSync for validation
[06/06/2021 00:18:31:825 PDT] 001 CommonTests                    commonSetUp                    I *****************************commonSetUp
[06/06/2021 00:18:31:825 PDT] 001 CommonTests                    setupSSLCLient                 I *****************************setupSSLCLient
[06/06/2021 00:18:31:825 PDT] 001 CommonTests                    setupSSLCLient                 I Inside setupSSLClient but not calling enableSSLv3()
[06/06/2021 00:18:31:825 PDT] 001 CommonTests                    setupSSLCLient                 I Setting up global trust
[06/06/2021 00:18:31:825 PDT] 001 CommonTests                    setupSSLCLient                 I before SSLContext TLS
[06/06/2021 00:18:32:172 PDT] 001 CommonTests                    setupSSLCLient                 I Setting trustStore to ./securitykeys/sslClientDefault.jks
[06/06/2021 00:18:32:172 PDT] 001 CommonTests                    setupSSLCLient                 I javax.net.debug is set to: ssl
[06/06/2021 00:18:32:172 PDT] 001 CommonTests                    setupSSLCLient                 I end of setupSSLClient()
[06/06/2021 00:18:32:172 PDT] 001 CommonTests                    commonSetUp                    I setting lastServer and origServer
[06/06/2021 00:18:32:172 PDT] 001 CommonTests                    commonSetUp                    I Starting server: com.ibm.ws.wssecurity_fat.x509async
[06/06/2021 00:18:32:172 PDT] 001 LibertyServer                  startServerWithArgs            I >>> STARTING SERVER: com.ibm.ws.wssecurity_fat.x509async
[06/06/2021 00:18:32:172 PDT] 001 LibertyServer                  startServerWithArgs            I Starting com.ibm.ws.wssecurity_fat.x509async; preClean=true, clean=true, validateApps=true, expectStartFailure=false, cmd=start, args=null
[06/06/2021 00:18:32:172 PDT] 001 LibertyServer                  startServerWithArgs            I Tidying logs
[06/06/2021 00:18:32:188 PDT] 001 LibertyServer                  calculateDebugInfo             I debugging allowed for server = com.ibm.ws.wssecurity_fat.x509async, but didn't find valid port, so debug not enabled
[06/06/2021 00:18:32:203 PDT] 001 LibertyServer                  startServerWithArgs            I Using additional env props: {LOG_FILE=CxfX509ASyncTests.log, JVM_ARGS= -Djava.io.tmpdir=C:\Users\Administrator\libertyGit\open-liberty\dev\com.ibm.ws.wssecurity_fat.wsscxf.1\build\libs\autoFVT\build\tmp -Djava.security.egd=file:///dev/urandom -Xdump:system+java+snap:events=throw+systhrow,filter="java/lang/ClassCastException#ServiceFactoryUse.<init>*" -Xdump:system+java+snap:events=throw+systhrow,filter="java/lang/ClassCastException#org/eclipse/osgi/internal/serviceregistry/ServiceFactoryUse.<init>*", LOG_DIR=C:/Users/Administrator/libertyGit/open-liberty/dev/build.image/wlp/usr/servers/com.ibm.ws.wssecurity_fat.x509async/logs/, JAVA_HOME=C:/java8_8.0.6.30/ibm-java-sdk-80-win-x86_64/sdk/jre}
[06/06/2021 00:19:03:160 PDT] 001 LibertyServer                  validateServerStarted          I Waiting up to 15 seconds for server confirmation:  CWWKF0011I to be found in C:/Users/Administrator/libertyGit/open-liberty/dev/build.image/wlp/usr/servers/com.ibm.ws.wssecurity_fat.x509async/logs/CxfX509ASyncTests.log
[06/06/2021 00:19:03:160 PDT] 001 LogMonitor                     getMarkOffset                  I Mark offset for C:/Users/Administrator/libertyGit/open-liberty/dev/build.image/wlp/usr/servers/com.ibm.ws.wssecurity_fat.x509async/logs/CxfX509ASyncTests.log=0 for C:/Users/Administrator/libertyGit/open-liberty/dev/build.image/wlp/usr/servers/com.ibm.ws.wssecurity_fat.x509async/logs/CxfX509ASyncTests.log
[06/06/2021 00:19:03:229 PDT] 001 LibertyServer                  validateAppsLoaded             I Started searching for app manager messages at 12:19:03 AM PDT and finished at 12:19:03 AM PDT
[06/06/2021 00:19:03:928 PDT] 001 FeatureDependencyProcessor     validateTestedFeatures         I Validated that all installed features were present in test dependencies JSON file.
[06/06/2021 00:19:03:930 PDT] 001 LogMonitor                     getMarkOffset                  I Mark offset for C:/Users/Administrator/libertyGit/open-liberty/dev/build.image/wlp/usr/servers/com.ibm.ws.wssecurity_fat.x509async/logs/messages.log=0 for C:/Users/Administrator/libertyGit/open-liberty/dev/build.image/wlp/usr/servers/com.ibm.ws.wssecurity_fat.x509async/logs/messages.log
[06/06/2021 00:19:03:945 PDT] 001 CommonTests                    commonSetUp                    I ****clientHttpUrl is:http://localhost:8010/x509aSyncclient/CxfX509AsyncSvcClient
[06/06/2021 00:19:03:945 PDT] 001 CommonTests                    commonSetUp                    I ****portNumber is:8010
[06/06/2021 00:19:03:946 PDT] 001 LogMonitor                     getMarkOffset                  I Mark offset for C:/Users/Administrator/libertyGit/open-liberty/dev/build.image/wlp/usr/servers/com.ibm.ws.wssecurity_fat.x509async/logs/messages.log=0 for C:/Users/Administrator/libertyGit/open-liberty/dev/build.image/wlp/usr/servers/com.ibm.ws.wssecurity_fat.x509async/logs/messages.log
[06/06/2021 00:19:03:958 PDT] 001 CxfX509ASyncTests              setup                          I CBHVersion in setup: EE7
Start printing CommonTests providers
IBMJSSE2 version 1.8
IBMJCE version 1.8
IBMJCEPlus version 1.8
IBMJGSSProvider version 8.0
IBMCertPath version 8.0
IBMSASL version 1.8
IBMXMLCRYPTO version 8.0
IBMXMLEnc version 8.0
IBMSPNEGO version 8.0
SUN version 1.8
Finished printing CommonTests  providers
Start Updating Order
IBM Cert is already before SUN - no update needed
[06/06/2021 00:19:03:985 PDT] 001 FATRunner                      evaluate                       I entering com.ibm.ws.wssecurity.fat.cxf.x509token.CxfX509ASyncTests.testCxfAsyncInvokeNonBlocking
----- Start:  testCxfAsyncInvokeNonBlocking   ----------------------------------------------------
[06/06/2021 00:19:03:987 PDT] 001 CommonTests                    testCxfAsyncInvokeNonBlocking  I *****************************Starting TEST: testCxfAsyncInvokeNonBlocking
[06/06/2021 00:19:03:987 PDT] 001 CommonTests                    testCxfAsyncInvokeNonBlocking  I *****************************testCxfAsyncInvokeNonBlocking
[06/06/2021 00:19:03:988 PDT] 001 CommonTests                    testCxfAsyncInvokeNonBlocking  I In CommontTests.genericAsyncTestSub: generic CXF client code
[06/06/2021 00:19:04:011 PDT] 001 CommonTests                    testCxfAsyncInvokeNonBlocking  I Invoke service client: http://localhost:8010/x509aSyncclient/CxfX509AsyncSvcClient
[06/06/2021 00:19:04:012 PDT] 001 CommonTests                    testCxfAsyncInvokeNonBlocking  I CBHVersion is: null
[06/06/2021 00:19:04:027 PDT] 001 CommonTests                    testCxfAsyncInvokeNonBlocking  I CallBackhandlerVersion is: null
[06/06/2021 00:19:04:029 PDT] 001 CommonTests                    testCxfAsyncInvokeNonBlocking  I request is: GET request for (null) http://localhost:8010/x509aSyncclient/CxfX509AsyncSvcClient?id=user1&msg=&serviceName=X509AsyncService&testName=testCxfAsyncInvokeNonBlocking&servicePort=X509AsyncPort&httpSecureDefaultPort=&clientWsdl=&pw=security&httpDefaultPort=8010
[06/06/2021 00:19:04:029 PDT] 001 CommonTests                    testCxfAsyncInvokeNonBlocking  I Invoke the client - before wc.getResponse
Sending:: User-Agent: httpunit/1.5
Sending:: Accept-Encoding: gzip
Header:: HTTP/1.1 200 OK
Header:: X-Powered-By: Servlet/3.1
Header:: Content-Language: en-US
Header:: Transfer-Encoding: chunked
Header:: Date: Sun, 06 Jun 2021 07:19:07 GMT
[06/06/2021 00:19:07:050 PDT] 001 CommonTests                    testCxfAsyncInvokeNonBlocking  I After wc.getResponse
[06/06/2021 00:19:07:050 PDT] 001 CommonTests                    testCxfAsyncInvokeNonBlocking  I Read the response - before response.getText() 
[06/06/2021 00:19:07:050 PDT] 001 CommonTests                    testCxfAsyncInvokeNonBlocking  I Response from CXF x509 Sig Service client: <html><head><title>CXF x509 Async Service Cleint</title></head><body><p>Request: CXF x509 Async Service Client</p><p>Response: null</p></body></html>
[06/06/2021 00:19:07:050 PDT] 001 CommonTests                    testCxfAsyncInvokeNonBlocking  I testCxfAsyncInvokeNonBlocking: PASS
[06/06/2021 00:19:07:050 PDT] 001 CommonTests                    restoreServer                  I lastServer: C:\Users\Administrator\libertyGit\open-liberty\dev\com.ibm.ws.wssecurity_fat.wsscxf.1\build\libs\autoFVT\publish/servers/com.ibm.ws.wssecurity_fat.x509async/server.xml
[06/06/2021 00:19:07:050 PDT] 001 CommonTests                    restoreServer                  I origServer: C:\Users\Administrator\libertyGit\open-liberty\dev\com.ibm.ws.wssecurity_fat.wsscxf.1\build\libs\autoFVT\publish/servers/com.ibm.ws.wssecurity_fat.x509async/server.xml
[06/06/2021 00:19:07:050 PDT] 001 CommonTests                    reconfigServer                 I ************** Starting server.xml update for: restoreServer
[06/06/2021 00:19:07:050 PDT] 001 LibertyServer                  setMarkToEndOfLog              I Setting mark to the end of logs (if null, messages.log): [Lcom.ibm.websphere.simplicity.RemoteFile;@1e9fc133
[06/06/2021 00:19:07:050 PDT] 001 LogMonitor                     setMarkToEndOfLog              I C:/Users/Administrator/libertyGit/open-liberty/dev/build.image/wlp/usr/servers/com.ibm.ws.wssecurity_fat.x509async/logs/messages.log, old mark offset=0, new mark offset=52510 for C:/Users/Administrator/libertyGit/open-liberty/dev/build.image/wlp/usr/servers/com.ibm.ws.wssecurity_fat.x509async/logs/messages.log
[06/06/2021 00:19:07:050 PDT] 001 CommonTests                    reconfigServer                 I The SAME SERVER CONFIG file is being used - skipping reconfig
[06/06/2021 00:19:07:050 PDT] 001 CommonTests                    testCxfAsyncInvokeNonBlocking  I *****************************Ending TEST 
----- End:  org.junit.rules.TestName@573d782d   ----------------------------------------------------
[06/06/2021 00:19:07:066 PDT] 001 FATRunner                      evaluate                       I exiting com.ibm.ws.wssecurity.fat.cxf.x509token.CxfX509ASyncTests.testCxfAsyncInvokeNonBlocking
[06/06/2021 00:19:07:066 PDT] 001 CommonTests                    tearDown                       I *****************************tearDown
[06/06/2021 00:19:07:066 PDT] 001 CommonTests                    tearDown                       I Time to stop the server
[06/06/2021 00:19:07:066 PDT] 001 CommonTests                    getIgnoredServerExceptions     I null
[06/06/2021 00:19:07:066 PDT] 001 CommonTests                    tearDown                       I calling stop with no expected exceptions
[06/06/2021 00:19:07:066 PDT] 001 LibertyServer                  stopServer                     I <<< STOPPING SERVER: com.ibm.ws.wssecurity_fat.x509async
[06/06/2021 00:19:10:947 PDT] 001 LibertyServer                  stopServer                     I Stop Server Response: Stopping server com.ibm.ws.wssecurity_fat.x509async.
Server com.ibm.ws.wssecurity_fat.x509async stopped.

[06/06/2021 00:19:10:947 PDT] 001 LogMonitor                     getMarkOffset                  I Mark offset for C:/Users/Administrator/libertyGit/open-liberty/dev/build.image/wlp/usr/servers/com.ibm.ws.wssecurity_fat.x509async/logs/CxfX509ASyncTests.log=0 for C:/Users/Administrator/libertyGit/open-liberty/dev/build.image/wlp/usr/servers/com.ibm.ws.wssecurity_fat.x509async/logs/CxfX509ASyncTests.log
[06/06/2021 00:19:10:962 PDT] 001 LibertyServer                  executeServerScript            I Running server script with command=status
[06/06/2021 00:19:12:219 PDT] 001 LibertyServer                  stopServer                     I Server com.ibm.ws.wssecurity_fat.x509async stopped successfully
[06/06/2021 00:19:12:251 PDT] 001 LibertyServer                  checkLogsForErrorsAndWarnings  I Error/warning found in log ORIGINALLY: [6/6/21 0:18:55:539 PDT] 00000043 com.ibm.ws.config.admin.internal.ConfigurationAdminImpl      W CWWKG0101W: The configuration with the persisted identity (PID) com.ibm.ws.wssecurity.sig.config_60 is bound to the bundle com.ibm.ws.wssecurity. The configuration is not visible to other bundles.  
[06/06/2021 00:19:12:251 PDT] 001 LibertyServer                  checkLogsForErrorsAndWarnings  I Error/warning found in log ORIGINALLY: [6/6/21 0:18:55:623 PDT] 00000043 com.ibm.ws.config.admin.internal.ConfigurationAdminImpl      W CWWKG0101W: The configuration with the persisted identity (PID) com.ibm.ws.wssecurity.sig.config_70 is bound to the bundle com.ibm.ws.wssecurity. The configuration is not visible to other bundles.  
[06/06/2021 00:19:12:251 PDT] 001 LibertyServer                  checkLogsForErrorsAndWarnings  I Error/warning found: [6/6/21 0:18:55:539 PDT] 00000043 com.ibm.ws.config.admin.internal.ConfigurationAdminImpl      W CWWKG0101W: The configuration with the persisted identity (PID) com.ibm.ws.wssecurity.sig.config_60 is bound to the bundle com.ibm.ws.wssecurity. The configuration is not visible to other bundles.  
[06/06/2021 00:19:12:251 PDT] 001 LibertyServer                  checkLogsForErrorsAndWarnings  I Error/warning found: [6/6/21 0:18:55:623 PDT] 00000043 com.ibm.ws.config.admin.internal.ConfigurationAdminImpl      W CWWKG0101W: The configuration with the persisted identity (PID) com.ibm.ws.wssecurity.sig.config_70 is bound to the bundle com.ibm.ws.wssecurity. The configuration is not visible to other bundles.  
[06/06/2021 00:19:12:335 PDT] 001 CommonTests                    tearDown                       I Server stop threw an exception - start
java.lang.Exception: Errors/warnings were found in server com.ibm.ws.wssecurity_fat.x509async logs:
 <br>[6/6/21 0:18:55:539 PDT] 00000043 com.ibm.ws.config.admin.internal.ConfigurationAdminImpl      W CWWKG0101W: The configuration with the persisted identity (PID) com.ibm.ws.wssecurity.sig.config_60 is bound to the bundle com.ibm.ws.wssecurity. The configuration is not visible to other bundles.  
 <br>[6/6/21 0:18:55:623 PDT] 00000043 com.ibm.ws.config.admin.internal.ConfigurationAdminImpl      W CWWKG0101W: The configuration with the persisted identity (PID) com.ibm.ws.wssecurity.sig.config_70 is bound to the bundle com.ibm.ws.wssecurity. The configuration is not visible to other bundles.  
	at componenttest.topology.impl.LibertyServer.checkLogsForErrorsAndWarnings(LibertyServer.java:2603)
	at componenttest.topology.impl.LibertyServer.stopServer(LibertyServer.java:2462)
	at componenttest.topology.impl.LibertyServer.stopServer(LibertyServer.java:2277)
	at componenttest.topology.impl.LibertyServer.stopServer(LibertyServer.java:2252)
	at com.ibm.ws.wssecurity.fat.utils.common.CommonTests.tearDown(CommonTests.java:809)
	at sun.reflect.NativeMethodAccessorImpl.invoke0(Native Method)
	at sun.reflect.NativeMethodAccessorImpl.invoke(NativeMethodAccessorImpl.java:90)
	at sun.reflect.DelegatingMethodAccessorImpl.invoke(DelegatingMethodAccessorImpl.java:55)
	at java.lang.reflect.Method.invoke(Method.java:508)
	at org.junit.runners.model.FrameworkMethod$1.runReflectiveCall(FrameworkMethod.java:45)
	at org.junit.internal.runners.model.ReflectiveCallable.run(ReflectiveCallable.java:15)
	at org.junit.runners.model.FrameworkMethod.invokeExplosively(FrameworkMethod.java:42)
	at org.junit.internal.runners.statements.RunAfters.evaluate(RunAfters.java:36)
	at componenttest.custom.junit.runner.FATRunner$2.evaluate(FATRunner.java:318)
	at org.junit.runners.ParentRunner.run(ParentRunner.java:300)
	at componenttest.custom.junit.runner.FATRunner.run(FATRunner.java:171)
	at org.junit.runners.Suite.runChild(Suite.java:128)
	at org.junit.runners.Suite.runChild(Suite.java:24)
	at org.junit.runners.ParentRunner$3.run(ParentRunner.java:231)
	at org.junit.runners.ParentRunner$1.schedule(ParentRunner.java:60)
	at org.junit.runners.ParentRunner.runChildren(ParentRunner.java:229)
	at org.junit.runners.ParentRunner.access$000(ParentRunner.java:50)
	at org.junit.runners.ParentRunner$2.evaluate(ParentRunner.java:222)
	at componenttest.rules.repeater.RepeatTests$CompositeRepeatTestActionStatement.evaluate(RepeatTests.java:115)
	at org.junit.rules.RunRules.evaluate(RunRules.java:18)
	at org.junit.runners.ParentRunner.run(ParentRunner.java:300)
	at junit.framework.JUnit4TestAdapter.run(JUnit4TestAdapter.java:39)
	at org.apache.tools.ant.taskdefs.optional.junit.JUnitTestRunner.run(JUnitTestRunner.java:520)
	at org.apache.tools.ant.taskdefs.optional.junit.JUnitTestRunner.launch(JUnitTestRunner.java:1060)
	at org.apache.tools.ant.taskdefs.optional.junit.JUnitTestRunner.main(JUnitTestRunner.java:911)
[06/06/2021 00:19:12:351 PDT] 001 CommonTests                    tearDown                       I Server stop threw an exception - end
[06/06/2021 00:19:12:351 PDT] 001 CommonTests                    tearDown                       I Trying to unintall the callback handler
[06/06/2021 00:19:12:351 PDT] 001 SharedTools                    uninstallCallbackHandler       I Looking for file: .\publish\bundles\com.ibm.ws.wssecurity.example.cbh_1.0.0.jar
[06/06/2021 00:19:12:351 PDT] 001 LibertyServerFactory           tidyAllKnownServers            I Now post-test-tidying all servers known to test: com.ibm.ws.wssecurity.fat.cxf.x509token.CxfX509ASyncTests
[06/06/2021 00:19:12:351 PDT] 001 LibertyServerFactory           tidyAllKnownServers            I Tidying server: com.ibm.ws.wssecurity_fat.x509async hash:-1295029071
[06/06/2021 00:19:13:424 PDT] 001 LogPolice                      checkUsedTrace                 I So far this FAT has used 2MB of trace.
[06/06/2021 00:19:13:424 PDT] 001 CompositeRepeatTestActionState evaluate                       I ===================================
[06/06/2021 00:19:13:424 PDT] 001 CompositeRepeatTestActionState evaluate                       I 
[06/06/2021 00:19:13:424 PDT] 001 CompositeRepeatTestActionState evaluate                       I Running tests with action: Set all features to EE8 compatibility
[06/06/2021 00:19:13:424 PDT] 001 CompositeRepeatTestActionState evaluate                       I 
[06/06/2021 00:19:13:424 PDT] 001 CompositeRepeatTestActionState evaluate                       I ===================================
[06/06/2021 00:19:13:424 PDT] 001 FeatureReplacementAction       setup                          I Checking the following servers for server configuration files: [ALL_SERVERS]
[06/06/2021 00:19:13:439 PDT] 001 FeatureReplacementAction       setup                          I Replacing features in files: [publish\servers\com.ibm.ws.wssecurity_fat.x509sig\server_enc_wss4j.xml, publish\servers\com.ibm.ws.wssecurity_fat.x509migsym\server.xml, publish\servers\com.ibm.ws.wssecurity_fat.endsuptokens\server_asym_wss4j.xml, publish\servers\com.ibm.ws.wssecurity_fat.endsuptokens\server_wss4j.xml, publish\servers\com.ibm.ws.wssecurity_fat.x509sig\server_badenc_wss4j.xml, publish\servers\com.ibm.ws.wssecurity_fat.x509sig\server_wss4j.xml, publish\servers\com.ibm.ws.wssecurity_fat.x509crl\server_certp.xml, publish\servers\com.ibm.ws.wssecurity_fat.x509sig\server_badclpwd.xml, publish\servers\com.ibm.ws.wssecurity_fat.sha2sig\server_sha384.xml, publish\servers\com.ibm.ws.wssecurity_fat.wss11enc\server_wss4j.xml, publish\servers\com.ibm.ws.wssecurity_fat.wss11enc\server_orig.xml, publish\servers\com.ibm.ws.wssecurity_fat.sha2sig\server_sha384_wss4j.xml, publish\servers\com.ibm.ws.wssecurity_fat.x509enc\server_orig_wss4j.xml, publish\servers\com.ibm.ws.wssecurity_fat.sha2sig\server.xml, publish\servers\com.ibm.ws.wssecurity_fat.sha2sig\server_sha1.xml, publish\servers\com.ibm.ws.wssecurity_fat.x509async\server_wss4j.xml, publish\servers\com.ibm.ws.wssecurity_fat.x509migsym\server_badsha2_wss4j.xml, publish\servers\com.ibm.ws.wssecurity_fat.x509_1\server.xml, publish\servers\com.ibm.ws.wssecurity_fat.wss11enc\server.xml, publish\servers\com.ibm.ws.wssecurity_fat.x509async\server.xml, publish\servers\com.ibm.ws.wssecurity_fat.x509enc\server.xml, publish\servers\com.ibm.ws.wssecurity_fat.x509sig\server_certpath.xml, publish\servers\com.ibm.ws.wssecurity_fat.sha2sig\server_sha2.xml, publish\servers\com.ibm.ws.wssecurity_fat.x509mig\server_wss4j.xml, publish\servers\com.ibm.ws.wssecurity_fat.x509sig\server_badsvrpwd.xml, publish\servers\com.ibm.ws.wssecurity_fat.sha2sig\server_sha1_wss4j.xml, publish\servers\com.ibm.ws.wssecurity_fat.sha2sig\server_sha512.xml, publish\servers\com.ibm.ws.wssecurity_fat.x509crl\server_certn_wss4j.xml, publish\servers\com.ibm.ws.wssecurity_fat.x509sig\server_badclpwd_wss4j.xml, publish\servers\com.ibm.ws.wssecurity_fat.wss11sig\server_wss4j.xml, publish\servers\com.ibm.ws.wssecurity_fat.x509sig\server.xml, publish\servers\com.ibm.ws.wssecurity_fat.sha2sig\server_orig_wss4j.xml, publish\servers\com.ibm.ws.wssecurity_fat.x509crl\server.xml, publish\servers\com.ibm.ws.wssecurity_fat.x509async\server_orig.xml, publish\servers\com.ibm.ws.wssecurity_fat.sha2sig\server_sha3sym.xml, publish\servers\com.ibm.ws.wssecurity_fat.sha2sig\server_sha5sym.xml, publish\servers\com.ibm.ws.wssecurity_fat.endsuptokens\server_sym2_wss4j.xml, publish\servers\com.ibm.ws.wssecurity_fat.endsuptokens\server_sym.xml, publish\servers\com.ibm.ws.wssecurity_fat.x509migsym\server_sha512.xml, publish\servers\com.ibm.ws.wssecurity_fat.sha2sig\server_sha512_wss4j.xml, publish\servers\com.ibm.ws.wssecurity_fat.endsuptokens\server.xml, publish\servers\com.ibm.ws.wssecurity_fat.x509sig\server_certpath_wss4j.xml, publish\servers\com.ibm.ws.wssecurity_fat.x509sig\server_badenc.xml, publish\servers\com.ibm.ws.wssecurity_fat.x509mig\server.xml, publish\servers\com.ibm.ws.wssecurity_fat.x509_1\server_wss4j.xml, publish\servers\com.ibm.ws.wssecurity_fat.x509migsym\server_badsha2.xml, publish\servers\com.ibm.ws.wssecurity_fat.sha2sig\server_sha5sym_wss4j.xml, publish\servers\com.ibm.ws.wssecurity_fat.x509_2\server_wss4j.xml, publish\servers\com.ibm.ws.wssecurity_fat.sha2sig\server_sha2_wss4j.xml, publish\servers\com.ibm.ws.wssecurity_fat.x509async\server_orig_wss4j.xml, publish\servers\com.ibm.ws.wssecurity_fat.sha2sig\server_sha3sym_wss4j.xml, publish\servers\com.ibm.ws.wssecurity_fat.x509sig\server_badsvrpwd_wss4j.xml, publish\servers\com.ibm.ws.wssecurity_fat.wss11enc\server_enchdr.xml, publish\servers\com.ibm.ws.wssecurity_fat.sha2sig\server_wss4j.xml, publish\servers\com.ibm.ws.wssecurity_fat.sha2sig\server_2048_wss4j.xml, publish\servers\com.ibm.ws.wssecurity_fat.endsuptokens\server_sym_wss4j.xml, publish\servers\com.ibm.ws.wssecurity_fat.x509sig\server_orig_wss4j.xml, publish\servers\com.ibm.ws.wssecurity_fat.x509crl\server_wss4j.xml, publish\servers\com.ibm.ws.wssecurity_fat.sha2sig\server_orig.xml, publish\servers\com.ibm.ws.wssecurity_fat.sha2sig\server_2048.xml, publish\servers\com.ibm.ws.wssecurity_fat.x509sig\server_orig.xml, publish\servers\com.ibm.ws.wssecurity_fat.wss11sig\server_orig_wss4j.xml, publish\servers\com.ibm.ws.wssecurity_fat.endsuptokens\server_sym2.xml, publish\servers\com.ibm.ws.wssecurity_fat.x509sig\server_expcert.xml, publish\servers\com.ibm.ws.wssecurity_fat.wss11sig\server_enchdr.xml, publish\servers\com.ibm.ws.wssecurity_fat.x509_2\server.xml, publish\servers\com.ibm.ws.wssecurity_fat.wss11enc\server_enchdr_wss4j.xml, publish\servers\com.ibm.ws.wssecurity_fat.x509migsym\server_sha512_wss4j.xml, publish\servers\com.ibm.ws.wssecurity_fat.x509enc\server_wrongEnc_wss4j.xml, publish\servers\com.ibm.ws.wssecurity_fat.x509enc\server_wss4j.xml, publish\servers\com.ibm.ws.wssecurity_fat.endsuptokens\server_asym.xml, publish\servers\com.ibm.ws.wssecurity_fat.x509sig\server_enc.xml, publish\servers\com.ibm.ws.wssecurity_fat.x509enc\server_wrongEnc.xml, publish\servers\com.ibm.ws.wssecurity_fat.x509\server.xml, publish\servers\com.ibm.ws.wssecurity_fat.x509migsym\server_wss4j.xml, publish\servers\com.ibm.ws.wssecurity_fat.x509enc\server_orig.xml, publish\servers\com.ibm.ws.wssecurity_fat.x509crl\server_certp_wss4j.xml, publish\servers\com.ibm.ws.wssecurity_fat.wss11sig\server.xml, publish\servers\com.ibm.ws.wssecurity_fat.x509crl\server_certn.xml, publish\servers\com.ibm.ws.wssecurity_fat.wss11enc\server_orig_wss4j.xml, publish\servers\com.ibm.ws.wssecurity_fat.x509\server_wss4j.xml, publish\servers\com.ibm.ws.wssecurity_fat.wss11sig\server_orig.xml, publish\servers\com.ibm.ws.wssecurity_fat.x509sig\server_expcert_wss4j.xml, publish\servers\com.ibm.ws.wssecurity_fat.wss11sig\server_enchdr_wss4j.xml]  and  []
[06/06/2021 00:19:13:471 PDT] 001 FeatureReplacementAction       setup                          I Original features:  [appsecurity-2.0, jsp-2.2, servlet-3.1, ssl-1.0, usr:wsseccbh-1.0, jaxws-2.2, wssecurity-1.1]
[06/06/2021 00:19:13:471 PDT] 001 FeatureReplacementAction       getReplacementFeature          I Replace feature [ servlet-3.1 ] with [ servlet-4.0 ]
[06/06/2021 00:19:13:471 PDT] 001 FeatureReplacementAction       getReplacementFeature          I Replace feature [ appsecurity-2.0 ] with [ appSecurity-3.0 ]
[06/06/2021 00:19:13:471 PDT] 001 FeatureReplacementAction       getReplacementFeature          I Replace feature [ jaxws-2.2 ] with [ jaxws-2.3 ]
[06/06/2021 00:19:13:471 PDT] 001 FeatureReplacementAction       getReplacementFeature          I Replace feature [ jsp-2.2 ] with [ jsp-2.3 ]
[06/06/2021 00:19:13:471 PDT] 001 FeatureReplacementAction       getReplacementFeature          I Replace feature [ usr:wsseccbh-1.0 ] with [ usr:wsseccbh-2.0 ]
[06/06/2021 00:19:13:471 PDT] 001 FeatureReplacementAction       setup                          I Resulting features: [jsp-2.3, servlet-4.0, usr:wsseccbh-2.0, ssl-1.0, jaxws-2.3, appSecurity-3.0, wssecurity-1.1]
[06/06/2021 00:19:13:486 PDT] 001 FeatureReplacementAction       setup                          I Config: ServerConfiguration
FeatureManager{feature="jsp-2.3" feature="servlet-4.0" feature="usr:wsseccbh-2.0" feature="ssl-1.0" feature="jaxws-2.3" feature="appSecurity-3.0" feature="wssecurity-1.1" }[BasicRegistry{realm="customRealm" User{name="user1" password="security" },User{name="user2" password="security" },User{name="test1" password="test1" },User{name="test2" password="test2" },User{name="user1pw" password="pw8server" },}][IncludeElement{location="../fatTestPorts.xml" }][JavaPermission{actions="read" className="java.io.FilePermission" name="ALL FILES" }, JavaPermission{className="java.lang.RuntimePermission" name="accessClassInPackage.com.sun.xml.internal.messaging.saaj.soap" }, JavaPermission{className="java.lang.RuntimePermission" name="accessClassInPackage.com.sun.xml.internal.messaging.saaj.soap.ver1_1" }, JavaPermission{className="java.lang.RuntimePermission" name="accessClassInPackage.com.sun.xml.internal.messaging.saaj.util" }, JavaPermission{className="java.lang.RuntimePermission" name="accessClassInPackage.com.sun.xml.internal.messaging.saaj.soap.name" }, JavaPermission{className="java.lang.RuntimePermission" name="accessClassInPackage.com.sun.xml.internal.messaging.saaj.soap.impl" }, JavaPermission{actions="POST:AcceptSOAPActionUser-Agent" className="java.net.URLPermission" name="http://localhost:8010/x509sig/X509XmlSigService1" }, JavaPermission{actions="POST:AcceptSOAPActionUser-Agent" className="java.net.URLPermission" name="http://localhost:8010/x509sig/X509XmlStrService1" }, JavaPermission{actions="POST:AcceptSOAPActionUser-Agent" className="java.net.URLPermission" name="http://localhost:8010/x509sig/X509XmlSigService3" }, JavaPermission{actions="POST:AcceptSOAPActionUser-Agent" className="java.net.URLPermission" name="http://localhost:8010/xmlsig/X509XmlSigService1" }, JavaPermission{actions="POST:AcceptSOAPActionUser-Agent" className="java.net.URLPermission" name="http://localhost:8010/x509sig/X509XmlStrService2" }, JavaPermission{actions="read" className="java.util.PropertyPermission" name="javax.xml.soap.MessageFactory" }, JavaPermission{actions="*" className="org.osgi.framework.AdminPermission" name="*" }, JavaPermission{className="java.security.SecurityPermission" name="org.apache.xml.security.register" }, JavaPermission{className="java.lang.RuntimePermission" name="accessClassInPackage.sun.net.www.protocol.c" }]
[06/06/2021 00:19:13:539 PDT] 001 LibertyFileManager             moveLibertyFile                I Moving C:/Users/Administrator/libertyGit/open-liberty/dev/com.ibm.ws.wssecurity_fat.wsscxf.1/build/libs/autoFVT/publish/servers/com.ibm.ws.wssecurity_fat.x509sig/server_enc_wss4j.xml.tmp to C:/Users/Administrator/libertyGit/open-liberty/dev/com.ibm.ws.wssecurity_fat.wsscxf.1/build/libs/autoFVT/publish/servers/com.ibm.ws.wssecurity_fat.x509sig/server_enc_wss4j.xml
[06/06/2021 00:19:14:002 PDT] 001 LibertyFileManager             moveLibertyFile                I server_enc_wss4j.xml was successfully copied.
[06/06/2021 00:19:14:022 PDT] 001 FeatureReplacementAction       setup                          I Original features:  [appsecurity-2.0, jsp-2.2, servlet-3.1, ssl-1.0, usr:wsseccbh-1.0, jaxws-2.2, wssecurity-1.1]
[06/06/2021 00:19:14:023 PDT] 001 FeatureReplacementAction       getReplacementFeature          I Replace feature [ servlet-3.1 ] with [ servlet-4.0 ]
[06/06/2021 00:19:14:024 PDT] 001 FeatureReplacementAction       getReplacementFeature          I Replace feature [ appsecurity-2.0 ] with [ appSecurity-3.0 ]
[06/06/2021 00:19:14:024 PDT] 001 FeatureReplacementAction       getReplacementFeature          I Replace feature [ jaxws-2.2 ] with [ jaxws-2.3 ]
[06/06/2021 00:19:14:024 PDT] 001 FeatureReplacementAction       getReplacementFeature          I Replace feature [ jsp-2.2 ] with [ jsp-2.3 ]
[06/06/2021 00:19:14:024 PDT] 001 FeatureReplacementAction       getReplacementFeature          I Replace feature [ usr:wsseccbh-1.0 ] with [ usr:wsseccbh-2.0 ]
[06/06/2021 00:19:14:024 PDT] 001 FeatureReplacementAction       setup                          I Resulting features: [jsp-2.3, servlet-4.0, usr:wsseccbh-2.0, ssl-1.0, jaxws-2.3, appSecurity-3.0, wssecurity-1.1]
[06/06/2021 00:19:14:024 PDT] 001 FeatureReplacementAction       setup                          I Config: ServerConfiguration
FeatureManager{feature="jsp-2.3" feature="servlet-4.0" feature="usr:wsseccbh-2.0" feature="ssl-1.0" feature="jaxws-2.3" feature="appSecurity-3.0" feature="wssecurity-1.1" }[BasicRegistry{realm="customRealm" User{name="user1" password="security" },User{name="user2" password="security" },User{name="test1" password="test1" },User{name="test2" password="test2" },User{name="test3" password="test3" },User{name="test4" password="test4" },User{name="admin" password="admin" },User{name="bob" password="bob" },User{name="joe" password="joe" },User{name="user1pw" password="pw8server" },}][IncludeElement{location="../fatTestPorts.xml" }]SSLDefault{sslRef="DefaultSSLSettings" }[SSL{keyStoreRef="myKeyStore" trustStoreRef="myTrustStore" }][KeyStore{password="Liberty" location="${server.config.dir}/key.jks" type="jks" }, KeyStore{password="LibertyServer" location="${server.config.dir}/sslServerTrust.jks" type="jks" }][JavaPermission{actions="read" className="java.io.FilePermission" name="ALL FILES" }, JavaPermission{actions="get" className="org.osgi.framework.ServicePermission" name="*" }, JavaPermission{className="java.lang.RuntimePermission" name="accessClassInPackage.com.sun.xml.internal.messaging.saaj.soap" }, JavaPermission{className="java.lang.RuntimePermission" name="accessClassInPackage.com.sun.xml.internal.messaging.saaj.soap.ver1_1" }, JavaPermission{className="java.lang.RuntimePermission" name="accessClassInPackage.com.sun.xml.internal.messaging.saaj.util" }, JavaPermission{className="java.lang.RuntimePermission" name="accessClassInPackage.com.sun.xml.internal.messaging.saaj.soap.name" }, JavaPermission{className="java.lang.RuntimePermission" name="accessClassInPackage.com.sun.xml.internal.messaging.saaj.soap.impl" }, JavaPermission{actions="POST:AcceptSOAPActionUser-Agent" className="java.net.URLPermission" name="http://localhost:8010/x509migtoken/FatBAX01Service" }, JavaPermission{actions="POST:AcceptSOAPActionUser-Agent" className="java.net.URLPermission" name="http://localhost:8010/x509migtoken/FatBAX31Service" }, JavaPermission{actions="POST:AcceptSOAPActionUser-Agent" className="java.net.URLPermission" name="http://localhost:8010/x509migtoken/FatBAX29Service" }, JavaPermission{actions="POST:AcceptSOAPActionUser-Agent" className="java.net.URLPermission" name="https://localhost:8020/x509migtoken/FatBAX01Service" }, JavaPermission{actions="POST:AcceptSOAPActionUser-Agent" className="java.net.URLPermission" name="http://localhost:8010/x509migtoken/FatBAX03Service" }, JavaPermission{actions="POST:AcceptSOAPActionUser-Agent" className="java.net.URLPermission" name="http://localhost:8010/x509migtoken/FatBAX09Service" }, JavaPermission{actions="POST:AcceptSOAPActionUser-Agent" className="java.net.URLPermission" name="http://localhost:8010/x509migtoken/FatBAX04Service" }, JavaPermission{actions="POST:AcceptSOAPActionUser-Agent" className="java.net.URLPermission" name="http://localhost:8010/x509migtoken/FatBAX05Service" }, JavaPermission{actions="POST:AcceptSOAPActionUser-Agent" className="java.net.URLPermission" name="http://localhost:8010/x509migtoken/FatBAX06Service" }, JavaPermission{actions="POST:AcceptSOAPActionUser-Agent" className="java.net.URLPermission" name="http://localhost:8010/x509migtoken/FatBAX24Service" }, JavaPermission{actions="POST:AcceptSOAPActionUser-Agent" className="java.net.URLPermission" name="http://localhost:8010/x509migtoken/FatBAX25Service" }, JavaPermission{actions="POST:AcceptSOAPActionUser-Agent" className="java.net.URLPermission" name="http://localhost:8010/x509migtoken/FatBAX27Service" }, JavaPermission{actions="POST:AcceptSOAPActionUser-Agent" className="java.net.URLPermission" name="http://localhost:8010/x509migtoken/FatBAX35Service" }, JavaPermission{actions="POST:AcceptSOAPActionUser-Agent" className="java.net.URLPermission" name="https://localhost:8020/x509migtoken/FatBAX35Service" }, JavaPermission{actions="POST:AcceptSOAPActionUser-Agent" className="java.net.URLPermission" name="http://localhost:8010/x509migtoken/FatBAX33Service" }, JavaPermission{actions="read" className="java.util.PropertyPermission" name="javax.xml.soap.MessageFactory" }, JavaPermission{actions="read" className="java.util.PropertyPermission" name="javax.xml.soap.MetaFactory" }, JavaPermission{actions="read" className="java.util.PropertyPermission" name="java.home" }, JavaPermission{actions="*" className="org.osgi.framework.AdminPermission" name="*" }, JavaPermission{className="java.security.SecurityPermission" name="org.apache.xml.security.register" }, JavaPermission{className="java.lang.RuntimePermission" name="accessClassInPackage.sun.net.www.protocol.c" }]
[06/06/2021 00:19:14:039 PDT] 001 LibertyFileManager             moveLibertyFile                I Moving C:/Users/Administrator/libertyGit/open-liberty/dev/com.ibm.ws.wssecurity_fat.wsscxf.1/build/libs/autoFVT/publish/servers/com.ibm.ws.wssecurity_fat.x509migsym/server.xml.tmp to C:/Users/Administrator/libertyGit/open-liberty/dev/com.ibm.ws.wssecurity_fat.wsscxf.1/build/libs/autoFVT/publish/servers/com.ibm.ws.wssecurity_fat.x509migsym/server.xml
[06/06/2021 00:19:14:502 PDT] 001 LibertyFileManager             moveLibertyFile                I server.xml was successfully copied.
[06/06/2021 00:19:14:520 PDT] 001 FeatureReplacementAction       setup                          I Original features:  [appsecurity-2.0, jsp-2.2, servlet-3.1, ssl-1.0, usr:wsseccbh-1.0, jaxws-2.2, wssecurity-1.1]
[06/06/2021 00:19:14:521 PDT] 001 FeatureReplacementAction       getReplacementFeature          I Replace feature [ servlet-3.1 ] with [ servlet-4.0 ]
[06/06/2021 00:19:14:522 PDT] 001 FeatureReplacementAction       getReplacementFeature          I Replace feature [ appsecurity-2.0 ] with [ appSecurity-3.0 ]
[06/06/2021 00:19:14:523 PDT] 001 FeatureReplacementAction       getReplacementFeature          I Replace feature [ jaxws-2.2 ] with [ jaxws-2.3 ]
[06/06/2021 00:19:14:524 PDT] 001 FeatureReplacementAction       getReplacementFeature          I Replace feature [ jsp-2.2 ] with [ jsp-2.3 ]
[06/06/2021 00:19:14:524 PDT] 001 FeatureReplacementAction       getReplacementFeature          I Replace feature [ usr:wsseccbh-1.0 ] with [ usr:wsseccbh-2.0 ]
[06/06/2021 00:19:14:524 PDT] 001 FeatureReplacementAction       setup                          I Resulting features: [jsp-2.3, servlet-4.0, usr:wsseccbh-2.0, ssl-1.0, jaxws-2.3, appSecurity-3.0, wssecurity-1.1]
[06/06/2021 00:19:14:524 PDT] 001 FeatureReplacementAction       setup                          I Config: ServerConfiguration
FeatureManager{feature="jsp-2.3" feature="servlet-4.0" feature="usr:wsseccbh-2.0" feature="ssl-1.0" feature="jaxws-2.3" feature="appSecurity-3.0" feature="wssecurity-1.1" }[BasicRegistry{realm="customRealm" User{name="user1" password="security" },User{name="user2" password="security" },User{name="test1" password="test1" },User{name="test2" password="test2" },User{name="test3" password="test3" },User{name="test4" password="test4" },User{name="admin" password="admin" },User{name="bob" password="bob" },User{name="joe" password="joe" },User{name="user1pw" password="pw8server" },}][IncludeElement{location="../fatTestPorts.xml" }]SSLDefault{sslRef="DefaultSSLSettings" }[SSL{keyStoreRef="myKeyStore" trustStoreRef="myTrustStore" }][KeyStore{password="Liberty" location="${server.config.dir}/key.jks" type="jks" }, KeyStore{password="LibertyServer" location="${server.config.dir}/sslServerTrust.jks" type="jks" }][JavaPermission{actions="read" className="java.io.FilePermission" name="ALL FILES" }, JavaPermission{actions="read" className="java.util.PropertyPermission" name="javax.xml.soap.MessageFactory" }, JavaPermission{className="java.lang.RuntimePermission" name="accessClassInPackage.com.sun.xml.internal.messaging.saaj.soap" }, JavaPermission{className="java.lang.RuntimePermission" name="accessClassInPackage.com.sun.xml.internal.messaging.saaj.soap.ver1_1" }, JavaPermission{className="java.lang.RuntimePermission" name="accessClassInPackage.com.sun.xml.internal.messaging.saaj.util" }, JavaPermission{className="java.lang.RuntimePermission" name="accessClassInPackage.com.sun.xml.internal.messaging.saaj.soap.name" }, JavaPermission{className="java.lang.RuntimePermission" name="accessClassInPackage.com.sun.xml.internal.messaging.saaj.soap.impl" }, JavaPermission{actions="POST:AcceptSOAPActionUser-Agent" className="java.net.URLPermission" name="https://localhost:8020/endsuptokens/EndSupTokensService0" }, JavaPermission{actions="POST:AcceptSOAPActionUser-Agent" className="java.net.URLPermission" name="http://localhost:8010/endsuptokens/EndSupTokensService4" }, JavaPermission{actions="POST:AcceptSOAPActionUser-Agent" className="java.net.URLPermission" name="https://localhost:8020/endsuptokens/EndSupTokensService0Body" }, JavaPermission{actions="POST:AcceptSOAPActionUser-Agent" className="java.net.URLPermission" name="http://localhost:8010/endsuptokens/EndSupTokensService5" }, JavaPermission{actions="POST:AcceptSOAPActionUser-Agent" className="java.net.URLPermission" name="https://localhost:8020/endsuptokens/EndSupTokensService0BodyElement" }, JavaPermission{actions="POST:AcceptSOAPActionUser-Agent" className="java.net.URLPermission" name="http://localhost:8010/endsuptokens/EndSupTokensService6" }, JavaPermission{actions="POST:AcceptSOAPActionUser-Agent" className="java.net.URLPermission" name="https://localhost:8020/endsuptokens/EndSupTokensService1" }, JavaPermission{actions="POST:AcceptSOAPActionUser-Agent" className="java.net.URLPermission" name="http://localhost:8010/endsuptokens/EndSupTokensService7" }, JavaPermission{actions="read" className="java.util.PropertyPermission" name="java.home" }, JavaPermission{actions="read" className="java.util.PropertyPermission" name="javax.xml.soap.MetaFactory" }, JavaPermission{actions="*" className="org.osgi.framework.AdminPermission" name="*" }, JavaPermission{className="java.security.SecurityPermission" name="org.apache.xml.security.register" }, JavaPermission{className="java.lang.RuntimePermission" name="accessClassInPackage.sun.net.www.protocol.c" }]
[06/06/2021 00:19:14:539 PDT] 001 LibertyFileManager             moveLibertyFile                I Moving C:/Users/Administrator/libertyGit/open-liberty/dev/com.ibm.ws.wssecurity_fat.wsscxf.1/build/libs/autoFVT/publish/servers/com.ibm.ws.wssecurity_fat.endsuptokens/server_asym_wss4j.xml.tmp to C:/Users/Administrator/libertyGit/open-liberty/dev/com.ibm.ws.wssecurity_fat.wsscxf.1/build/libs/autoFVT/publish/servers/com.ibm.ws.wssecurity_fat.endsuptokens/server_asym_wss4j.xml
[06/06/2021 00:19:15:002 PDT] 001 LibertyFileManager             moveLibertyFile                I server_asym_wss4j.xml was successfully copied.
[06/06/2021 00:19:15:024 PDT] 001 FeatureReplacementAction       setup                          I Original features:  [appsecurity-2.0, jsp-2.2, servlet-3.1, ssl-1.0, usr:wsseccbh-1.0, jaxws-2.2, wssecurity-1.1]
[06/06/2021 00:19:15:024 PDT] 001 FeatureReplacementAction       getReplacementFeature          I Replace feature [ servlet-3.1 ] with [ servlet-4.0 ]
[06/06/2021 00:19:15:024 PDT] 001 FeatureReplacementAction       getReplacementFeature          I Replace feature [ appsecurity-2.0 ] with [ appSecurity-3.0 ]
[06/06/2021 00:19:15:024 PDT] 001 FeatureReplacementAction       getReplacementFeature          I Replace feature [ jaxws-2.2 ] with [ jaxws-2.3 ]
[06/06/2021 00:19:15:024 PDT] 001 FeatureReplacementAction       getReplacementFeature          I Replace feature [ jsp-2.2 ] with [ jsp-2.3 ]
[06/06/2021 00:19:15:024 PDT] 001 FeatureReplacementAction       getReplacementFeature          I Replace feature [ usr:wsseccbh-1.0 ] with [ usr:wsseccbh-2.0 ]
[06/06/2021 00:19:15:024 PDT] 001 FeatureReplacementAction       setup                          I Resulting features: [jsp-2.3, servlet-4.0, usr:wsseccbh-2.0, ssl-1.0, jaxws-2.3, appSecurity-3.0, wssecurity-1.1]
[06/06/2021 00:19:15:024 PDT] 001 FeatureReplacementAction       setup                          I Config: ServerConfiguration
FeatureManager{feature="jsp-2.3" feature="servlet-4.0" feature="usr:wsseccbh-2.0" feature="ssl-1.0" feature="jaxws-2.3" feature="appSecurity-3.0" feature="wssecurity-1.1" }[BasicRegistry{realm="customRealm" User{name="user1" password="security" },User{name="user2" password="security" },User{name="test1" password="test1" },User{name="test2" password="test2" },User{name="test3" password="test3" },User{name="test4" password="test4" },User{name="admin" password="admin" },User{name="bob" password="bob" },User{name="joe" password="joe" },User{name="user1pw" password="pw8server" },}][IncludeElement{location="../fatTestPorts.xml" }]SSLDefault{sslRef="DefaultSSLSettings" }[SSL{keyStoreRef="myKeyStore" trustStoreRef="myTrustStore" }][KeyStore{password="Liberty" location="${server.config.dir}/key.jks" type="jks" }, KeyStore{password="LibertyServer" location="${server.config.dir}/sslServerTrust.jks" type="jks" }][JavaPermission{actions="read" className="java.io.FilePermission" name="ALL FILES" }, JavaPermission{actions="read" className="java.util.PropertyPermission" name="javax.xml.soap.MessageFactory" }, JavaPermission{className="java.lang.RuntimePermission" name="accessClassInPackage.com.sun.xml.internal.messaging.saaj.soap" }, JavaPermission{className="java.lang.RuntimePermission" name="accessClassInPackage.com.sun.xml.internal.messaging.saaj.soap.ver1_1" }, JavaPermission{className="java.lang.RuntimePermission" name="accessClassInPackage.com.sun.xml.internal.messaging.saaj.util" }, JavaPermission{className="java.lang.RuntimePermission" name="accessClassInPackage.com.sun.xml.internal.messaging.saaj.soap.name" }, JavaPermission{className="java.lang.RuntimePermission" name="accessClassInPackage.com.sun.xml.internal.messaging.saaj.soap.impl" }, JavaPermission{actions="POST:AcceptSOAPActionUser-Agent" className="java.net.URLPermission" name="https://localhost:8020/endsuptokens/EndSupTokensService0" }, JavaPermission{actions="POST:AcceptSOAPActionUser-Agent" className="java.net.URLPermission" name="http://localhost:8010/endsuptokens/EndSupTokensService4" }, JavaPermission{actions="POST:AcceptSOAPActionUser-Agent" className="java.net.URLPermission" name="https://localhost:8020/endsuptokens/EndSupTokensService0Body" }, JavaPermission{actions="POST:AcceptSOAPActionUser-Agent" className="java.net.URLPermission" name="http://localhost:8010/endsuptokens/EndSupTokensService5" }, JavaPermission{actions="POST:AcceptSOAPActionUser-Agent" className="java.net.URLPermission" name="https://localhost:8020/endsuptokens/EndSupTokensService0BodyElement" }, JavaPermission{actions="POST:AcceptSOAPActionUser-Agent" className="java.net.URLPermission" name="http://localhost:8010/endsuptokens/EndSupTokensService6" }, JavaPermission{actions="POST:AcceptSOAPActionUser-Agent" className="java.net.URLPermission" name="https://localhost:8020/endsuptokens/EndSupTokensService1" }, JavaPermission{actions="POST:AcceptSOAPActionUser-Agent" className="java.net.URLPermission" name="http://localhost:8010/endsuptokens/EndSupTokensService7" }, JavaPermission{actions="read" className="java.util.PropertyPermission" name="java.home" }, JavaPermission{actions="read" className="java.util.PropertyPermission" name="javax.xml.soap.MetaFactory" }, JavaPermission{actions="*" className="org.osgi.framework.AdminPermission" name="*" }, JavaPermission{className="java.security.SecurityPermission" name="org.apache.xml.security.register" }, JavaPermission{className="java.lang.RuntimePermission" name="accessClassInPackage.sun.net.www.protocol.c" }]
[06/06/2021 00:19:15:024 PDT] 001 LibertyFileManager             moveLibertyFile                I Moving C:/Users/Administrator/libertyGit/open-liberty/dev/com.ibm.ws.wssecurity_fat.wsscxf.1/build/libs/autoFVT/publish/servers/com.ibm.ws.wssecurity_fat.endsuptokens/server_wss4j.xml.tmp to C:/Users/Administrator/libertyGit/open-liberty/dev/com.ibm.ws.wssecurity_fat.wsscxf.1/build/libs/autoFVT/publish/servers/com.ibm.ws.wssecurity_fat.endsuptokens/server_wss4j.xml
[06/06/2021 00:19:15:487 PDT] 001 LibertyFileManager             moveLibertyFile                I server_wss4j.xml was successfully copied.
[06/06/2021 00:19:15:487 PDT] 001 FeatureReplacementAction       setup                          I Original features:  [appsecurity-2.0, jsp-2.2, servlet-3.1, ssl-1.0, usr:wsseccbh-1.0, jaxws-2.2, wssecurity-1.1]
[06/06/2021 00:19:15:487 PDT] 001 FeatureReplacementAction       getReplacementFeature          I Replace feature [ servlet-3.1 ] with [ servlet-4.0 ]
[06/06/2021 00:19:15:487 PDT] 001 FeatureReplacementAction       getReplacementFeature          I Replace feature [ appsecurity-2.0 ] with [ appSecurity-3.0 ]
[06/06/2021 00:19:15:487 PDT] 001 FeatureReplacementAction       getReplacementFeature          I Replace feature [ jaxws-2.2 ] with [ jaxws-2.3 ]
[06/06/2021 00:19:15:487 PDT] 001 FeatureReplacementAction       getReplacementFeature          I Replace feature [ jsp-2.2 ] with [ jsp-2.3 ]
[06/06/2021 00:19:15:487 PDT] 001 FeatureReplacementAction       getReplacementFeature          I Replace feature [ usr:wsseccbh-1.0 ] with [ usr:wsseccbh-2.0 ]
[06/06/2021 00:19:15:487 PDT] 001 FeatureReplacementAction       setup                          I Resulting features: [jsp-2.3, servlet-4.0, usr:wsseccbh-2.0, ssl-1.0, jaxws-2.3, appSecurity-3.0, wssecurity-1.1]
[06/06/2021 00:19:15:503 PDT] 001 FeatureReplacementAction       setup                          I Config: ServerConfiguration
FeatureManager{feature="jsp-2.3" feature="servlet-4.0" feature="usr:wsseccbh-2.0" feature="ssl-1.0" feature="jaxws-2.3" feature="appSecurity-3.0" feature="wssecurity-1.1" }[BasicRegistry{realm="customRealm" User{name="user1" password="security" },User{name="user2" password="security" },User{name="test1" password="test1" },User{name="test2" password="test2" },User{name="user1pw" password="pw8server" },}][IncludeElement{location="../fatTestPorts.xml" }][JavaPermission{actions="read" className="java.io.FilePermission" name="ALL FILES" }, JavaPermission{className="java.lang.RuntimePermission" name="accessClassInPackage.com.sun.xml.internal.messaging.saaj.soap" }, JavaPermission{className="java.lang.RuntimePermission" name="accessClassInPackage.com.sun.xml.internal.messaging.saaj.soap.ver1_1" }, JavaPermission{className="java.lang.RuntimePermission" name="accessClassInPackage.com.sun.xml.internal.messaging.saaj.util" }, JavaPermission{className="java.lang.RuntimePermission" name="accessClassInPackage.com.sun.xml.internal.messaging.saaj.soap.name" }, JavaPermission{className="java.lang.RuntimePermission" name="accessClassInPackage.com.sun.xml.internal.messaging.saaj.soap.impl" }, JavaPermission{actions="POST:AcceptSOAPActionUser-Agent" className="java.net.URLPermission" name="http://localhost:8010/x509sig/X509XmlSigService1" }, JavaPermission{actions="POST:AcceptSOAPActionUser-Agent" className="java.net.URLPermission" name="http://localhost:8010/x509sig/X509XmlStrService1" }, JavaPermission{actions="POST:AcceptSOAPActionUser-Agent" className="java.net.URLPermission" name="http://localhost:8010/x509sig/X509XmlSigService3" }, JavaPermission{actions="POST:AcceptSOAPActionUser-Agent" className="java.net.URLPermission" name="http://localhost:8010/xmlsig/X509XmlSigService1" }, JavaPermission{actions="POST:AcceptSOAPActionUser-Agent" className="java.net.URLPermission" name="http://localhost:8010/x509sig/X509XmlStrService2" }, JavaPermission{actions="read" className="java.util.PropertyPermission" name="javax.xml.soap.MessageFactory" }, JavaPermission{actions="*" className="org.osgi.framework.AdminPermission" name="*" }, JavaPermission{className="java.security.SecurityPermission" name="org.apache.xml.security.register" }]
[06/06/2021 00:19:15:503 PDT] 001 LibertyFileManager             moveLibertyFile                I Moving C:/Users/Administrator/libertyGit/open-liberty/dev/com.ibm.ws.wssecurity_fat.wsscxf.1/build/libs/autoFVT/publish/servers/com.ibm.ws.wssecurity_fat.x509sig/server_badenc_wss4j.xml.tmp to C:/Users/Administrator/libertyGit/open-liberty/dev/com.ibm.ws.wssecurity_fat.wsscxf.1/build/libs/autoFVT/publish/servers/com.ibm.ws.wssecurity_fat.x509sig/server_badenc_wss4j.xml
[06/06/2021 00:19:15:972 PDT] 001 LibertyFileManager             moveLibertyFile                I server_badenc_wss4j.xml was successfully copied.
[06/06/2021 00:19:15:972 PDT] 001 FeatureReplacementAction       setup                          I Original features:  [appsecurity-2.0, jsp-2.2, servlet-3.1, ssl-1.0, usr:wsseccbh-1.0, jaxws-2.2, wssecurity-1.1]
[06/06/2021 00:19:15:972 PDT] 001 FeatureReplacementAction       getReplacementFeature          I Replace feature [ servlet-3.1 ] with [ servlet-4.0 ]
[06/06/2021 00:19:15:972 PDT] 001 FeatureReplacementAction       getReplacementFeature          I Replace feature [ appsecurity-2.0 ] with [ appSecurity-3.0 ]
[06/06/2021 00:19:15:972 PDT] 001 FeatureReplacementAction       getReplacementFeature          I Replace feature [ jaxws-2.2 ] with [ jaxws-2.3 ]
[06/06/2021 00:19:15:987 PDT] 001 FeatureReplacementAction       getReplacementFeature          I Replace feature [ jsp-2.2 ] with [ jsp-2.3 ]
[06/06/2021 00:19:15:987 PDT] 001 FeatureReplacementAction       getReplacementFeature          I Replace feature [ usr:wsseccbh-1.0 ] with [ usr:wsseccbh-2.0 ]
[06/06/2021 00:19:15:987 PDT] 001 FeatureReplacementAction       setup                          I Resulting features: [jsp-2.3, servlet-4.0, usr:wsseccbh-2.0, ssl-1.0, jaxws-2.3, appSecurity-3.0, wssecurity-1.1]
[06/06/2021 00:19:15:987 PDT] 001 FeatureReplacementAction       setup                          I Config: ServerConfiguration
FeatureManager{feature="jsp-2.3" feature="servlet-4.0" feature="usr:wsseccbh-2.0" feature="ssl-1.0" feature="jaxws-2.3" feature="appSecurity-3.0" feature="wssecurity-1.1" }[BasicRegistry{realm="customRealm" User{name="user1" password="security" },User{name="user2" password="security" },User{name="test1" password="test1" },User{name="test2" password="test2" },User{name="user1pw" password="pw8server" },}][IncludeElement{location="../fatTestPorts.xml" }][JavaPermission{actions="read" className="java.io.FilePermission" name="ALL FILES" }, JavaPermission{className="java.lang.RuntimePermission" name="accessClassInPackage.com.sun.xml.internal.messaging.saaj.soap" }, JavaPermission{className="java.lang.RuntimePermission" name="accessClassInPackage.com.sun.xml.internal.messaging.saaj.soap.ver1_1" }, JavaPermission{className="java.lang.RuntimePermission" name="accessClassInPackage.com.sun.xml.internal.messaging.saaj.util" }, JavaPermission{className="java.lang.RuntimePermission" name="accessClassInPackage.com.sun.xml.internal.messaging.saaj.soap.name" }, JavaPermission{className="java.lang.RuntimePermission" name="accessClassInPackage.com.sun.xml.internal.messaging.saaj.soap.impl" }, JavaPermission{actions="POST:AcceptSOAPActionUser-Agent" className="java.net.URLPermission" name="http://localhost:8010/x509sig/X509XmlSigService1" }, JavaPermission{actions="POST:AcceptSOAPActionUser-Agent" className="java.net.URLPermission" name="http://localhost:8010/x509sig/X509XmlStrService1" }, JavaPermission{actions="POST:AcceptSOAPActionUser-Agent" className="java.net.URLPermission" name="http://localhost:8010/x509sig/X509XmlSigService3" }, JavaPermission{actions="POST:AcceptSOAPActionUser-Agent" className="java.net.URLPermission" name="http://localhost:8010/xmlsig/X509XmlSigService1" }, JavaPermission{actions="POST:AcceptSOAPActionUser-Agent" className="java.net.URLPermission" name="http://localhost:8010/x509sig/X509XmlStrService2" }, JavaPermission{actions="read" className="java.util.PropertyPermission" name="javax.xml.soap.MessageFactory" }, JavaPermission{actions="*" className="org.osgi.framework.AdminPermission" name="*" }, JavaPermission{className="java.security.SecurityPermission" name="org.apache.xml.security.register" }, JavaPermission{className="java.lang.RuntimePermission" name="accessClassInPackage.sun.net.www.protocol.c" }]
[06/06/2021 00:19:15:987 PDT] 001 LibertyFileManager             moveLibertyFile                I Moving C:/Users/Administrator/libertyGit/open-liberty/dev/com.ibm.ws.wssecurity_fat.wsscxf.1/build/libs/autoFVT/publish/servers/com.ibm.ws.wssecurity_fat.x509sig/server_wss4j.xml.tmp to C:/Users/Administrator/libertyGit/open-liberty/dev/com.ibm.ws.wssecurity_fat.wsscxf.1/build/libs/autoFVT/publish/servers/com.ibm.ws.wssecurity_fat.x509sig/server_wss4j.xml
[06/06/2021 00:19:16:456 PDT] 001 LibertyFileManager             moveLibertyFile                I server_wss4j.xml was successfully copied.
[06/06/2021 00:19:16:456 PDT] 001 FeatureReplacementAction       setup                          I Original features:  [appsecurity-2.0, jsp-2.2, servlet-3.1, ssl-1.0, usr:wsseccbh-1.0, jaxws-2.2, wssecurity-1.1]
[06/06/2021 00:19:16:456 PDT] 001 FeatureReplacementAction       getReplacementFeature          I Replace feature [ servlet-3.1 ] with [ servlet-4.0 ]
[06/06/2021 00:19:16:456 PDT] 001 FeatureReplacementAction       getReplacementFeature          I Replace feature [ appsecurity-2.0 ] with [ appSecurity-3.0 ]
[06/06/2021 00:19:16:456 PDT] 001 FeatureReplacementAction       getReplacementFeature          I Replace feature [ jaxws-2.2 ] with [ jaxws-2.3 ]
[06/06/2021 00:19:16:456 PDT] 001 FeatureReplacementAction       getReplacementFeature          I Replace feature [ jsp-2.2 ] with [ jsp-2.3 ]
[06/06/2021 00:19:16:456 PDT] 001 FeatureReplacementAction       getReplacementFeature          I Replace feature [ usr:wsseccbh-1.0 ] with [ usr:wsseccbh-2.0 ]
[06/06/2021 00:19:16:472 PDT] 001 FeatureReplacementAction       setup                          I Resulting features: [jsp-2.3, servlet-4.0, usr:wsseccbh-2.0, ssl-1.0, jaxws-2.3, appSecurity-3.0, wssecurity-1.1]
[06/06/2021 00:19:16:472 PDT] 001 FeatureReplacementAction       setup                          I Config: ServerConfiguration
FeatureManager{feature="jsp-2.3" feature="servlet-4.0" feature="usr:wsseccbh-2.0" feature="ssl-1.0" feature="jaxws-2.3" feature="appSecurity-3.0" feature="wssecurity-1.1" }[BasicRegistry{realm="customRealm" User{name="user1" password="security" },User{name="user2" password="security" },User{name="test1" password="test1" },User{name="test2" password="test2" },User{name="user1pw" password="pw8server" },}][Application{name="x509crl" type="war" location="${server.config.dir}/testApps/x509crl.war" [ClassLoaderElement{apiTypeVisibility="" }]}, Application{name="x509crlclient" type="war" location="${server.config.dir}/testApps/x509crlclient.war" [ClassLoaderElement{apiTypeVisibility="" }]}][IncludeElement{location="../fatTestPorts.xml" }][JavaPermission{actions="read" className="java.io.FilePermission" name="ALL FILES" }, JavaPermission{className="java.lang.RuntimePermission" name="accessClassInPackage.com.sun.xml.internal.messaging.saaj.soap" }, JavaPermission{className="java.lang.RuntimePermission" name="accessClassInPackage.com.sun.xml.internal.messaging.saaj.soap.ver1_1" }, JavaPermission{className="java.lang.RuntimePermission" name="accessClassInPackage.com.sun.xml.internal.messaging.saaj.util" }, JavaPermission{className="java.lang.RuntimePermission" name="accessClassInPackage.com.sun.xml.internal.messaging.saaj.soap.name" }, JavaPermission{className="java.lang.RuntimePermission" name="accessClassInPackage.com.sun.xml.internal.messaging.saaj.soap.impl" }, JavaPermission{actions="POST:AcceptSOAPActionUser-Agent" className="java.net.URLPermission" name="http://localhost:8010/x509crl/X509CrlNotInListService" }, JavaPermission{actions="POST:AcceptSOAPActionUser-Agent" className="java.net.URLPermission" name="http://localhost:8010/x509crl/X509CrlInListService" }, JavaPermission{actions="*" className="org.osgi.framework.AdminPermission" name="*" }, JavaPermission{className="java.security.SecurityPermission" name="org.apache.xml.security.register" }, JavaPermission{className="java.lang.RuntimePermission" name="accessClassInPackage.sun.net.www.protocol.c" }, JavaPermission{className="java.lang.RuntimePermission" name="getClassLoader" }]
[06/06/2021 00:19:16:488 PDT] 001 LibertyFileManager             moveLibertyFile                I Moving C:/Users/Administrator/libertyGit/open-liberty/dev/com.ibm.ws.wssecurity_fat.wsscxf.1/build/libs/autoFVT/publish/servers/com.ibm.ws.wssecurity_fat.x509crl/server_certp.xml.tmp to C:/Users/Administrator/libertyGit/open-liberty/dev/com.ibm.ws.wssecurity_fat.wsscxf.1/build/libs/autoFVT/publish/servers/com.ibm.ws.wssecurity_fat.x509crl/server_certp.xml
[06/06/2021 00:19:16:957 PDT] 001 LibertyFileManager             moveLibertyFile                I server_certp.xml was successfully copied.
[06/06/2021 00:19:16:957 PDT] 001 FeatureReplacementAction       setup                          I Original features:  [appsecurity-2.0, jsp-2.2, servlet-3.1, ssl-1.0, usr:wsseccbh-1.0, jaxws-2.2, wssecurity-1.1]
[06/06/2021 00:19:16:957 PDT] 001 FeatureReplacementAction       getReplacementFeature          I Replace feature [ servlet-3.1 ] with [ servlet-4.0 ]
[06/06/2021 00:19:16:957 PDT] 001 FeatureReplacementAction       getReplacementFeature          I Replace feature [ appsecurity-2.0 ] with [ appSecurity-3.0 ]
[06/06/2021 00:19:16:957 PDT] 001 FeatureReplacementAction       getReplacementFeature          I Replace feature [ jaxws-2.2 ] with [ jaxws-2.3 ]
[06/06/2021 00:19:16:957 PDT] 001 FeatureReplacementAction       getReplacementFeature          I Replace feature [ jsp-2.2 ] with [ jsp-2.3 ]
[06/06/2021 00:19:16:957 PDT] 001 FeatureReplacementAction       getReplacementFeature          I Replace feature [ usr:wsseccbh-1.0 ] with [ usr:wsseccbh-2.0 ]
[06/06/2021 00:19:16:972 PDT] 001 FeatureReplacementAction       setup                          I Resulting features: [jsp-2.3, servlet-4.0, usr:wsseccbh-2.0, ssl-1.0, jaxws-2.3, appSecurity-3.0, wssecurity-1.1]
[06/06/2021 00:19:16:972 PDT] 001 FeatureReplacementAction       setup                          I Config: ServerConfiguration
FeatureManager{feature="jsp-2.3" feature="servlet-4.0" feature="usr:wsseccbh-2.0" feature="ssl-1.0" feature="jaxws-2.3" feature="appSecurity-3.0" feature="wssecurity-1.1" }[BasicRegistry{realm="customRealm" User{name="user1" password="security" },User{name="user2" password="security" },User{name="test1" password="test1" },User{name="test2" password="test2" },User{name="user1pw" password="pw8server" },}][IncludeElement{location="../fatTestPorts.xml" }][JavaPermission{actions="read" className="java.io.FilePermission" name="ALL FILES" }, JavaPermission{className="java.lang.RuntimePermission" name="accessClassInPackage.com.sun.xml.internal.messaging.saaj.soap" }, JavaPermission{className="java.lang.RuntimePermission" name="accessClassInPackage.com.sun.xml.internal.messaging.saaj.soap.ver1_1" }, JavaPermission{className="java.lang.RuntimePermission" name="accessClassInPackage.com.sun.xml.internal.messaging.saaj.util" }, JavaPermission{className="java.lang.RuntimePermission" name="accessClassInPackage.com.sun.xml.internal.messaging.saaj.soap.name" }, JavaPermission{className="java.lang.RuntimePermission" name="accessClassInPackage.com.sun.xml.internal.messaging.saaj.soap.impl" }, JavaPermission{actions="POST:AcceptSOAPActionUser-Agent" className="java.net.URLPermission" name="http://localhost:8010/x509sig/X509XmlSigService1" }, JavaPermission{actions="POST:AcceptSOAPActionUser-Agent" className="java.net.URLPermission" name="http://localhost:8010/x509sig/X509XmlStrService1" }, JavaPermission{actions="POST:AcceptSOAPActionUser-Agent" className="java.net.URLPermission" name="http://localhost:8010/x509sig/X509XmlSigService3" }, JavaPermission{actions="POST:AcceptSOAPActionUser-Agent" className="java.net.URLPermission" name="http://localhost:8010/xmlsig/X509XmlSigService1" }, JavaPermission{actions="POST:AcceptSOAPActionUser-Agent" className="java.net.URLPermission" name="http://localhost:8010/x509sig/X509XmlStrService2" }, JavaPermission{actions="read" className="java.util.PropertyPermission" name="javax.xml.soap.MessageFactory" }, JavaPermission{actions="*" className="org.osgi.framework.AdminPermission" name="*" }, JavaPermission{className="java.security.SecurityPermission" name="org.apache.xml.security.register" }, JavaPermission{className="java.lang.RuntimePermission" name="accessClassInPackage.sun.net.www.protocol.c" }]
[06/06/2021 00:19:16:972 PDT] 001 LibertyFileManager             moveLibertyFile                I Moving C:/Users/Administrator/libertyGit/open-liberty/dev/com.ibm.ws.wssecurity_fat.wsscxf.1/build/libs/autoFVT/publish/servers/com.ibm.ws.wssecurity_fat.x509sig/server_badclpwd.xml.tmp to C:/Users/Administrator/libertyGit/open-liberty/dev/com.ibm.ws.wssecurity_fat.wsscxf.1/build/libs/autoFVT/publish/servers/com.ibm.ws.wssecurity_fat.x509sig/server_badclpwd.xml
[06/06/2021 00:19:17:425 PDT] 001 LibertyFileManager             moveLibertyFile                I server_badclpwd.xml was successfully copied.
[06/06/2021 00:19:17:425 PDT] 001 FeatureReplacementAction       setup                          I Original features:  [appsecurity-2.0, jsp-2.2, servlet-3.1, ssl-1.0, usr:wsseccbh-1.0, jaxws-2.2, wssecurity-1.1]
[06/06/2021 00:19:17:425 PDT] 001 FeatureReplacementAction       getReplacementFeature          I Replace feature [ servlet-3.1 ] with [ servlet-4.0 ]
[06/06/2021 00:19:17:425 PDT] 001 FeatureReplacementAction       getReplacementFeature          I Replace feature [ appsecurity-2.0 ] with [ appSecurity-3.0 ]
[06/06/2021 00:19:17:425 PDT] 001 FeatureReplacementAction       getReplacementFeature          I Replace feature [ jaxws-2.2 ] with [ jaxws-2.3 ]
[06/06/2021 00:19:17:425 PDT] 001 FeatureReplacementAction       getReplacementFeature          I Replace feature [ jsp-2.2 ] with [ jsp-2.3 ]
[06/06/2021 00:19:17:425 PDT] 001 FeatureReplacementAction       getReplacementFeature          I Replace feature [ usr:wsseccbh-1.0 ] with [ usr:wsseccbh-2.0 ]
[06/06/2021 00:19:17:425 PDT] 001 FeatureReplacementAction       setup                          I Resulting features: [jsp-2.3, servlet-4.0, usr:wsseccbh-2.0, ssl-1.0, jaxws-2.3, appSecurity-3.0, wssecurity-1.1]
[06/06/2021 00:19:17:441 PDT] 001 FeatureReplacementAction       setup                          I Config: ServerConfiguration
FeatureManager{feature="jsp-2.3" feature="servlet-4.0" feature="usr:wsseccbh-2.0" feature="ssl-1.0" feature="jaxws-2.3" feature="appSecurity-3.0" feature="wssecurity-1.1" }[BasicRegistry{realm="customRealm" User{name="user1" password="security" },User{name="user2" password="security" },User{name="test1" password="test1" },User{name="test2" password="test2" },User{name="unknown" password="noPassword" },User{name="user1pw" password="pw8server" },}][IncludeElement{location="../fatTestPorts.xml" }][JavaPermission{actions="read" className="java.io.FilePermission" name="ALL FILES" }, JavaPermission{className="java.lang.RuntimePermission" name="accessClassInPackage.com.sun.xml.internal.messaging.saaj.soap" }, JavaPermission{className="java.lang.RuntimePermission" name="accessClassInPackage.com.sun.xml.internal.messaging.saaj.soap.ver1_1" }, JavaPermission{className="java.lang.RuntimePermission" name="accessClassInPackage.com.sun.xml.internal.messaging.saaj.util" }, JavaPermission{className="java.lang.RuntimePermission" name="accessClassInPackage.com.sun.xml.internal.messaging.saaj.soap.name" }, JavaPermission{className="java.lang.RuntimePermission" name="accessClassInPackage.com.sun.xml.internal.messaging.saaj.soap.impl" }, JavaPermission{actions="POST:AcceptSOAPActionUser-Agent" className="java.net.URLPermission" name="http://localhost:8010/sha2sig/Sha2SigService1" }, JavaPermission{actions="POST:AcceptSOAPActionUser-Agent" className="java.net.URLPermission" name="http://localhost:8010/sha2sig/Sha2SigService2" }, JavaPermission{actions="POST:AcceptSOAPActionUser-Agent" className="java.net.URLPermission" name="http://localhost:8010/sha2sig/Sha2SigService3" }, JavaPermission{actions="POST:AcceptSOAPActionUser-Agent" className="java.net.URLPermission" name="http://localhost:8010/sha2sig/Sha2SigService4" }, JavaPermission{actions="POST:AcceptSOAPActionUser-Agent" className="java.net.URLPermission" name="http://localhost:8010/sha2sig/Sha2SigService5" }, JavaPermission{actions="POST:AcceptSOAPActionUser-Agent" className="java.net.URLPermission" name="http://localhost:8010/sha2sig/Sha2SigService7" }, JavaPermission{actions="POST:AcceptSOAPActionUser-Agent" className="java.net.URLPermission" name="http://localhost:8010/sha2sig/Sha2SigService8" }, JavaPermission{className="java.lang.reflect.ReflectPermission" name="suppressAccessChecks" }, JavaPermission{actions="*" className="org.osgi.framework.AdminPermission" name="*" }, JavaPermission{className="java.lang.RuntimePermission" name="accessClassInPackage.sun.net.www.protocol.c" }, JavaPermission{className="java.security.SecurityPermission" name="org.apache.xml.security.register" }]
[06/06/2021 00:19:17:441 PDT] 001 LibertyFileManager             moveLibertyFile                I Moving C:/Users/Administrator/libertyGit/open-liberty/dev/com.ibm.ws.wssecurity_fat.wsscxf.1/build/libs/autoFVT/publish/servers/com.ibm.ws.wssecurity_fat.sha2sig/server_sha384.xml.tmp to C:/Users/Administrator/libertyGit/open-liberty/dev/com.ibm.ws.wssecurity_fat.wsscxf.1/build/libs/autoFVT/publish/servers/com.ibm.ws.wssecurity_fat.sha2sig/server_sha384.xml
[06/06/2021 00:19:17:904 PDT] 001 LibertyFileManager             moveLibertyFile                I server_sha384.xml was successfully copied.
[06/06/2021 00:19:17:904 PDT] 001 FeatureReplacementAction       setup                          I Original features:  [appsecurity-2.0, jsp-2.2, servlet-3.1, ssl-1.0, usr:wsseccbh-1.0, jaxws-2.2, wssecurity-1.1]
[06/06/2021 00:19:17:904 PDT] 001 FeatureReplacementAction       getReplacementFeature          I Replace feature [ servlet-3.1 ] with [ servlet-4.0 ]
[06/06/2021 00:19:17:920 PDT] 001 FeatureReplacementAction       getReplacementFeature          I Replace feature [ appsecurity-2.0 ] with [ appSecurity-3.0 ]
[06/06/2021 00:19:17:920 PDT] 001 FeatureReplacementAction       getReplacementFeature          I Replace feature [ jaxws-2.2 ] with [ jaxws-2.3 ]
[06/06/2021 00:19:17:921 PDT] 001 FeatureReplacementAction       getReplacementFeature          I Replace feature [ jsp-2.2 ] with [ jsp-2.3 ]
[06/06/2021 00:19:17:921 PDT] 001 FeatureReplacementAction       getReplacementFeature          I Replace feature [ usr:wsseccbh-1.0 ] with [ usr:wsseccbh-2.0 ]
[06/06/2021 00:19:17:921 PDT] 001 FeatureReplacementAction       setup                          I Resulting features: [jsp-2.3, servlet-4.0, usr:wsseccbh-2.0, ssl-1.0, jaxws-2.3, appSecurity-3.0, wssecurity-1.1]
[06/06/2021 00:19:17:926 PDT] 001 FeatureReplacementAction       setup                          I Config: ServerConfiguration
FeatureManager{feature="jsp-2.3" feature="servlet-4.0" feature="usr:wsseccbh-2.0" feature="ssl-1.0" feature="jaxws-2.3" feature="appSecurity-3.0" feature="wssecurity-1.1" }[BasicRegistry{realm="customRealm" User{name="user1" password="security" },User{name="user2" password="security" },User{name="test1" password="test1" },User{name="test2" password="test2" },User{name="user1pw" password="pw8server" },}][IncludeElement{location="../fatTestPorts.xml" }][JavaPermission{actions="read" className="java.io.FilePermission" name="ALL FILES" }, JavaPermission{className="java.lang.RuntimePermission" name="accessClassInPackage.com.sun.xml.internal.messaging.saaj.soap" }, JavaPermission{className="java.lang.RuntimePermission" name="accessClassInPackage.com.sun.xml.internal.messaging.saaj.soap.ver1_1" }, JavaPermission{className="java.lang.RuntimePermission" name="accessClassInPackage.com.sun.xml.internal.messaging.saaj.util" }, JavaPermission{className="java.lang.RuntimePermission" name="accessClassInPackage.com.sun.xml.internal.messaging.saaj.soap.name" }, JavaPermission{className="java.lang.RuntimePermission" name="accessClassInPackage.com.sun.xml.internal.messaging.saaj.soap.impl" }, JavaPermission{actions="POST:AcceptSOAPActionUser-Agent" className="java.net.URLPermission" name="http://localhost:8010/wss11enc/WSS11EncService1" }, JavaPermission{actions="POST:AcceptSOAPActionUser-Agent" className="java.net.URLPermission" name="http://localhost:8010/wss11enc/WSS11EncService2" }, JavaPermission{actions="POST:AcceptSOAPActionUser-Agent" className="java.net.URLPermission" name="http://localhost:8010/x509enc/X509XmlEncService10" }, JavaPermission{actions="*" className="org.osgi.framework.AdminPermission" name="*" }, JavaPermission{className="java.security.SecurityPermission" name="org.apache.xml.security.register" }, JavaPermission{className="java.lang.RuntimePermission" name="accessClassInPackage.sun.net.www.protocol.c" }]
[06/06/2021 00:19:17:926 PDT] 001 LibertyFileManager             moveLibertyFile                I Moving C:/Users/Administrator/libertyGit/open-liberty/dev/com.ibm.ws.wssecurity_fat.wsscxf.1/build/libs/autoFVT/publish/servers/com.ibm.ws.wssecurity_fat.wss11enc/server_wss4j.xml.tmp to C:/Users/Administrator/libertyGit/open-liberty/dev/com.ibm.ws.wssecurity_fat.wsscxf.1/build/libs/autoFVT/publish/servers/com.ibm.ws.wssecurity_fat.wss11enc/server_wss4j.xml
[06/06/2021 00:19:18:389 PDT] 001 LibertyFileManager             moveLibertyFile                I server_wss4j.xml was successfully copied.
[06/06/2021 00:19:18:389 PDT] 001 FeatureReplacementAction       setup                          I Original features:  [appsecurity-2.0, jsp-2.2, servlet-3.1, ssl-1.0, usr:wsseccbh-1.0, jaxws-2.2, wssecurity-1.1]
[06/06/2021 00:19:18:389 PDT] 001 FeatureReplacementAction       getReplacementFeature          I Replace feature [ servlet-3.1 ] with [ servlet-4.0 ]
[06/06/2021 00:19:18:389 PDT] 001 FeatureReplacementAction       getReplacementFeature          I Replace feature [ appsecurity-2.0 ] with [ appSecurity-3.0 ]
[06/06/2021 00:19:18:389 PDT] 001 FeatureReplacementAction       getReplacementFeature          I Replace feature [ jaxws-2.2 ] with [ jaxws-2.3 ]
[06/06/2021 00:19:18:389 PDT] 001 FeatureReplacementAction       getReplacementFeature          I Replace feature [ jsp-2.2 ] with [ jsp-2.3 ]
[06/06/2021 00:19:18:389 PDT] 001 FeatureReplacementAction       getReplacementFeature          I Replace feature [ usr:wsseccbh-1.0 ] with [ usr:wsseccbh-2.0 ]
[06/06/2021 00:19:18:389 PDT] 001 FeatureReplacementAction       setup                          I Resulting features: [jsp-2.3, servlet-4.0, usr:wsseccbh-2.0, ssl-1.0, jaxws-2.3, appSecurity-3.0, wssecurity-1.1]
[06/06/2021 00:19:18:404 PDT] 001 FeatureReplacementAction       setup                          I Config: ServerConfiguration
FeatureManager{feature="jsp-2.3" feature="servlet-4.0" feature="usr:wsseccbh-2.0" feature="ssl-1.0" feature="jaxws-2.3" feature="appSecurity-3.0" feature="wssecurity-1.1" }[BasicRegistry{realm="customRealm" User{name="user1" password="security" },User{name="user2" password="security" },User{name="test1" password="test1" },User{name="test2" password="test2" },User{name="user1pw" password="pw8server" },}][IncludeElement{location="../fatTestPorts.xml" }]
[06/06/2021 00:19:18:404 PDT] 001 LibertyFileManager             moveLibertyFile                I Moving C:/Users/Administrator/libertyGit/open-liberty/dev/com.ibm.ws.wssecurity_fat.wsscxf.1/build/libs/autoFVT/publish/servers/com.ibm.ws.wssecurity_fat.wss11enc/server_orig.xml.tmp to C:/Users/Administrator/libertyGit/open-liberty/dev/com.ibm.ws.wssecurity_fat.wsscxf.1/build/libs/autoFVT/publish/servers/com.ibm.ws.wssecurity_fat.wss11enc/server_orig.xml
[06/06/2021 00:19:18:889 PDT] 001 LibertyFileManager             moveLibertyFile                I server_orig.xml was successfully copied.
[06/06/2021 00:19:18:889 PDT] 001 FeatureReplacementAction       setup                          I Original features:  [appsecurity-2.0, jsp-2.2, servlet-3.1, ssl-1.0, usr:wsseccbh-1.0, jaxws-2.2, wssecurity-1.1]
[06/06/2021 00:19:18:889 PDT] 001 FeatureReplacementAction       getReplacementFeature          I Replace feature [ servlet-3.1 ] with [ servlet-4.0 ]
[06/06/2021 00:19:18:889 PDT] 001 FeatureReplacementAction       getReplacementFeature          I Replace feature [ appsecurity-2.0 ] with [ appSecurity-3.0 ]
[06/06/2021 00:19:18:889 PDT] 001 FeatureReplacementAction       getReplacementFeature          I Replace feature [ jaxws-2.2 ] with [ jaxws-2.3 ]
[06/06/2021 00:19:18:889 PDT] 001 FeatureReplacementAction       getReplacementFeature          I Replace feature [ jsp-2.2 ] with [ jsp-2.3 ]
[06/06/2021 00:19:18:889 PDT] 001 FeatureReplacementAction       getReplacementFeature          I Replace feature [ usr:wsseccbh-1.0 ] with [ usr:wsseccbh-2.0 ]
[06/06/2021 00:19:18:889 PDT] 001 FeatureReplacementAction       setup                          I Resulting features: [jsp-2.3, servlet-4.0, usr:wsseccbh-2.0, ssl-1.0, jaxws-2.3, appSecurity-3.0, wssecurity-1.1]
[06/06/2021 00:19:18:905 PDT] 001 FeatureReplacementAction       setup                          I Config: ServerConfiguration
FeatureManager{feature="jsp-2.3" feature="servlet-4.0" feature="usr:wsseccbh-2.0" feature="ssl-1.0" feature="jaxws-2.3" feature="appSecurity-3.0" feature="wssecurity-1.1" }[BasicRegistry{realm="customRealm" User{name="user1" password="security" },User{name="user2" password="security" },User{name="test1" password="test1" },User{name="test2" password="test2" },User{name="unknown" password="noPassword" },User{name="user1pw" password="pw8server" },}][IncludeElement{location="../fatTestPorts.xml" }][JavaPermission{actions="read" className="java.io.FilePermission" name="ALL FILES" }, JavaPermission{className="java.lang.RuntimePermission" name="accessClassInPackage.com.sun.xml.internal.messaging.saaj.soap" }, JavaPermission{className="java.lang.RuntimePermission" name="accessClassInPackage.com.sun.xml.internal.messaging.saaj.soap.ver1_1" }, JavaPermission{className="java.lang.RuntimePermission" name="accessClassInPackage.com.sun.xml.internal.messaging.saaj.util" }, JavaPermission{className="java.lang.RuntimePermission" name="accessClassInPackage.com.sun.xml.internal.messaging.saaj.soap.name" }, JavaPermission{className="java.lang.RuntimePermission" name="accessClassInPackage.com.sun.xml.internal.messaging.saaj.soap.impl" }, JavaPermission{actions="POST:AcceptSOAPActionUser-Agent" className="java.net.URLPermission" name="http://localhost:8010/sha2sig/Sha2SigService1" }, JavaPermission{actions="POST:AcceptSOAPActionUser-Agent" className="java.net.URLPermission" name="http://localhost:8010/sha2sig/Sha2SigService2" }, JavaPermission{actions="POST:AcceptSOAPActionUser-Agent" className="java.net.URLPermission" name="http://localhost:8010/sha2sig/Sha2SigService3" }, JavaPermission{actions="POST:AcceptSOAPActionUser-Agent" className="java.net.URLPermission" name="http://localhost:8010/sha2sig/Sha2SigService4" }, JavaPermission{actions="POST:AcceptSOAPActionUser-Agent" className="java.net.URLPermission" name="http://localhost:8010/sha2sig/Sha2SigService5" }, JavaPermission{actions="POST:AcceptSOAPActionUser-Agent" className="java.net.URLPermission" name="http://localhost:8010/sha2sig/Sha2SigService7" }, JavaPermission{actions="POST:AcceptSOAPActionUser-Agent" className="java.net.URLPermission" name="http://localhost:8010/sha2sig/Sha2SigService8" }, JavaPermission{className="java.lang.reflect.ReflectPermission" name="suppressAccessChecks" }, JavaPermission{actions="*" className="org.osgi.framework.AdminPermission" name="*" }, JavaPermission{className="java.lang.RuntimePermission" name="accessClassInPackage.sun.net.www.protocol.c" }, JavaPermission{className="java.security.SecurityPermission" name="org.apache.xml.security.register" }]
[06/06/2021 00:19:18:926 PDT] 001 LibertyFileManager             moveLibertyFile                I Moving C:/Users/Administrator/libertyGit/open-liberty/dev/com.ibm.ws.wssecurity_fat.wsscxf.1/build/libs/autoFVT/publish/servers/com.ibm.ws.wssecurity_fat.sha2sig/server_sha384_wss4j.xml.tmp to C:/Users/Administrator/libertyGit/open-liberty/dev/com.ibm.ws.wssecurity_fat.wsscxf.1/build/libs/autoFVT/publish/servers/com.ibm.ws.wssecurity_fat.sha2sig/server_sha384_wss4j.xml
[06/06/2021 00:19:19:390 PDT] 001 LibertyFileManager             moveLibertyFile                I server_sha384_wss4j.xml was successfully copied.
[06/06/2021 00:19:19:390 PDT] 001 FeatureReplacementAction       setup                          I Original features:  [appsecurity-2.0, jsp-2.2, servlet-3.1, ssl-1.0, usr:wsseccbh-1.0, jaxws-2.2, wssecurity-1.1]
[06/06/2021 00:19:19:390 PDT] 001 FeatureReplacementAction       getReplacementFeature          I Replace feature [ servlet-3.1 ] with [ servlet-4.0 ]
[06/06/2021 00:19:19:390 PDT] 001 FeatureReplacementAction       getReplacementFeature          I Replace feature [ appsecurity-2.0 ] with [ appSecurity-3.0 ]
[06/06/2021 00:19:19:390 PDT] 001 FeatureReplacementAction       getReplacementFeature          I Replace feature [ jaxws-2.2 ] with [ jaxws-2.3 ]
[06/06/2021 00:19:19:390 PDT] 001 FeatureReplacementAction       getReplacementFeature          I Replace feature [ jsp-2.2 ] with [ jsp-2.3 ]
[06/06/2021 00:19:19:390 PDT] 001 FeatureReplacementAction       getReplacementFeature          I Replace feature [ usr:wsseccbh-1.0 ] with [ usr:wsseccbh-2.0 ]
[06/06/2021 00:19:19:390 PDT] 001 FeatureReplacementAction       setup                          I Resulting features: [jsp-2.3, servlet-4.0, usr:wsseccbh-2.0, ssl-1.0, jaxws-2.3, appSecurity-3.0, wssecurity-1.1]
[06/06/2021 00:19:19:406 PDT] 001 FeatureReplacementAction       setup                          I Config: ServerConfiguration
FeatureManager{feature="jsp-2.3" feature="servlet-4.0" feature="usr:wsseccbh-2.0" feature="ssl-1.0" feature="jaxws-2.3" feature="appSecurity-3.0" feature="wssecurity-1.1" }[BasicRegistry{realm="customRealm" User{name="user1" password="security" },User{name="user2" password="security" },User{name="test1" password="test1" },User{name="test2" password="test2" },User{name="user1pw" password="pw8server" },}][IncludeElement{location="../fatTestPorts.xml" }]
[06/06/2021 00:19:19:406 PDT] 001 LibertyFileManager             moveLibertyFile                I Moving C:/Users/Administrator/libertyGit/open-liberty/dev/com.ibm.ws.wssecurity_fat.wsscxf.1/build/libs/autoFVT/publish/servers/com.ibm.ws.wssecurity_fat.x509enc/server_orig_wss4j.xml.tmp to C:/Users/Administrator/libertyGit/open-liberty/dev/com.ibm.ws.wssecurity_fat.wsscxf.1/build/libs/autoFVT/publish/servers/com.ibm.ws.wssecurity_fat.x509enc/server_orig_wss4j.xml
[06/06/2021 00:19:19:874 PDT] 001 LibertyFileManager             moveLibertyFile                I server_orig_wss4j.xml was successfully copied.
[06/06/2021 00:19:19:890 PDT] 001 FeatureReplacementAction       setup                          I Original features:  [appsecurity-2.0, jsp-2.2, servlet-3.1, ssl-1.0, usr:wsseccbh-1.0, jaxws-2.2, wssecurity-1.1]
[06/06/2021 00:19:19:890 PDT] 001 FeatureReplacementAction       getReplacementFeature          I Replace feature [ servlet-3.1 ] with [ servlet-4.0 ]
[06/06/2021 00:19:19:890 PDT] 001 FeatureReplacementAction       getReplacementFeature          I Replace feature [ appsecurity-2.0 ] with [ appSecurity-3.0 ]
[06/06/2021 00:19:19:890 PDT] 001 FeatureReplacementAction       getReplacementFeature          I Replace feature [ jaxws-2.2 ] with [ jaxws-2.3 ]
[06/06/2021 00:19:19:890 PDT] 001 FeatureReplacementAction       getReplacementFeature          I Replace feature [ jsp-2.2 ] with [ jsp-2.3 ]
[06/06/2021 00:19:19:890 PDT] 001 FeatureReplacementAction       getReplacementFeature          I Replace feature [ usr:wsseccbh-1.0 ] with [ usr:wsseccbh-2.0 ]
[06/06/2021 00:19:19:890 PDT] 001 FeatureReplacementAction       setup                          I Resulting features: [jsp-2.3, servlet-4.0, usr:wsseccbh-2.0, ssl-1.0, jaxws-2.3, appSecurity-3.0, wssecurity-1.1]
[06/06/2021 00:19:19:890 PDT] 001 FeatureReplacementAction       setup                          I Config: ServerConfiguration
FeatureManager{feature="jsp-2.3" feature="servlet-4.0" feature="usr:wsseccbh-2.0" feature="ssl-1.0" feature="jaxws-2.3" feature="appSecurity-3.0" feature="wssecurity-1.1" }[BasicRegistry{realm="customRealm" User{name="user1" password="security" },User{name="user2" password="security" },User{name="test1" password="test1" },User{name="test2" password="test2" },User{name="user1pw" password="pw8server" },}][IncludeElement{location="../fatTestPorts.xml" }][JavaPermission{actions="read" className="java.io.FilePermission" name="ALL FILES" }, JavaPermission{className="java.lang.RuntimePermission" name="accessClassInPackage.com.sun.xml.internal.messaging.saaj.soap" }, JavaPermission{className="java.lang.RuntimePermission" name="accessClassInPackage.com.sun.xml.internal.messaging.saaj.soap.ver1_1" }, JavaPermission{className="java.lang.RuntimePermission" name="accessClassInPackage.com.sun.xml.internal.messaging.saaj.util" }, JavaPermission{className="java.lang.RuntimePermission" name="accessClassInPackage.com.sun.xml.internal.messaging.saaj.soap.name" }, JavaPermission{className="java.lang.RuntimePermission" name="accessClassInPackage.com.sun.xml.internal.messaging.saaj.soap.impl" }, JavaPermission{actions="POST:AcceptSOAPActionUser-Agent" className="java.net.URLPermission" name="http://localhost:8010/sha2sig/Sha2SigService1" }, JavaPermission{actions="POST:AcceptSOAPActionUser-Agent" className="java.net.URLPermission" name="http://localhost:8010/sha2sig/Sha2SigService2" }, JavaPermission{actions="POST:AcceptSOAPActionUser-Agent" className="java.net.URLPermission" name="http://localhost:8010/sha2sig/Sha2SigService3" }, JavaPermission{actions="POST:AcceptSOAPActionUser-Agent" className="java.net.URLPermission" name="http://localhost:8010/sha2sig/Sha2SigService4" }, JavaPermission{actions="POST:AcceptSOAPActionUser-Agent" className="java.net.URLPermission" name="http://localhost:8010/sha2sig/Sha2SigService5" }, JavaPermission{actions="POST:AcceptSOAPActionUser-Agent" className="java.net.URLPermission" name="http://localhost:8010/sha2sig/Sha2SigService7" }, JavaPermission{actions="POST:AcceptSOAPActionUser-Agent" className="java.net.URLPermission" name="http://localhost:8010/sha2sig/Sha2SigService8" }, JavaPermission{className="java.lang.reflect.ReflectPermission" name="suppressAccessChecks" }, JavaPermission{actions="*" className="org.osgi.framework.AdminPermission" name="*" }, JavaPermission{className="java.lang.RuntimePermission" name="accessClassInPackage.sun.net.www.protocol.c" }, JavaPermission{className="java.security.SecurityPermission" name="org.apache.xml.security.register" }]
[06/06/2021 00:19:19:890 PDT] 001 LibertyFileManager             moveLibertyFile                I Moving C:/Users/Administrator/libertyGit/open-liberty/dev/com.ibm.ws.wssecurity_fat.wsscxf.1/build/libs/autoFVT/publish/servers/com.ibm.ws.wssecurity_fat.sha2sig/server.xml.tmp to C:/Users/Administrator/libertyGit/open-liberty/dev/com.ibm.ws.wssecurity_fat.wsscxf.1/build/libs/autoFVT/publish/servers/com.ibm.ws.wssecurity_fat.sha2sig/server.xml
[06/06/2021 00:19:20:359 PDT] 001 LibertyFileManager             moveLibertyFile                I server.xml was successfully copied.
[06/06/2021 00:19:20:359 PDT] 001 FeatureReplacementAction       setup                          I Original features:  [appsecurity-2.0, jsp-2.2, servlet-3.1, ssl-1.0, usr:wsseccbh-1.0, jaxws-2.2, wssecurity-1.1]
[06/06/2021 00:19:20:359 PDT] 001 FeatureReplacementAction       getReplacementFeature          I Replace feature [ servlet-3.1 ] with [ servlet-4.0 ]
[06/06/2021 00:19:20:359 PDT] 001 FeatureReplacementAction       getReplacementFeature          I Replace feature [ appsecurity-2.0 ] with [ appSecurity-3.0 ]
[06/06/2021 00:19:20:359 PDT] 001 FeatureReplacementAction       getReplacementFeature          I Replace feature [ jaxws-2.2 ] with [ jaxws-2.3 ]
[06/06/2021 00:19:20:359 PDT] 001 FeatureReplacementAction       getReplacementFeature          I Replace feature [ jsp-2.2 ] with [ jsp-2.3 ]
[06/06/2021 00:19:20:359 PDT] 001 FeatureReplacementAction       getReplacementFeature          I Replace feature [ usr:wsseccbh-1.0 ] with [ usr:wsseccbh-2.0 ]
[06/06/2021 00:19:20:359 PDT] 001 FeatureReplacementAction       setup                          I Resulting features: [jsp-2.3, servlet-4.0, usr:wsseccbh-2.0, ssl-1.0, jaxws-2.3, appSecurity-3.0, wssecurity-1.1]
[06/06/2021 00:19:20:375 PDT] 001 FeatureReplacementAction       setup                          I Config: ServerConfiguration
FeatureManager{feature="jsp-2.3" feature="servlet-4.0" feature="usr:wsseccbh-2.0" feature="ssl-1.0" feature="jaxws-2.3" feature="appSecurity-3.0" feature="wssecurity-1.1" }[BasicRegistry{realm="customRealm" User{name="user1" password="security" },User{name="user2" password="security" },User{name="test1" password="test1" },User{name="test2" password="test2" },User{name="user1pw" password="pw8server" },}][IncludeElement{location="../fatTestPorts.xml" }][JavaPermission{actions="read" className="java.io.FilePermission" name="ALL FILES" }, JavaPermission{className="java.lang.RuntimePermission" name="accessClassInPackage.com.sun.xml.internal.messaging.saaj.soap" }, JavaPermission{className="java.lang.RuntimePermission" name="accessClassInPackage.com.sun.xml.internal.messaging.saaj.soap.ver1_1" }, JavaPermission{className="java.lang.RuntimePermission" name="accessClassInPackage.com.sun.xml.internal.messaging.saaj.util" }, JavaPermission{className="java.lang.RuntimePermission" name="accessClassInPackage.com.sun.xml.internal.messaging.saaj.soap.name" }, JavaPermission{className="java.lang.RuntimePermission" name="accessClassInPackage.com.sun.xml.internal.messaging.saaj.soap.impl" }, JavaPermission{actions="POST:AcceptSOAPActionUser-Agent" className="java.net.URLPermission" name="http://localhost:8010/sha2sig/Sha2SigService1" }, JavaPermission{actions="POST:AcceptSOAPActionUser-Agent" className="java.net.URLPermission" name="http://localhost:8010/sha2sig/Sha2SigService2" }, JavaPermission{actions="POST:AcceptSOAPActionUser-Agent" className="java.net.URLPermission" name="http://localhost:8010/sha2sig/Sha2SigService3" }, JavaPermission{actions="POST:AcceptSOAPActionUser-Agent" className="java.net.URLPermission" name="http://localhost:8010/sha2sig/Sha2SigService4" }, JavaPermission{actions="POST:AcceptSOAPActionUser-Agent" className="java.net.URLPermission" name="http://localhost:8010/sha2sig/Sha2SigService5" }, JavaPermission{actions="POST:AcceptSOAPActionUser-Agent" className="java.net.URLPermission" name="http://localhost:8010/sha2sig/Sha2SigService7" }, JavaPermission{actions="POST:AcceptSOAPActionUser-Agent" className="java.net.URLPermission" name="http://localhost:8010/sha2sig/Sha2SigService8" }, JavaPermission{className="java.lang.reflect.ReflectPermission" name="suppressAccessChecks" }, JavaPermission{actions="*" className="org.osgi.framework.AdminPermission" name="*" }, JavaPermission{className="java.lang.RuntimePermission" name="accessClassInPackage.sun.net.www.protocol.c" }, JavaPermission{className="java.security.SecurityPermission" name="org.apache.xml.security.register" }]
[06/06/2021 00:19:20:375 PDT] 001 LibertyFileManager             moveLibertyFile                I Moving C:/Users/Administrator/libertyGit/open-liberty/dev/com.ibm.ws.wssecurity_fat.wsscxf.1/build/libs/autoFVT/publish/servers/com.ibm.ws.wssecurity_fat.sha2sig/server_sha1.xml.tmp to C:/Users/Administrator/libertyGit/open-liberty/dev/com.ibm.ws.wssecurity_fat.wsscxf.1/build/libs/autoFVT/publish/servers/com.ibm.ws.wssecurity_fat.sha2sig/server_sha1.xml
[06/06/2021 00:19:20:843 PDT] 001 LibertyFileManager             moveLibertyFile                I server_sha1.xml was successfully copied.
[06/06/2021 00:19:20:843 PDT] 001 FeatureReplacementAction       setup                          I Original features:  [appsecurity-2.0, jsp-2.2, servlet-3.1, ssl-1.0, usr:wsseccbh-1.0, jaxws-2.2, wssecurity-1.1]
[06/06/2021 00:19:20:843 PDT] 001 FeatureReplacementAction       getReplacementFeature          I Replace feature [ servlet-3.1 ] with [ servlet-4.0 ]
[06/06/2021 00:19:20:843 PDT] 001 FeatureReplacementAction       getReplacementFeature          I Replace feature [ appsecurity-2.0 ] with [ appSecurity-3.0 ]
[06/06/2021 00:19:20:843 PDT] 001 FeatureReplacementAction       getReplacementFeature          I Replace feature [ jaxws-2.2 ] with [ jaxws-2.3 ]
[06/06/2021 00:19:20:843 PDT] 001 FeatureReplacementAction       getReplacementFeature          I Replace feature [ jsp-2.2 ] with [ jsp-2.3 ]
[06/06/2021 00:19:20:843 PDT] 001 FeatureReplacementAction       getReplacementFeature          I Replace feature [ usr:wsseccbh-1.0 ] with [ usr:wsseccbh-2.0 ]
[06/06/2021 00:19:20:843 PDT] 001 FeatureReplacementAction       setup                          I Resulting features: [jsp-2.3, servlet-4.0, usr:wsseccbh-2.0, ssl-1.0, jaxws-2.3, appSecurity-3.0, wssecurity-1.1]
[06/06/2021 00:19:20:859 PDT] 001 FeatureReplacementAction       setup                          I Config: ServerConfiguration
FeatureManager{feature="jsp-2.3" feature="servlet-4.0" feature="usr:wsseccbh-2.0" feature="ssl-1.0" feature="jaxws-2.3" feature="appSecurity-3.0" feature="wssecurity-1.1" }[BasicRegistry{realm="customRealm" User{name="user1" password="security" },User{name="user2" password="security" },User{name="test1" password="test1" },User{name="test2" password="test2" },User{name="user1pw" password="pw8server" },}][IncludeElement{location="../fatTestPorts.xml" }][JavaPermission{className="java.lang.RuntimePermission" name="accessClassInPackage.com.sun.xml.internal.messaging.saaj.soap" }, JavaPermission{className="java.lang.RuntimePermission" name="accessClassInPackage.com.sun.xml.internal.messaging.saaj.soap.ver1_1" }, JavaPermission{className="java.lang.RuntimePermission" name="accessClassInPackage.com.sun.xml.internal.messaging.saaj.util" }, JavaPermission{className="java.lang.RuntimePermission" name="accessClassInPackage.com.sun.xml.internal.messaging.saaj.soap.name" }, JavaPermission{className="java.lang.RuntimePermission" name="accessClassInPackage.com.sun.xml.internal.messaging.saaj.soap.impl" }, JavaPermission{actions="POST:AcceptSOAPActionUser-Agent" className="java.net.URLPermission" name="http://localhost:8010/x509aSync/X509AsyncService" }]
[06/06/2021 00:19:20:875 PDT] 001 LibertyFileManager             moveLibertyFile                I Moving C:/Users/Administrator/libertyGit/open-liberty/dev/com.ibm.ws.wssecurity_fat.wsscxf.1/build/libs/autoFVT/publish/servers/com.ibm.ws.wssecurity_fat.x509async/server_wss4j.xml.tmp to C:/Users/Administrator/libertyGit/open-liberty/dev/com.ibm.ws.wssecurity_fat.wsscxf.1/build/libs/autoFVT/publish/servers/com.ibm.ws.wssecurity_fat.x509async/server_wss4j.xml
[06/06/2021 00:19:21:345 PDT] 001 LibertyFileManager             moveLibertyFile                I server_wss4j.xml was successfully copied.
[06/06/2021 00:19:21:345 PDT] 001 FeatureReplacementAction       setup                          I Original features:  [appsecurity-2.0, jsp-2.2, servlet-3.1, ssl-1.0, usr:wsseccbh-1.0, jaxws-2.2, wssecurity-1.1]
[06/06/2021 00:19:21:345 PDT] 001 FeatureReplacementAction       getReplacementFeature          I Replace feature [ servlet-3.1 ] with [ servlet-4.0 ]
[06/06/2021 00:19:21:345 PDT] 001 FeatureReplacementAction       getReplacementFeature          I Replace feature [ appsecurity-2.0 ] with [ appSecurity-3.0 ]
[06/06/2021 00:19:21:345 PDT] 001 FeatureReplacementAction       getReplacementFeature          I Replace feature [ jaxws-2.2 ] with [ jaxws-2.3 ]
[06/06/2021 00:19:21:345 PDT] 001 FeatureReplacementAction       getReplacementFeature          I Replace feature [ jsp-2.2 ] with [ jsp-2.3 ]
[06/06/2021 00:19:21:345 PDT] 001 FeatureReplacementAction       getReplacementFeature          I Replace feature [ usr:wsseccbh-1.0 ] with [ usr:wsseccbh-2.0 ]
[06/06/2021 00:19:21:345 PDT] 001 FeatureReplacementAction       setup                          I Resulting features: [jsp-2.3, servlet-4.0, usr:wsseccbh-2.0, ssl-1.0, jaxws-2.3, appSecurity-3.0, wssecurity-1.1]
[06/06/2021 00:19:21:360 PDT] 001 FeatureReplacementAction       setup                          I Config: ServerConfiguration
FeatureManager{feature="jsp-2.3" feature="servlet-4.0" feature="usr:wsseccbh-2.0" feature="ssl-1.0" feature="jaxws-2.3" feature="appSecurity-3.0" feature="wssecurity-1.1" }[BasicRegistry{realm="customRealm" User{name="user1" password="security" },User{name="user2" password="security" },User{name="test1" password="test1" },User{name="test2" password="test2" },User{name="test3" password="test3" },User{name="test4" password="test4" },User{name="admin" password="admin" },User{name="bob" password="bob" },User{name="joe" password="joe" },User{name="user1pw" password="pw8server" },}][IncludeElement{location="../fatTestPorts.xml" }]SSLDefault{sslRef="DefaultSSLSettings" }[SSL{keyStoreRef="myKeyStore" trustStoreRef="myTrustStore" }][KeyStore{password="Liberty" location="${server.config.dir}/key.jks" type="jks" }, KeyStore{password="LibertyServer" location="${server.config.dir}/sslServerTrust.jks" type="jks" }][JavaPermission{actions="read" className="java.io.FilePermission" name="ALL FILES" }, JavaPermission{actions="get" className="org.osgi.framework.ServicePermission" name="*" }, JavaPermission{className="java.lang.RuntimePermission" name="accessClassInPackage.com.sun.xml.internal.messaging.saaj.soap" }, JavaPermission{className="java.lang.RuntimePermission" name="accessClassInPackage.com.sun.xml.internal.messaging.saaj.soap.ver1_1" }, JavaPermission{className="java.lang.RuntimePermission" name="accessClassInPackage.com.sun.xml.internal.messaging.saaj.util" }, JavaPermission{className="java.lang.RuntimePermission" name="accessClassInPackage.com.sun.xml.internal.messaging.saaj.soap.name" }, JavaPermission{className="java.lang.RuntimePermission" name="accessClassInPackage.com.sun.xml.internal.messaging.saaj.soap.impl" }, JavaPermission{actions="POST:AcceptSOAPActionUser-Agent" className="java.net.URLPermission" name="http://localhost:8010/x509migtoken/FatBAX01Service" }, JavaPermission{actions="POST:AcceptSOAPActionUser-Agent" className="java.net.URLPermission" name="http://localhost:8010/x509migtoken/FatBAX31Service" }, JavaPermission{actions="POST:AcceptSOAPActionUser-Agent" className="java.net.URLPermission" name="http://localhost:8010/x509migtoken/FatBAX29Service" }, JavaPermission{actions="POST:AcceptSOAPActionUser-Agent" className="java.net.URLPermission" name="https://localhost:8020/x509migtoken/FatBAX01Service" }, JavaPermission{actions="POST:AcceptSOAPActionUser-Agent" className="java.net.URLPermission" name="http://localhost:8010/x509migtoken/FatBAX03Service" }, JavaPermission{actions="POST:AcceptSOAPActionUser-Agent" className="java.net.URLPermission" name="http://localhost:8010/x509migtoken/FatBAX09Service" }, JavaPermission{actions="POST:AcceptSOAPActionUser-Agent" className="java.net.URLPermission" name="http://localhost:8010/x509migtoken/FatBAX04Service" }, JavaPermission{actions="POST:AcceptSOAPActionUser-Agent" className="java.net.URLPermission" name="http://localhost:8010/x509migtoken/FatBAX05Service" }, JavaPermission{actions="POST:AcceptSOAPActionUser-Agent" className="java.net.URLPermission" name="http://localhost:8010/x509migtoken/FatBAX06Service" }, JavaPermission{actions="POST:AcceptSOAPActionUser-Agent" className="java.net.URLPermission" name="http://localhost:8010/x509migtoken/FatBAX24Service" }, JavaPermission{actions="POST:AcceptSOAPActionUser-Agent" className="java.net.URLPermission" name="http://localhost:8010/x509migtoken/FatBAX25Service" }, JavaPermission{actions="POST:AcceptSOAPActionUser-Agent" className="java.net.URLPermission" name="http://localhost:8010/x509migtoken/FatBAX27Service" }, JavaPermission{actions="POST:AcceptSOAPActionUser-Agent" className="java.net.URLPermission" name="http://localhost:8010/x509migtoken/FatBAX35Service" }, JavaPermission{actions="POST:AcceptSOAPActionUser-Agent" className="java.net.URLPermission" name="https://localhost:8020/x509migtoken/FatBAX35Service" }, JavaPermission{actions="POST:AcceptSOAPActionUser-Agent" className="java.net.URLPermission" name="http://localhost:8010/x509migtoken/FatBAX33Service" }, JavaPermission{actions="read" className="java.util.PropertyPermission" name="javax.xml.soap.MessageFactory" }, JavaPermission{actions="read" className="java.util.PropertyPermission" name="javax.xml.soap.MetaFactory" }, JavaPermission{actions="read" className="java.util.PropertyPermission" name="java.home" }, JavaPermission{actions="*" className="org.osgi.framework.AdminPermission" name="*" }, JavaPermission{className="java.security.SecurityPermission" name="org.apache.xml.security.register" }, JavaPermission{className="java.lang.RuntimePermission" name="accessClassInPackage.sun.net.www.protocol.c" }]
[06/06/2021 00:19:21:360 PDT] 001 LibertyFileManager             moveLibertyFile                I Moving C:/Users/Administrator/libertyGit/open-liberty/dev/com.ibm.ws.wssecurity_fat.wsscxf.1/build/libs/autoFVT/publish/servers/com.ibm.ws.wssecurity_fat.x509migsym/server_badsha2_wss4j.xml.tmp to C:/Users/Administrator/libertyGit/open-liberty/dev/com.ibm.ws.wssecurity_fat.wsscxf.1/build/libs/autoFVT/publish/servers/com.ibm.ws.wssecurity_fat.x509migsym/server_badsha2_wss4j.xml
[06/06/2021 00:19:21:826 PDT] 001 LibertyFileManager             moveLibertyFile                I server_badsha2_wss4j.xml was successfully copied.
[06/06/2021 00:19:21:829 PDT] 001 FeatureReplacementAction       setup                          I Original features:  [appsecurity-2.0, jsp-2.2, servlet-3.1, ssl-1.0, usr:wsseccbh-1.0, jaxws-2.2, wssecurity-1.1]
[06/06/2021 00:19:21:829 PDT] 001 FeatureReplacementAction       getReplacementFeature          I Replace feature [ servlet-3.1 ] with [ servlet-4.0 ]
[06/06/2021 00:19:21:829 PDT] 001 FeatureReplacementAction       getReplacementFeature          I Replace feature [ appsecurity-2.0 ] with [ appSecurity-3.0 ]
[06/06/2021 00:19:21:829 PDT] 001 FeatureReplacementAction       getReplacementFeature          I Replace feature [ jaxws-2.2 ] with [ jaxws-2.3 ]
[06/06/2021 00:19:21:829 PDT] 001 FeatureReplacementAction       getReplacementFeature          I Replace feature [ jsp-2.2 ] with [ jsp-2.3 ]
[06/06/2021 00:19:21:829 PDT] 001 FeatureReplacementAction       getReplacementFeature          I Replace feature [ usr:wsseccbh-1.0 ] with [ usr:wsseccbh-2.0 ]
[06/06/2021 00:19:21:829 PDT] 001 FeatureReplacementAction       setup                          I Resulting features: [jsp-2.3, servlet-4.0, usr:wsseccbh-2.0, ssl-1.0, jaxws-2.3, appSecurity-3.0, wssecurity-1.1]
[06/06/2021 00:19:21:829 PDT] 001 FeatureReplacementAction       setup                          I Config: ServerConfiguration
FeatureManager{feature="jsp-2.3" feature="servlet-4.0" feature="usr:wsseccbh-2.0" feature="ssl-1.0" feature="jaxws-2.3" feature="appSecurity-3.0" feature="wssecurity-1.1" }[BasicRegistry{realm="customRealm" User{name="user1" password="security" },User{name="user2" password="security" },User{name="test1" password="test1" },User{name="test2" password="test2" },User{name="test3" password="test3" },User{name="test4" password="test4" },User{name="admin" password="admin" },User{name="bob" password="bob" },User{name="joe" password="joe" },User{name="user1pw" password="pw8server" },}][IncludeElement{location="../fatTestPorts.xml" }]SSLDefault{sslRef="DefaultSSLSettings" }[SSL{keyStoreRef="myKeyStore" trustStoreRef="myTrustStore" }][KeyStore{password="Liberty" location="${server.config.dir}/key.jks" type="jks" }, KeyStore{password="LibertyServer" location="${server.config.dir}/sslServerTrust.jks" type="jks" }][JavaPermission{actions="read" className="java.io.FilePermission" name="ALL FILES" }, JavaPermission{className="java.lang.RuntimePermission" name="accessClassInPackage.com.sun.xml.internal.messaging.saaj.soap" }, JavaPermission{className="java.lang.RuntimePermission" name="accessClassInPackage.com.sun.xml.internal.messaging.saaj.soap.ver1_1" }, JavaPermission{className="java.lang.RuntimePermission" name="accessClassInPackage.com.sun.xml.internal.messaging.saaj.util" }, JavaPermission{className="java.lang.RuntimePermission" name="accessClassInPackage.com.sun.xml.internal.messaging.saaj.soap.name" }, JavaPermission{className="java.lang.RuntimePermission" name="accessClassInPackage.com.sun.xml.internal.messaging.saaj.soap.impl" }, JavaPermission{actions="POST:AcceptSOAPActionUser-Agent" className="java.net.URLPermission" name="http://localhost:8010/x509token/FVTVersionBAXService" }, JavaPermission{actions="read" className="java.util.PropertyPermission" name="javax.xml.soap.MessageFactory" }, JavaPermission{actions="read" className="java.util.PropertyPermission" name="java.home" }, JavaPermission{actions="read" className="java.util.PropertyPermission" name="javax.xml.soap.MetaFactory" }, JavaPermission{actions="*" className="org.osgi.framework.AdminPermission" name="*" }, JavaPermission{className="java.security.SecurityPermission" name="org.apache.xml.security.register" }, JavaPermission{className="java.lang.RuntimePermission" name="accessClassInPackage.sun.net.www.protocol.c" }]
[06/06/2021 00:19:21:845 PDT] 001 LibertyFileManager             moveLibertyFile                I Moving C:/Users/Administrator/libertyGit/open-liberty/dev/com.ibm.ws.wssecurity_fat.wsscxf.1/build/libs/autoFVT/publish/servers/com.ibm.ws.wssecurity_fat.x509_1/server.xml.tmp to C:/Users/Administrator/libertyGit/open-liberty/dev/com.ibm.ws.wssecurity_fat.wsscxf.1/build/libs/autoFVT/publish/servers/com.ibm.ws.wssecurity_fat.x509_1/server.xml
[06/06/2021 00:19:22:308 PDT] 001 LibertyFileManager             moveLibertyFile                I server.xml was successfully copied.
[06/06/2021 00:19:22:308 PDT] 001 FeatureReplacementAction       setup                          I Original features:  [appsecurity-2.0, jsp-2.2, servlet-3.1, ssl-1.0, usr:wsseccbh-1.0, jaxws-2.2, wssecurity-1.1]
[06/06/2021 00:19:22:308 PDT] 001 FeatureReplacementAction       getReplacementFeature          I Replace feature [ servlet-3.1 ] with [ servlet-4.0 ]
[06/06/2021 00:19:22:308 PDT] 001 FeatureReplacementAction       getReplacementFeature          I Replace feature [ appsecurity-2.0 ] with [ appSecurity-3.0 ]
[06/06/2021 00:19:22:324 PDT] 001 FeatureReplacementAction       getReplacementFeature          I Replace feature [ jaxws-2.2 ] with [ jaxws-2.3 ]
[06/06/2021 00:19:22:324 PDT] 001 FeatureReplacementAction       getReplacementFeature          I Replace feature [ jsp-2.2 ] with [ jsp-2.3 ]
[06/06/2021 00:19:22:325 PDT] 001 FeatureReplacementAction       getReplacementFeature          I Replace feature [ usr:wsseccbh-1.0 ] with [ usr:wsseccbh-2.0 ]
[06/06/2021 00:19:22:325 PDT] 001 FeatureReplacementAction       setup                          I Resulting features: [jsp-2.3, servlet-4.0, usr:wsseccbh-2.0, ssl-1.0, jaxws-2.3, appSecurity-3.0, wssecurity-1.1]
[06/06/2021 00:19:22:329 PDT] 001 FeatureReplacementAction       setup                          I Config: ServerConfiguration
FeatureManager{feature="jsp-2.3" feature="servlet-4.0" feature="usr:wsseccbh-2.0" feature="ssl-1.0" feature="jaxws-2.3" feature="appSecurity-3.0" feature="wssecurity-1.1" }[BasicRegistry{realm="customRealm" User{name="user1" password="security" },User{name="user2" password="security" },User{name="test1" password="test1" },User{name="test2" password="test2" },User{name="user1pw" password="pw8server" },}][IncludeElement{location="../fatTestPorts.xml" }][JavaPermission{actions="read" className="java.io.FilePermission" name="ALL FILES" }, JavaPermission{className="java.lang.RuntimePermission" name="accessClassInPackage.com.sun.xml.internal.messaging.saaj.soap" }, JavaPermission{className="java.lang.RuntimePermission" name="accessClassInPackage.com.sun.xml.internal.messaging.saaj.soap.ver1_1" }, JavaPermission{className="java.lang.RuntimePermission" name="accessClassInPackage.com.sun.xml.internal.messaging.saaj.util" }, JavaPermission{className="java.lang.RuntimePermission" name="accessClassInPackage.com.sun.xml.internal.messaging.saaj.soap.name" }, JavaPermission{className="java.lang.RuntimePermission" name="accessClassInPackage.com.sun.xml.internal.messaging.saaj.soap.impl" }, JavaPermission{actions="POST:AcceptSOAPActionUser-Agent" className="java.net.URLPermission" name="http://localhost:8010/wss11enc/WSS11EncService1" }, JavaPermission{actions="POST:AcceptSOAPActionUser-Agent" className="java.net.URLPermission" name="http://localhost:8010/wss11enc/WSS11EncService2" }, JavaPermission{actions="POST:AcceptSOAPActionUser-Agent" className="java.net.URLPermission" name="http://localhost:8010/x509enc/X509XmlEncService10" }, JavaPermission{actions="*" className="org.osgi.framework.AdminPermission" name="*" }, JavaPermission{className="java.security.SecurityPermission" name="org.apache.xml.security.register" }, JavaPermission{className="java.lang.RuntimePermission" name="accessClassInPackage.sun.net.www.protocol.c" }]
[06/06/2021 00:19:22:329 PDT] 001 LibertyFileManager             moveLibertyFile                I Moving C:/Users/Administrator/libertyGit/open-liberty/dev/com.ibm.ws.wssecurity_fat.wsscxf.1/build/libs/autoFVT/publish/servers/com.ibm.ws.wssecurity_fat.wss11enc/server.xml.tmp to C:/Users/Administrator/libertyGit/open-liberty/dev/com.ibm.ws.wssecurity_fat.wsscxf.1/build/libs/autoFVT/publish/servers/com.ibm.ws.wssecurity_fat.wss11enc/server.xml
[06/06/2021 00:19:22:792 PDT] 001 LibertyFileManager             moveLibertyFile                I server.xml was successfully copied.
[06/06/2021 00:19:22:792 PDT] 001 FeatureReplacementAction       setup                          I Original features:  [appsecurity-2.0, jsp-2.2, servlet-3.1, ssl-1.0, usr:wsseccbh-1.0, jaxws-2.2, wssecurity-1.1]
[06/06/2021 00:19:22:792 PDT] 001 FeatureReplacementAction       getReplacementFeature          I Replace feature [ servlet-3.1 ] with [ servlet-4.0 ]
[06/06/2021 00:19:22:792 PDT] 001 FeatureReplacementAction       getReplacementFeature          I Replace feature [ appsecurity-2.0 ] with [ appSecurity-3.0 ]
[06/06/2021 00:19:22:792 PDT] 001 FeatureReplacementAction       getReplacementFeature          I Replace feature [ jaxws-2.2 ] with [ jaxws-2.3 ]
[06/06/2021 00:19:22:792 PDT] 001 FeatureReplacementAction       getReplacementFeature          I Replace feature [ jsp-2.2 ] with [ jsp-2.3 ]
[06/06/2021 00:19:22:792 PDT] 001 FeatureReplacementAction       getReplacementFeature          I Replace feature [ usr:wsseccbh-1.0 ] with [ usr:wsseccbh-2.0 ]
[06/06/2021 00:19:22:792 PDT] 001 FeatureReplacementAction       setup                          I Resulting features: [jsp-2.3, servlet-4.0, usr:wsseccbh-2.0, ssl-1.0, jaxws-2.3, appSecurity-3.0, wssecurity-1.1]
[06/06/2021 00:19:22:808 PDT] 001 FeatureReplacementAction       setup                          I Config: ServerConfiguration
FeatureManager{feature="jsp-2.3" feature="servlet-4.0" feature="usr:wsseccbh-2.0" feature="ssl-1.0" feature="jaxws-2.3" feature="appSecurity-3.0" feature="wssecurity-1.1" }[BasicRegistry{realm="customRealm" User{name="user1" password="security" },User{name="user2" password="security" },User{name="test1" password="test1" },User{name="test2" password="test2" },User{name="user1pw" password="pw8server" },}][IncludeElement{location="../fatTestPorts.xml" }][JavaPermission{className="java.lang.RuntimePermission" name="accessClassInPackage.com.sun.xml.internal.messaging.saaj.soap" }, JavaPermission{className="java.lang.RuntimePermission" name="accessClassInPackage.com.sun.xml.internal.messaging.saaj.soap.ver1_1" }, JavaPermission{className="java.lang.RuntimePermission" name="accessClassInPackage.com.sun.xml.internal.messaging.saaj.util" }, JavaPermission{className="java.lang.RuntimePermission" name="accessClassInPackage.com.sun.xml.internal.messaging.saaj.soap.name" }, JavaPermission{className="java.lang.RuntimePermission" name="accessClassInPackage.com.sun.xml.internal.messaging.saaj.soap.impl" }, JavaPermission{actions="POST:AcceptSOAPActionUser-Agent" className="java.net.URLPermission" name="http://localhost:8010/x509aSync/X509AsyncService" }]
[06/06/2021 00:19:22:808 PDT] 001 LibertyFileManager             moveLibertyFile                I Moving C:/Users/Administrator/libertyGit/open-liberty/dev/com.ibm.ws.wssecurity_fat.wsscxf.1/build/libs/autoFVT/publish/servers/com.ibm.ws.wssecurity_fat.x509async/server.xml.tmp to C:/Users/Administrator/libertyGit/open-liberty/dev/com.ibm.ws.wssecurity_fat.wsscxf.1/build/libs/autoFVT/publish/servers/com.ibm.ws.wssecurity_fat.x509async/server.xml
[06/06/2021 00:19:23:277 PDT] 001 LibertyFileManager             moveLibertyFile                I server.xml was successfully copied.
[06/06/2021 00:19:23:277 PDT] 001 FeatureReplacementAction       setup                          I Original features:  [appsecurity-2.0, jsp-2.2, servlet-3.1, ssl-1.0, usr:wsseccbh-1.0, jaxws-2.2, wssecurity-1.1]
[06/06/2021 00:19:23:277 PDT] 001 FeatureReplacementAction       getReplacementFeature          I Replace feature [ servlet-3.1 ] with [ servlet-4.0 ]
[06/06/2021 00:19:23:277 PDT] 001 FeatureReplacementAction       getReplacementFeature          I Replace feature [ appsecurity-2.0 ] with [ appSecurity-3.0 ]
[06/06/2021 00:19:23:277 PDT] 001 FeatureReplacementAction       getReplacementFeature          I Replace feature [ jaxws-2.2 ] with [ jaxws-2.3 ]
[06/06/2021 00:19:23:277 PDT] 001 FeatureReplacementAction       getReplacementFeature          I Replace feature [ jsp-2.2 ] with [ jsp-2.3 ]
[06/06/2021 00:19:23:277 PDT] 001 FeatureReplacementAction       getReplacementFeature          I Replace feature [ usr:wsseccbh-1.0 ] with [ usr:wsseccbh-2.0 ]
[06/06/2021 00:19:23:292 PDT] 001 FeatureReplacementAction       setup                          I Resulting features: [jsp-2.3, servlet-4.0, usr:wsseccbh-2.0, ssl-1.0, jaxws-2.3, appSecurity-3.0, wssecurity-1.1]
[06/06/2021 00:19:23:292 PDT] 001 FeatureReplacementAction       setup                          I Config: ServerConfiguration
FeatureManager{feature="jsp-2.3" feature="servlet-4.0" feature="usr:wsseccbh-2.0" feature="ssl-1.0" feature="jaxws-2.3" feature="appSecurity-3.0" feature="wssecurity-1.1" }[BasicRegistry{realm="customRealm" User{name="user1" password="security" },User{name="user2" password="security" },User{name="test1" password="test1" },User{name="test2" password="test2" },User{name="user1pw" password="pw8server" },}][IncludeElement{location="../fatTestPorts.xml" }][JavaPermission{actions="read" className="java.io.FilePermission" name="ALL FILES" }, JavaPermission{className="java.lang.RuntimePermission" name="accessClassInPackage.com.sun.xml.internal.messaging.saaj.soap" }, JavaPermission{className="java.lang.RuntimePermission" name="accessClassInPackage.com.sun.xml.internal.messaging.saaj.soap.ver1_1" }, JavaPermission{className="java.lang.RuntimePermission" name="accessClassInPackage.com.sun.xml.internal.messaging.saaj.util" }, JavaPermission{className="java.lang.RuntimePermission" name="accessClassInPackage.com.sun.xml.internal.messaging.saaj.soap.name" }, JavaPermission{className="java.lang.RuntimePermission" name="accessClassInPackage.com.sun.xml.internal.messaging.saaj.soap.impl" }, JavaPermission{actions="POST:AcceptSOAPActionUser-Agent" className="java.net.URLPermission" name="http://localhost:8010/x509enc/X509XmlEncService1" }, JavaPermission{actions="POST:AcceptSOAPActionUser-Agent" className="java.net.URLPermission" name="http://localhost:8010/x509enc/X509XmlEncService3" }, JavaPermission{actions="POST:AcceptSOAPActionUser-Agent" className="java.net.URLPermission" name="http://localhost:8010/x509enc/X509XmlEncService4" }, JavaPermission{actions="POST:AcceptSOAPActionUser-Agent" className="java.net.URLPermission" name="http://localhost:8010/x509enc/X509XmlEncService5" }, JavaPermission{actions="POST:AcceptSOAPActionUser-Agent" className="java.net.URLPermission" name="http://localhost:8010/x509enc/X509XmlEncService7" }, JavaPermission{actions="POST:AcceptSOAPActionUser-Agent" className="java.net.URLPermission" name="http://localhost:8010/x509enc/X509XmlEncService8" }, JavaPermission{actions="POST:AcceptSOAPActionUser-Agent" className="java.net.URLPermission" name="http://localhost:8010/x509enc/X509XmlEncService9" }, JavaPermission{actions="POST:AcceptSOAPActionUser-Agent" className="java.net.URLPermission" name="http://localhost:8010/x509enc/X509XmlEncService10" }, JavaPermission{actions="*" className="org.osgi.framework.AdminPermission" name="*" }, JavaPermission{className="java.security.SecurityPermission" name="org.apache.xml.security.register" }, JavaPermission{className="java.lang.RuntimePermission" name="accessClassInPackage.sun.net.www.protocol.c" }]
[06/06/2021 00:19:23:292 PDT] 001 LibertyFileManager             moveLibertyFile                I Moving C:/Users/Administrator/libertyGit/open-liberty/dev/com.ibm.ws.wssecurity_fat.wsscxf.1/build/libs/autoFVT/publish/servers/com.ibm.ws.wssecurity_fat.x509enc/server.xml.tmp to C:/Users/Administrator/libertyGit/open-liberty/dev/com.ibm.ws.wssecurity_fat.wsscxf.1/build/libs/autoFVT/publish/servers/com.ibm.ws.wssecurity_fat.x509enc/server.xml
[06/06/2021 00:19:23:777 PDT] 001 LibertyFileManager             moveLibertyFile                I server.xml was successfully copied.
[06/06/2021 00:19:23:777 PDT] 001 FeatureReplacementAction       setup                          I Original features:  [appsecurity-2.0, jsp-2.2, servlet-3.1, ssl-1.0, usr:wsseccbh-1.0, jaxws-2.2, wssecurity-1.1]
[06/06/2021 00:19:23:777 PDT] 001 FeatureReplacementAction       getReplacementFeature          I Replace feature [ servlet-3.1 ] with [ servlet-4.0 ]
[06/06/2021 00:19:23:777 PDT] 001 FeatureReplacementAction       getReplacementFeature          I Replace feature [ appsecurity-2.0 ] with [ appSecurity-3.0 ]
[06/06/2021 00:19:23:777 PDT] 001 FeatureReplacementAction       getReplacementFeature          I Replace feature [ jaxws-2.2 ] with [ jaxws-2.3 ]
[06/06/2021 00:19:23:777 PDT] 001 FeatureReplacementAction       getReplacementFeature          I Replace feature [ jsp-2.2 ] with [ jsp-2.3 ]
[06/06/2021 00:19:23:777 PDT] 001 FeatureReplacementAction       getReplacementFeature          I Replace feature [ usr:wsseccbh-1.0 ] with [ usr:wsseccbh-2.0 ]
[06/06/2021 00:19:23:777 PDT] 001 FeatureReplacementAction       setup                          I Resulting features: [jsp-2.3, servlet-4.0, usr:wsseccbh-2.0, ssl-1.0, jaxws-2.3, appSecurity-3.0, wssecurity-1.1]
[06/06/2021 00:19:23:793 PDT] 001 FeatureReplacementAction       setup                          I Config: ServerConfiguration
FeatureManager{feature="jsp-2.3" feature="servlet-4.0" feature="usr:wsseccbh-2.0" feature="ssl-1.0" feature="jaxws-2.3" feature="appSecurity-3.0" feature="wssecurity-1.1" }[BasicRegistry{realm="customRealm" User{name="user1" password="security" },User{name="user2" password="security" },User{name="test1" password="test1" },User{name="test2" password="test2" },User{name="user1pw" password="pw8server" },}][IncludeElement{location="../fatTestPorts.xml" }][JavaPermission{actions="read" className="java.io.FilePermission" name="ALL FILES" }, JavaPermission{className="java.lang.RuntimePermission" name="accessClassInPackage.com.sun.xml.internal.messaging.saaj.soap" }, JavaPermission{className="java.lang.RuntimePermission" name="accessClassInPackage.com.sun.xml.internal.messaging.saaj.soap.ver1_1" }, JavaPermission{className="java.lang.RuntimePermission" name="accessClassInPackage.com.sun.xml.internal.messaging.saaj.util" }, JavaPermission{className="java.lang.RuntimePermission" name="accessClassInPackage.com.sun.xml.internal.messaging.saaj.soap.name" }, JavaPermission{className="java.lang.RuntimePermission" name="accessClassInPackage.com.sun.xml.internal.messaging.saaj.soap.impl" }, JavaPermission{actions="POST:AcceptSOAPActionUser-Agent" className="java.net.URLPermission" name="http://localhost:8010/x509sig/X509XmlSigService1" }, JavaPermission{actions="POST:AcceptSOAPActionUser-Agent" className="java.net.URLPermission" name="http://localhost:8010/x509sig/X509XmlStrService1" }, JavaPermission{actions="POST:AcceptSOAPActionUser-Agent" className="java.net.URLPermission" name="http://localhost:8010/x509sig/X509XmlSigService3" }, JavaPermission{actions="POST:AcceptSOAPActionUser-Agent" className="java.net.URLPermission" name="http://localhost:8010/xmlsig/X509XmlSigService1" }, JavaPermission{actions="POST:AcceptSOAPActionUser-Agent" className="java.net.URLPermission" name="http://localhost:8010/x509sig/X509XmlStrService2" }, JavaPermission{actions="read" className="java.util.PropertyPermission" name="javax.xml.soap.MessageFactory" }, JavaPermission{actions="*" className="org.osgi.framework.AdminPermission" name="*" }, JavaPermission{className="java.security.SecurityPermission" name="org.apache.xml.security.register" }, JavaPermission{className="java.lang.RuntimePermission" name="accessClassInPackage.sun.net.www.protocol.c" }]
[06/06/2021 00:19:23:793 PDT] 001 LibertyFileManager             moveLibertyFile                I Moving C:/Users/Administrator/libertyGit/open-liberty/dev/com.ibm.ws.wssecurity_fat.wsscxf.1/build/libs/autoFVT/publish/servers/com.ibm.ws.wssecurity_fat.x509sig/server_certpath.xml.tmp to C:/Users/Administrator/libertyGit/open-liberty/dev/com.ibm.ws.wssecurity_fat.wsscxf.1/build/libs/autoFVT/publish/servers/com.ibm.ws.wssecurity_fat.x509sig/server_certpath.xml
[06/06/2021 00:19:24:246 PDT] 001 LibertyFileManager             moveLibertyFile                I server_certpath.xml was successfully copied.
[06/06/2021 00:19:24:246 PDT] 001 FeatureReplacementAction       setup                          I Original features:  [appsecurity-2.0, jsp-2.2, servlet-3.1, ssl-1.0, usr:wsseccbh-1.0, jaxws-2.2, wssecurity-1.1]
[06/06/2021 00:19:24:246 PDT] 001 FeatureReplacementAction       getReplacementFeature          I Replace feature [ servlet-3.1 ] with [ servlet-4.0 ]
[06/06/2021 00:19:24:246 PDT] 001 FeatureReplacementAction       getReplacementFeature          I Replace feature [ appsecurity-2.0 ] with [ appSecurity-3.0 ]
[06/06/2021 00:19:24:246 PDT] 001 FeatureReplacementAction       getReplacementFeature          I Replace feature [ jaxws-2.2 ] with [ jaxws-2.3 ]
[06/06/2021 00:19:24:246 PDT] 001 FeatureReplacementAction       getReplacementFeature          I Replace feature [ jsp-2.2 ] with [ jsp-2.3 ]
[06/06/2021 00:19:24:246 PDT] 001 FeatureReplacementAction       getReplacementFeature          I Replace feature [ usr:wsseccbh-1.0 ] with [ usr:wsseccbh-2.0 ]
[06/06/2021 00:19:24:246 PDT] 001 FeatureReplacementAction       setup                          I Resulting features: [jsp-2.3, servlet-4.0, usr:wsseccbh-2.0, ssl-1.0, jaxws-2.3, appSecurity-3.0, wssecurity-1.1]
[06/06/2021 00:19:24:262 PDT] 001 FeatureReplacementAction       setup                          I Config: ServerConfiguration
FeatureManager{feature="jsp-2.3" feature="servlet-4.0" feature="usr:wsseccbh-2.0" feature="ssl-1.0" feature="jaxws-2.3" feature="appSecurity-3.0" feature="wssecurity-1.1" }[BasicRegistry{realm="customRealm" User{name="user1" password="security" },User{name="user2" password="security" },User{name="test1" password="test1" },User{name="test2" password="test2" },User{name="user1pw" password="pw8server" },}][IncludeElement{location="../fatTestPorts.xml" }][JavaPermission{actions="read" className="java.io.FilePermission" name="ALL FILES" }, JavaPermission{className="java.lang.RuntimePermission" name="accessClassInPackage.com.sun.xml.internal.messaging.saaj.soap" }, JavaPermission{className="java.lang.RuntimePermission" name="accessClassInPackage.com.sun.xml.internal.messaging.saaj.soap.ver1_1" }, JavaPermission{className="java.lang.RuntimePermission" name="accessClassInPackage.com.sun.xml.internal.messaging.saaj.util" }, JavaPermission{className="java.lang.RuntimePermission" name="accessClassInPackage.com.sun.xml.internal.messaging.saaj.soap.name" }, JavaPermission{className="java.lang.RuntimePermission" name="accessClassInPackage.com.sun.xml.internal.messaging.saaj.soap.impl" }, JavaPermission{actions="POST:AcceptSOAPActionUser-Agent" className="java.net.URLPermission" name="http://localhost:8010/sha2sig/Sha2SigService1" }, JavaPermission{actions="POST:AcceptSOAPActionUser-Agent" className="java.net.URLPermission" name="http://localhost:8010/sha2sig/Sha2SigService2" }, JavaPermission{actions="POST:AcceptSOAPActionUser-Agent" className="java.net.URLPermission" name="http://localhost:8010/sha2sig/Sha2SigService3" }, JavaPermission{actions="POST:AcceptSOAPActionUser-Agent" className="java.net.URLPermission" name="http://localhost:8010/sha2sig/Sha2SigService4" }, JavaPermission{actions="POST:AcceptSOAPActionUser-Agent" className="java.net.URLPermission" name="http://localhost:8010/sha2sig/Sha2SigService5" }, JavaPermission{actions="POST:AcceptSOAPActionUser-Agent" className="java.net.URLPermission" name="http://localhost:8010/sha2sig/Sha2SigService7" }, JavaPermission{actions="POST:AcceptSOAPActionUser-Agent" className="java.net.URLPermission" name="http://localhost:8010/sha2sig/Sha2SigService8" }, JavaPermission{className="java.lang.reflect.ReflectPermission" name="suppressAccessChecks" }, JavaPermission{actions="*" className="org.osgi.framework.AdminPermission" name="*" }, JavaPermission{className="java.lang.RuntimePermission" name="accessClassInPackage.sun.net.www.protocol.c" }, JavaPermission{className="java.security.SecurityPermission" name="org.apache.xml.security.register" }]
[06/06/2021 00:19:24:262 PDT] 001 LibertyFileManager             moveLibertyFile                I Moving C:/Users/Administrator/libertyGit/open-liberty/dev/com.ibm.ws.wssecurity_fat.wsscxf.1/build/libs/autoFVT/publish/servers/com.ibm.ws.wssecurity_fat.sha2sig/server_sha2.xml.tmp to C:/Users/Administrator/libertyGit/open-liberty/dev/com.ibm.ws.wssecurity_fat.wsscxf.1/build/libs/autoFVT/publish/servers/com.ibm.ws.wssecurity_fat.sha2sig/server_sha2.xml
[06/06/2021 00:19:24:730 PDT] 001 LibertyFileManager             moveLibertyFile                I server_sha2.xml was successfully copied.
[06/06/2021 00:19:24:731 PDT] 001 FeatureReplacementAction       setup                          I Original features:  [appsecurity-2.0, jsp-2.2, servlet-3.1, ssl-1.0, usr:wsseccbh-1.0, jaxws-2.2, wssecurity-1.1]
[06/06/2021 00:19:24:731 PDT] 001 FeatureReplacementAction       getReplacementFeature          I Replace feature [ servlet-3.1 ] with [ servlet-4.0 ]
[06/06/2021 00:19:24:731 PDT] 001 FeatureReplacementAction       getReplacementFeature          I Replace feature [ appsecurity-2.0 ] with [ appSecurity-3.0 ]
[06/06/2021 00:19:24:731 PDT] 001 FeatureReplacementAction       getReplacementFeature          I Replace feature [ jaxws-2.2 ] with [ jaxws-2.3 ]
[06/06/2021 00:19:24:731 PDT] 001 FeatureReplacementAction       getReplacementFeature          I Replace feature [ jsp-2.2 ] with [ jsp-2.3 ]
[06/06/2021 00:19:24:731 PDT] 001 FeatureReplacementAction       getReplacementFeature          I Replace feature [ usr:wsseccbh-1.0 ] with [ usr:wsseccbh-2.0 ]
[06/06/2021 00:19:24:731 PDT] 001 FeatureReplacementAction       setup                          I Resulting features: [jsp-2.3, servlet-4.0, usr:wsseccbh-2.0, ssl-1.0, jaxws-2.3, appSecurity-3.0, wssecurity-1.1]
[06/06/2021 00:19:24:731 PDT] 001 FeatureReplacementAction       setup                          I Config: ServerConfiguration
FeatureManager{feature="jsp-2.3" feature="servlet-4.0" feature="usr:wsseccbh-2.0" feature="ssl-1.0" feature="jaxws-2.3" feature="appSecurity-3.0" feature="wssecurity-1.1" }[BasicRegistry{realm="customRealm" User{name="user1" password="security" },User{name="user2" password="security" },User{name="test1" password="test1" },User{name="test2" password="test2" },User{name="test3" password="test3" },User{name="test4" password="test4" },User{name="admin" password="admin" },User{name="bob" password="bob" },User{name="joe" password="joe" },User{name="user1pw" password="pw8server" },}][IncludeElement{location="../fatTestPorts.xml" }]SSLDefault{sslRef="DefaultSSLSettings" }[SSL{keyStoreRef="myKeyStore" trustStoreRef="myTrustStore" }][KeyStore{password="Liberty" location="${server.config.dir}/key.jks" type="jks" }, KeyStore{password="LibertyServer" location="${server.config.dir}/sslServerTrust.jks" type="jks" }][JavaPermission{actions="read" className="java.io.FilePermission" name="ALL FILES" }, JavaPermission{className="java.lang.RuntimePermission" name="accessClassInPackage.com.sun.xml.internal.messaging.saaj.soap" }, JavaPermission{className="java.lang.RuntimePermission" name="accessClassInPackage.com.sun.xml.internal.messaging.saaj.soap.ver1_1" }, JavaPermission{className="java.lang.RuntimePermission" name="accessClassInPackage.com.sun.xml.internal.messaging.saaj.util" }, JavaPermission{className="java.lang.RuntimePermission" name="accessClassInPackage.com.sun.xml.internal.messaging.saaj.soap.name" }, JavaPermission{className="java.lang.RuntimePermission" name="accessClassInPackage.com.sun.xml.internal.messaging.saaj.soap.impl" }, JavaPermission{actions="POST:AcceptSOAPActionUser-Agent" className="java.net.URLPermission" name="http://localhost:8010/x509migtoken/FatBAX17Service" }, JavaPermission{actions="POST:AcceptSOAPActionUser-Agent" className="java.net.URLPermission" name="http://localhost:8010/x509migtoken/FatBAX02Service" }, JavaPermission{actions="POST:AcceptSOAPActionUser-Agent" className="java.net.URLPermission" name="http://localhost:8010/x509migtoken/FatBAX34Service" }, JavaPermission{actions="POST:AcceptSOAPActionUser-Agent" className="java.net.URLPermission" name="http://localhost:8010/x509migtoken/FatBAX07Service" }, JavaPermission{actions="POST:AcceptSOAPActionUser-Agent" className="java.net.URLPermission" name="http://localhost:8010/x509migtoken/FatBAX08Service" }, JavaPermission{actions="POST:AcceptSOAPActionUser-Agent" className="java.net.URLPermission" name="https://localhost:8020/x509migtoken/FatBAX10Service" }, JavaPermission{actions="POST:AcceptSOAPActionUser-Agent" className="java.net.URLPermission" name="https://localhost:8020/x509migtoken/FatBAX15Service" }, JavaPermission{actions="POST:AcceptSOAPActionUser-Agent" className="java.net.URLPermission" name="https://localhost:8020/x509migtoken/FatBAX11Service" }, JavaPermission{actions="POST:AcceptSOAPActionUser-Agent" className="java.net.URLPermission" name="http://localhost:8010/x509migtoken/FatBAX18Service" }, JavaPermission{actions="POST:AcceptSOAPActionUser-Agent" className="java.net.URLPermission" name="https://localhost:8020/x509migtoken/FatBAX12Service" }, JavaPermission{actions="POST:AcceptSOAPActionUser-Agent" className="java.net.URLPermission" name="http://localhost:8010/x509migtoken/FatBAX19Service" }, JavaPermission{actions="POST:AcceptSOAPActionUser-Agent" className="java.net.URLPermission" name="https://localhost:8020/x509migtoken/FatBAX13Service" }, JavaPermission{actions="POST:AcceptSOAPActionUser-Agent" className="java.net.URLPermission" name="http://localhost:8010/x509migtoken/FatBAX21Service" }, JavaPermission{actions="POST:AcceptSOAPActionUser-Agent" className="java.net.URLPermission" name="https://localhost:8020/x509migtoken/FatBAX14Service" }, JavaPermission{actions="POST:AcceptSOAPActionUser-Agent" className="java.net.URLPermission" name="http://localhost:8010/x509migtoken/FatBAX26Service" }, JavaPermission{actions="POST:AcceptSOAPActionUser-Agent" className="java.net.URLPermission" name="http://localhost:8010/x509migtoken/FatBAX28Service" }, JavaPermission{actions="POST:AcceptSOAPActionUser-Agent" className="java.net.URLPermission" name="http://localhost:8010/x509migtoken/FatBAX20Service" }, JavaPermission{actions="POST:AcceptSOAPActionUser-Agent" className="java.net.URLPermission" name="http://localhost:8010/x509migtoken/FatBAX32Service" }, JavaPermission{actions="POST:AcceptSOAPActionUser-Agent" className="java.net.URLPermission" name="http://localhost:8010/x509migtoken/FatBAX23Service" }, JavaPermission{actions="POST:AcceptSOAPActionUser-Agent" className="java.net.URLPermission" name="http://localhost:8010/x509migtoken/FatBAX22Service" }, JavaPermission{actions="read" className="java.util.PropertyPermission" name="*" }, JavaPermission{actions="get" className="org.osgi.framework.ServicePermission" name="*" }, JavaPermission{actions="*" className="org.osgi.framework.AdminPermission" name="*" }, JavaPermission{className="java.security.SecurityPermission" name="org.apache.xml.security.register" }, JavaPermission{className="java.lang.RuntimePermission" name="accessClassInPackage.sun.net.www.protocol.c" }]
[06/06/2021 00:19:24:747 PDT] 001 LibertyFileManager             moveLibertyFile                I Moving C:/Users/Administrator/libertyGit/open-liberty/dev/com.ibm.ws.wssecurity_fat.wsscxf.1/build/libs/autoFVT/publish/servers/com.ibm.ws.wssecurity_fat.x509mig/server_wss4j.xml.tmp to C:/Users/Administrator/libertyGit/open-liberty/dev/com.ibm.ws.wssecurity_fat.wsscxf.1/build/libs/autoFVT/publish/servers/com.ibm.ws.wssecurity_fat.x509mig/server_wss4j.xml
[06/06/2021 00:19:25:210 PDT] 001 LibertyFileManager             moveLibertyFile                I server_wss4j.xml was successfully copied.
[06/06/2021 00:19:25:210 PDT] 001 FeatureReplacementAction       setup                          I Original features:  [appsecurity-2.0, jsp-2.2, servlet-3.1, ssl-1.0, usr:wsseccbh-1.0, jaxws-2.2, wssecurity-1.1]
[06/06/2021 00:19:25:210 PDT] 001 FeatureReplacementAction       getReplacementFeature          I Replace feature [ servlet-3.1 ] with [ servlet-4.0 ]
[06/06/2021 00:19:25:210 PDT] 001 FeatureReplacementAction       getReplacementFeature          I Replace feature [ appsecurity-2.0 ] with [ appSecurity-3.0 ]
[06/06/2021 00:19:25:210 PDT] 001 FeatureReplacementAction       getReplacementFeature          I Replace feature [ jaxws-2.2 ] with [ jaxws-2.3 ]
[06/06/2021 00:19:25:210 PDT] 001 FeatureReplacementAction       getReplacementFeature          I Replace feature [ jsp-2.2 ] with [ jsp-2.3 ]
[06/06/2021 00:19:25:210 PDT] 001 FeatureReplacementAction       getReplacementFeature          I Replace feature [ usr:wsseccbh-1.0 ] with [ usr:wsseccbh-2.0 ]
[06/06/2021 00:19:25:210 PDT] 001 FeatureReplacementAction       setup                          I Resulting features: [jsp-2.3, servlet-4.0, usr:wsseccbh-2.0, ssl-1.0, jaxws-2.3, appSecurity-3.0, wssecurity-1.1]
[06/06/2021 00:19:25:210 PDT] 001 FeatureReplacementAction       setup                          I Config: ServerConfiguration
FeatureManager{feature="jsp-2.3" feature="servlet-4.0" feature="usr:wsseccbh-2.0" feature="ssl-1.0" feature="jaxws-2.3" feature="appSecurity-3.0" feature="wssecurity-1.1" }[BasicRegistry{realm="customRealm" User{name="user1" password="security" },User{name="user2" password="security" },User{name="test1" password="test1" },User{name="test2" password="test2" },User{name="user1pw" password="pw8server" },}][IncludeElement{location="../fatTestPorts.xml" }][JavaPermission{actions="read" className="java.io.FilePermission" name="ALL FILES" }, JavaPermission{className="java.lang.RuntimePermission" name="accessClassInPackage.com.sun.xml.internal.messaging.saaj.soap" }, JavaPermission{className="java.lang.RuntimePermission" name="accessClassInPackage.com.sun.xml.internal.messaging.saaj.soap.ver1_1" }, JavaPermission{className="java.lang.RuntimePermission" name="accessClassInPackage.com.sun.xml.internal.messaging.saaj.util" }, JavaPermission{className="java.lang.RuntimePermission" name="accessClassInPackage.com.sun.xml.internal.messaging.saaj.soap.name" }, JavaPermission{className="java.lang.RuntimePermission" name="accessClassInPackage.com.sun.xml.internal.messaging.saaj.soap.impl" }, JavaPermission{actions="POST:AcceptSOAPActionUser-Agent" className="java.net.URLPermission" name="http://localhost:8010/x509sig/X509XmlSigService1" }, JavaPermission{actions="POST:AcceptSOAPActionUser-Agent" className="java.net.URLPermission" name="http://localhost:8010/x509sig/X509XmlStrService1" }, JavaPermission{actions="POST:AcceptSOAPActionUser-Agent" className="java.net.URLPermission" name="http://localhost:8010/x509sig/X509XmlSigService3" }, JavaPermission{actions="POST:AcceptSOAPActionUser-Agent" className="java.net.URLPermission" name="http://localhost:8010/xmlsig/X509XmlSigService1" }, JavaPermission{actions="POST:AcceptSOAPActionUser-Agent" className="java.net.URLPermission" name="http://localhost:8010/x509sig/X509XmlStrService2" }, JavaPermission{actions="read" className="java.util.PropertyPermission" name="javax.xml.soap.MessageFactory" }, JavaPermission{actions="*" className="org.osgi.framework.AdminPermission" name="*" }, JavaPermission{className="java.security.SecurityPermission" name="org.apache.xml.security.register" }, JavaPermission{className="java.lang.RuntimePermission" name="accessClassInPackage.sun.net.www.protocol.c" }]
[06/06/2021 00:19:25:227 PDT] 001 LibertyFileManager             moveLibertyFile                I Moving C:/Users/Administrator/libertyGit/open-liberty/dev/com.ibm.ws.wssecurity_fat.wsscxf.1/build/libs/autoFVT/publish/servers/com.ibm.ws.wssecurity_fat.x509sig/server_badsvrpwd.xml.tmp to C:/Users/Administrator/libertyGit/open-liberty/dev/com.ibm.ws.wssecurity_fat.wsscxf.1/build/libs/autoFVT/publish/servers/com.ibm.ws.wssecurity_fat.x509sig/server_badsvrpwd.xml
[06/06/2021 00:19:25:695 PDT] 001 LibertyFileManager             moveLibertyFile                I server_badsvrpwd.xml was successfully copied.
[06/06/2021 00:19:25:695 PDT] 001 FeatureReplacementAction       setup                          I Original features:  [appsecurity-2.0, jsp-2.2, servlet-3.1, ssl-1.0, usr:wsseccbh-1.0, jaxws-2.2, wssecurity-1.1]
[06/06/2021 00:19:25:695 PDT] 001 FeatureReplacementAction       getReplacementFeature          I Replace feature [ servlet-3.1 ] with [ servlet-4.0 ]
[06/06/2021 00:19:25:695 PDT] 001 FeatureReplacementAction       getReplacementFeature          I Replace feature [ appsecurity-2.0 ] with [ appSecurity-3.0 ]
[06/06/2021 00:19:25:695 PDT] 001 FeatureReplacementAction       getReplacementFeature          I Replace feature [ jaxws-2.2 ] with [ jaxws-2.3 ]
[06/06/2021 00:19:25:695 PDT] 001 FeatureReplacementAction       getReplacementFeature          I Replace feature [ jsp-2.2 ] with [ jsp-2.3 ]
[06/06/2021 00:19:25:695 PDT] 001 FeatureReplacementAction       getReplacementFeature          I Replace feature [ usr:wsseccbh-1.0 ] with [ usr:wsseccbh-2.0 ]
[06/06/2021 00:19:25:695 PDT] 001 FeatureReplacementAction       setup                          I Resulting features: [jsp-2.3, servlet-4.0, usr:wsseccbh-2.0, ssl-1.0, jaxws-2.3, appSecurity-3.0, wssecurity-1.1]
[06/06/2021 00:19:25:711 PDT] 001 FeatureReplacementAction       setup                          I Config: ServerConfiguration
FeatureManager{feature="jsp-2.3" feature="servlet-4.0" feature="usr:wsseccbh-2.0" feature="ssl-1.0" feature="jaxws-2.3" feature="appSecurity-3.0" feature="wssecurity-1.1" }[BasicRegistry{realm="customRealm" User{name="user1" password="security" },User{name="user2" password="security" },User{name="test1" password="test1" },User{name="test2" password="test2" },User{name="user1pw" password="pw8server" },}][IncludeElement{location="../fatTestPorts.xml" }][JavaPermission{actions="read" className="java.io.FilePermission" name="ALL FILES" }, JavaPermission{className="java.lang.RuntimePermission" name="accessClassInPackage.com.sun.xml.internal.messaging.saaj.soap" }, JavaPermission{className="java.lang.RuntimePermission" name="accessClassInPackage.com.sun.xml.internal.messaging.saaj.soap.ver1_1" }, JavaPermission{className="java.lang.RuntimePermission" name="accessClassInPackage.com.sun.xml.internal.messaging.saaj.util" }, JavaPermission{className="java.lang.RuntimePermission" name="accessClassInPackage.com.sun.xml.internal.messaging.saaj.soap.name" }, JavaPermission{className="java.lang.RuntimePermission" name="accessClassInPackage.com.sun.xml.internal.messaging.saaj.soap.impl" }, JavaPermission{actions="POST:AcceptSOAPActionUser-Agent" className="java.net.URLPermission" name="http://localhost:8010/sha2sig/Sha2SigService1" }, JavaPermission{actions="POST:AcceptSOAPActionUser-Agent" className="java.net.URLPermission" name="http://localhost:8010/sha2sig/Sha2SigService2" }, JavaPermission{actions="POST:AcceptSOAPActionUser-Agent" className="java.net.URLPermission" name="http://localhost:8010/sha2sig/Sha2SigService3" }, JavaPermission{actions="POST:AcceptSOAPActionUser-Agent" className="java.net.URLPermission" name="http://localhost:8010/sha2sig/Sha2SigService4" }, JavaPermission{actions="POST:AcceptSOAPActionUser-Agent" className="java.net.URLPermission" name="http://localhost:8010/sha2sig/Sha2SigService5" }, JavaPermission{actions="POST:AcceptSOAPActionUser-Agent" className="java.net.URLPermission" name="http://localhost:8010/sha2sig/Sha2SigService7" }, JavaPermission{actions="POST:AcceptSOAPActionUser-Agent" className="java.net.URLPermission" name="http://localhost:8010/sha2sig/Sha2SigService8" }, JavaPermission{className="java.lang.reflect.ReflectPermission" name="suppressAccessChecks" }, JavaPermission{actions="*" className="org.osgi.framework.AdminPermission" name="*" }, JavaPermission{className="java.lang.RuntimePermission" name="accessClassInPackage.sun.net.www.protocol.c" }, JavaPermission{className="java.security.SecurityPermission" name="org.apache.xml.security.register" }]
[06/06/2021 00:19:25:711 PDT] 001 LibertyFileManager             moveLibertyFile                I Moving C:/Users/Administrator/libertyGit/open-liberty/dev/com.ibm.ws.wssecurity_fat.wsscxf.1/build/libs/autoFVT/publish/servers/com.ibm.ws.wssecurity_fat.sha2sig/server_sha1_wss4j.xml.tmp to C:/Users/Administrator/libertyGit/open-liberty/dev/com.ibm.ws.wssecurity_fat.wsscxf.1/build/libs/autoFVT/publish/servers/com.ibm.ws.wssecurity_fat.sha2sig/server_sha1_wss4j.xml
[06/06/2021 00:19:26:180 PDT] 001 LibertyFileManager             moveLibertyFile                I server_sha1_wss4j.xml was successfully copied.
[06/06/2021 00:19:26:180 PDT] 001 FeatureReplacementAction       setup                          I Original features:  [appsecurity-2.0, jsp-2.2, servlet-3.1, ssl-1.0, usr:wsseccbh-1.0, jaxws-2.2, wssecurity-1.1]
[06/06/2021 00:19:26:180 PDT] 001 FeatureReplacementAction       getReplacementFeature          I Replace feature [ servlet-3.1 ] with [ servlet-4.0 ]
[06/06/2021 00:19:26:180 PDT] 001 FeatureReplacementAction       getReplacementFeature          I Replace feature [ appsecurity-2.0 ] with [ appSecurity-3.0 ]
[06/06/2021 00:19:26:180 PDT] 001 FeatureReplacementAction       getReplacementFeature          I Replace feature [ jaxws-2.2 ] with [ jaxws-2.3 ]
[06/06/2021 00:19:26:180 PDT] 001 FeatureReplacementAction       getReplacementFeature          I Replace feature [ jsp-2.2 ] with [ jsp-2.3 ]
[06/06/2021 00:19:26:180 PDT] 001 FeatureReplacementAction       getReplacementFeature          I Replace feature [ usr:wsseccbh-1.0 ] with [ usr:wsseccbh-2.0 ]
[06/06/2021 00:19:26:180 PDT] 001 FeatureReplacementAction       setup                          I Resulting features: [jsp-2.3, servlet-4.0, usr:wsseccbh-2.0, ssl-1.0, jaxws-2.3, appSecurity-3.0, wssecurity-1.1]
[06/06/2021 00:19:26:195 PDT] 001 FeatureReplacementAction       setup                          I Config: ServerConfiguration
FeatureManager{feature="jsp-2.3" feature="servlet-4.0" feature="usr:wsseccbh-2.0" feature="ssl-1.0" feature="jaxws-2.3" feature="appSecurity-3.0" feature="wssecurity-1.1" }[BasicRegistry{realm="customRealm" User{name="user1" password="security" },User{name="user2" password="security" },User{name="test1" password="test1" },User{name="test2" password="test2" },User{name="user1pw" password="pw8server" },}][IncludeElement{location="../fatTestPorts.xml" }][JavaPermission{actions="read" className="java.io.FilePermission" name="ALL FILES" }, JavaPermission{className="java.lang.RuntimePermission" name="accessClassInPackage.com.sun.xml.internal.messaging.saaj.soap" }, JavaPermission{className="java.lang.RuntimePermission" name="accessClassInPackage.com.sun.xml.internal.messaging.saaj.soap.ver1_1" }, JavaPermission{className="java.lang.RuntimePermission" name="accessClassInPackage.com.sun.xml.internal.messaging.saaj.util" }, JavaPermission{className="java.lang.RuntimePermission" name="accessClassInPackage.com.sun.xml.internal.messaging.saaj.soap.name" }, JavaPermission{className="java.lang.RuntimePermission" name="accessClassInPackage.com.sun.xml.internal.messaging.saaj.soap.impl" }, JavaPermission{actions="POST:AcceptSOAPActionUser-Agent" className="java.net.URLPermission" name="http://localhost:8010/sha2sig/Sha2SigService1" }, JavaPermission{actions="POST:AcceptSOAPActionUser-Agent" className="java.net.URLPermission" name="http://localhost:8010/sha2sig/Sha2SigService2" }, JavaPermission{actions="POST:AcceptSOAPActionUser-Agent" className="java.net.URLPermission" name="http://localhost:8010/sha2sig/Sha2SigService3" }, JavaPermission{actions="POST:AcceptSOAPActionUser-Agent" className="java.net.URLPermission" name="http://localhost:8010/sha2sig/Sha2SigService4" }, JavaPermission{actions="POST:AcceptSOAPActionUser-Agent" className="java.net.URLPermission" name="http://localhost:8010/sha2sig/Sha2SigService5" }, JavaPermission{actions="POST:AcceptSOAPActionUser-Agent" className="java.net.URLPermission" name="http://localhost:8010/sha2sig/Sha2SigService7" }, JavaPermission{actions="POST:AcceptSOAPActionUser-Agent" className="java.net.URLPermission" name="http://localhost:8010/sha2sig/Sha2SigService8" }, JavaPermission{className="java.lang.reflect.ReflectPermission" name="suppressAccessChecks" }, JavaPermission{actions="*" className="org.osgi.framework.AdminPermission" name="*" }, JavaPermission{className="java.lang.RuntimePermission" name="accessClassInPackage.sun.net.www.protocol.c" }, JavaPermission{className="java.security.SecurityPermission" name="org.apache.xml.security.register" }]
[06/06/2021 00:19:26:195 PDT] 001 LibertyFileManager             moveLibertyFile                I Moving C:/Users/Administrator/libertyGit/open-liberty/dev/com.ibm.ws.wssecurity_fat.wsscxf.1/build/libs/autoFVT/publish/servers/com.ibm.ws.wssecurity_fat.sha2sig/server_sha512.xml.tmp to C:/Users/Administrator/libertyGit/open-liberty/dev/com.ibm.ws.wssecurity_fat.wsscxf.1/build/libs/autoFVT/publish/servers/com.ibm.ws.wssecurity_fat.sha2sig/server_sha512.xml
[06/06/2021 00:19:26:664 PDT] 001 LibertyFileManager             moveLibertyFile                I server_sha512.xml was successfully copied.
[06/06/2021 00:19:26:664 PDT] 001 FeatureReplacementAction       setup                          I Original features:  [appsecurity-2.0, jsp-2.2, servlet-3.1, ssl-1.0, usr:wsseccbh-1.0, jaxws-2.2, wssecurity-1.1]
[06/06/2021 00:19:26:664 PDT] 001 FeatureReplacementAction       getReplacementFeature          I Replace feature [ servlet-3.1 ] with [ servlet-4.0 ]
[06/06/2021 00:19:26:664 PDT] 001 FeatureReplacementAction       getReplacementFeature          I Replace feature [ appsecurity-2.0 ] with [ appSecurity-3.0 ]
[06/06/2021 00:19:26:664 PDT] 001 FeatureReplacementAction       getReplacementFeature          I Replace feature [ jaxws-2.2 ] with [ jaxws-2.3 ]
[06/06/2021 00:19:26:664 PDT] 001 FeatureReplacementAction       getReplacementFeature          I Replace feature [ jsp-2.2 ] with [ jsp-2.3 ]
[06/06/2021 00:19:26:664 PDT] 001 FeatureReplacementAction       getReplacementFeature          I Replace feature [ usr:wsseccbh-1.0 ] with [ usr:wsseccbh-2.0 ]
[06/06/2021 00:19:26:664 PDT] 001 FeatureReplacementAction       setup                          I Resulting features: [jsp-2.3, servlet-4.0, usr:wsseccbh-2.0, ssl-1.0, jaxws-2.3, appSecurity-3.0, wssecurity-1.1]
[06/06/2021 00:19:26:680 PDT] 001 FeatureReplacementAction       setup                          I Config: ServerConfiguration
FeatureManager{feature="jsp-2.3" feature="servlet-4.0" feature="usr:wsseccbh-2.0" feature="ssl-1.0" feature="jaxws-2.3" feature="appSecurity-3.0" feature="wssecurity-1.1" }[BasicRegistry{realm="customRealm" User{name="user1" password="security" },User{name="user2" password="security" },User{name="test1" password="test1" },User{name="test2" password="test2" },User{name="user1pw" password="pw8server" },}][Application{name="x509crl" type="war" location="${server.config.dir}/testApps/x509crl.war" [ClassLoaderElement{apiTypeVisibility="" }]}, Application{name="x509crlclient" type="war" location="${server.config.dir}/testApps/x509crlclient.war" [ClassLoaderElement{apiTypeVisibility="" }]}][IncludeElement{location="../fatTestPorts.xml" }][JavaPermission{actions="read" className="java.io.FilePermission" name="ALL FILES" }, JavaPermission{className="java.lang.RuntimePermission" name="accessClassInPackage.com.sun.xml.internal.messaging.saaj.soap" }, JavaPermission{className="java.lang.RuntimePermission" name="accessClassInPackage.com.sun.xml.internal.messaging.saaj.soap.ver1_1" }, JavaPermission{className="java.lang.RuntimePermission" name="accessClassInPackage.com.sun.xml.internal.messaging.saaj.util" }, JavaPermission{className="java.lang.RuntimePermission" name="accessClassInPackage.com.sun.xml.internal.messaging.saaj.soap.name" }, JavaPermission{className="java.lang.RuntimePermission" name="accessClassInPackage.com.sun.xml.internal.messaging.saaj.soap.impl" }, JavaPermission{actions="POST:AcceptSOAPActionUser-Agent" className="java.net.URLPermission" name="http://localhost:8010/x509crl/X509CrlNotInListService" }, JavaPermission{actions="POST:AcceptSOAPActionUser-Agent" className="java.net.URLPermission" name="http://localhost:8010/x509crl/X509CrlInListService" }, JavaPermission{actions="*" className="org.osgi.framework.AdminPermission" name="*" }, JavaPermission{className="java.security.SecurityPermission" name="org.apache.xml.security.register" }, JavaPermission{className="java.lang.RuntimePermission" name="accessClassInPackage.sun.net.www.protocol.c" }, JavaPermission{className="java.lang.RuntimePermission" name="getClassLoader" }]
[06/06/2021 00:19:26:680 PDT] 001 LibertyFileManager             moveLibertyFile                I Moving C:/Users/Administrator/libertyGit/open-liberty/dev/com.ibm.ws.wssecurity_fat.wsscxf.1/build/libs/autoFVT/publish/servers/com.ibm.ws.wssecurity_fat.x509crl/server_certn_wss4j.xml.tmp to C:/Users/Administrator/libertyGit/open-liberty/dev/com.ibm.ws.wssecurity_fat.wsscxf.1/build/libs/autoFVT/publish/servers/com.ibm.ws.wssecurity_fat.x509crl/server_certn_wss4j.xml
[06/06/2021 00:19:27:149 PDT] 001 LibertyFileManager             moveLibertyFile                I server_certn_wss4j.xml was successfully copied.
[06/06/2021 00:19:27:149 PDT] 001 FeatureReplacementAction       setup                          I Original features:  [appsecurity-2.0, jsp-2.2, servlet-3.1, ssl-1.0, usr:wsseccbh-1.0, jaxws-2.2, wssecurity-1.1]
[06/06/2021 00:19:27:149 PDT] 001 FeatureReplacementAction       getReplacementFeature          I Replace feature [ servlet-3.1 ] with [ servlet-4.0 ]
[06/06/2021 00:19:27:149 PDT] 001 FeatureReplacementAction       getReplacementFeature          I Replace feature [ appsecurity-2.0 ] with [ appSecurity-3.0 ]
[06/06/2021 00:19:27:149 PDT] 001 FeatureReplacementAction       getReplacementFeature          I Replace feature [ jaxws-2.2 ] with [ jaxws-2.3 ]
[06/06/2021 00:19:27:149 PDT] 001 FeatureReplacementAction       getReplacementFeature          I Replace feature [ jsp-2.2 ] with [ jsp-2.3 ]
[06/06/2021 00:19:27:149 PDT] 001 FeatureReplacementAction       getReplacementFeature          I Replace feature [ usr:wsseccbh-1.0 ] with [ usr:wsseccbh-2.0 ]
[06/06/2021 00:19:27:149 PDT] 001 FeatureReplacementAction       setup                          I Resulting features: [jsp-2.3, servlet-4.0, usr:wsseccbh-2.0, ssl-1.0, jaxws-2.3, appSecurity-3.0, wssecurity-1.1]
[06/06/2021 00:19:27:165 PDT] 001 FeatureReplacementAction       setup                          I Config: ServerConfiguration
FeatureManager{feature="jsp-2.3" feature="servlet-4.0" feature="usr:wsseccbh-2.0" feature="ssl-1.0" feature="jaxws-2.3" feature="appSecurity-3.0" feature="wssecurity-1.1" }[BasicRegistry{realm="customRealm" User{name="user1" password="security" },User{name="user2" password="security" },User{name="test1" password="test1" },User{name="test2" password="test2" },User{name="user1pw" password="pw8server" },}][IncludeElement{location="../fatTestPorts.xml" }][JavaPermission{actions="read" className="java.io.FilePermission" name="ALL FILES" }, JavaPermission{className="java.lang.RuntimePermission" name="accessClassInPackage.com.sun.xml.internal.messaging.saaj.soap" }, JavaPermission{className="java.lang.RuntimePermission" name="accessClassInPackage.com.sun.xml.internal.messaging.saaj.soap.ver1_1" }, JavaPermission{className="java.lang.RuntimePermission" name="accessClassInPackage.com.sun.xml.internal.messaging.saaj.util" }, JavaPermission{className="java.lang.RuntimePermission" name="accessClassInPackage.com.sun.xml.internal.messaging.saaj.soap.name" }, JavaPermission{className="java.lang.RuntimePermission" name="accessClassInPackage.com.sun.xml.internal.messaging.saaj.soap.impl" }, JavaPermission{actions="POST:AcceptSOAPActionUser-Agent" className="java.net.URLPermission" name="http://localhost:8010/x509sig/X509XmlSigService1" }, JavaPermission{actions="POST:AcceptSOAPActionUser-Agent" className="java.net.URLPermission" name="http://localhost:8010/x509sig/X509XmlStrService1" }, JavaPermission{actions="POST:AcceptSOAPActionUser-Agent" className="java.net.URLPermission" name="http://localhost:8010/x509sig/X509XmlSigService3" }, JavaPermission{actions="POST:AcceptSOAPActionUser-Agent" className="java.net.URLPermission" name="http://localhost:8010/xmlsig/X509XmlSigService1" }, JavaPermission{actions="POST:AcceptSOAPActionUser-Agent" className="java.net.URLPermission" name="http://localhost:8010/x509sig/X509XmlStrService2" }, JavaPermission{actions="read" className="java.util.PropertyPermission" name="javax.xml.soap.MessageFactory" }, JavaPermission{actions="*" className="org.osgi.framework.AdminPermission" name="*" }, JavaPermission{className="java.security.SecurityPermission" name="org.apache.xml.security.register" }, JavaPermission{className="java.lang.RuntimePermission" name="accessClassInPackage.sun.net.www.protocol.c" }]
[06/06/2021 00:19:27:165 PDT] 001 LibertyFileManager             moveLibertyFile                I Moving C:/Users/Administrator/libertyGit/open-liberty/dev/com.ibm.ws.wssecurity_fat.wsscxf.1/build/libs/autoFVT/publish/servers/com.ibm.ws.wssecurity_fat.x509sig/server_badclpwd_wss4j.xml.tmp to C:/Users/Administrator/libertyGit/open-liberty/dev/com.ibm.ws.wssecurity_fat.wsscxf.1/build/libs/autoFVT/publish/servers/com.ibm.ws.wssecurity_fat.x509sig/server_badclpwd_wss4j.xml
[06/06/2021 00:19:27:630 PDT] 001 LibertyFileManager             moveLibertyFile                I server_badclpwd_wss4j.xml was successfully copied.
[06/06/2021 00:19:27:633 PDT] 001 FeatureReplacementAction       setup                          I Original features:  [appsecurity-2.0, jsp-2.2, servlet-3.1, ssl-1.0, usr:wsseccbh-1.0, jaxws-2.2, wssecurity-1.1]
[06/06/2021 00:19:27:633 PDT] 001 FeatureReplacementAction       getReplacementFeature          I Replace feature [ servlet-3.1 ] with [ servlet-4.0 ]
[06/06/2021 00:19:27:633 PDT] 001 FeatureReplacementAction       getReplacementFeature          I Replace feature [ appsecurity-2.0 ] with [ appSecurity-3.0 ]
[06/06/2021 00:19:27:633 PDT] 001 FeatureReplacementAction       getReplacementFeature          I Replace feature [ jaxws-2.2 ] with [ jaxws-2.3 ]
[06/06/2021 00:19:27:633 PDT] 001 FeatureReplacementAction       getReplacementFeature          I Replace feature [ jsp-2.2 ] with [ jsp-2.3 ]
[06/06/2021 00:19:27:633 PDT] 001 FeatureReplacementAction       getReplacementFeature          I Replace feature [ usr:wsseccbh-1.0 ] with [ usr:wsseccbh-2.0 ]
[06/06/2021 00:19:27:633 PDT] 001 FeatureReplacementAction       setup                          I Resulting features: [jsp-2.3, servlet-4.0, usr:wsseccbh-2.0, ssl-1.0, jaxws-2.3, appSecurity-3.0, wssecurity-1.1]
[06/06/2021 00:19:27:649 PDT] 001 FeatureReplacementAction       setup                          I Config: ServerConfiguration
FeatureManager{feature="jsp-2.3" feature="servlet-4.0" feature="usr:wsseccbh-2.0" feature="ssl-1.0" feature="jaxws-2.3" feature="appSecurity-3.0" feature="wssecurity-1.1" }[BasicRegistry{realm="customRealm" User{name="user1" password="security" },User{name="user2" password="security" },User{name="test1" password="test1" },User{name="test2" password="test2" },User{name="user1pw" password="pw8server" },}][IncludeElement{location="../fatTestPorts.xml" }][JavaPermission{actions="read" className="java.io.FilePermission" name="ALL FILES" }, JavaPermission{className="java.lang.RuntimePermission" name="accessClassInPackage.com.sun.xml.internal.messaging.saaj.soap" }, JavaPermission{className="java.lang.RuntimePermission" name="accessClassInPackage.com.sun.xml.internal.messaging.saaj.soap.ver1_1" }, JavaPermission{className="java.lang.RuntimePermission" name="accessClassInPackage.com.sun.xml.internal.messaging.saaj.util" }, JavaPermission{className="java.lang.RuntimePermission" name="accessClassInPackage.com.sun.xml.internal.messaging.saaj.soap.name" }, JavaPermission{className="java.lang.RuntimePermission" name="accessClassInPackage.com.sun.xml.internal.messaging.saaj.soap.impl" }, JavaPermission{actions="POST:AcceptSOAPActionUser-Agent" className="java.net.URLPermission" name="http://localhost:8010/wss11sig/WSS11SigService1" }, JavaPermission{actions="POST:AcceptSOAPActionUser-Agent" className="java.net.URLPermission" name="http://localhost:8010/wss11sig/WSS11SigService2" }, JavaPermission{actions="POST:AcceptSOAPActionUser-Agent" className="java.net.URLPermission" name="http://localhost:8010/wss11sig/WSS11SigService4" }, JavaPermission{actions="POST:AcceptSOAPActionUser-Agent" className="java.net.URLPermission" name="http://localhost:8010/wss11sig/WSS11SigService5" }, JavaPermission{actions="POST:AcceptSOAPActionUser-Agent" className="java.net.URLPermission" name="http://localhost:8010/wss11sig/WSS11SigService6" }, JavaPermission{actions="POST:AcceptSOAPActionUser-Agent" className="java.net.URLPermission" name="http://localhost:8010/wss11sig/WSS11SigService6a" }, JavaPermission{actions="POST:AcceptSOAPActionUser-Agent" className="java.net.URLPermission" name="http://localhost:8010/wss11sig/WSS11SigService7" }, JavaPermission{actions="POST:AcceptSOAPActionUser-Agent" className="java.net.URLPermission" name="http://localhost:8010/wss11sig/WSS11SigService7a" }, JavaPermission{actions="POST:AcceptSOAPActionUser-Agent" className="java.net.URLPermission" name="http://localhost:8010/wss11sig/WSS11SigService8" }, JavaPermission{actions="*" className="org.osgi.framework.AdminPermission" name="*" }, JavaPermission{className="java.security.SecurityPermission" name="org.apache.xml.security.register" }, JavaPermission{className="java.lang.RuntimePermission" name="accessClassInPackage.sun.net.www.protocol.c" }]
[06/06/2021 00:19:27:649 PDT] 001 LibertyFileManager             moveLibertyFile                I Moving C:/Users/Administrator/libertyGit/open-liberty/dev/com.ibm.ws.wssecurity_fat.wsscxf.1/build/libs/autoFVT/publish/servers/com.ibm.ws.wssecurity_fat.wss11sig/server_wss4j.xml.tmp to C:/Users/Administrator/libertyGit/open-liberty/dev/com.ibm.ws.wssecurity_fat.wsscxf.1/build/libs/autoFVT/publish/servers/com.ibm.ws.wssecurity_fat.wss11sig/server_wss4j.xml
[06/06/2021 00:19:28:112 PDT] 001 LibertyFileManager             moveLibertyFile                I server_wss4j.xml was successfully copied.
[06/06/2021 00:19:28:112 PDT] 001 FeatureReplacementAction       setup                          I Original features:  [appsecurity-2.0, jsp-2.2, servlet-3.1, ssl-1.0, usr:wsseccbh-1.0, jaxws-2.2, wssecurity-1.1]
[06/06/2021 00:19:28:112 PDT] 001 FeatureReplacementAction       getReplacementFeature          I Replace feature [ servlet-3.1 ] with [ servlet-4.0 ]
[06/06/2021 00:19:28:128 PDT] 001 FeatureReplacementAction       getReplacementFeature          I Replace feature [ appsecurity-2.0 ] with [ appSecurity-3.0 ]
[06/06/2021 00:19:28:129 PDT] 001 FeatureReplacementAction       getReplacementFeature          I Replace feature [ jaxws-2.2 ] with [ jaxws-2.3 ]
[06/06/2021 00:19:28:130 PDT] 001 FeatureReplacementAction       getReplacementFeature          I Replace feature [ jsp-2.2 ] with [ jsp-2.3 ]
[06/06/2021 00:19:28:130 PDT] 001 FeatureReplacementAction       getReplacementFeature          I Replace feature [ usr:wsseccbh-1.0 ] with [ usr:wsseccbh-2.0 ]
[06/06/2021 00:19:28:131 PDT] 001 FeatureReplacementAction       setup                          I Resulting features: [jsp-2.3, servlet-4.0, usr:wsseccbh-2.0, ssl-1.0, jaxws-2.3, appSecurity-3.0, wssecurity-1.1]
[06/06/2021 00:19:28:134 PDT] 001 FeatureReplacementAction       setup                          I Config: ServerConfiguration
FeatureManager{feature="jsp-2.3" feature="servlet-4.0" feature="usr:wsseccbh-2.0" feature="ssl-1.0" feature="jaxws-2.3" feature="appSecurity-3.0" feature="wssecurity-1.1" }[BasicRegistry{realm="customRealm" User{name="user1" password="security" },User{name="user2" password="security" },User{name="test1" password="test1" },User{name="test2" password="test2" },User{name="user1pw" password="pw8server" },}][IncludeElement{location="../fatTestPorts.xml" }][JavaPermission{actions="read" className="java.io.FilePermission" name="ALL FILES" }, JavaPermission{className="java.lang.RuntimePermission" name="accessClassInPackage.com.sun.xml.internal.messaging.saaj.soap" }, JavaPermission{className="java.lang.RuntimePermission" name="accessClassInPackage.com.sun.xml.internal.messaging.saaj.soap.ver1_1" }, JavaPermission{className="java.lang.RuntimePermission" name="accessClassInPackage.com.sun.xml.internal.messaging.saaj.util" }, JavaPermission{className="java.lang.RuntimePermission" name="accessClassInPackage.com.sun.xml.internal.messaging.saaj.soap.name" }, JavaPermission{className="java.lang.RuntimePermission" name="accessClassInPackage.com.sun.xml.internal.messaging.saaj.soap.impl" }, JavaPermission{actions="POST:AcceptSOAPActionUser-Agent" className="java.net.URLPermission" name="http://localhost:8010/x509sig/X509XmlSigService1" }, JavaPermission{actions="POST:AcceptSOAPActionUser-Agent" className="java.net.URLPermission" name="http://localhost:8010/x509sig/X509XmlStrService1" }, JavaPermission{actions="POST:AcceptSOAPActionUser-Agent" className="java.net.URLPermission" name="http://localhost:8010/x509sig/X509XmlSigService3" }, JavaPermission{actions="POST:AcceptSOAPActionUser-Agent" className="java.net.URLPermission" name="http://localhost:8010/xmlsig/X509XmlSigService1" }, JavaPermission{actions="POST:AcceptSOAPActionUser-Agent" className="java.net.URLPermission" name="http://localhost:8010/x509sig/X509XmlStrService2" }, JavaPermission{actions="read" className="java.util.PropertyPermission" name="javax.xml.soap.MessageFactory" }, JavaPermission{actions="*" className="org.osgi.framework.AdminPermission" name="*" }, JavaPermission{className="java.security.SecurityPermission" name="org.apache.xml.security.register" }, JavaPermission{className="java.lang.RuntimePermission" name="accessClassInPackage.sun.net.www.protocol.c" }]
[06/06/2021 00:19:28:134 PDT] 001 LibertyFileManager             moveLibertyFile                I Moving C:/Users/Administrator/libertyGit/open-liberty/dev/com.ibm.ws.wssecurity_fat.wsscxf.1/build/libs/autoFVT/publish/servers/com.ibm.ws.wssecurity_fat.x509sig/server.xml.tmp to C:/Users/Administrator/libertyGit/open-liberty/dev/com.ibm.ws.wssecurity_fat.wsscxf.1/build/libs/autoFVT/publish/servers/com.ibm.ws.wssecurity_fat.x509sig/server.xml
[06/06/2021 00:19:28:597 PDT] 001 LibertyFileManager             moveLibertyFile                I server.xml was successfully copied.
[06/06/2021 00:19:28:597 PDT] 001 FeatureReplacementAction       setup                          I Original features:  [appsecurity-2.0, jsp-2.2, servlet-3.1, ssl-1.0, usr:wsseccbh-1.0, jaxws-2.2, wssecurity-1.1]
[06/06/2021 00:19:28:597 PDT] 001 FeatureReplacementAction       getReplacementFeature          I Replace feature [ servlet-3.1 ] with [ servlet-4.0 ]
[06/06/2021 00:19:28:597 PDT] 001 FeatureReplacementAction       getReplacementFeature          I Replace feature [ appsecurity-2.0 ] with [ appSecurity-3.0 ]
[06/06/2021 00:19:28:597 PDT] 001 FeatureReplacementAction       getReplacementFeature          I Replace feature [ jaxws-2.2 ] with [ jaxws-2.3 ]
[06/06/2021 00:19:28:597 PDT] 001 FeatureReplacementAction       getReplacementFeature          I Replace feature [ jsp-2.2 ] with [ jsp-2.3 ]
[06/06/2021 00:19:28:597 PDT] 001 FeatureReplacementAction       getReplacementFeature          I Replace feature [ usr:wsseccbh-1.0 ] with [ usr:wsseccbh-2.0 ]
[06/06/2021 00:19:28:597 PDT] 001 FeatureReplacementAction       setup                          I Resulting features: [jsp-2.3, servlet-4.0, usr:wsseccbh-2.0, ssl-1.0, jaxws-2.3, appSecurity-3.0, wssecurity-1.1]
[06/06/2021 00:19:28:597 PDT] 001 FeatureReplacementAction       setup                          I Config: ServerConfiguration
FeatureManager{feature="jsp-2.3" feature="servlet-4.0" feature="usr:wsseccbh-2.0" feature="ssl-1.0" feature="jaxws-2.3" feature="appSecurity-3.0" feature="wssecurity-1.1" }[BasicRegistry{realm="customRealm" User{name="user1" password="security" },User{name="user2" password="security" },User{name="test1" password="test1" },User{name="test2" password="test2" },User{name="user1pw" password="pw8server" },}][IncludeElement{location="../fatTestPorts.xml" }]
[06/06/2021 00:19:28:612 PDT] 001 LibertyFileManager             moveLibertyFile                I Moving C:/Users/Administrator/libertyGit/open-liberty/dev/com.ibm.ws.wssecurity_fat.wsscxf.1/build/libs/autoFVT/publish/servers/com.ibm.ws.wssecurity_fat.sha2sig/server_orig_wss4j.xml.tmp to C:/Users/Administrator/libertyGit/open-liberty/dev/com.ibm.ws.wssecurity_fat.wsscxf.1/build/libs/autoFVT/publish/servers/com.ibm.ws.wssecurity_fat.sha2sig/server_orig_wss4j.xml
[06/06/2021 00:19:29:082 PDT] 001 LibertyFileManager             moveLibertyFile                I server_orig_wss4j.xml was successfully copied.
[06/06/2021 00:19:29:082 PDT] 001 FeatureReplacementAction       setup                          I Original features:  [appsecurity-2.0, jsp-2.2, servlet-3.1, ssl-1.0, usr:wsseccbh-1.0, jaxws-2.2, wssecurity-1.1]
[06/06/2021 00:19:29:082 PDT] 001 FeatureReplacementAction       getReplacementFeature          I Replace feature [ servlet-3.1 ] with [ servlet-4.0 ]
[06/06/2021 00:19:29:082 PDT] 001 FeatureReplacementAction       getReplacementFeature          I Replace feature [ appsecurity-2.0 ] with [ appSecurity-3.0 ]
[06/06/2021 00:19:29:082 PDT] 001 FeatureReplacementAction       getReplacementFeature          I Replace feature [ jaxws-2.2 ] with [ jaxws-2.3 ]
[06/06/2021 00:19:29:082 PDT] 001 FeatureReplacementAction       getReplacementFeature          I Replace feature [ jsp-2.2 ] with [ jsp-2.3 ]
[06/06/2021 00:19:29:082 PDT] 001 FeatureReplacementAction       getReplacementFeature          I Replace feature [ usr:wsseccbh-1.0 ] with [ usr:wsseccbh-2.0 ]
[06/06/2021 00:19:29:082 PDT] 001 FeatureReplacementAction       setup                          I Resulting features: [jsp-2.3, servlet-4.0, usr:wsseccbh-2.0, ssl-1.0, jaxws-2.3, appSecurity-3.0, wssecurity-1.1]
[06/06/2021 00:19:29:097 PDT] 001 FeatureReplacementAction       setup                          I Config: ServerConfiguration
FeatureManager{feature="jsp-2.3" feature="servlet-4.0" feature="usr:wsseccbh-2.0" feature="ssl-1.0" feature="jaxws-2.3" feature="appSecurity-3.0" feature="wssecurity-1.1" }[BasicRegistry{realm="customRealm" User{name="user1" password="security" },User{name="user2" password="security" },User{name="test1" password="test1" },User{name="test2" password="test2" },User{name="user1pw" password="pw8server" },}][Application{name="x509crl" type="war" location="${server.config.dir}/testApps/x509crl.war" [ClassLoaderElement{apiTypeVisibility="" }]}, Application{name="x509crlclient" type="war" location="${server.config.dir}/testApps/x509crlclient.war" [ClassLoaderElement{apiTypeVisibility="" }]}][IncludeElement{location="../fatTestPorts.xml" }][JavaPermission{actions="read" className="java.io.FilePermission" name="ALL FILES" }, JavaPermission{className="java.lang.RuntimePermission" name="accessClassInPackage.com.sun.xml.internal.messaging.saaj.soap" }, JavaPermission{className="java.lang.RuntimePermission" name="accessClassInPackage.com.sun.xml.internal.messaging.saaj.soap.ver1_1" }, JavaPermission{className="java.lang.RuntimePermission" name="accessClassInPackage.com.sun.xml.internal.messaging.saaj.util" }, JavaPermission{className="java.lang.RuntimePermission" name="accessClassInPackage.com.sun.xml.internal.messaging.saaj.soap.name" }, JavaPermission{className="java.lang.RuntimePermission" name="accessClassInPackage.com.sun.xml.internal.messaging.saaj.soap.impl" }, JavaPermission{actions="POST:AcceptSOAPActionUser-Agent" className="java.net.URLPermission" name="http://localhost:8010/x509crl/X509CrlNotInListService" }, JavaPermission{actions="POST:AcceptSOAPActionUser-Agent" className="java.net.URLPermission" name="http://localhost:8010/x509crl/X509CrlInListService" }, JavaPermission{actions="*" className="org.osgi.framework.AdminPermission" name="*" }, JavaPermission{className="java.security.SecurityPermission" name="org.apache.xml.security.register" }, JavaPermission{className="java.lang.RuntimePermission" name="accessClassInPackage.sun.net.www.protocol.c" }, JavaPermission{className="java.lang.RuntimePermission" name="getClassLoader" }]
[06/06/2021 00:19:29:097 PDT] 001 LibertyFileManager             moveLibertyFile                I Moving C:/Users/Administrator/libertyGit/open-liberty/dev/com.ibm.ws.wssecurity_fat.wsscxf.1/build/libs/autoFVT/publish/servers/com.ibm.ws.wssecurity_fat.x509crl/server.xml.tmp to C:/Users/Administrator/libertyGit/open-liberty/dev/com.ibm.ws.wssecurity_fat.wsscxf.1/build/libs/autoFVT/publish/servers/com.ibm.ws.wssecurity_fat.x509crl/server.xml
[06/06/2021 00:19:29:567 PDT] 001 LibertyFileManager             moveLibertyFile                I server.xml was successfully copied.
[06/06/2021 00:19:29:567 PDT] 001 FeatureReplacementAction       setup                          I Original features:  [appsecurity-2.0, jsp-2.2, servlet-3.1, ssl-1.0, usr:wsseccbh-1.0, jaxws-2.2, wssecurity-1.1]
[06/06/2021 00:19:29:567 PDT] 001 FeatureReplacementAction       getReplacementFeature          I Replace feature [ servlet-3.1 ] with [ servlet-4.0 ]
[06/06/2021 00:19:29:567 PDT] 001 FeatureReplacementAction       getReplacementFeature          I Replace feature [ appsecurity-2.0 ] with [ appSecurity-3.0 ]
[06/06/2021 00:19:29:567 PDT] 001 FeatureReplacementAction       getReplacementFeature          I Replace feature [ jaxws-2.2 ] with [ jaxws-2.3 ]
[06/06/2021 00:19:29:567 PDT] 001 FeatureReplacementAction       getReplacementFeature          I Replace feature [ jsp-2.2 ] with [ jsp-2.3 ]
[06/06/2021 00:19:29:582 PDT] 001 FeatureReplacementAction       getReplacementFeature          I Replace feature [ usr:wsseccbh-1.0 ] with [ usr:wsseccbh-2.0 ]
[06/06/2021 00:19:29:582 PDT] 001 FeatureReplacementAction       setup                          I Resulting features: [jsp-2.3, servlet-4.0, usr:wsseccbh-2.0, ssl-1.0, jaxws-2.3, appSecurity-3.0, wssecurity-1.1]
[06/06/2021 00:19:29:582 PDT] 001 FeatureReplacementAction       setup                          I Config: ServerConfiguration
FeatureManager{feature="jsp-2.3" feature="servlet-4.0" feature="usr:wsseccbh-2.0" feature="ssl-1.0" feature="jaxws-2.3" feature="appSecurity-3.0" feature="wssecurity-1.1" }[BasicRegistry{realm="customRealm" User{name="user1" password="security" },User{name="user2" password="security" },User{name="test1" password="test1" },User{name="test2" password="test2" },User{name="user1pw" password="pw8server" },}][IncludeElement{location="../fatTestPorts.xml" }]
[06/06/2021 00:19:29:582 PDT] 001 LibertyFileManager             moveLibertyFile                I Moving C:/Users/Administrator/libertyGit/open-liberty/dev/com.ibm.ws.wssecurity_fat.wsscxf.1/build/libs/autoFVT/publish/servers/com.ibm.ws.wssecurity_fat.x509async/server_orig.xml.tmp to C:/Users/Administrator/libertyGit/open-liberty/dev/com.ibm.ws.wssecurity_fat.wsscxf.1/build/libs/autoFVT/publish/servers/com.ibm.ws.wssecurity_fat.x509async/server_orig.xml
[06/06/2021 00:19:30:051 PDT] 001 LibertyFileManager             moveLibertyFile                I server_orig.xml was successfully copied.
[06/06/2021 00:19:30:051 PDT] 001 FeatureReplacementAction       setup                          I Original features:  [appsecurity-2.0, jsp-2.2, servlet-3.1, ssl-1.0, usr:wsseccbh-1.0, jaxws-2.2, wssecurity-1.1]
[06/06/2021 00:19:30:051 PDT] 001 FeatureReplacementAction       getReplacementFeature          I Replace feature [ servlet-3.1 ] with [ servlet-4.0 ]
[06/06/2021 00:19:30:051 PDT] 001 FeatureReplacementAction       getReplacementFeature          I Replace feature [ appsecurity-2.0 ] with [ appSecurity-3.0 ]
[06/06/2021 00:19:30:051 PDT] 001 FeatureReplacementAction       getReplacementFeature          I Replace feature [ jaxws-2.2 ] with [ jaxws-2.3 ]
[06/06/2021 00:19:30:051 PDT] 001 FeatureReplacementAction       getReplacementFeature          I Replace feature [ jsp-2.2 ] with [ jsp-2.3 ]
[06/06/2021 00:19:30:051 PDT] 001 FeatureReplacementAction       getReplacementFeature          I Replace feature [ usr:wsseccbh-1.0 ] with [ usr:wsseccbh-2.0 ]
[06/06/2021 00:19:30:051 PDT] 001 FeatureReplacementAction       setup                          I Resulting features: [jsp-2.3, servlet-4.0, usr:wsseccbh-2.0, ssl-1.0, jaxws-2.3, appSecurity-3.0, wssecurity-1.1]
[06/06/2021 00:19:30:066 PDT] 001 FeatureReplacementAction       setup                          I Config: ServerConfiguration
FeatureManager{feature="jsp-2.3" feature="servlet-4.0" feature="usr:wsseccbh-2.0" feature="ssl-1.0" feature="jaxws-2.3" feature="appSecurity-3.0" feature="wssecurity-1.1" }[IncludeElement{location="../fatTestPorts.xml" }][JavaPermission{actions="read" className="java.io.FilePermission" name="ALL FILES" }, JavaPermission{className="java.lang.RuntimePermission" name="accessClassInPackage.com.sun.xml.internal.messaging.saaj.soap" }, JavaPermission{className="java.lang.RuntimePermission" name="accessClassInPackage.com.sun.xml.internal.messaging.saaj.soap.ver1_1" }, JavaPermission{className="java.lang.RuntimePermission" name="accessClassInPackage.com.sun.xml.internal.messaging.saaj.util" }, JavaPermission{className="java.lang.RuntimePermission" name="accessClassInPackage.com.sun.xml.internal.messaging.saaj.soap.name" }, JavaPermission{className="java.lang.RuntimePermission" name="accessClassInPackage.com.sun.xml.internal.messaging.saaj.soap.impl" }, JavaPermission{actions="POST:AcceptSOAPActionUser-Agent" className="java.net.URLPermission" name="http://localhost:8010/sha2sig/Sha2SigService1" }, JavaPermission{actions="POST:AcceptSOAPActionUser-Agent" className="java.net.URLPermission" name="http://localhost:8010/sha2sig/Sha2SigService2" }, JavaPermission{actions="POST:AcceptSOAPActionUser-Agent" className="java.net.URLPermission" name="http://localhost:8010/sha2sig/Sha2SigService3" }, JavaPermission{actions="POST:AcceptSOAPActionUser-Agent" className="java.net.URLPermission" name="http://localhost:8010/sha2sig/Sha2SigService4" }, JavaPermission{actions="POST:AcceptSOAPActionUser-Agent" className="java.net.URLPermission" name="http://localhost:8010/sha2sig/Sha2SigService5" }, JavaPermission{actions="POST:AcceptSOAPActionUser-Agent" className="java.net.URLPermission" name="http://localhost:8010/sha2sig/Sha2SigService7" }, JavaPermission{actions="POST:AcceptSOAPActionUser-Agent" className="java.net.URLPermission" name="http://localhost:8010/sha2sig/Sha2SigService8" }, JavaPermission{className="java.lang.reflect.ReflectPermission" name="suppressAccessChecks" }, JavaPermission{actions="*" className="org.osgi.framework.AdminPermission" name="*" }, JavaPermission{className="java.lang.RuntimePermission" name="accessClassInPackage.sun.net.www.protocol.c" }, JavaPermission{className="java.security.SecurityPermission" name="org.apache.xml.security.register" }]
[06/06/2021 00:19:30:066 PDT] 001 LibertyFileManager             moveLibertyFile                I Moving C:/Users/Administrator/libertyGit/open-liberty/dev/com.ibm.ws.wssecurity_fat.wsscxf.1/build/libs/autoFVT/publish/servers/com.ibm.ws.wssecurity_fat.sha2sig/server_sha3sym.xml.tmp to C:/Users/Administrator/libertyGit/open-liberty/dev/com.ibm.ws.wssecurity_fat.wsscxf.1/build/libs/autoFVT/publish/servers/com.ibm.ws.wssecurity_fat.sha2sig/server_sha3sym.xml
[06/06/2021 00:19:30:536 PDT] 001 LibertyFileManager             moveLibertyFile                I server_sha3sym.xml was successfully copied.
[06/06/2021 00:19:30:536 PDT] 001 FeatureReplacementAction       setup                          I Original features:  [appsecurity-2.0, jsp-2.2, servlet-3.1, ssl-1.0, usr:wsseccbh-1.0, jaxws-2.2, wssecurity-1.1]
[06/06/2021 00:19:30:536 PDT] 001 FeatureReplacementAction       getReplacementFeature          I Replace feature [ servlet-3.1 ] with [ servlet-4.0 ]
[06/06/2021 00:19:30:536 PDT] 001 FeatureReplacementAction       getReplacementFeature          I Replace feature [ appsecurity-2.0 ] with [ appSecurity-3.0 ]
[06/06/2021 00:19:30:536 PDT] 001 FeatureReplacementAction       getReplacementFeature          I Replace feature [ jaxws-2.2 ] with [ jaxws-2.3 ]
[06/06/2021 00:19:30:536 PDT] 001 FeatureReplacementAction       getReplacementFeature          I Replace feature [ jsp-2.2 ] with [ jsp-2.3 ]
[06/06/2021 00:19:30:536 PDT] 001 FeatureReplacementAction       getReplacementFeature          I Replace feature [ usr:wsseccbh-1.0 ] with [ usr:wsseccbh-2.0 ]
[06/06/2021 00:19:30:536 PDT] 001 FeatureReplacementAction       setup                          I Resulting features: [jsp-2.3, servlet-4.0, usr:wsseccbh-2.0, ssl-1.0, jaxws-2.3, appSecurity-3.0, wssecurity-1.1]
[06/06/2021 00:19:30:536 PDT] 001 FeatureReplacementAction       setup                          I Config: ServerConfiguration
FeatureManager{feature="jsp-2.3" feature="servlet-4.0" feature="usr:wsseccbh-2.0" feature="ssl-1.0" feature="jaxws-2.3" feature="appSecurity-3.0" feature="wssecurity-1.1" }[IncludeElement{location="../fatTestPorts.xml" }][JavaPermission{actions="read" className="java.io.FilePermission" name="ALL FILES" }, JavaPermission{className="java.lang.RuntimePermission" name="accessClassInPackage.com.sun.xml.internal.messaging.saaj.soap" }, JavaPermission{className="java.lang.RuntimePermission" name="accessClassInPackage.com.sun.xml.internal.messaging.saaj.soap.ver1_1" }, JavaPermission{className="java.lang.RuntimePermission" name="accessClassInPackage.com.sun.xml.internal.messaging.saaj.util" }, JavaPermission{className="java.lang.RuntimePermission" name="accessClassInPackage.com.sun.xml.internal.messaging.saaj.soap.name" }, JavaPermission{className="java.lang.RuntimePermission" name="accessClassInPackage.com.sun.xml.internal.messaging.saaj.soap.impl" }, JavaPermission{actions="POST:AcceptSOAPActionUser-Agent" className="java.net.URLPermission" name="http://localhost:8010/sha2sig/Sha2SigService1" }, JavaPermission{actions="POST:AcceptSOAPActionUser-Agent" className="java.net.URLPermission" name="http://localhost:8010/sha2sig/Sha2SigService2" }, JavaPermission{actions="POST:AcceptSOAPActionUser-Agent" className="java.net.URLPermission" name="http://localhost:8010/sha2sig/Sha2SigService3" }, JavaPermission{actions="POST:AcceptSOAPActionUser-Agent" className="java.net.URLPermission" name="http://localhost:8010/sha2sig/Sha2SigService4" }, JavaPermission{actions="POST:AcceptSOAPActionUser-Agent" className="java.net.URLPermission" name="http://localhost:8010/sha2sig/Sha2SigService5" }, JavaPermission{actions="POST:AcceptSOAPActionUser-Agent" className="java.net.URLPermission" name="http://localhost:8010/sha2sig/Sha2SigService7" }, JavaPermission{actions="POST:AcceptSOAPActionUser-Agent" className="java.net.URLPermission" name="http://localhost:8010/sha2sig/Sha2SigService8" }, JavaPermission{className="java.lang.reflect.ReflectPermission" name="suppressAccessChecks" }, JavaPermission{actions="*" className="org.osgi.framework.AdminPermission" name="*" }, JavaPermission{className="java.lang.RuntimePermission" name="accessClassInPackage.sun.net.www.protocol.c" }, JavaPermission{className="java.security.SecurityPermission" name="org.apache.xml.security.register" }]
[06/06/2021 00:19:30:552 PDT] 001 LibertyFileManager             moveLibertyFile                I Moving C:/Users/Administrator/libertyGit/open-liberty/dev/com.ibm.ws.wssecurity_fat.wsscxf.1/build/libs/autoFVT/publish/servers/com.ibm.ws.wssecurity_fat.sha2sig/server_sha5sym.xml.tmp to C:/Users/Administrator/libertyGit/open-liberty/dev/com.ibm.ws.wssecurity_fat.wsscxf.1/build/libs/autoFVT/publish/servers/com.ibm.ws.wssecurity_fat.sha2sig/server_sha5sym.xml
[06/06/2021 00:19:31:014 PDT] 001 LibertyFileManager             moveLibertyFile                I server_sha5sym.xml was successfully copied.
[06/06/2021 00:19:31:014 PDT] 001 FeatureReplacementAction       setup                          I Original features:  [appsecurity-2.0, jsp-2.2, servlet-3.1, ssl-1.0, usr:wsseccbh-1.0, jaxws-2.2, wssecurity-1.1]
[06/06/2021 00:19:31:014 PDT] 001 FeatureReplacementAction       getReplacementFeature          I Replace feature [ servlet-3.1 ] with [ servlet-4.0 ]
[06/06/2021 00:19:31:014 PDT] 001 FeatureReplacementAction       getReplacementFeature          I Replace feature [ appsecurity-2.0 ] with [ appSecurity-3.0 ]
[06/06/2021 00:19:31:014 PDT] 001 FeatureReplacementAction       getReplacementFeature          I Replace feature [ jaxws-2.2 ] with [ jaxws-2.3 ]
[06/06/2021 00:19:31:014 PDT] 001 FeatureReplacementAction       getReplacementFeature          I Replace feature [ jsp-2.2 ] with [ jsp-2.3 ]
[06/06/2021 00:19:31:014 PDT] 001 FeatureReplacementAction       getReplacementFeature          I Replace feature [ usr:wsseccbh-1.0 ] with [ usr:wsseccbh-2.0 ]
[06/06/2021 00:19:31:014 PDT] 001 FeatureReplacementAction       setup                          I Resulting features: [jsp-2.3, servlet-4.0, usr:wsseccbh-2.0, ssl-1.0, jaxws-2.3, appSecurity-3.0, wssecurity-1.1]
[06/06/2021 00:19:31:034 PDT] 001 FeatureReplacementAction       setup                          I Config: ServerConfiguration
FeatureManager{feature="jsp-2.3" feature="servlet-4.0" feature="usr:wsseccbh-2.0" feature="ssl-1.0" feature="jaxws-2.3" feature="appSecurity-3.0" feature="wssecurity-1.1" }[BasicRegistry{realm="customRealm" User{name="user1" password="security" },User{name="user2" password="security" },User{name="test1" password="test1" },User{name="test2" password="test2" },User{name="test3" password="test3" },User{name="test4" password="test4" },User{name="admin" password="admin" },User{name="bob" password="bob" },User{name="joe" password="joe" },User{name="user1pw" password="pw8server" },}][IncludeElement{location="../fatTestPorts.xml" }]SSLDefault{sslRef="DefaultSSLSettings" }[SSL{keyStoreRef="myKeyStore" trustStoreRef="myTrustStore" }][KeyStore{password="Liberty" location="${server.config.dir}/key.jks" type="jks" }, KeyStore{password="LibertyServer" location="${server.config.dir}/sslServerTrust.jks" type="jks" }][JavaPermission{actions="read" className="java.io.FilePermission" name="ALL FILES" }, JavaPermission{actions="read" className="java.util.PropertyPermission" name="javax.xml.soap.MessageFactory" }, JavaPermission{className="java.lang.RuntimePermission" name="accessClassInPackage.com.sun.xml.internal.messaging.saaj.soap" }, JavaPermission{className="java.lang.RuntimePermission" name="accessClassInPackage.com.sun.xml.internal.messaging.saaj.soap.ver1_1" }, JavaPermission{className="java.lang.RuntimePermission" name="accessClassInPackage.com.sun.xml.internal.messaging.saaj.util" }, JavaPermission{className="java.lang.RuntimePermission" name="accessClassInPackage.com.sun.xml.internal.messaging.saaj.soap.name" }, JavaPermission{className="java.lang.RuntimePermission" name="accessClassInPackage.com.sun.xml.internal.messaging.saaj.soap.impl" }, JavaPermission{actions="POST:AcceptSOAPActionUser-Agent" className="java.net.URLPermission" name="https://localhost:8020/endsuptokens/EndSupTokensService0" }, JavaPermission{actions="POST:AcceptSOAPActionUser-Agent" className="java.net.URLPermission" name="http://localhost:8010/endsuptokens/EndSupTokensService4" }, JavaPermission{actions="POST:AcceptSOAPActionUser-Agent" className="java.net.URLPermission" name="https://localhost:8020/endsuptokens/EndSupTokensService0Body" }, JavaPermission{actions="POST:AcceptSOAPActionUser-Agent" className="java.net.URLPermission" name="http://localhost:8010/endsuptokens/EndSupTokensService5" }, JavaPermission{actions="POST:AcceptSOAPActionUser-Agent" className="java.net.URLPermission" name="https://localhost:8020/endsuptokens/EndSupTokensService0BodyElement" }, JavaPermission{actions="POST:AcceptSOAPActionUser-Agent" className="java.net.URLPermission" name="http://localhost:8010/endsuptokens/EndSupTokensService6" }, JavaPermission{actions="POST:AcceptSOAPActionUser-Agent" className="java.net.URLPermission" name="https://localhost:8020/endsuptokens/EndSupTokensService1" }, JavaPermission{actions="POST:AcceptSOAPActionUser-Agent" className="java.net.URLPermission" name="http://localhost:8010/endsuptokens/EndSupTokensService7" }, JavaPermission{actions="read" className="java.util.PropertyPermission" name="java.home" }, JavaPermission{actions="read" className="java.util.PropertyPermission" name="javax.xml.soap.MetaFactory" }, JavaPermission{actions="*" className="org.osgi.framework.AdminPermission" name="*" }, JavaPermission{className="java.security.SecurityPermission" name="org.apache.xml.security.register" }, JavaPermission{className="java.lang.RuntimePermission" name="accessClassInPackage.sun.net.www.protocol.c" }]
[06/06/2021 00:19:31:036 PDT] 001 LibertyFileManager             moveLibertyFile                I Moving C:/Users/Administrator/libertyGit/open-liberty/dev/com.ibm.ws.wssecurity_fat.wsscxf.1/build/libs/autoFVT/publish/servers/com.ibm.ws.wssecurity_fat.endsuptokens/server_sym2_wss4j.xml.tmp to C:/Users/Administrator/libertyGit/open-liberty/dev/com.ibm.ws.wssecurity_fat.wsscxf.1/build/libs/autoFVT/publish/servers/com.ibm.ws.wssecurity_fat.endsuptokens/server_sym2_wss4j.xml
[06/06/2021 00:19:31:499 PDT] 001 LibertyFileManager             moveLibertyFile                I server_sym2_wss4j.xml was successfully copied.
[06/06/2021 00:19:31:499 PDT] 001 FeatureReplacementAction       setup                          I Original features:  [appsecurity-2.0, jsp-2.2, servlet-3.1, ssl-1.0, usr:wsseccbh-1.0, jaxws-2.2, wssecurity-1.1]
[06/06/2021 00:19:31:499 PDT] 001 FeatureReplacementAction       getReplacementFeature          I Replace feature [ servlet-3.1 ] with [ servlet-4.0 ]
[06/06/2021 00:19:31:499 PDT] 001 FeatureReplacementAction       getReplacementFeature          I Replace feature [ appsecurity-2.0 ] with [ appSecurity-3.0 ]
[06/06/2021 00:19:31:499 PDT] 001 FeatureReplacementAction       getReplacementFeature          I Replace feature [ jaxws-2.2 ] with [ jaxws-2.3 ]
[06/06/2021 00:19:31:499 PDT] 001 FeatureReplacementAction       getReplacementFeature          I Replace feature [ jsp-2.2 ] with [ jsp-2.3 ]
[06/06/2021 00:19:31:499 PDT] 001 FeatureReplacementAction       getReplacementFeature          I Replace feature [ usr:wsseccbh-1.0 ] with [ usr:wsseccbh-2.0 ]
[06/06/2021 00:19:31:499 PDT] 001 FeatureReplacementAction       setup                          I Resulting features: [jsp-2.3, servlet-4.0, usr:wsseccbh-2.0, ssl-1.0, jaxws-2.3, appSecurity-3.0, wssecurity-1.1]
[06/06/2021 00:19:31:515 PDT] 001 FeatureReplacementAction       setup                          I Config: ServerConfiguration
FeatureManager{feature="jsp-2.3" feature="servlet-4.0" feature="usr:wsseccbh-2.0" feature="ssl-1.0" feature="jaxws-2.3" feature="appSecurity-3.0" feature="wssecurity-1.1" }[BasicRegistry{realm="customRealm" User{name="user1" password="security" },User{name="user2" password="security" },User{name="test1" password="test1" },User{name="test2" password="test2" },User{name="test3" password="test3" },User{name="test4" password="test4" },User{name="admin" password="admin" },User{name="bob" password="bob" },User{name="joe" password="joe" },User{name="user1pw" password="pw8server" },}][IncludeElement{location="../fatTestPorts.xml" }]SSLDefault{sslRef="DefaultSSLSettings" }[SSL{keyStoreRef="myKeyStore" trustStoreRef="myTrustStore" }][KeyStore{password="Liberty" location="${server.config.dir}/key.jks" type="jks" }, KeyStore{password="LibertyServer" location="${server.config.dir}/sslServerTrust.jks" type="jks" }][JavaPermission{actions="read" className="java.io.FilePermission" name="ALL FILES" }, JavaPermission{actions="read" className="java.util.PropertyPermission" name="javax.xml.soap.MessageFactory" }, JavaPermission{className="java.lang.RuntimePermission" name="accessClassInPackage.com.sun.xml.internal.messaging.saaj.soap" }, JavaPermission{className="java.lang.RuntimePermission" name="accessClassInPackage.com.sun.xml.internal.messaging.saaj.soap.ver1_1" }, JavaPermission{className="java.lang.RuntimePermission" name="accessClassInPackage.com.sun.xml.internal.messaging.saaj.util" }, JavaPermission{className="java.lang.RuntimePermission" name="accessClassInPackage.com.sun.xml.internal.messaging.saaj.soap.name" }, JavaPermission{className="java.lang.RuntimePermission" name="accessClassInPackage.com.sun.xml.internal.messaging.saaj.soap.impl" }, JavaPermission{actions="POST:AcceptSOAPActionUser-Agent" className="java.net.URLPermission" name="https://localhost:8020/endsuptokens/EndSupTokensService0" }, JavaPermission{actions="POST:AcceptSOAPActionUser-Agent" className="java.net.URLPermission" name="http://localhost:8010/endsuptokens/EndSupTokensService4" }, JavaPermission{actions="POST:AcceptSOAPActionUser-Agent" className="java.net.URLPermission" name="https://localhost:8020/endsuptokens/EndSupTokensService0Body" }, JavaPermission{actions="POST:AcceptSOAPActionUser-Agent" className="java.net.URLPermission" name="http://localhost:8010/endsuptokens/EndSupTokensService5" }, JavaPermission{actions="POST:AcceptSOAPActionUser-Agent" className="java.net.URLPermission" name="https://localhost:8020/endsuptokens/EndSupTokensService0BodyElement" }, JavaPermission{actions="POST:AcceptSOAPActionUser-Agent" className="java.net.URLPermission" name="http://localhost:8010/endsuptokens/EndSupTokensService6" }, JavaPermission{actions="POST:AcceptSOAPActionUser-Agent" className="java.net.URLPermission" name="https://localhost:8020/endsuptokens/EndSupTokensService1" }, JavaPermission{actions="POST:AcceptSOAPActionUser-Agent" className="java.net.URLPermission" name="http://localhost:8010/endsuptokens/EndSupTokensService7" }, JavaPermission{actions="read" className="java.util.PropertyPermission" name="java.home" }, JavaPermission{actions="read" className="java.util.PropertyPermission" name="javax.xml.soap.MetaFactory" }, JavaPermission{actions="*" className="org.osgi.framework.AdminPermission" name="*" }, JavaPermission{className="java.security.SecurityPermission" name="org.apache.xml.security.register" }, JavaPermission{className="java.lang.RuntimePermission" name="accessClassInPackage.sun.net.www.protocol.c" }]
[06/06/2021 00:19:31:515 PDT] 001 LibertyFileManager             moveLibertyFile                I Moving C:/Users/Administrator/libertyGit/open-liberty/dev/com.ibm.ws.wssecurity_fat.wsscxf.1/build/libs/autoFVT/publish/servers/com.ibm.ws.wssecurity_fat.endsuptokens/server_sym.xml.tmp to C:/Users/Administrator/libertyGit/open-liberty/dev/com.ibm.ws.wssecurity_fat.wsscxf.1/build/libs/autoFVT/publish/servers/com.ibm.ws.wssecurity_fat.endsuptokens/server_sym.xml
[06/06/2021 00:19:31:984 PDT] 001 LibertyFileManager             moveLibertyFile                I server_sym.xml was successfully copied.
[06/06/2021 00:19:31:984 PDT] 001 FeatureReplacementAction       setup                          I Original features:  [appsecurity-2.0, jsp-2.2, servlet-3.1, ssl-1.0, usr:wsseccbh-1.0, jaxws-2.2, wssecurity-1.1]
[06/06/2021 00:19:31:984 PDT] 001 FeatureReplacementAction       getReplacementFeature          I Replace feature [ servlet-3.1 ] with [ servlet-4.0 ]
[06/06/2021 00:19:31:984 PDT] 001 FeatureReplacementAction       getReplacementFeature          I Replace feature [ appsecurity-2.0 ] with [ appSecurity-3.0 ]
[06/06/2021 00:19:31:984 PDT] 001 FeatureReplacementAction       getReplacementFeature          I Replace feature [ jaxws-2.2 ] with [ jaxws-2.3 ]
[06/06/2021 00:19:31:984 PDT] 001 FeatureReplacementAction       getReplacementFeature          I Replace feature [ jsp-2.2 ] with [ jsp-2.3 ]
[06/06/2021 00:19:31:999 PDT] 001 FeatureReplacementAction       getReplacementFeature          I Replace feature [ usr:wsseccbh-1.0 ] with [ usr:wsseccbh-2.0 ]
[06/06/2021 00:19:31:999 PDT] 001 FeatureReplacementAction       setup                          I Resulting features: [jsp-2.3, servlet-4.0, usr:wsseccbh-2.0, ssl-1.0, jaxws-2.3, appSecurity-3.0, wssecurity-1.1]
[06/06/2021 00:19:31:999 PDT] 001 FeatureReplacementAction       setup                          I Config: ServerConfiguration
FeatureManager{feature="jsp-2.3" feature="servlet-4.0" feature="usr:wsseccbh-2.0" feature="ssl-1.0" feature="jaxws-2.3" feature="appSecurity-3.0" feature="wssecurity-1.1" }[BasicRegistry{realm="customRealm" User{name="user1" password="security" },User{name="user2" password="security" },User{name="test1" password="test1" },User{name="test2" password="test2" },User{name="test3" password="test3" },User{name="test4" password="test4" },User{name="admin" password="admin" },User{name="bob" password="bob" },User{name="joe" password="joe" },User{name="user1pw" password="pw8server" },}][IncludeElement{location="../fatTestPorts.xml" }]SSLDefault{sslRef="DefaultSSLSettings" }[SSL{keyStoreRef="myKeyStore" trustStoreRef="myTrustStore" }][KeyStore{password="Liberty" location="${server.config.dir}/key.jks" type="jks" }, KeyStore{password="LibertyServer" location="${server.config.dir}/sslServerTrust.jks" type="jks" }][JavaPermission{actions="read" className="java.io.FilePermission" name="ALL FILES" }, JavaPermission{actions="get" className="org.osgi.framework.ServicePermission" name="*" }, JavaPermission{className="java.lang.RuntimePermission" name="accessClassInPackage.com.sun.xml.internal.messaging.saaj.soap" }, JavaPermission{className="java.lang.RuntimePermission" name="accessClassInPackage.com.sun.xml.internal.messaging.saaj.soap.ver1_1" }, JavaPermission{className="java.lang.RuntimePermission" name="accessClassInPackage.com.sun.xml.internal.messaging.saaj.util" }, JavaPermission{className="java.lang.RuntimePermission" name="accessClassInPackage.com.sun.xml.internal.messaging.saaj.soap.name" }, JavaPermission{className="java.lang.RuntimePermission" name="accessClassInPackage.com.sun.xml.internal.messaging.saaj.soap.impl" }, JavaPermission{actions="POST:AcceptSOAPActionUser-Agent" className="java.net.URLPermission" name="http://localhost:8010/x509migtoken/FatBAX01Service" }, JavaPermission{actions="POST:AcceptSOAPActionUser-Agent" className="java.net.URLPermission" name="http://localhost:8010/x509migtoken/FatBAX31Service" }, JavaPermission{actions="POST:AcceptSOAPActionUser-Agent" className="java.net.URLPermission" name="http://localhost:8010/x509migtoken/FatBAX29Service" }, JavaPermission{actions="POST:AcceptSOAPActionUser-Agent" className="java.net.URLPermission" name="https://localhost:8020/x509migtoken/FatBAX01Service" }, JavaPermission{actions="POST:AcceptSOAPActionUser-Agent" className="java.net.URLPermission" name="http://localhost:8010/x509migtoken/FatBAX03Service" }, JavaPermission{actions="POST:AcceptSOAPActionUser-Agent" className="java.net.URLPermission" name="http://localhost:8010/x509migtoken/FatBAX09Service" }, JavaPermission{actions="POST:AcceptSOAPActionUser-Agent" className="java.net.URLPermission" name="http://localhost:8010/x509migtoken/FatBAX04Service" }, JavaPermission{actions="POST:AcceptSOAPActionUser-Agent" className="java.net.URLPermission" name="http://localhost:8010/x509migtoken/FatBAX05Service" }, JavaPermission{actions="POST:AcceptSOAPActionUser-Agent" className="java.net.URLPermission" name="http://localhost:8010/x509migtoken/FatBAX06Service" }, JavaPermission{actions="POST:AcceptSOAPActionUser-Agent" className="java.net.URLPermission" name="http://localhost:8010/x509migtoken/FatBAX24Service" }, JavaPermission{actions="POST:AcceptSOAPActionUser-Agent" className="java.net.URLPermission" name="http://localhost:8010/x509migtoken/FatBAX25Service" }, JavaPermission{actions="POST:AcceptSOAPActionUser-Agent" className="java.net.URLPermission" name="http://localhost:8010/x509migtoken/FatBAX27Service" }, JavaPermission{actions="POST:AcceptSOAPActionUser-Agent" className="java.net.URLPermission" name="http://localhost:8010/x509migtoken/FatBAX35Service" }, JavaPermission{actions="POST:AcceptSOAPActionUser-Agent" className="java.net.URLPermission" name="https://localhost:8020/x509migtoken/FatBAX35Service" }, JavaPermission{actions="POST:AcceptSOAPActionUser-Agent" className="java.net.URLPermission" name="http://localhost:8010/x509migtoken/FatBAX33Service" }, JavaPermission{actions="read" className="java.util.PropertyPermission" name="javax.xml.soap.MessageFactory" }, JavaPermission{actions="read" className="java.util.PropertyPermission" name="javax.xml.soap.MetaFactory" }, JavaPermission{actions="read" className="java.util.PropertyPermission" name="java.home" }, JavaPermission{actions="*" className="org.osgi.framework.AdminPermission" name="*" }, JavaPermission{className="java.security.SecurityPermission" name="org.apache.xml.security.register" }, JavaPermission{className="java.lang.RuntimePermission" name="accessClassInPackage.sun.net.www.protocol.c" }]
[06/06/2021 00:19:31:999 PDT] 001 LibertyFileManager             moveLibertyFile                I Moving C:/Users/Administrator/libertyGit/open-liberty/dev/com.ibm.ws.wssecurity_fat.wsscxf.1/build/libs/autoFVT/publish/servers/com.ibm.ws.wssecurity_fat.x509migsym/server_sha512.xml.tmp to C:/Users/Administrator/libertyGit/open-liberty/dev/com.ibm.ws.wssecurity_fat.wsscxf.1/build/libs/autoFVT/publish/servers/com.ibm.ws.wssecurity_fat.x509migsym/server_sha512.xml
[06/06/2021 00:19:32:468 PDT] 001 LibertyFileManager             moveLibertyFile                I server_sha512.xml was successfully copied.
[06/06/2021 00:19:32:468 PDT] 001 FeatureReplacementAction       setup                          I Original features:  [appsecurity-2.0, jsp-2.2, servlet-3.1, ssl-1.0, usr:wsseccbh-1.0, jaxws-2.2, wssecurity-1.1]
[06/06/2021 00:19:32:468 PDT] 001 FeatureReplacementAction       getReplacementFeature          I Replace feature [ servlet-3.1 ] with [ servlet-4.0 ]
[06/06/2021 00:19:32:468 PDT] 001 FeatureReplacementAction       getReplacementFeature          I Replace feature [ appsecurity-2.0 ] with [ appSecurity-3.0 ]
[06/06/2021 00:19:32:468 PDT] 001 FeatureReplacementAction       getReplacementFeature          I Replace feature [ jaxws-2.2 ] with [ jaxws-2.3 ]
[06/06/2021 00:19:32:468 PDT] 001 FeatureReplacementAction       getReplacementFeature          I Replace feature [ jsp-2.2 ] with [ jsp-2.3 ]
[06/06/2021 00:19:32:468 PDT] 001 FeatureReplacementAction       getReplacementFeature          I Replace feature [ usr:wsseccbh-1.0 ] with [ usr:wsseccbh-2.0 ]
[06/06/2021 00:19:32:468 PDT] 001 FeatureReplacementAction       setup                          I Resulting features: [jsp-2.3, servlet-4.0, usr:wsseccbh-2.0, ssl-1.0, jaxws-2.3, appSecurity-3.0, wssecurity-1.1]
[06/06/2021 00:19:32:484 PDT] 001 FeatureReplacementAction       setup                          I Config: ServerConfiguration
FeatureManager{feature="jsp-2.3" feature="servlet-4.0" feature="usr:wsseccbh-2.0" feature="ssl-1.0" feature="jaxws-2.3" feature="appSecurity-3.0" feature="wssecurity-1.1" }[BasicRegistry{realm="customRealm" User{name="user1" password="security" },User{name="user2" password="security" },User{name="test1" password="test1" },User{name="test2" password="test2" },User{name="user1pw" password="pw8server" },}][IncludeElement{location="../fatTestPorts.xml" }][JavaPermission{actions="read" className="java.io.FilePermission" name="ALL FILES" }, JavaPermission{className="java.lang.RuntimePermission" name="accessClassInPackage.com.sun.xml.internal.messaging.saaj.soap" }, JavaPermission{className="java.lang.RuntimePermission" name="accessClassInPackage.com.sun.xml.internal.messaging.saaj.soap.ver1_1" }, JavaPermission{className="java.lang.RuntimePermission" name="accessClassInPackage.com.sun.xml.internal.messaging.saaj.util" }, JavaPermission{className="java.lang.RuntimePermission" name="accessClassInPackage.com.sun.xml.internal.messaging.saaj.soap.name" }, JavaPermission{className="java.lang.RuntimePermission" name="accessClassInPackage.com.sun.xml.internal.messaging.saaj.soap.impl" }, JavaPermission{actions="POST:AcceptSOAPActionUser-Agent" className="java.net.URLPermission" name="http://localhost:8010/sha2sig/Sha2SigService1" }, JavaPermission{actions="POST:AcceptSOAPActionUser-Agent" className="java.net.URLPermission" name="http://localhost:8010/sha2sig/Sha2SigService2" }, JavaPermission{actions="POST:AcceptSOAPActionUser-Agent" className="java.net.URLPermission" name="http://localhost:8010/sha2sig/Sha2SigService3" }, JavaPermission{actions="POST:AcceptSOAPActionUser-Agent" className="java.net.URLPermission" name="http://localhost:8010/sha2sig/Sha2SigService4" }, JavaPermission{actions="POST:AcceptSOAPActionUser-Agent" className="java.net.URLPermission" name="http://localhost:8010/sha2sig/Sha2SigService5" }, JavaPermission{actions="POST:AcceptSOAPActionUser-Agent" className="java.net.URLPermission" name="http://localhost:8010/sha2sig/Sha2SigService7" }, JavaPermission{actions="POST:AcceptSOAPActionUser-Agent" className="java.net.URLPermission" name="http://localhost:8010/sha2sig/Sha2SigService8" }, JavaPermission{className="java.lang.reflect.ReflectPermission" name="suppressAccessChecks" }, JavaPermission{actions="*" className="org.osgi.framework.AdminPermission" name="*" }, JavaPermission{className="java.lang.RuntimePermission" name="accessClassInPackage.sun.net.www.protocol.c" }, JavaPermission{className="java.security.SecurityPermission" name="org.apache.xml.security.register" }]
[06/06/2021 00:19:32:484 PDT] 001 LibertyFileManager             moveLibertyFile                I Moving C:/Users/Administrator/libertyGit/open-liberty/dev/com.ibm.ws.wssecurity_fat.wsscxf.1/build/libs/autoFVT/publish/servers/com.ibm.ws.wssecurity_fat.sha2sig/server_sha512_wss4j.xml.tmp to C:/Users/Administrator/libertyGit/open-liberty/dev/com.ibm.ws.wssecurity_fat.wsscxf.1/build/libs/autoFVT/publish/servers/com.ibm.ws.wssecurity_fat.sha2sig/server_sha512_wss4j.xml
[06/06/2021 00:19:32:953 PDT] 001 LibertyFileManager             moveLibertyFile                I server_sha512_wss4j.xml was successfully copied.
[06/06/2021 00:19:32:953 PDT] 001 FeatureReplacementAction       setup                          I Original features:  [appsecurity-2.0, jsp-2.2, servlet-3.1, ssl-1.0, usr:wsseccbh-1.0, jaxws-2.2, wssecurity-1.1]
[06/06/2021 00:19:32:953 PDT] 001 FeatureReplacementAction       getReplacementFeature          I Replace feature [ servlet-3.1 ] with [ servlet-4.0 ]
[06/06/2021 00:19:32:953 PDT] 001 FeatureReplacementAction       getReplacementFeature          I Replace feature [ appsecurity-2.0 ] with [ appSecurity-3.0 ]
[06/06/2021 00:19:32:953 PDT] 001 FeatureReplacementAction       getReplacementFeature          I Replace feature [ jaxws-2.2 ] with [ jaxws-2.3 ]
[06/06/2021 00:19:32:953 PDT] 001 FeatureReplacementAction       getReplacementFeature          I Replace feature [ jsp-2.2 ] with [ jsp-2.3 ]
[06/06/2021 00:19:32:953 PDT] 001 FeatureReplacementAction       getReplacementFeature          I Replace feature [ usr:wsseccbh-1.0 ] with [ usr:wsseccbh-2.0 ]
[06/06/2021 00:19:32:953 PDT] 001 FeatureReplacementAction       setup                          I Resulting features: [jsp-2.3, servlet-4.0, usr:wsseccbh-2.0, ssl-1.0, jaxws-2.3, appSecurity-3.0, wssecurity-1.1]
[06/06/2021 00:19:32:953 PDT] 001 FeatureReplacementAction       setup                          I Config: ServerConfiguration
FeatureManager{feature="jsp-2.3" feature="servlet-4.0" feature="usr:wsseccbh-2.0" feature="ssl-1.0" feature="jaxws-2.3" feature="appSecurity-3.0" feature="wssecurity-1.1" }[BasicRegistry{realm="customRealm" User{name="user1" password="security" },User{name="user2" password="security" },User{name="test1" password="test1" },User{name="test2" password="test2" },User{name="test3" password="test3" },User{name="test4" password="test4" },User{name="admin" password="admin" },User{name="bob" password="bob" },User{name="joe" password="joe" },User{name="user1pw" password="pw8server" },}][IncludeElement{location="../fatTestPorts.xml" }]SSLDefault{sslRef="DefaultSSLSettings" }[SSL{keyStoreRef="myKeyStore" trustStoreRef="myTrustStore" }][KeyStore{password="Liberty" location="${server.config.dir}/key.jks" type="jks" }, KeyStore{password="LibertyServer" location="${server.config.dir}/sslServerTrust.jks" type="jks" }][JavaPermission{actions="read" className="java.io.FilePermission" name="ALL FILES" }, JavaPermission{actions="read" className="java.util.PropertyPermission" name="javax.xml.soap.MessageFactory" }, JavaPermission{className="java.lang.RuntimePermission" name="accessClassInPackage.com.sun.xml.internal.messaging.saaj.soap" }, JavaPermission{className="java.lang.RuntimePermission" name="accessClassInPackage.com.sun.xml.internal.messaging.saaj.soap.ver1_1" }, JavaPermission{className="java.lang.RuntimePermission" name="accessClassInPackage.com.sun.xml.internal.messaging.saaj.util" }, JavaPermission{className="java.lang.RuntimePermission" name="accessClassInPackage.com.sun.xml.internal.messaging.saaj.soap.name" }, JavaPermission{className="java.lang.RuntimePermission" name="accessClassInPackage.com.sun.xml.internal.messaging.saaj.soap.impl" }, JavaPermission{actions="POST:AcceptSOAPActionUser-Agent" className="java.net.URLPermission" name="https://localhost:8020/endsuptokens/EndSupTokensService0" }, JavaPermission{actions="POST:AcceptSOAPActionUser-Agent" className="java.net.URLPermission" name="http://localhost:8010/endsuptokens/EndSupTokensService4" }, JavaPermission{actions="POST:AcceptSOAPActionUser-Agent" className="java.net.URLPermission" name="https://localhost:8020/endsuptokens/EndSupTokensService0Body" }, JavaPermission{actions="POST:AcceptSOAPActionUser-Agent" className="java.net.URLPermission" name="http://localhost:8010/endsuptokens/EndSupTokensService5" }, JavaPermission{actions="POST:AcceptSOAPActionUser-Agent" className="java.net.URLPermission" name="https://localhost:8020/endsuptokens/EndSupTokensService0BodyElement" }, JavaPermission{actions="POST:AcceptSOAPActionUser-Agent" className="java.net.URLPermission" name="http://localhost:8010/endsuptokens/EndSupTokensService6" }, JavaPermission{actions="POST:AcceptSOAPActionUser-Agent" className="java.net.URLPermission" name="https://localhost:8020/endsuptokens/EndSupTokensService1" }, JavaPermission{actions="POST:AcceptSOAPActionUser-Agent" className="java.net.URLPermission" name="http://localhost:8010/endsuptokens/EndSupTokensService7" }, JavaPermission{actions="read" className="java.util.PropertyPermission" name="java.home" }, JavaPermission{actions="read" className="java.util.PropertyPermission" name="javax.xml.soap.MetaFactory" }, JavaPermission{actions="*" className="org.osgi.framework.AdminPermission" name="*" }, JavaPermission{className="java.security.SecurityPermission" name="org.apache.xml.security.register" }, JavaPermission{className="java.lang.RuntimePermission" name="accessClassInPackage.sun.net.www.protocol.c" }]
[06/06/2021 00:19:32:969 PDT] 001 LibertyFileManager             moveLibertyFile                I Moving C:/Users/Administrator/libertyGit/open-liberty/dev/com.ibm.ws.wssecurity_fat.wsscxf.1/build/libs/autoFVT/publish/servers/com.ibm.ws.wssecurity_fat.endsuptokens/server.xml.tmp to C:/Users/Administrator/libertyGit/open-liberty/dev/com.ibm.ws.wssecurity_fat.wsscxf.1/build/libs/autoFVT/publish/servers/com.ibm.ws.wssecurity_fat.endsuptokens/server.xml
[06/06/2021 00:19:33:437 PDT] 001 LibertyFileManager             moveLibertyFile                I server.xml was successfully copied.
[06/06/2021 00:19:33:438 PDT] 001 FeatureReplacementAction       setup                          I Original features:  [appsecurity-2.0, jsp-2.2, servlet-3.1, ssl-1.0, usr:wsseccbh-1.0, jaxws-2.2, wssecurity-1.1]
[06/06/2021 00:19:33:438 PDT] 001 FeatureReplacementAction       getReplacementFeature          I Replace feature [ servlet-3.1 ] with [ servlet-4.0 ]
[06/06/2021 00:19:33:438 PDT] 001 FeatureReplacementAction       getReplacementFeature          I Replace feature [ appsecurity-2.0 ] with [ appSecurity-3.0 ]
[06/06/2021 00:19:33:438 PDT] 001 FeatureReplacementAction       getReplacementFeature          I Replace feature [ jaxws-2.2 ] with [ jaxws-2.3 ]
[06/06/2021 00:19:33:438 PDT] 001 FeatureReplacementAction       getReplacementFeature          I Replace feature [ jsp-2.2 ] with [ jsp-2.3 ]
[06/06/2021 00:19:33:438 PDT] 001 FeatureReplacementAction       getReplacementFeature          I Replace feature [ usr:wsseccbh-1.0 ] with [ usr:wsseccbh-2.0 ]
[06/06/2021 00:19:33:438 PDT] 001 FeatureReplacementAction       setup                          I Resulting features: [jsp-2.3, servlet-4.0, usr:wsseccbh-2.0, ssl-1.0, jaxws-2.3, appSecurity-3.0, wssecurity-1.1]
[06/06/2021 00:19:33:438 PDT] 001 FeatureReplacementAction       setup                          I Config: ServerConfiguration
FeatureManager{feature="jsp-2.3" feature="servlet-4.0" feature="usr:wsseccbh-2.0" feature="ssl-1.0" feature="jaxws-2.3" feature="appSecurity-3.0" feature="wssecurity-1.1" }[BasicRegistry{realm="customRealm" User{name="user1" password="security" },User{name="user2" password="security" },User{name="test1" password="test1" },User{name="test2" password="test2" },User{name="user1pw" password="pw8server" },}][IncludeElement{location="../fatTestPorts.xml" }][JavaPermission{actions="read" className="java.io.FilePermission" name="ALL FILES" }, JavaPermission{className="java.lang.RuntimePermission" name="accessClassInPackage.com.sun.xml.internal.messaging.saaj.soap" }, JavaPermission{className="java.lang.RuntimePermission" name="accessClassInPackage.com.sun.xml.internal.messaging.saaj.soap.ver1_1" }, JavaPermission{className="java.lang.RuntimePermission" name="accessClassInPackage.com.sun.xml.internal.messaging.saaj.util" }, JavaPermission{className="java.lang.RuntimePermission" name="accessClassInPackage.com.sun.xml.internal.messaging.saaj.soap.name" }, JavaPermission{className="java.lang.RuntimePermission" name="accessClassInPackage.com.sun.xml.internal.messaging.saaj.soap.impl" }, JavaPermission{actions="POST:AcceptSOAPActionUser-Agent" className="java.net.URLPermission" name="http://localhost:8010/x509sig/X509XmlSigService1" }, JavaPermission{actions="POST:AcceptSOAPActionUser-Agent" className="java.net.URLPermission" name="http://localhost:8010/x509sig/X509XmlStrService1" }, JavaPermission{actions="POST:AcceptSOAPActionUser-Agent" className="java.net.URLPermission" name="http://localhost:8010/x509sig/X509XmlSigService3" }, JavaPermission{actions="POST:AcceptSOAPActionUser-Agent" className="java.net.URLPermission" name="http://localhost:8010/xmlsig/X509XmlSigService1" }, JavaPermission{actions="POST:AcceptSOAPActionUser-Agent" className="java.net.URLPermission" name="http://localhost:8010/x509sig/X509XmlStrService2" }, JavaPermission{actions="read" className="java.util.PropertyPermission" name="javax.xml.soap.MessageFactory" }, JavaPermission{actions="*" className="org.osgi.framework.AdminPermission" name="*" }, JavaPermission{className="java.security.SecurityPermission" name="org.apache.xml.security.register" }, JavaPermission{className="java.lang.RuntimePermission" name="accessClassInPackage.sun.net.www.protocol.c" }]
[06/06/2021 00:19:33:453 PDT] 001 LibertyFileManager             moveLibertyFile                I Moving C:/Users/Administrator/libertyGit/open-liberty/dev/com.ibm.ws.wssecurity_fat.wsscxf.1/build/libs/autoFVT/publish/servers/com.ibm.ws.wssecurity_fat.x509sig/server_certpath_wss4j.xml.tmp to C:/Users/Administrator/libertyGit/open-liberty/dev/com.ibm.ws.wssecurity_fat.wsscxf.1/build/libs/autoFVT/publish/servers/com.ibm.ws.wssecurity_fat.x509sig/server_certpath_wss4j.xml
[06/06/2021 00:19:33:916 PDT] 001 LibertyFileManager             moveLibertyFile                I server_certpath_wss4j.xml was successfully copied.
[06/06/2021 00:19:33:916 PDT] 001 FeatureReplacementAction       setup                          I Original features:  [appsecurity-2.0, jsp-2.2, servlet-3.1, ssl-1.0, usr:wsseccbh-1.0, jaxws-2.2, wssecurity-1.1]
[06/06/2021 00:19:33:916 PDT] 001 FeatureReplacementAction       getReplacementFeature          I Replace feature [ servlet-3.1 ] with [ servlet-4.0 ]
[06/06/2021 00:19:33:916 PDT] 001 FeatureReplacementAction       getReplacementFeature          I Replace feature [ appsecurity-2.0 ] with [ appSecurity-3.0 ]
[06/06/2021 00:19:33:916 PDT] 001 FeatureReplacementAction       getReplacementFeature          I Replace feature [ jaxws-2.2 ] with [ jaxws-2.3 ]
[06/06/2021 00:19:33:916 PDT] 001 FeatureReplacementAction       getReplacementFeature          I Replace feature [ jsp-2.2 ] with [ jsp-2.3 ]
[06/06/2021 00:19:33:916 PDT] 001 FeatureReplacementAction       getReplacementFeature          I Replace feature [ usr:wsseccbh-1.0 ] with [ usr:wsseccbh-2.0 ]
[06/06/2021 00:19:33:916 PDT] 001 FeatureReplacementAction       setup                          I Resulting features: [jsp-2.3, servlet-4.0, usr:wsseccbh-2.0, ssl-1.0, jaxws-2.3, appSecurity-3.0, wssecurity-1.1]
[06/06/2021 00:19:33:933 PDT] 001 FeatureReplacementAction       setup                          I Config: ServerConfiguration
FeatureManager{feature="jsp-2.3" feature="servlet-4.0" feature="usr:wsseccbh-2.0" feature="ssl-1.0" feature="jaxws-2.3" feature="appSecurity-3.0" feature="wssecurity-1.1" }[BasicRegistry{realm="customRealm" User{name="user1" password="security" },User{name="user2" password="security" },User{name="test1" password="test1" },User{name="test2" password="test2" },User{name="user1pw" password="pw8server" },}][IncludeElement{location="../fatTestPorts.xml" }][JavaPermission{actions="read" className="java.io.FilePermission" name="ALL FILES" }, JavaPermission{className="java.lang.RuntimePermission" name="accessClassInPackage.com.sun.xml.internal.messaging.saaj.soap" }, JavaPermission{className="java.lang.RuntimePermission" name="accessClassInPackage.com.sun.xml.internal.messaging.saaj.soap.ver1_1" }, JavaPermission{className="java.lang.RuntimePermission" name="accessClassInPackage.com.sun.xml.internal.messaging.saaj.util" }, JavaPermission{className="java.lang.RuntimePermission" name="accessClassInPackage.com.sun.xml.internal.messaging.saaj.soap.name" }, JavaPermission{className="java.lang.RuntimePermission" name="accessClassInPackage.com.sun.xml.internal.messaging.saaj.soap.impl" }, JavaPermission{actions="POST:AcceptSOAPActionUser-Agent" className="java.net.URLPermission" name="http://localhost:8010/x509sig/X509XmlSigService1" }, JavaPermission{actions="POST:AcceptSOAPActionUser-Agent" className="java.net.URLPermission" name="http://localhost:8010/x509sig/X509XmlStrService1" }, JavaPermission{actions="POST:AcceptSOAPActionUser-Agent" className="java.net.URLPermission" name="http://localhost:8010/x509sig/X509XmlSigService3" }, JavaPermission{actions="POST:AcceptSOAPActionUser-Agent" className="java.net.URLPermission" name="http://localhost:8010/xmlsig/X509XmlSigService1" }, JavaPermission{actions="POST:AcceptSOAPActionUser-Agent" className="java.net.URLPermission" name="http://localhost:8010/x509sig/X509XmlStrService2" }, JavaPermission{actions="read" className="java.util.PropertyPermission" name="javax.xml.soap.MessageFactory" }, JavaPermission{actions="*" className="org.osgi.framework.AdminPermission" name="*" }, JavaPermission{className="java.security.SecurityPermission" name="org.apache.xml.security.register" }, JavaPermission{className="java.lang.RuntimePermission" name="accessClassInPackage.sun.net.www.protocol.c" }]
[06/06/2021 00:19:33:938 PDT] 001 LibertyFileManager             moveLibertyFile                I Moving C:/Users/Administrator/libertyGit/open-liberty/dev/com.ibm.ws.wssecurity_fat.wsscxf.1/build/libs/autoFVT/publish/servers/com.ibm.ws.wssecurity_fat.x509sig/server_badenc.xml.tmp to C:/Users/Administrator/libertyGit/open-liberty/dev/com.ibm.ws.wssecurity_fat.wsscxf.1/build/libs/autoFVT/publish/servers/com.ibm.ws.wssecurity_fat.x509sig/server_badenc.xml
[06/06/2021 00:19:34:401 PDT] 001 LibertyFileManager             moveLibertyFile                I server_badenc.xml was successfully copied.
[06/06/2021 00:19:34:401 PDT] 001 FeatureReplacementAction       setup                          I Original features:  [appsecurity-2.0, jsp-2.2, servlet-3.1, ssl-1.0, usr:wsseccbh-1.0, jaxws-2.2, wssecurity-1.1]
[06/06/2021 00:19:34:401 PDT] 001 FeatureReplacementAction       getReplacementFeature          I Replace feature [ servlet-3.1 ] with [ servlet-4.0 ]
[06/06/2021 00:19:34:401 PDT] 001 FeatureReplacementAction       getReplacementFeature          I Replace feature [ appsecurity-2.0 ] with [ appSecurity-3.0 ]
[06/06/2021 00:19:34:401 PDT] 001 FeatureReplacementAction       getReplacementFeature          I Replace feature [ jaxws-2.2 ] with [ jaxws-2.3 ]
[06/06/2021 00:19:34:401 PDT] 001 FeatureReplacementAction       getReplacementFeature          I Replace feature [ jsp-2.2 ] with [ jsp-2.3 ]
[06/06/2021 00:19:34:401 PDT] 001 FeatureReplacementAction       getReplacementFeature          I Replace feature [ usr:wsseccbh-1.0 ] with [ usr:wsseccbh-2.0 ]
[06/06/2021 00:19:34:401 PDT] 001 FeatureReplacementAction       setup                          I Resulting features: [jsp-2.3, servlet-4.0, usr:wsseccbh-2.0, ssl-1.0, jaxws-2.3, appSecurity-3.0, wssecurity-1.1]
[06/06/2021 00:19:34:416 PDT] 001 FeatureReplacementAction       setup                          I Config: ServerConfiguration
FeatureManager{feature="jsp-2.3" feature="servlet-4.0" feature="usr:wsseccbh-2.0" feature="ssl-1.0" feature="jaxws-2.3" feature="appSecurity-3.0" feature="wssecurity-1.1" }[BasicRegistry{realm="customRealm" User{name="user1" password="security" },User{name="user2" password="security" },User{name="test1" password="test1" },User{name="test2" password="test2" },User{name="test3" password="test3" },User{name="test4" password="test4" },User{name="admin" password="admin" },User{name="bob" password="bob" },User{name="joe" password="joe" },User{name="user1pw" password="pw8server" },}][IncludeElement{location="../fatTestPorts.xml" }]SSLDefault{sslRef="DefaultSSLSettings" }[SSL{keyStoreRef="myKeyStore" trustStoreRef="myTrustStore" }][KeyStore{password="Liberty" location="${server.config.dir}/key.jks" type="jks" }, KeyStore{password="LibertyServer" location="${server.config.dir}/sslServerTrust.jks" type="jks" }][JavaPermission{actions="read" className="java.io.FilePermission" name="ALL FILES" }, JavaPermission{className="java.lang.RuntimePermission" name="accessClassInPackage.com.sun.xml.internal.messaging.saaj.soap" }, JavaPermission{className="java.lang.RuntimePermission" name="accessClassInPackage.com.sun.xml.internal.messaging.saaj.soap.ver1_1" }, JavaPermission{className="java.lang.RuntimePermission" name="accessClassInPackage.com.sun.xml.internal.messaging.saaj.util" }, JavaPermission{className="java.lang.RuntimePermission" name="accessClassInPackage.com.sun.xml.internal.messaging.saaj.soap.name" }, JavaPermission{className="java.lang.RuntimePermission" name="accessClassInPackage.com.sun.xml.internal.messaging.saaj.soap.impl" }, JavaPermission{actions="POST:AcceptSOAPActionUser-Agent" className="java.net.URLPermission" name="http://localhost:8010/x509migtoken/FatBAX17Service" }, JavaPermission{actions="POST:AcceptSOAPActionUser-Agent" className="java.net.URLPermission" name="http://localhost:8010/x509migtoken/FatBAX02Service" }, JavaPermission{actions="POST:AcceptSOAPActionUser-Agent" className="java.net.URLPermission" name="http://localhost:8010/x509migtoken/FatBAX34Service" }, JavaPermission{actions="POST:AcceptSOAPActionUser-Agent" className="java.net.URLPermission" name="http://localhost:8010/x509migtoken/FatBAX07Service" }, JavaPermission{actions="POST:AcceptSOAPActionUser-Agent" className="java.net.URLPermission" name="http://localhost:8010/x509migtoken/FatBAX08Service" }, JavaPermission{actions="POST:AcceptSOAPActionUser-Agent" className="java.net.URLPermission" name="https://localhost:8020/x509migtoken/FatBAX10Service" }, JavaPermission{actions="POST:AcceptSOAPActionUser-Agent" className="java.net.URLPermission" name="https://localhost:8020/x509migtoken/FatBAX15Service" }, JavaPermission{actions="POST:AcceptSOAPActionUser-Agent" className="java.net.URLPermission" name="https://localhost:8020/x509migtoken/FatBAX11Service" }, JavaPermission{actions="POST:AcceptSOAPActionUser-Agent" className="java.net.URLPermission" name="http://localhost:8010/x509migtoken/FatBAX18Service" }, JavaPermission{actions="POST:AcceptSOAPActionUser-Agent" className="java.net.URLPermission" name="https://localhost:8020/x509migtoken/FatBAX12Service" }, JavaPermission{actions="POST:AcceptSOAPActionUser-Agent" className="java.net.URLPermission" name="http://localhost:8010/x509migtoken/FatBAX19Service" }, JavaPermission{actions="POST:AcceptSOAPActionUser-Agent" className="java.net.URLPermission" name="https://localhost:8020/x509migtoken/FatBAX13Service" }, JavaPermission{actions="POST:AcceptSOAPActionUser-Agent" className="java.net.URLPermission" name="http://localhost:8010/x509migtoken/FatBAX21Service" }, JavaPermission{actions="POST:AcceptSOAPActionUser-Agent" className="java.net.URLPermission" name="https://localhost:8020/x509migtoken/FatBAX14Service" }, JavaPermission{actions="POST:AcceptSOAPActionUser-Agent" className="java.net.URLPermission" name="http://localhost:8010/x509migtoken/FatBAX26Service" }, JavaPermission{actions="POST:AcceptSOAPActionUser-Agent" className="java.net.URLPermission" name="http://localhost:8010/x509migtoken/FatBAX28Service" }, JavaPermission{actions="POST:AcceptSOAPActionUser-Agent" className="java.net.URLPermission" name="http://localhost:8010/x509migtoken/FatBAX20Service" }, JavaPermission{actions="POST:AcceptSOAPActionUser-Agent" className="java.net.URLPermission" name="http://localhost:8010/x509migtoken/FatBAX32Service" }, JavaPermission{actions="POST:AcceptSOAPActionUser-Agent" className="java.net.URLPermission" name="http://localhost:8010/x509migtoken/FatBAX23Service" }, JavaPermission{actions="POST:AcceptSOAPActionUser-Agent" className="java.net.URLPermission" name="http://localhost:8010/x509migtoken/FatBAX22Service" }, JavaPermission{actions="read" className="java.util.PropertyPermission" name="*" }, JavaPermission{actions="get" className="org.osgi.framework.ServicePermission" name="*" }, JavaPermission{actions="*" className="org.osgi.framework.AdminPermission" name="*" }, JavaPermission{className="java.security.SecurityPermission" name="org.apache.xml.security.register" }, JavaPermission{className="java.lang.RuntimePermission" name="accessClassInPackage.sun.net.www.protocol.c" }]
[06/06/2021 00:19:34:416 PDT] 001 LibertyFileManager             moveLibertyFile                I Moving C:/Users/Administrator/libertyGit/open-liberty/dev/com.ibm.ws.wssecurity_fat.wsscxf.1/build/libs/autoFVT/publish/servers/com.ibm.ws.wssecurity_fat.x509mig/server.xml.tmp to C:/Users/Administrator/libertyGit/open-liberty/dev/com.ibm.ws.wssecurity_fat.wsscxf.1/build/libs/autoFVT/publish/servers/com.ibm.ws.wssecurity_fat.x509mig/server.xml
[06/06/2021 00:19:34:886 PDT] 001 LibertyFileManager             moveLibertyFile                I server.xml was successfully copied.
[06/06/2021 00:19:34:886 PDT] 001 FeatureReplacementAction       setup                          I Original features:  [appsecurity-2.0, jsp-2.2, servlet-3.1, ssl-1.0, usr:wsseccbh-1.0, jaxws-2.2, wssecurity-1.1]
[06/06/2021 00:19:34:886 PDT] 001 FeatureReplacementAction       getReplacementFeature          I Replace feature [ servlet-3.1 ] with [ servlet-4.0 ]
[06/06/2021 00:19:34:886 PDT] 001 FeatureReplacementAction       getReplacementFeature          I Replace feature [ appsecurity-2.0 ] with [ appSecurity-3.0 ]
[06/06/2021 00:19:34:886 PDT] 001 FeatureReplacementAction       getReplacementFeature          I Replace feature [ jaxws-2.2 ] with [ jaxws-2.3 ]
[06/06/2021 00:19:34:886 PDT] 001 FeatureReplacementAction       getReplacementFeature          I Replace feature [ jsp-2.2 ] with [ jsp-2.3 ]
[06/06/2021 00:19:34:886 PDT] 001 FeatureReplacementAction       getReplacementFeature          I Replace feature [ usr:wsseccbh-1.0 ] with [ usr:wsseccbh-2.0 ]
[06/06/2021 00:19:34:886 PDT] 001 FeatureReplacementAction       setup                          I Resulting features: [jsp-2.3, servlet-4.0, usr:wsseccbh-2.0, ssl-1.0, jaxws-2.3, appSecurity-3.0, wssecurity-1.1]
[06/06/2021 00:19:34:886 PDT] 001 FeatureReplacementAction       setup                          I Config: ServerConfiguration
FeatureManager{feature="jsp-2.3" feature="servlet-4.0" feature="usr:wsseccbh-2.0" feature="ssl-1.0" feature="jaxws-2.3" feature="appSecurity-3.0" feature="wssecurity-1.1" }[BasicRegistry{realm="customRealm" User{name="user1" password="security" },User{name="user2" password="security" },User{name="test1" password="test1" },User{name="test2" password="test2" },User{name="test3" password="test3" },User{name="test4" password="test4" },User{name="admin" password="admin" },User{name="bob" password="bob" },User{name="joe" password="joe" },User{name="user1pw" password="pw8server" },}][IncludeElement{location="../fatTestPorts.xml" }]SSLDefault{sslRef="DefaultSSLSettings" }[SSL{keyStoreRef="myKeyStore" trustStoreRef="myTrustStore" }][KeyStore{password="Liberty" location="${server.config.dir}/key.jks" type="jks" }, KeyStore{password="LibertyServer" location="${server.config.dir}/sslServerTrust.jks" type="jks" }][JavaPermission{actions="read" className="java.io.FilePermission" name="ALL FILES" }, JavaPermission{className="java.lang.RuntimePermission" name="accessClassInPackage.com.sun.xml.internal.messaging.saaj.soap" }, JavaPermission{className="java.lang.RuntimePermission" name="accessClassInPackage.com.sun.xml.internal.messaging.saaj.soap.ver1_1" }, JavaPermission{className="java.lang.RuntimePermission" name="accessClassInPackage.com.sun.xml.internal.messaging.saaj.util" }, JavaPermission{className="java.lang.RuntimePermission" name="accessClassInPackage.com.sun.xml.internal.messaging.saaj.soap.name" }, JavaPermission{className="java.lang.RuntimePermission" name="accessClassInPackage.com.sun.xml.internal.messaging.saaj.soap.impl" }, JavaPermission{actions="POST:AcceptSOAPActionUser-Agent" className="java.net.URLPermission" name="http://localhost:8010/x509token/FVTVersionBAXService" }, JavaPermission{actions="read" className="java.util.PropertyPermission" name="javax.xml.soap.MessageFactory" }, JavaPermission{actions="read" className="java.util.PropertyPermission" name="java.home" }, JavaPermission{actions="read" className="java.util.PropertyPermission" name="javax.xml.soap.MetaFactory" }, JavaPermission{actions="*" className="org.osgi.framework.AdminPermission" name="*" }, JavaPermission{className="java.security.SecurityPermission" name="org.apache.xml.security.register" }, JavaPermission{className="java.lang.RuntimePermission" name="accessClassInPackage.sun.net.www.protocol.c" }]
[06/06/2021 00:19:34:901 PDT] 001 LibertyFileManager             moveLibertyFile                I Moving C:/Users/Administrator/libertyGit/open-liberty/dev/com.ibm.ws.wssecurity_fat.wsscxf.1/build/libs/autoFVT/publish/servers/com.ibm.ws.wssecurity_fat.x509_1/server_wss4j.xml.tmp to C:/Users/Administrator/libertyGit/open-liberty/dev/com.ibm.ws.wssecurity_fat.wsscxf.1/build/libs/autoFVT/publish/servers/com.ibm.ws.wssecurity_fat.x509_1/server_wss4j.xml
[06/06/2021 00:19:35:371 PDT] 001 LibertyFileManager             moveLibertyFile                I server_wss4j.xml was successfully copied.
[06/06/2021 00:19:35:371 PDT] 001 FeatureReplacementAction       setup                          I Original features:  [appsecurity-2.0, jsp-2.2, servlet-3.1, ssl-1.0, usr:wsseccbh-1.0, jaxws-2.2, wssecurity-1.1]
[06/06/2021 00:19:35:371 PDT] 001 FeatureReplacementAction       getReplacementFeature          I Replace feature [ servlet-3.1 ] with [ servlet-4.0 ]
[06/06/2021 00:19:35:371 PDT] 001 FeatureReplacementAction       getReplacementFeature          I Replace feature [ appsecurity-2.0 ] with [ appSecurity-3.0 ]
[06/06/2021 00:19:35:371 PDT] 001 FeatureReplacementAction       getReplacementFeature          I Replace feature [ jaxws-2.2 ] with [ jaxws-2.3 ]
[06/06/2021 00:19:35:371 PDT] 001 FeatureReplacementAction       getReplacementFeature          I Replace feature [ jsp-2.2 ] with [ jsp-2.3 ]
[06/06/2021 00:19:35:371 PDT] 001 FeatureReplacementAction       getReplacementFeature          I Replace feature [ usr:wsseccbh-1.0 ] with [ usr:wsseccbh-2.0 ]
[06/06/2021 00:19:35:371 PDT] 001 FeatureReplacementAction       setup                          I Resulting features: [jsp-2.3, servlet-4.0, usr:wsseccbh-2.0, ssl-1.0, jaxws-2.3, appSecurity-3.0, wssecurity-1.1]
[06/06/2021 00:19:35:386 PDT] 001 FeatureReplacementAction       setup                          I Config: ServerConfiguration
FeatureManager{feature="jsp-2.3" feature="servlet-4.0" feature="usr:wsseccbh-2.0" feature="ssl-1.0" feature="jaxws-2.3" feature="appSecurity-3.0" feature="wssecurity-1.1" }[BasicRegistry{realm="customRealm" User{name="user1" password="security" },User{name="user2" password="security" },User{name="test1" password="test1" },User{name="test2" password="test2" },User{name="test3" password="test3" },User{name="test4" password="test4" },User{name="admin" password="admin" },User{name="bob" password="bob" },User{name="joe" password="joe" },User{name="user1pw" password="pw8server" },}][IncludeElement{location="../fatTestPorts.xml" }]SSLDefault{sslRef="DefaultSSLSettings" }[SSL{keyStoreRef="myKeyStore" trustStoreRef="myTrustStore" }][KeyStore{password="Liberty" location="${server.config.dir}/key.jks" type="jks" }, KeyStore{password="LibertyServer" location="${server.config.dir}/sslServerTrust.jks" type="jks" }][JavaPermission{actions="read" className="java.io.FilePermission" name="ALL FILES" }, JavaPermission{actions="get" className="org.osgi.framework.ServicePermission" name="*" }, JavaPermission{className="java.lang.RuntimePermission" name="accessClassInPackage.com.sun.xml.internal.messaging.saaj.soap" }, JavaPermission{className="java.lang.RuntimePermission" name="accessClassInPackage.com.sun.xml.internal.messaging.saaj.soap.ver1_1" }, JavaPermission{className="java.lang.RuntimePermission" name="accessClassInPackage.com.sun.xml.internal.messaging.saaj.util" }, JavaPermission{className="java.lang.RuntimePermission" name="accessClassInPackage.com.sun.xml.internal.messaging.saaj.soap.name" }, JavaPermission{className="java.lang.RuntimePermission" name="accessClassInPackage.com.sun.xml.internal.messaging.saaj.soap.impl" }, JavaPermission{actions="POST:AcceptSOAPActionUser-Agent" className="java.net.URLPermission" name="http://localhost:8010/x509migtoken/FatBAX01Service" }, JavaPermission{actions="POST:AcceptSOAPActionUser-Agent" className="java.net.URLPermission" name="http://localhost:8010/x509migtoken/FatBAX31Service" }, JavaPermission{actions="POST:AcceptSOAPActionUser-Agent" className="java.net.URLPermission" name="http://localhost:8010/x509migtoken/FatBAX29Service" }, JavaPermission{actions="POST:AcceptSOAPActionUser-Agent" className="java.net.URLPermission" name="https://localhost:8020/x509migtoken/FatBAX01Service" }, JavaPermission{actions="POST:AcceptSOAPActionUser-Agent" className="java.net.URLPermission" name="http://localhost:8010/x509migtoken/FatBAX03Service" }, JavaPermission{actions="POST:AcceptSOAPActionUser-Agent" className="java.net.URLPermission" name="http://localhost:8010/x509migtoken/FatBAX09Service" }, JavaPermission{actions="POST:AcceptSOAPActionUser-Agent" className="java.net.URLPermission" name="http://localhost:8010/x509migtoken/FatBAX04Service" }, JavaPermission{actions="POST:AcceptSOAPActionUser-Agent" className="java.net.URLPermission" name="http://localhost:8010/x509migtoken/FatBAX05Service" }, JavaPermission{actions="POST:AcceptSOAPActionUser-Agent" className="java.net.URLPermission" name="http://localhost:8010/x509migtoken/FatBAX06Service" }, JavaPermission{actions="POST:AcceptSOAPActionUser-Agent" className="java.net.URLPermission" name="http://localhost:8010/x509migtoken/FatBAX24Service" }, JavaPermission{actions="POST:AcceptSOAPActionUser-Agent" className="java.net.URLPermission" name="http://localhost:8010/x509migtoken/FatBAX25Service" }, JavaPermission{actions="POST:AcceptSOAPActionUser-Agent" className="java.net.URLPermission" name="http://localhost:8010/x509migtoken/FatBAX27Service" }, JavaPermission{actions="POST:AcceptSOAPActionUser-Agent" className="java.net.URLPermission" name="http://localhost:8010/x509migtoken/FatBAX35Service" }, JavaPermission{actions="POST:AcceptSOAPActionUser-Agent" className="java.net.URLPermission" name="https://localhost:8020/x509migtoken/FatBAX35Service" }, JavaPermission{actions="POST:AcceptSOAPActionUser-Agent" className="java.net.URLPermission" name="http://localhost:8010/x509migtoken/FatBAX33Service" }, JavaPermission{actions="read" className="java.util.PropertyPermission" name="javax.xml.soap.MessageFactory" }, JavaPermission{actions="read" className="java.util.PropertyPermission" name="javax.xml.soap.MetaFactory" }, JavaPermission{actions="read" className="java.util.PropertyPermission" name="java.home" }, JavaPermission{actions="*" className="org.osgi.framework.AdminPermission" name="*" }, JavaPermission{className="java.security.SecurityPermission" name="org.apache.xml.security.register" }, JavaPermission{className="java.lang.RuntimePermission" name="accessClassInPackage.sun.net.www.protocol.c" }]
[06/06/2021 00:19:35:386 PDT] 001 LibertyFileManager             moveLibertyFile                I Moving C:/Users/Administrator/libertyGit/open-liberty/dev/com.ibm.ws.wssecurity_fat.wsscxf.1/build/libs/autoFVT/publish/servers/com.ibm.ws.wssecurity_fat.x509migsym/server_badsha2.xml.tmp to C:/Users/Administrator/libertyGit/open-liberty/dev/com.ibm.ws.wssecurity_fat.wsscxf.1/build/libs/autoFVT/publish/servers/com.ibm.ws.wssecurity_fat.x509migsym/server_badsha2.xml
[06/06/2021 00:19:35:855 PDT] 001 LibertyFileManager             moveLibertyFile                I server_badsha2.xml was successfully copied.
[06/06/2021 00:19:35:855 PDT] 001 FeatureReplacementAction       setup                          I Original features:  [appsecurity-2.0, jsp-2.2, servlet-3.1, ssl-1.0, usr:wsseccbh-1.0, jaxws-2.2, wssecurity-1.1]
[06/06/2021 00:19:35:855 PDT] 001 FeatureReplacementAction       getReplacementFeature          I Replace feature [ servlet-3.1 ] with [ servlet-4.0 ]
[06/06/2021 00:19:35:855 PDT] 001 FeatureReplacementAction       getReplacementFeature          I Replace feature [ appsecurity-2.0 ] with [ appSecurity-3.0 ]
[06/06/2021 00:19:35:855 PDT] 001 FeatureReplacementAction       getReplacementFeature          I Replace feature [ jaxws-2.2 ] with [ jaxws-2.3 ]
[06/06/2021 00:19:35:855 PDT] 001 FeatureReplacementAction       getReplacementFeature          I Replace feature [ jsp-2.2 ] with [ jsp-2.3 ]
[06/06/2021 00:19:35:855 PDT] 001 FeatureReplacementAction       getReplacementFeature          I Replace feature [ usr:wsseccbh-1.0 ] with [ usr:wsseccbh-2.0 ]
[06/06/2021 00:19:35:855 PDT] 001 FeatureReplacementAction       setup                          I Resulting features: [jsp-2.3, servlet-4.0, usr:wsseccbh-2.0, ssl-1.0, jaxws-2.3, appSecurity-3.0, wssecurity-1.1]
[06/06/2021 00:19:35:871 PDT] 001 FeatureReplacementAction       setup                          I Config: ServerConfiguration
FeatureManager{feature="jsp-2.3" feature="servlet-4.0" feature="usr:wsseccbh-2.0" feature="ssl-1.0" feature="jaxws-2.3" feature="appSecurity-3.0" feature="wssecurity-1.1" }[IncludeElement{location="../fatTestPorts.xml" }][JavaPermission{actions="read" className="java.io.FilePermission" name="ALL FILES" }, JavaPermission{className="java.lang.RuntimePermission" name="accessClassInPackage.com.sun.xml.internal.messaging.saaj.soap" }, JavaPermission{className="java.lang.RuntimePermission" name="accessClassInPackage.com.sun.xml.internal.messaging.saaj.soap.ver1_1" }, JavaPermission{className="java.lang.RuntimePermission" name="accessClassInPackage.com.sun.xml.internal.messaging.saaj.util" }, JavaPermission{className="java.lang.RuntimePermission" name="accessClassInPackage.com.sun.xml.internal.messaging.saaj.soap.name" }, JavaPermission{className="java.lang.RuntimePermission" name="accessClassInPackage.com.sun.xml.internal.messaging.saaj.soap.impl" }, JavaPermission{actions="POST:AcceptSOAPActionUser-Agent" className="java.net.URLPermission" name="http://localhost:8010/sha2sig/Sha2SigService1" }, JavaPermission{actions="POST:AcceptSOAPActionUser-Agent" className="java.net.URLPermission" name="http://localhost:8010/sha2sig/Sha2SigService2" }, JavaPermission{actions="POST:AcceptSOAPActionUser-Agent" className="java.net.URLPermission" name="http://localhost:8010/sha2sig/Sha2SigService3" }, JavaPermission{actions="POST:AcceptSOAPActionUser-Agent" className="java.net.URLPermission" name="http://localhost:8010/sha2sig/Sha2SigService4" }, JavaPermission{actions="POST:AcceptSOAPActionUser-Agent" className="java.net.URLPermission" name="http://localhost:8010/sha2sig/Sha2SigService5" }, JavaPermission{actions="POST:AcceptSOAPActionUser-Agent" className="java.net.URLPermission" name="http://localhost:8010/sha2sig/Sha2SigService7" }, JavaPermission{actions="POST:AcceptSOAPActionUser-Agent" className="java.net.URLPermission" name="http://localhost:8010/sha2sig/Sha2SigService8" }, JavaPermission{className="java.lang.reflect.ReflectPermission" name="suppressAccessChecks" }, JavaPermission{actions="*" className="org.osgi.framework.AdminPermission" name="*" }, JavaPermission{className="java.lang.RuntimePermission" name="accessClassInPackage.sun.net.www.protocol.c" }, JavaPermission{className="java.security.SecurityPermission" name="org.apache.xml.security.register" }]
[06/06/2021 00:19:35:871 PDT] 001 LibertyFileManager             moveLibertyFile                I Moving C:/Users/Administrator/libertyGit/open-liberty/dev/com.ibm.ws.wssecurity_fat.wsscxf.1/build/libs/autoFVT/publish/servers/com.ibm.ws.wssecurity_fat.sha2sig/server_sha5sym_wss4j.xml.tmp to C:/Users/Administrator/libertyGit/open-liberty/dev/com.ibm.ws.wssecurity_fat.wsscxf.1/build/libs/autoFVT/publish/servers/com.ibm.ws.wssecurity_fat.sha2sig/server_sha5sym_wss4j.xml
[06/06/2021 00:19:36:338 PDT] 001 LibertyFileManager             moveLibertyFile                I server_sha5sym_wss4j.xml was successfully copied.
[06/06/2021 00:19:36:340 PDT] 001 FeatureReplacementAction       setup                          I Original features:  [appsecurity-2.0, jsp-2.2, servlet-3.1, ssl-1.0, usr:wsseccbh-1.0, jaxws-2.2, wssecurity-1.1]
[06/06/2021 00:19:36:340 PDT] 001 FeatureReplacementAction       getReplacementFeature          I Replace feature [ servlet-3.1 ] with [ servlet-4.0 ]
[06/06/2021 00:19:36:340 PDT] 001 FeatureReplacementAction       getReplacementFeature          I Replace feature [ appsecurity-2.0 ] with [ appSecurity-3.0 ]
[06/06/2021 00:19:36:340 PDT] 001 FeatureReplacementAction       getReplacementFeature          I Replace feature [ jaxws-2.2 ] with [ jaxws-2.3 ]
[06/06/2021 00:19:36:340 PDT] 001 FeatureReplacementAction       getReplacementFeature          I Replace feature [ jsp-2.2 ] with [ jsp-2.3 ]
[06/06/2021 00:19:36:340 PDT] 001 FeatureReplacementAction       getReplacementFeature          I Replace feature [ usr:wsseccbh-1.0 ] with [ usr:wsseccbh-2.0 ]
[06/06/2021 00:19:36:340 PDT] 001 FeatureReplacementAction       setup                          I Resulting features: [jsp-2.3, servlet-4.0, usr:wsseccbh-2.0, ssl-1.0, jaxws-2.3, appSecurity-3.0, wssecurity-1.1]
[06/06/2021 00:19:36:340 PDT] 001 FeatureReplacementAction       setup                          I Config: ServerConfiguration
FeatureManager{feature="jsp-2.3" feature="servlet-4.0" feature="usr:wsseccbh-2.0" feature="ssl-1.0" feature="jaxws-2.3" feature="appSecurity-3.0" feature="wssecurity-1.1" }[BasicRegistry{realm="customRealm" User{name="user1" password="security" },User{name="user2" password="security" },User{name="test1" password="test1" },User{name="test2" password="test2" },User{name="test3" password="test3" },User{name="test4" password="test4" },User{name="admin" password="admin" },User{name="bob" password="bob" },User{name="joe" password="joe" },User{name="user1pw" password="pw8server" },}][Application{name="x509client" location="${server.config.dir}/x509client.war" [ClassLoaderElement{apiTypeVisibility="spec, ibm-api, third-party" }]}][IncludeElement{location="../fatTestPorts.xml" }]SSLDefault{sslRef="DefaultSSLSettings" }[SSL{keyStoreRef="myKeyStore" trustStoreRef="myTrustStore" }][KeyStore{password="Liberty" location="${server.config.dir}/key.jks" type="jks" }, KeyStore{password="LibertyServer" location="${server.config.dir}/sslServerTrust.jks" type="jks" }][JavaPermission{actions="read" className="java.io.FilePermission" name="ALL FILES" }, JavaPermission{className="java.lang.RuntimePermission" name="accessClassInPackage.com.sun.xml.internal.messaging.saaj.soap" }, JavaPermission{className="java.lang.RuntimePermission" name="accessClassInPackage.com.sun.xml.internal.messaging.saaj.soap.ver1_1" }, JavaPermission{className="java.lang.RuntimePermission" name="accessClassInPackage.com.sun.xml.internal.messaging.saaj.util" }, JavaPermission{className="java.lang.RuntimePermission" name="accessClassInPackage.com.sun.xml.internal.messaging.saaj.soap.name" }, JavaPermission{className="java.lang.RuntimePermission" name="accessClassInPackage.com.sun.xml.internal.messaging.saaj.soap.impl" }, JavaPermission{actions="POST:AcceptSOAPActionUser-Agent" className="java.net.URLPermission" name="http://localhost:8010/x509token/FVTVersionBAXService" }, JavaPermission{actions="read" className="java.util.PropertyPermission" name="javax.xml.soap.MessageFactory" }, JavaPermission{actions="read" className="java.util.PropertyPermission" name="java.home" }, JavaPermission{actions="read" className="java.util.PropertyPermission" name="javax.xml.soap.MetaFactory" }, JavaPermission{actions="*" className="org.osgi.framework.AdminPermission" name="*" }, JavaPermission{className="java.lang.RuntimePermission" name="accessClassInPackage.sun.net.www.protocol.c" }, JavaPermission{className="java.security.SecurityPermission" name="org.apache.xml.security.register" }]
[06/06/2021 00:19:36:356 PDT] 001 LibertyFileManager             moveLibertyFile                I Moving C:/Users/Administrator/libertyGit/open-liberty/dev/com.ibm.ws.wssecurity_fat.wsscxf.1/build/libs/autoFVT/publish/servers/com.ibm.ws.wssecurity_fat.x509_2/server_wss4j.xml.tmp to C:/Users/Administrator/libertyGit/open-liberty/dev/com.ibm.ws.wssecurity_fat.wsscxf.1/build/libs/autoFVT/publish/servers/com.ibm.ws.wssecurity_fat.x509_2/server_wss4j.xml
[06/06/2021 00:19:36:818 PDT] 001 LibertyFileManager             moveLibertyFile                I server_wss4j.xml was successfully copied.
[06/06/2021 00:19:36:818 PDT] 001 FeatureReplacementAction       setup                          I Original features:  [appsecurity-2.0, jsp-2.2, servlet-3.1, ssl-1.0, usr:wsseccbh-1.0, jaxws-2.2, wssecurity-1.1]
[06/06/2021 00:19:36:818 PDT] 001 FeatureReplacementAction       getReplacementFeature          I Replace feature [ servlet-3.1 ] with [ servlet-4.0 ]
[06/06/2021 00:19:36:818 PDT] 001 FeatureReplacementAction       getReplacementFeature          I Replace feature [ appsecurity-2.0 ] with [ appSecurity-3.0 ]
[06/06/2021 00:19:36:818 PDT] 001 FeatureReplacementAction       getReplacementFeature          I Replace feature [ jaxws-2.2 ] with [ jaxws-2.3 ]
[06/06/2021 00:19:36:818 PDT] 001 FeatureReplacementAction       getReplacementFeature          I Replace feature [ jsp-2.2 ] with [ jsp-2.3 ]
[06/06/2021 00:19:36:818 PDT] 001 FeatureReplacementAction       getReplacementFeature          I Replace feature [ usr:wsseccbh-1.0 ] with [ usr:wsseccbh-2.0 ]
[06/06/2021 00:19:36:818 PDT] 001 FeatureReplacementAction       setup                          I Resulting features: [jsp-2.3, servlet-4.0, usr:wsseccbh-2.0, ssl-1.0, jaxws-2.3, appSecurity-3.0, wssecurity-1.1]
[06/06/2021 00:19:36:835 PDT] 001 FeatureReplacementAction       setup                          I Config: ServerConfiguration
FeatureManager{feature="jsp-2.3" feature="servlet-4.0" feature="usr:wsseccbh-2.0" feature="ssl-1.0" feature="jaxws-2.3" feature="appSecurity-3.0" feature="wssecurity-1.1" }[BasicRegistry{realm="customRealm" User{name="user1" password="security" },User{name="user2" password="security" },User{name="test1" password="test1" },User{name="test2" password="test2" },User{name="user1pw" password="pw8server" },}][IncludeElement{location="../fatTestPorts.xml" }][JavaPermission{actions="read" className="java.io.FilePermission" name="ALL FILES" }, JavaPermission{className="java.lang.RuntimePermission" name="accessClassInPackage.com.sun.xml.internal.messaging.saaj.soap" }, JavaPermission{className="java.lang.RuntimePermission" name="accessClassInPackage.com.sun.xml.internal.messaging.saaj.soap.ver1_1" }, JavaPermission{className="java.lang.RuntimePermission" name="accessClassInPackage.com.sun.xml.internal.messaging.saaj.util" }, JavaPermission{className="java.lang.RuntimePermission" name="accessClassInPackage.com.sun.xml.internal.messaging.saaj.soap.name" }, JavaPermission{className="java.lang.RuntimePermission" name="accessClassInPackage.com.sun.xml.internal.messaging.saaj.soap.impl" }, JavaPermission{actions="POST:AcceptSOAPActionUser-Agent" className="java.net.URLPermission" name="http://localhost:8010/sha2sig/Sha2SigService1" }, JavaPermission{actions="POST:AcceptSOAPActionUser-Agent" className="java.net.URLPermission" name="http://localhost:8010/sha2sig/Sha2SigService2" }, JavaPermission{actions="POST:AcceptSOAPActionUser-Agent" className="java.net.URLPermission" name="http://localhost:8010/sha2sig/Sha2SigService3" }, JavaPermission{actions="POST:AcceptSOAPActionUser-Agent" className="java.net.URLPermission" name="http://localhost:8010/sha2sig/Sha2SigService4" }, JavaPermission{actions="POST:AcceptSOAPActionUser-Agent" className="java.net.URLPermission" name="http://localhost:8010/sha2sig/Sha2SigService5" }, JavaPermission{actions="POST:AcceptSOAPActionUser-Agent" className="java.net.URLPermission" name="http://localhost:8010/sha2sig/Sha2SigService7" }, JavaPermission{actions="POST:AcceptSOAPActionUser-Agent" className="java.net.URLPermission" name="http://localhost:8010/sha2sig/Sha2SigService8" }, JavaPermission{className="java.lang.reflect.ReflectPermission" name="suppressAccessChecks" }, JavaPermission{actions="*" className="org.osgi.framework.AdminPermission" name="*" }, JavaPermission{className="java.lang.RuntimePermission" name="accessClassInPackage.sun.net.www.protocol.c" }, JavaPermission{className="java.security.SecurityPermission" name="org.apache.xml.security.register" }]
[06/06/2021 00:19:36:840 PDT] 001 LibertyFileManager             moveLibertyFile                I Moving C:/Users/Administrator/libertyGit/open-liberty/dev/com.ibm.ws.wssecurity_fat.wsscxf.1/build/libs/autoFVT/publish/servers/com.ibm.ws.wssecurity_fat.sha2sig/server_sha2_wss4j.xml.tmp to C:/Users/Administrator/libertyGit/open-liberty/dev/com.ibm.ws.wssecurity_fat.wsscxf.1/build/libs/autoFVT/publish/servers/com.ibm.ws.wssecurity_fat.sha2sig/server_sha2_wss4j.xml
[06/06/2021 00:19:37:303 PDT] 001 LibertyFileManager             moveLibertyFile                I server_sha2_wss4j.xml was successfully copied.
[06/06/2021 00:19:37:303 PDT] 001 FeatureReplacementAction       setup                          I Original features:  [appsecurity-2.0, jsp-2.2, servlet-3.1, ssl-1.0, usr:wsseccbh-1.0, jaxws-2.2, wssecurity-1.1]
[06/06/2021 00:19:37:303 PDT] 001 FeatureReplacementAction       getReplacementFeature          I Replace feature [ servlet-3.1 ] with [ servlet-4.0 ]
[06/06/2021 00:19:37:303 PDT] 001 FeatureReplacementAction       getReplacementFeature          I Replace feature [ appsecurity-2.0 ] with [ appSecurity-3.0 ]
[06/06/2021 00:19:37:303 PDT] 001 FeatureReplacementAction       getReplacementFeature          I Replace feature [ jaxws-2.2 ] with [ jaxws-2.3 ]
[06/06/2021 00:19:37:303 PDT] 001 FeatureReplacementAction       getReplacementFeature          I Replace feature [ jsp-2.2 ] with [ jsp-2.3 ]
[06/06/2021 00:19:37:303 PDT] 001 FeatureReplacementAction       getReplacementFeature          I Replace feature [ usr:wsseccbh-1.0 ] with [ usr:wsseccbh-2.0 ]
[06/06/2021 00:19:37:303 PDT] 001 FeatureReplacementAction       setup                          I Resulting features: [jsp-2.3, servlet-4.0, usr:wsseccbh-2.0, ssl-1.0, jaxws-2.3, appSecurity-3.0, wssecurity-1.1]
[06/06/2021 00:19:37:303 PDT] 001 FeatureReplacementAction       setup                          I Config: ServerConfiguration
FeatureManager{feature="jsp-2.3" feature="servlet-4.0" feature="usr:wsseccbh-2.0" feature="ssl-1.0" feature="jaxws-2.3" feature="appSecurity-3.0" feature="wssecurity-1.1" }[BasicRegistry{realm="customRealm" User{name="user1" password="security" },User{name="user2" password="security" },User{name="test1" password="test1" },User{name="test2" password="test2" },User{name="user1pw" password="pw8server" },}][IncludeElement{location="../fatTestPorts.xml" }]
[06/06/2021 00:19:37:319 PDT] 001 LibertyFileManager             moveLibertyFile                I Moving C:/Users/Administrator/libertyGit/open-liberty/dev/com.ibm.ws.wssecurity_fat.wsscxf.1/build/libs/autoFVT/publish/servers/com.ibm.ws.wssecurity_fat.x509async/server_orig_wss4j.xml.tmp to C:/Users/Administrator/libertyGit/open-liberty/dev/com.ibm.ws.wssecurity_fat.wsscxf.1/build/libs/autoFVT/publish/servers/com.ibm.ws.wssecurity_fat.x509async/server_orig_wss4j.xml
[06/06/2021 00:19:37:781 PDT] 001 LibertyFileManager             moveLibertyFile                I server_orig_wss4j.xml was successfully copied.
[06/06/2021 00:19:37:781 PDT] 001 FeatureReplacementAction       setup                          I Original features:  [appsecurity-2.0, jsp-2.2, servlet-3.1, ssl-1.0, usr:wsseccbh-1.0, jaxws-2.2, wssecurity-1.1]
[06/06/2021 00:19:37:781 PDT] 001 FeatureReplacementAction       getReplacementFeature          I Replace feature [ servlet-3.1 ] with [ servlet-4.0 ]
[06/06/2021 00:19:37:781 PDT] 001 FeatureReplacementAction       getReplacementFeature          I Replace feature [ appsecurity-2.0 ] with [ appSecurity-3.0 ]
[06/06/2021 00:19:37:781 PDT] 001 FeatureReplacementAction       getReplacementFeature          I Replace feature [ jaxws-2.2 ] with [ jaxws-2.3 ]
[06/06/2021 00:19:37:781 PDT] 001 FeatureReplacementAction       getReplacementFeature          I Replace feature [ jsp-2.2 ] with [ jsp-2.3 ]
[06/06/2021 00:19:37:781 PDT] 001 FeatureReplacementAction       getReplacementFeature          I Replace feature [ usr:wsseccbh-1.0 ] with [ usr:wsseccbh-2.0 ]
[06/06/2021 00:19:37:781 PDT] 001 FeatureReplacementAction       setup                          I Resulting features: [jsp-2.3, servlet-4.0, usr:wsseccbh-2.0, ssl-1.0, jaxws-2.3, appSecurity-3.0, wssecurity-1.1]
[06/06/2021 00:19:37:781 PDT] 001 FeatureReplacementAction       setup                          I Config: ServerConfiguration
FeatureManager{feature="jsp-2.3" feature="servlet-4.0" feature="usr:wsseccbh-2.0" feature="ssl-1.0" feature="jaxws-2.3" feature="appSecurity-3.0" feature="wssecurity-1.1" }[IncludeElement{location="../fatTestPorts.xml" }][JavaPermission{actions="read" className="java.io.FilePermission" name="ALL FILES" }, JavaPermission{className="java.lang.RuntimePermission" name="accessClassInPackage.com.sun.xml.internal.messaging.saaj.soap" }, JavaPermission{className="java.lang.RuntimePermission" name="accessClassInPackage.com.sun.xml.internal.messaging.saaj.soap.ver1_1" }, JavaPermission{className="java.lang.RuntimePermission" name="accessClassInPackage.com.sun.xml.internal.messaging.saaj.util" }, JavaPermission{className="java.lang.RuntimePermission" name="accessClassInPackage.com.sun.xml.internal.messaging.saaj.soap.name" }, JavaPermission{className="java.lang.RuntimePermission" name="accessClassInPackage.com.sun.xml.internal.messaging.saaj.soap.impl" }, JavaPermission{actions="POST:AcceptSOAPActionUser-Agent" className="java.net.URLPermission" name="http://localhost:8010/sha2sig/Sha2SigService1" }, JavaPermission{actions="POST:AcceptSOAPActionUser-Agent" className="java.net.URLPermission" name="http://localhost:8010/sha2sig/Sha2SigService2" }, JavaPermission{actions="POST:AcceptSOAPActionUser-Agent" className="java.net.URLPermission" name="http://localhost:8010/sha2sig/Sha2SigService3" }, JavaPermission{actions="POST:AcceptSOAPActionUser-Agent" className="java.net.URLPermission" name="http://localhost:8010/sha2sig/Sha2SigService4" }, JavaPermission{actions="POST:AcceptSOAPActionUser-Agent" className="java.net.URLPermission" name="http://localhost:8010/sha2sig/Sha2SigService5" }, JavaPermission{actions="POST:AcceptSOAPActionUser-Agent" className="java.net.URLPermission" name="http://localhost:8010/sha2sig/Sha2SigService7" }, JavaPermission{actions="POST:AcceptSOAPActionUser-Agent" className="java.net.URLPermission" name="http://localhost:8010/sha2sig/Sha2SigService8" }, JavaPermission{className="java.lang.reflect.ReflectPermission" name="suppressAccessChecks" }, JavaPermission{actions="*" className="org.osgi.framework.AdminPermission" name="*" }, JavaPermission{className="java.lang.RuntimePermission" name="accessClassInPackage.sun.net.www.protocol.c" }, JavaPermission{className="java.security.SecurityPermission" name="org.apache.xml.security.register" }]
[06/06/2021 00:19:37:797 PDT] 001 LibertyFileManager             moveLibertyFile                I Moving C:/Users/Administrator/libertyGit/open-liberty/dev/com.ibm.ws.wssecurity_fat.wsscxf.1/build/libs/autoFVT/publish/servers/com.ibm.ws.wssecurity_fat.sha2sig/server_sha3sym_wss4j.xml.tmp to C:/Users/Administrator/libertyGit/open-liberty/dev/com.ibm.ws.wssecurity_fat.wsscxf.1/build/libs/autoFVT/publish/servers/com.ibm.ws.wssecurity_fat.sha2sig/server_sha3sym_wss4j.xml
[06/06/2021 00:19:38:266 PDT] 001 LibertyFileManager             moveLibertyFile                I server_sha3sym_wss4j.xml was successfully copied.
[06/06/2021 00:19:38:266 PDT] 001 FeatureReplacementAction       setup                          I Original features:  [appsecurity-2.0, jsp-2.2, servlet-3.1, ssl-1.0, usr:wsseccbh-1.0, jaxws-2.2, wssecurity-1.1]
[06/06/2021 00:19:38:266 PDT] 001 FeatureReplacementAction       getReplacementFeature          I Replace feature [ servlet-3.1 ] with [ servlet-4.0 ]
[06/06/2021 00:19:38:266 PDT] 001 FeatureReplacementAction       getReplacementFeature          I Replace feature [ appsecurity-2.0 ] with [ appSecurity-3.0 ]
[06/06/2021 00:19:38:266 PDT] 001 FeatureReplacementAction       getReplacementFeature          I Replace feature [ jaxws-2.2 ] with [ jaxws-2.3 ]
[06/06/2021 00:19:38:266 PDT] 001 FeatureReplacementAction       getReplacementFeature          I Replace feature [ jsp-2.2 ] with [ jsp-2.3 ]
[06/06/2021 00:19:38:266 PDT] 001 FeatureReplacementAction       getReplacementFeature          I Replace feature [ usr:wsseccbh-1.0 ] with [ usr:wsseccbh-2.0 ]
[06/06/2021 00:19:38:266 PDT] 001 FeatureReplacementAction       setup                          I Resulting features: [jsp-2.3, servlet-4.0, usr:wsseccbh-2.0, ssl-1.0, jaxws-2.3, appSecurity-3.0, wssecurity-1.1]
[06/06/2021 00:19:38:281 PDT] 001 FeatureReplacementAction       setup                          I Config: ServerConfiguration
FeatureManager{feature="jsp-2.3" feature="servlet-4.0" feature="usr:wsseccbh-2.0" feature="ssl-1.0" feature="jaxws-2.3" feature="appSecurity-3.0" feature="wssecurity-1.1" }[BasicRegistry{realm="customRealm" User{name="user1" password="security" },User{name="user2" password="security" },User{name="test1" password="test1" },User{name="test2" password="test2" },User{name="user1pw" password="pw8server" },}][IncludeElement{location="../fatTestPorts.xml" }][JavaPermission{actions="read" className="java.io.FilePermission" name="ALL FILES" }, JavaPermission{className="java.lang.RuntimePermission" name="accessClassInPackage.com.sun.xml.internal.messaging.saaj.soap" }, JavaPermission{className="java.lang.RuntimePermission" name="accessClassInPackage.com.sun.xml.internal.messaging.saaj.soap.ver1_1" }, JavaPermission{className="java.lang.RuntimePermission" name="accessClassInPackage.com.sun.xml.internal.messaging.saaj.util" }, JavaPermission{className="java.lang.RuntimePermission" name="accessClassInPackage.com.sun.xml.internal.messaging.saaj.soap.name" }, JavaPermission{className="java.lang.RuntimePermission" name="accessClassInPackage.com.sun.xml.internal.messaging.saaj.soap.impl" }, JavaPermission{actions="POST:AcceptSOAPActionUser-Agent" className="java.net.URLPermission" name="http://localhost:8010/x509sig/X509XmlSigService1" }, JavaPermission{actions="POST:AcceptSOAPActionUser-Agent" className="java.net.URLPermission" name="http://localhost:8010/x509sig/X509XmlStrService1" }, JavaPermission{actions="POST:AcceptSOAPActionUser-Agent" className="java.net.URLPermission" name="http://localhost:8010/x509sig/X509XmlSigService3" }, JavaPermission{actions="POST:AcceptSOAPActionUser-Agent" className="java.net.URLPermission" name="http://localhost:8010/xmlsig/X509XmlSigService1" }, JavaPermission{actions="POST:AcceptSOAPActionUser-Agent" className="java.net.URLPermission" name="http://localhost:8010/x509sig/X509XmlStrService2" }, JavaPermission{actions="read" className="java.util.PropertyPermission" name="javax.xml.soap.MessageFactory" }, JavaPermission{actions="*" className="org.osgi.framework.AdminPermission" name="*" }, JavaPermission{className="java.security.SecurityPermission" name="org.apache.xml.security.register" }, JavaPermission{className="java.lang.RuntimePermission" name="accessClassInPackage.sun.net.www.protocol.c" }]
[06/06/2021 00:19:38:281 PDT] 001 LibertyFileManager             moveLibertyFile                I Moving C:/Users/Administrator/libertyGit/open-liberty/dev/com.ibm.ws.wssecurity_fat.wsscxf.1/build/libs/autoFVT/publish/servers/com.ibm.ws.wssecurity_fat.x509sig/server_badsvrpwd_wss4j.xml.tmp to C:/Users/Administrator/libertyGit/open-liberty/dev/com.ibm.ws.wssecurity_fat.wsscxf.1/build/libs/autoFVT/publish/servers/com.ibm.ws.wssecurity_fat.x509sig/server_badsvrpwd_wss4j.xml
[06/06/2021 00:19:38:750 PDT] 001 LibertyFileManager             moveLibertyFile                I server_badsvrpwd_wss4j.xml was successfully copied.
[06/06/2021 00:19:38:751 PDT] 001 FeatureReplacementAction       setup                          I Original features:  [appsecurity-2.0, jsp-2.2, servlet-3.1, ssl-1.0, usr:wsseccbh-1.0, jaxws-2.2, wssecurity-1.1]
[06/06/2021 00:19:38:751 PDT] 001 FeatureReplacementAction       getReplacementFeature          I Replace feature [ servlet-3.1 ] with [ servlet-4.0 ]
[06/06/2021 00:19:38:751 PDT] 001 FeatureReplacementAction       getReplacementFeature          I Replace feature [ appsecurity-2.0 ] with [ appSecurity-3.0 ]
[06/06/2021 00:19:38:751 PDT] 001 FeatureReplacementAction       getReplacementFeature          I Replace feature [ jaxws-2.2 ] with [ jaxws-2.3 ]
[06/06/2021 00:19:38:751 PDT] 001 FeatureReplacementAction       getReplacementFeature          I Replace feature [ jsp-2.2 ] with [ jsp-2.3 ]
[06/06/2021 00:19:38:751 PDT] 001 FeatureReplacementAction       getReplacementFeature          I Replace feature [ usr:wsseccbh-1.0 ] with [ usr:wsseccbh-2.0 ]
[06/06/2021 00:19:38:751 PDT] 001 FeatureReplacementAction       setup                          I Resulting features: [jsp-2.3, servlet-4.0, usr:wsseccbh-2.0, ssl-1.0, jaxws-2.3, appSecurity-3.0, wssecurity-1.1]
[06/06/2021 00:19:38:751 PDT] 001 FeatureReplacementAction       setup                          I Config: ServerConfiguration
FeatureManager{feature="jsp-2.3" feature="servlet-4.0" feature="usr:wsseccbh-2.0" feature="ssl-1.0" feature="jaxws-2.3" feature="appSecurity-3.0" feature="wssecurity-1.1" }[BasicRegistry{realm="customRealm" User{name="user1" password="security" },User{name="user2" password="security" },User{name="test1" password="test1" },User{name="test2" password="test2" },User{name="user1pw" password="pw8server" },}][IncludeElement{location="../fatTestPorts.xml" }][JavaPermission{actions="read" className="java.io.FilePermission" name="ALL FILES" }, JavaPermission{className="java.lang.RuntimePermission" name="accessClassInPackage.com.sun.xml.internal.messaging.saaj.soap" }, JavaPermission{className="java.lang.RuntimePermission" name="accessClassInPackage.com.sun.xml.internal.messaging.saaj.soap.ver1_1" }, JavaPermission{className="java.lang.RuntimePermission" name="accessClassInPackage.com.sun.xml.internal.messaging.saaj.util" }, JavaPermission{className="java.lang.RuntimePermission" name="accessClassInPackage.com.sun.xml.internal.messaging.saaj.soap.name" }, JavaPermission{className="java.lang.RuntimePermission" name="accessClassInPackage.com.sun.xml.internal.messaging.saaj.soap.impl" }, JavaPermission{actions="POST:AcceptSOAPActionUser-Agent" className="java.net.URLPermission" name="http://localhost:8010/wss11enc/WSS11EncService1" }, JavaPermission{actions="POST:AcceptSOAPActionUser-Agent" className="java.net.URLPermission" name="http://localhost:8010/wss11enc/WSS11EncService2" }, JavaPermission{actions="POST:AcceptSOAPActionUser-Agent" className="java.net.URLPermission" name="http://localhost:8010/x509enc/X509XmlEncService10" }, JavaPermission{actions="*" className="org.osgi.framework.AdminPermission" name="*" }, JavaPermission{className="java.security.SecurityPermission" name="org.apache.xml.security.register" }, JavaPermission{className="java.lang.RuntimePermission" name="accessClassInPackage.sun.net.www.protocol.c" }]
[06/06/2021 00:19:38:767 PDT] 001 LibertyFileManager             moveLibertyFile                I Moving C:/Users/Administrator/libertyGit/open-liberty/dev/com.ibm.ws.wssecurity_fat.wsscxf.1/build/libs/autoFVT/publish/servers/com.ibm.ws.wssecurity_fat.wss11enc/server_enchdr.xml.tmp to C:/Users/Administrator/libertyGit/open-liberty/dev/com.ibm.ws.wssecurity_fat.wsscxf.1/build/libs/autoFVT/publish/servers/com.ibm.ws.wssecurity_fat.wss11enc/server_enchdr.xml
[06/06/2021 00:19:39:229 PDT] 001 LibertyFileManager             moveLibertyFile                I server_enchdr.xml was successfully copied.
[06/06/2021 00:19:39:229 PDT] 001 FeatureReplacementAction       setup                          I Original features:  [appsecurity-2.0, jsp-2.2, servlet-3.1, ssl-1.0, usr:wsseccbh-1.0, jaxws-2.2, wssecurity-1.1]
[06/06/2021 00:19:39:229 PDT] 001 FeatureReplacementAction       getReplacementFeature          I Replace feature [ servlet-3.1 ] with [ servlet-4.0 ]
[06/06/2021 00:19:39:229 PDT] 001 FeatureReplacementAction       getReplacementFeature          I Replace feature [ appsecurity-2.0 ] with [ appSecurity-3.0 ]
[06/06/2021 00:19:39:229 PDT] 001 FeatureReplacementAction       getReplacementFeature          I Replace feature [ jaxws-2.2 ] with [ jaxws-2.3 ]
[06/06/2021 00:19:39:229 PDT] 001 FeatureReplacementAction       getReplacementFeature          I Replace feature [ jsp-2.2 ] with [ jsp-2.3 ]
[06/06/2021 00:19:39:229 PDT] 001 FeatureReplacementAction       getReplacementFeature          I Replace feature [ usr:wsseccbh-1.0 ] with [ usr:wsseccbh-2.0 ]
[06/06/2021 00:19:39:229 PDT] 001 FeatureReplacementAction       setup                          I Resulting features: [jsp-2.3, servlet-4.0, usr:wsseccbh-2.0, ssl-1.0, jaxws-2.3, appSecurity-3.0, wssecurity-1.1]
[06/06/2021 00:19:39:245 PDT] 001 FeatureReplacementAction       setup                          I Config: ServerConfiguration
FeatureManager{feature="jsp-2.3" feature="servlet-4.0" feature="usr:wsseccbh-2.0" feature="ssl-1.0" feature="jaxws-2.3" feature="appSecurity-3.0" feature="wssecurity-1.1" }[BasicRegistry{realm="customRealm" User{name="user1" password="security" },User{name="user2" password="security" },User{name="test1" password="test1" },User{name="test2" password="test2" },User{name="user1pw" password="pw8server" },}][IncludeElement{location="../fatTestPorts.xml" }][JavaPermission{actions="read" className="java.io.FilePermission" name="ALL FILES" }, JavaPermission{className="java.lang.RuntimePermission" name="accessClassInPackage.com.sun.xml.internal.messaging.saaj.soap" }, JavaPermission{className="java.lang.RuntimePermission" name="accessClassInPackage.com.sun.xml.internal.messaging.saaj.soap.ver1_1" }, JavaPermission{className="java.lang.RuntimePermission" name="accessClassInPackage.com.sun.xml.internal.messaging.saaj.util" }, JavaPermission{className="java.lang.RuntimePermission" name="accessClassInPackage.com.sun.xml.internal.messaging.saaj.soap.name" }, JavaPermission{className="java.lang.RuntimePermission" name="accessClassInPackage.com.sun.xml.internal.messaging.saaj.soap.impl" }, JavaPermission{actions="POST:AcceptSOAPActionUser-Agent" className="java.net.URLPermission" name="http://localhost:8010/sha2sig/Sha2SigService1" }, JavaPermission{actions="POST:AcceptSOAPActionUser-Agent" className="java.net.URLPermission" name="http://localhost:8010/sha2sig/Sha2SigService2" }, JavaPermission{actions="POST:AcceptSOAPActionUser-Agent" className="java.net.URLPermission" name="http://localhost:8010/sha2sig/Sha2SigService3" }, JavaPermission{actions="POST:AcceptSOAPActionUser-Agent" className="java.net.URLPermission" name="http://localhost:8010/sha2sig/Sha2SigService4" }, JavaPermission{actions="POST:AcceptSOAPActionUser-Agent" className="java.net.URLPermission" name="http://localhost:8010/sha2sig/Sha2SigService5" }, JavaPermission{actions="POST:AcceptSOAPActionUser-Agent" className="java.net.URLPermission" name="http://localhost:8010/sha2sig/Sha2SigService7" }, JavaPermission{actions="POST:AcceptSOAPActionUser-Agent" className="java.net.URLPermission" name="http://localhost:8010/sha2sig/Sha2SigService8" }, JavaPermission{className="java.lang.reflect.ReflectPermission" name="suppressAccessChecks" }, JavaPermission{actions="*" className="org.osgi.framework.AdminPermission" name="*" }, JavaPermission{className="java.lang.RuntimePermission" name="accessClassInPackage.sun.net.www.protocol.c" }, JavaPermission{className="java.security.SecurityPermission" name="org.apache.xml.security.register" }]
[06/06/2021 00:19:39:251 PDT] 001 LibertyFileManager             moveLibertyFile                I Moving C:/Users/Administrator/libertyGit/open-liberty/dev/com.ibm.ws.wssecurity_fat.wsscxf.1/build/libs/autoFVT/publish/servers/com.ibm.ws.wssecurity_fat.sha2sig/server_wss4j.xml.tmp to C:/Users/Administrator/libertyGit/open-liberty/dev/com.ibm.ws.wssecurity_fat.wsscxf.1/build/libs/autoFVT/publish/servers/com.ibm.ws.wssecurity_fat.sha2sig/server_wss4j.xml
[06/06/2021 00:19:39:714 PDT] 001 LibertyFileManager             moveLibertyFile                I server_wss4j.xml was successfully copied.
[06/06/2021 00:19:39:714 PDT] 001 FeatureReplacementAction       setup                          I Original features:  [appsecurity-2.0, jsp-2.2, servlet-3.1, ssl-1.0, usr:wsseccbh-1.0, jaxws-2.2, wssecurity-1.1]
[06/06/2021 00:19:39:714 PDT] 001 FeatureReplacementAction       getReplacementFeature          I Replace feature [ servlet-3.1 ] with [ servlet-4.0 ]
[06/06/2021 00:19:39:714 PDT] 001 FeatureReplacementAction       getReplacementFeature          I Replace feature [ appsecurity-2.0 ] with [ appSecurity-3.0 ]
[06/06/2021 00:19:39:714 PDT] 001 FeatureReplacementAction       getReplacementFeature          I Replace feature [ jaxws-2.2 ] with [ jaxws-2.3 ]
[06/06/2021 00:19:39:714 PDT] 001 FeatureReplacementAction       getReplacementFeature          I Replace feature [ jsp-2.2 ] with [ jsp-2.3 ]
[06/06/2021 00:19:39:714 PDT] 001 FeatureReplacementAction       getReplacementFeature          I Replace feature [ usr:wsseccbh-1.0 ] with [ usr:wsseccbh-2.0 ]
[06/06/2021 00:19:39:714 PDT] 001 FeatureReplacementAction       setup                          I Resulting features: [jsp-2.3, servlet-4.0, usr:wsseccbh-2.0, ssl-1.0, jaxws-2.3, appSecurity-3.0, wssecurity-1.1]
[06/06/2021 00:19:39:729 PDT] 001 FeatureReplacementAction       setup                          I Config: ServerConfiguration
FeatureManager{feature="jsp-2.3" feature="servlet-4.0" feature="usr:wsseccbh-2.0" feature="ssl-1.0" feature="jaxws-2.3" feature="appSecurity-3.0" feature="wssecurity-1.1" }[BasicRegistry{realm="customRealm" User{name="user1" password="security" },User{name="user2" password="security" },User{name="test1" password="test1" },User{name="test2" password="test2" },User{name="user1pw" password="pw8server" },}][IncludeElement{location="../fatTestPorts.xml" }][JavaPermission{actions="read" className="java.io.FilePermission" name="ALL FILES" }, JavaPermission{className="java.lang.RuntimePermission" name="accessClassInPackage.com.sun.xml.internal.messaging.saaj.soap" }, JavaPermission{className="java.lang.RuntimePermission" name="accessClassInPackage.com.sun.xml.internal.messaging.saaj.soap.ver1_1" }, JavaPermission{className="java.lang.RuntimePermission" name="accessClassInPackage.com.sun.xml.internal.messaging.saaj.util" }, JavaPermission{className="java.lang.RuntimePermission" name="accessClassInPackage.com.sun.xml.internal.messaging.saaj.soap.name" }, JavaPermission{className="java.lang.RuntimePermission" name="accessClassInPackage.com.sun.xml.internal.messaging.saaj.soap.impl" }, JavaPermission{actions="POST:AcceptSOAPActionUser-Agent" className="java.net.URLPermission" name="http://localhost:8010/sha2sig/Sha2SigService1" }, JavaPermission{actions="POST:AcceptSOAPActionUser-Agent" className="java.net.URLPermission" name="http://localhost:8010/sha2sig/Sha2SigService2" }, JavaPermission{actions="POST:AcceptSOAPActionUser-Agent" className="java.net.URLPermission" name="http://localhost:8010/sha2sig/Sha2SigService3" }, JavaPermission{actions="POST:AcceptSOAPActionUser-Agent" className="java.net.URLPermission" name="http://localhost:8010/sha2sig/Sha2SigService4" }, JavaPermission{actions="POST:AcceptSOAPActionUser-Agent" className="java.net.URLPermission" name="http://localhost:8010/sha2sig/Sha2SigService5" }, JavaPermission{actions="POST:AcceptSOAPActionUser-Agent" className="java.net.URLPermission" name="http://localhost:8010/sha2sig/Sha2SigService7" }, JavaPermission{actions="POST:AcceptSOAPActionUser-Agent" className="java.net.URLPermission" name="http://localhost:8010/sha2sig/Sha2SigService8" }, JavaPermission{className="java.lang.reflect.ReflectPermission" name="suppressAccessChecks" }, JavaPermission{actions="*" className="org.osgi.framework.AdminPermission" name="*" }, JavaPermission{className="java.lang.RuntimePermission" name="accessClassInPackage.sun.net.www.protocol.c" }, JavaPermission{className="java.security.SecurityPermission" name="org.apache.xml.security.register" }]
[06/06/2021 00:19:39:729 PDT] 001 LibertyFileManager             moveLibertyFile                I Moving C:/Users/Administrator/libertyGit/open-liberty/dev/com.ibm.ws.wssecurity_fat.wsscxf.1/build/libs/autoFVT/publish/servers/com.ibm.ws.wssecurity_fat.sha2sig/server_2048_wss4j.xml.tmp to C:/Users/Administrator/libertyGit/open-liberty/dev/com.ibm.ws.wssecurity_fat.wsscxf.1/build/libs/autoFVT/publish/servers/com.ibm.ws.wssecurity_fat.sha2sig/server_2048_wss4j.xml
[06/06/2021 00:19:40:198 PDT] 001 LibertyFileManager             moveLibertyFile                I server_2048_wss4j.xml was successfully copied.
[06/06/2021 00:19:40:198 PDT] 001 FeatureReplacementAction       setup                          I Original features:  [appsecurity-2.0, jsp-2.2, servlet-3.1, ssl-1.0, usr:wsseccbh-1.0, jaxws-2.2, wssecurity-1.1]
[06/06/2021 00:19:40:198 PDT] 001 FeatureReplacementAction       getReplacementFeature          I Replace feature [ servlet-3.1 ] with [ servlet-4.0 ]
[06/06/2021 00:19:40:198 PDT] 001 FeatureReplacementAction       getReplacementFeature          I Replace feature [ appsecurity-2.0 ] with [ appSecurity-3.0 ]
[06/06/2021 00:19:40:198 PDT] 001 FeatureReplacementAction       getReplacementFeature          I Replace feature [ jaxws-2.2 ] with [ jaxws-2.3 ]
[06/06/2021 00:19:40:198 PDT] 001 FeatureReplacementAction       getReplacementFeature          I Replace feature [ jsp-2.2 ] with [ jsp-2.3 ]
[06/06/2021 00:19:40:198 PDT] 001 FeatureReplacementAction       getReplacementFeature          I Replace feature [ usr:wsseccbh-1.0 ] with [ usr:wsseccbh-2.0 ]
[06/06/2021 00:19:40:198 PDT] 001 FeatureReplacementAction       setup                          I Resulting features: [jsp-2.3, servlet-4.0, usr:wsseccbh-2.0, ssl-1.0, jaxws-2.3, appSecurity-3.0, wssecurity-1.1]
[06/06/2021 00:19:40:198 PDT] 001 FeatureReplacementAction       setup                          I Config: ServerConfiguration
FeatureManager{feature="jsp-2.3" feature="servlet-4.0" feature="usr:wsseccbh-2.0" feature="ssl-1.0" feature="jaxws-2.3" feature="appSecurity-3.0" feature="wssecurity-1.1" }[BasicRegistry{realm="customRealm" User{name="user1" password="security" },User{name="user2" password="security" },User{name="test1" password="test1" },User{name="test2" password="test2" },User{name="test3" password="test3" },User{name="test4" password="test4" },User{name="admin" password="admin" },User{name="bob" password="bob" },User{name="joe" password="joe" },User{name="user1pw" password="pw8server" },}][IncludeElement{location="../fatTestPorts.xml" }]SSLDefault{sslRef="DefaultSSLSettings" }[SSL{keyStoreRef="myKeyStore" trustStoreRef="myTrustStore" }][KeyStore{password="Liberty" location="${server.config.dir}/key.jks" type="jks" }, KeyStore{password="LibertyServer" location="${server.config.dir}/sslServerTrust.jks" type="jks" }][JavaPermission{actions="read" className="java.io.FilePermission" name="ALL FILES" }, JavaPermission{actions="read" className="java.util.PropertyPermission" name="javax.xml.soap.MessageFactory" }, JavaPermission{className="java.lang.RuntimePermission" name="accessClassInPackage.com.sun.xml.internal.messaging.saaj.soap" }, JavaPermission{className="java.lang.RuntimePermission" name="accessClassInPackage.com.sun.xml.internal.messaging.saaj.soap.ver1_1" }, JavaPermission{className="java.lang.RuntimePermission" name="accessClassInPackage.com.sun.xml.internal.messaging.saaj.util" }, JavaPermission{className="java.lang.RuntimePermission" name="accessClassInPackage.com.sun.xml.internal.messaging.saaj.soap.name" }, JavaPermission{className="java.lang.RuntimePermission" name="accessClassInPackage.com.sun.xml.internal.messaging.saaj.soap.impl" }, JavaPermission{actions="POST:AcceptSOAPActionUser-Agent" className="java.net.URLPermission" name="https://localhost:8020/endsuptokens/EndSupTokensService0" }, JavaPermission{actions="POST:AcceptSOAPActionUser-Agent" className="java.net.URLPermission" name="http://localhost:8010/endsuptokens/EndSupTokensService4" }, JavaPermission{actions="POST:AcceptSOAPActionUser-Agent" className="java.net.URLPermission" name="https://localhost:8020/endsuptokens/EndSupTokensService0Body" }, JavaPermission{actions="POST:AcceptSOAPActionUser-Agent" className="java.net.URLPermission" name="http://localhost:8010/endsuptokens/EndSupTokensService5" }, JavaPermission{actions="POST:AcceptSOAPActionUser-Agent" className="java.net.URLPermission" name="https://localhost:8020/endsuptokens/EndSupTokensService0BodyElement" }, JavaPermission{actions="POST:AcceptSOAPActionUser-Agent" className="java.net.URLPermission" name="http://localhost:8010/endsuptokens/EndSupTokensService6" }, JavaPermission{actions="POST:AcceptSOAPActionUser-Agent" className="java.net.URLPermission" name="https://localhost:8020/endsuptokens/EndSupTokensService1" }, JavaPermission{actions="POST:AcceptSOAPActionUser-Agent" className="java.net.URLPermission" name="http://localhost:8010/endsuptokens/EndSupTokensService7" }, JavaPermission{actions="read" className="java.util.PropertyPermission" name="java.home" }, JavaPermission{actions="read" className="java.util.PropertyPermission" name="javax.xml.soap.MetaFactory" }, JavaPermission{actions="*" className="org.osgi.framework.AdminPermission" name="*" }, JavaPermission{className="java.security.SecurityPermission" name="org.apache.xml.security.register" }, JavaPermission{className="java.lang.RuntimePermission" name="accessClassInPackage.sun.net.www.protocol.c" }]
[06/06/2021 00:19:40:214 PDT] 001 LibertyFileManager             moveLibertyFile                I Moving C:/Users/Administrator/libertyGit/open-liberty/dev/com.ibm.ws.wssecurity_fat.wsscxf.1/build/libs/autoFVT/publish/servers/com.ibm.ws.wssecurity_fat.endsuptokens/server_sym_wss4j.xml.tmp to C:/Users/Administrator/libertyGit/open-liberty/dev/com.ibm.ws.wssecurity_fat.wsscxf.1/build/libs/autoFVT/publish/servers/com.ibm.ws.wssecurity_fat.endsuptokens/server_sym_wss4j.xml
[06/06/2021 00:19:40:683 PDT] 001 LibertyFileManager             moveLibertyFile                I server_sym_wss4j.xml was successfully copied.
[06/06/2021 00:19:40:683 PDT] 001 FeatureReplacementAction       setup                          I Original features:  [appsecurity-2.0, jsp-2.2, servlet-3.1, ssl-1.0, usr:wsseccbh-1.0, jaxws-2.2, wssecurity-1.1]
[06/06/2021 00:19:40:683 PDT] 001 FeatureReplacementAction       getReplacementFeature          I Replace feature [ servlet-3.1 ] with [ servlet-4.0 ]
[06/06/2021 00:19:40:683 PDT] 001 FeatureReplacementAction       getReplacementFeature          I Replace feature [ appsecurity-2.0 ] with [ appSecurity-3.0 ]
[06/06/2021 00:19:40:683 PDT] 001 FeatureReplacementAction       getReplacementFeature          I Replace feature [ jaxws-2.2 ] with [ jaxws-2.3 ]
[06/06/2021 00:19:40:683 PDT] 001 FeatureReplacementAction       getReplacementFeature          I Replace feature [ jsp-2.2 ] with [ jsp-2.3 ]
[06/06/2021 00:19:40:683 PDT] 001 FeatureReplacementAction       getReplacementFeature          I Replace feature [ usr:wsseccbh-1.0 ] with [ usr:wsseccbh-2.0 ]
[06/06/2021 00:19:40:699 PDT] 001 FeatureReplacementAction       setup                          I Resulting features: [jsp-2.3, servlet-4.0, usr:wsseccbh-2.0, ssl-1.0, jaxws-2.3, appSecurity-3.0, wssecurity-1.1]
[06/06/2021 00:19:40:699 PDT] 001 FeatureReplacementAction       setup                          I Config: ServerConfiguration
FeatureManager{feature="jsp-2.3" feature="servlet-4.0" feature="usr:wsseccbh-2.0" feature="ssl-1.0" feature="jaxws-2.3" feature="appSecurity-3.0" feature="wssecurity-1.1" }[BasicRegistry{realm="customRealm" User{name="user1" password="security" },User{name="user2" password="security" },User{name="test1" password="test1" },User{name="test2" password="test2" },User{name="user1pw" password="pw8server" },}][IncludeElement{location="../fatTestPorts.xml" }]
[06/06/2021 00:19:40:699 PDT] 001 LibertyFileManager             moveLibertyFile                I Moving C:/Users/Administrator/libertyGit/open-liberty/dev/com.ibm.ws.wssecurity_fat.wsscxf.1/build/libs/autoFVT/publish/servers/com.ibm.ws.wssecurity_fat.x509sig/server_orig_wss4j.xml.tmp to C:/Users/Administrator/libertyGit/open-liberty/dev/com.ibm.ws.wssecurity_fat.wsscxf.1/build/libs/autoFVT/publish/servers/com.ibm.ws.wssecurity_fat.x509sig/server_orig_wss4j.xml
[06/06/2021 00:19:41:168 PDT] 001 LibertyFileManager             moveLibertyFile                I server_orig_wss4j.xml was successfully copied.
[06/06/2021 00:19:41:168 PDT] 001 FeatureReplacementAction       setup                          I Original features:  [appsecurity-2.0, jsp-2.2, servlet-3.1, ssl-1.0, usr:wsseccbh-1.0, jaxws-2.2, wssecurity-1.1]
[06/06/2021 00:19:41:168 PDT] 001 FeatureReplacementAction       getReplacementFeature          I Replace feature [ servlet-3.1 ] with [ servlet-4.0 ]
[06/06/2021 00:19:41:168 PDT] 001 FeatureReplacementAction       getReplacementFeature          I Replace feature [ appsecurity-2.0 ] with [ appSecurity-3.0 ]
[06/06/2021 00:19:41:168 PDT] 001 FeatureReplacementAction       getReplacementFeature          I Replace feature [ jaxws-2.2 ] with [ jaxws-2.3 ]
[06/06/2021 00:19:41:168 PDT] 001 FeatureReplacementAction       getReplacementFeature          I Replace feature [ jsp-2.2 ] with [ jsp-2.3 ]
[06/06/2021 00:19:41:168 PDT] 001 FeatureReplacementAction       getReplacementFeature          I Replace feature [ usr:wsseccbh-1.0 ] with [ usr:wsseccbh-2.0 ]
[06/06/2021 00:19:41:168 PDT] 001 FeatureReplacementAction       setup                          I Resulting features: [jsp-2.3, servlet-4.0, usr:wsseccbh-2.0, ssl-1.0, jaxws-2.3, appSecurity-3.0, wssecurity-1.1]
[06/06/2021 00:19:41:183 PDT] 001 FeatureReplacementAction       setup                          I Config: ServerConfiguration
FeatureManager{feature="jsp-2.3" feature="servlet-4.0" feature="usr:wsseccbh-2.0" feature="ssl-1.0" feature="jaxws-2.3" feature="appSecurity-3.0" feature="wssecurity-1.1" }[BasicRegistry{realm="customRealm" User{name="user1" password="security" },User{name="user2" password="security" },User{name="test1" password="test1" },User{name="test2" password="test2" },User{name="user1pw" password="pw8server" },}][Application{name="x509crl" type="war" location="${server.config.dir}/testApps/x509crl.war" [ClassLoaderElement{apiTypeVisibility="" }]}, Application{name="x509crlclient" type="war" location="${server.config.dir}/testApps/x509crlclient.war" [ClassLoaderElement{apiTypeVisibility="" }]}][IncludeElement{location="../fatTestPorts.xml" }][JavaPermission{actions="read" className="java.io.FilePermission" name="ALL FILES" }, JavaPermission{className="java.lang.RuntimePermission" name="accessClassInPackage.com.sun.xml.internal.messaging.saaj.soap" }, JavaPermission{className="java.lang.RuntimePermission" name="accessClassInPackage.com.sun.xml.internal.messaging.saaj.soap.ver1_1" }, JavaPermission{className="java.lang.RuntimePermission" name="accessClassInPackage.com.sun.xml.internal.messaging.saaj.util" }, JavaPermission{className="java.lang.RuntimePermission" name="accessClassInPackage.com.sun.xml.internal.messaging.saaj.soap.name" }, JavaPermission{className="java.lang.RuntimePermission" name="accessClassInPackage.com.sun.xml.internal.messaging.saaj.soap.impl" }, JavaPermission{actions="POST:AcceptSOAPActionUser-Agent" className="java.net.URLPermission" name="http://localhost:8010/x509crl/X509CrlNotInListService" }, JavaPermission{actions="POST:AcceptSOAPActionUser-Agent" className="java.net.URLPermission" name="http://localhost:8010/x509crl/X509CrlInListService" }, JavaPermission{actions="*" className="org.osgi.framework.AdminPermission" name="*" }, JavaPermission{className="java.security.SecurityPermission" name="org.apache.xml.security.register" }, JavaPermission{className="java.lang.RuntimePermission" name="accessClassInPackage.sun.net.www.protocol.c" }, JavaPermission{className="java.lang.RuntimePermission" name="getClassLoader" }]
[06/06/2021 00:19:41:199 PDT] 001 LibertyFileManager             moveLibertyFile                I Moving C:/Users/Administrator/libertyGit/open-liberty/dev/com.ibm.ws.wssecurity_fat.wsscxf.1/build/libs/autoFVT/publish/servers/com.ibm.ws.wssecurity_fat.x509crl/server_wss4j.xml.tmp to C:/Users/Administrator/libertyGit/open-liberty/dev/com.ibm.ws.wssecurity_fat.wsscxf.1/build/libs/autoFVT/publish/servers/com.ibm.ws.wssecurity_fat.x509crl/server_wss4j.xml
[06/06/2021 00:19:41:668 PDT] 001 LibertyFileManager             moveLibertyFile                I server_wss4j.xml was successfully copied.
[06/06/2021 00:19:41:668 PDT] 001 FeatureReplacementAction       setup                          I Original features:  [appsecurity-2.0, jsp-2.2, servlet-3.0, ssl-1.0, usr:wsseccbh-1.0, jaxws-2.2, wssecurity-1.1]
[06/06/2021 00:19:41:668 PDT] 001 FeatureReplacementAction       getReplacementFeature          I Replace feature [ appsecurity-2.0 ] with [ appSecurity-3.0 ]
[06/06/2021 00:19:41:668 PDT] 001 FeatureReplacementAction       getReplacementFeature          I Replace feature [ jaxws-2.2 ] with [ jaxws-2.3 ]
[06/06/2021 00:19:41:668 PDT] 001 FeatureReplacementAction       getReplacementFeature          I Replace feature [ jsp-2.2 ] with [ jsp-2.3 ]
[06/06/2021 00:19:41:668 PDT] 001 FeatureReplacementAction       getReplacementFeature          I Replace feature [ usr:wsseccbh-1.0 ] with [ usr:wsseccbh-2.0 ]
[06/06/2021 00:19:41:668 PDT] 001 FeatureReplacementAction       setup                          I Resulting features: [jsp-2.3, servlet-3.0, usr:wsseccbh-2.0, ssl-1.0, jaxws-2.3, appSecurity-3.0, wssecurity-1.1]
[06/06/2021 00:19:41:684 PDT] 001 FeatureReplacementAction       setup                          I Config: ServerConfiguration
FeatureManager{feature="jsp-2.3" feature="servlet-3.0" feature="usr:wsseccbh-2.0" feature="ssl-1.0" feature="jaxws-2.3" feature="appSecurity-3.0" feature="wssecurity-1.1" }[BasicRegistry{realm="customRealm" User{name="user1" password="security" },User{name="user2" password="security" },User{name="test1" password="test1" },User{name="test2" password="test2" },User{name="user1pw" password="pw8server" },}][IncludeElement{location="../fatTestPorts.xml" }]
[06/06/2021 00:19:41:684 PDT] 001 LibertyFileManager             moveLibertyFile                I Moving C:/Users/Administrator/libertyGit/open-liberty/dev/com.ibm.ws.wssecurity_fat.wsscxf.1/build/libs/autoFVT/publish/servers/com.ibm.ws.wssecurity_fat.sha2sig/server_orig.xml.tmp to C:/Users/Administrator/libertyGit/open-liberty/dev/com.ibm.ws.wssecurity_fat.wsscxf.1/build/libs/autoFVT/publish/servers/com.ibm.ws.wssecurity_fat.sha2sig/server_orig.xml
[06/06/2021 00:19:42:152 PDT] 001 LibertyFileManager             moveLibertyFile                I server_orig.xml was successfully copied.
[06/06/2021 00:19:42:153 PDT] 001 FeatureReplacementAction       setup                          I Original features:  [appsecurity-2.0, jsp-2.2, servlet-3.1, ssl-1.0, usr:wsseccbh-1.0, jaxws-2.2, wssecurity-1.1]
[06/06/2021 00:19:42:153 PDT] 001 FeatureReplacementAction       getReplacementFeature          I Replace feature [ servlet-3.1 ] with [ servlet-4.0 ]
[06/06/2021 00:19:42:153 PDT] 001 FeatureReplacementAction       getReplacementFeature          I Replace feature [ appsecurity-2.0 ] with [ appSecurity-3.0 ]
[06/06/2021 00:19:42:153 PDT] 001 FeatureReplacementAction       getReplacementFeature          I Replace feature [ jaxws-2.2 ] with [ jaxws-2.3 ]
[06/06/2021 00:19:42:153 PDT] 001 FeatureReplacementAction       getReplacementFeature          I Replace feature [ jsp-2.2 ] with [ jsp-2.3 ]
[06/06/2021 00:19:42:153 PDT] 001 FeatureReplacementAction       getReplacementFeature          I Replace feature [ usr:wsseccbh-1.0 ] with [ usr:wsseccbh-2.0 ]
[06/06/2021 00:19:42:153 PDT] 001 FeatureReplacementAction       setup                          I Resulting features: [jsp-2.3, servlet-4.0, usr:wsseccbh-2.0, ssl-1.0, jaxws-2.3, appSecurity-3.0, wssecurity-1.1]
[06/06/2021 00:19:42:153 PDT] 001 FeatureReplacementAction       setup                          I Config: ServerConfiguration
FeatureManager{feature="jsp-2.3" feature="servlet-4.0" feature="usr:wsseccbh-2.0" feature="ssl-1.0" feature="jaxws-2.3" feature="appSecurity-3.0" feature="wssecurity-1.1" }[BasicRegistry{realm="customRealm" User{name="user1" password="security" },User{name="user2" password="security" },User{name="test1" password="test1" },User{name="test2" password="test2" },User{name="user1pw" password="pw8server" },}][IncludeElement{location="../fatTestPorts.xml" }][JavaPermission{actions="read" className="java.io.FilePermission" name="ALL FILES" }, JavaPermission{className="java.lang.RuntimePermission" name="accessClassInPackage.com.sun.xml.internal.messaging.saaj.soap" }, JavaPermission{className="java.lang.RuntimePermission" name="accessClassInPackage.com.sun.xml.internal.messaging.saaj.soap.ver1_1" }, JavaPermission{className="java.lang.RuntimePermission" name="accessClassInPackage.com.sun.xml.internal.messaging.saaj.util" }, JavaPermission{className="java.lang.RuntimePermission" name="accessClassInPackage.com.sun.xml.internal.messaging.saaj.soap.name" }, JavaPermission{className="java.lang.RuntimePermission" name="accessClassInPackage.com.sun.xml.internal.messaging.saaj.soap.impl" }, JavaPermission{actions="POST:AcceptSOAPActionUser-Agent" className="java.net.URLPermission" name="http://localhost:8010/sha2sig/Sha2SigService1" }, JavaPermission{actions="POST:AcceptSOAPActionUser-Agent" className="java.net.URLPermission" name="http://localhost:8010/sha2sig/Sha2SigService2" }, JavaPermission{actions="POST:AcceptSOAPActionUser-Agent" className="java.net.URLPermission" name="http://localhost:8010/sha2sig/Sha2SigService3" }, JavaPermission{actions="POST:AcceptSOAPActionUser-Agent" className="java.net.URLPermission" name="http://localhost:8010/sha2sig/Sha2SigService4" }, JavaPermission{actions="POST:AcceptSOAPActionUser-Agent" className="java.net.URLPermission" name="http://localhost:8010/sha2sig/Sha2SigService5" }, JavaPermission{actions="POST:AcceptSOAPActionUser-Agent" className="java.net.URLPermission" name="http://localhost:8010/sha2sig/Sha2SigService7" }, JavaPermission{actions="POST:AcceptSOAPActionUser-Agent" className="java.net.URLPermission" name="http://localhost:8010/sha2sig/Sha2SigService8" }, JavaPermission{className="java.lang.reflect.ReflectPermission" name="suppressAccessChecks" }, JavaPermission{actions="*" className="org.osgi.framework.AdminPermission" name="*" }, JavaPermission{className="java.lang.RuntimePermission" name="accessClassInPackage.sun.net.www.protocol.c" }, JavaPermission{className="java.security.SecurityPermission" name="org.apache.xml.security.register" }]
[06/06/2021 00:19:42:169 PDT] 001 LibertyFileManager             moveLibertyFile                I Moving C:/Users/Administrator/libertyGit/open-liberty/dev/com.ibm.ws.wssecurity_fat.wsscxf.1/build/libs/autoFVT/publish/servers/com.ibm.ws.wssecurity_fat.sha2sig/server_2048.xml.tmp to C:/Users/Administrator/libertyGit/open-liberty/dev/com.ibm.ws.wssecurity_fat.wsscxf.1/build/libs/autoFVT/publish/servers/com.ibm.ws.wssecurity_fat.sha2sig/server_2048.xml
[06/06/2021 00:19:42:631 PDT] 001 LibertyFileManager             moveLibertyFile                I server_2048.xml was successfully copied.
[06/06/2021 00:19:42:631 PDT] 001 FeatureReplacementAction       setup                          I Original features:  [appsecurity-2.0, jsp-2.2, servlet-3.1, ssl-1.0, usr:wsseccbh-1.0, jaxws-2.2, wssecurity-1.1]
[06/06/2021 00:19:42:631 PDT] 001 FeatureReplacementAction       getReplacementFeature          I Replace feature [ servlet-3.1 ] with [ servlet-4.0 ]
[06/06/2021 00:19:42:631 PDT] 001 FeatureReplacementAction       getReplacementFeature          I Replace feature [ appsecurity-2.0 ] with [ appSecurity-3.0 ]
[06/06/2021 00:19:42:631 PDT] 001 FeatureReplacementAction       getReplacementFeature          I Replace feature [ jaxws-2.2 ] with [ jaxws-2.3 ]
[06/06/2021 00:19:42:631 PDT] 001 FeatureReplacementAction       getReplacementFeature          I Replace feature [ jsp-2.2 ] with [ jsp-2.3 ]
[06/06/2021 00:19:42:631 PDT] 001 FeatureReplacementAction       getReplacementFeature          I Replace feature [ usr:wsseccbh-1.0 ] with [ usr:wsseccbh-2.0 ]
[06/06/2021 00:19:42:631 PDT] 001 FeatureReplacementAction       setup                          I Resulting features: [jsp-2.3, servlet-4.0, usr:wsseccbh-2.0, ssl-1.0, jaxws-2.3, appSecurity-3.0, wssecurity-1.1]
[06/06/2021 00:19:42:647 PDT] 001 FeatureReplacementAction       setup                          I Config: ServerConfiguration
FeatureManager{feature="jsp-2.3" feature="servlet-4.0" feature="usr:wsseccbh-2.0" feature="ssl-1.0" feature="jaxws-2.3" feature="appSecurity-3.0" feature="wssecurity-1.1" }[BasicRegistry{realm="customRealm" User{name="user1" password="security" },User{name="user2" password="security" },User{name="test1" password="test1" },User{name="test2" password="test2" },User{name="user1pw" password="pw8server" },}][IncludeElement{location="../fatTestPorts.xml" }]
[06/06/2021 00:19:42:653 PDT] 001 LibertyFileManager             moveLibertyFile                I Moving C:/Users/Administrator/libertyGit/open-liberty/dev/com.ibm.ws.wssecurity_fat.wsscxf.1/build/libs/autoFVT/publish/servers/com.ibm.ws.wssecurity_fat.x509sig/server_orig.xml.tmp to C:/Users/Administrator/libertyGit/open-liberty/dev/com.ibm.ws.wssecurity_fat.wsscxf.1/build/libs/autoFVT/publish/servers/com.ibm.ws.wssecurity_fat.x509sig/server_orig.xml
[06/06/2021 00:19:43:115 PDT] 001 LibertyFileManager             moveLibertyFile                I server_orig.xml was successfully copied.
[06/06/2021 00:19:43:115 PDT] 001 FeatureReplacementAction       setup                          I Original features:  [appsecurity-2.0, jsp-2.2, servlet-3.1, ssl-1.0, usr:wsseccbh-1.0, jaxws-2.2, wssecurity-1.1]
[06/06/2021 00:19:43:115 PDT] 001 FeatureReplacementAction       getReplacementFeature          I Replace feature [ servlet-3.1 ] with [ servlet-4.0 ]
[06/06/2021 00:19:43:115 PDT] 001 FeatureReplacementAction       getReplacementFeature          I Replace feature [ appsecurity-2.0 ] with [ appSecurity-3.0 ]
[06/06/2021 00:19:43:115 PDT] 001 FeatureReplacementAction       getReplacementFeature          I Replace feature [ jaxws-2.2 ] with [ jaxws-2.3 ]
[06/06/2021 00:19:43:115 PDT] 001 FeatureReplacementAction       getReplacementFeature          I Replace feature [ jsp-2.2 ] with [ jsp-2.3 ]
[06/06/2021 00:19:43:115 PDT] 001 FeatureReplacementAction       getReplacementFeature          I Replace feature [ usr:wsseccbh-1.0 ] with [ usr:wsseccbh-2.0 ]
[06/06/2021 00:19:43:115 PDT] 001 FeatureReplacementAction       setup                          I Resulting features: [jsp-2.3, servlet-4.0, usr:wsseccbh-2.0, ssl-1.0, jaxws-2.3, appSecurity-3.0, wssecurity-1.1]
[06/06/2021 00:19:43:131 PDT] 001 FeatureReplacementAction       setup                          I Config: ServerConfiguration
FeatureManager{feature="jsp-2.3" feature="servlet-4.0" feature="usr:wsseccbh-2.0" feature="ssl-1.0" feature="jaxws-2.3" feature="appSecurity-3.0" feature="wssecurity-1.1" }[BasicRegistry{realm="customRealm" User{name="user1" password="security" },User{name="user2" password="security" },User{name="test1" password="test1" },User{name="test2" password="test2" },User{name="user1pw" password="pw8server" },}][IncludeElement{location="../fatTestPorts.xml" }]
[06/06/2021 00:19:43:131 PDT] 001 LibertyFileManager             moveLibertyFile                I Moving C:/Users/Administrator/libertyGit/open-liberty/dev/com.ibm.ws.wssecurity_fat.wsscxf.1/build/libs/autoFVT/publish/servers/com.ibm.ws.wssecurity_fat.wss11sig/server_orig_wss4j.xml.tmp to C:/Users/Administrator/libertyGit/open-liberty/dev/com.ibm.ws.wssecurity_fat.wsscxf.1/build/libs/autoFVT/publish/servers/com.ibm.ws.wssecurity_fat.wss11sig/server_orig_wss4j.xml
[06/06/2021 00:19:43:600 PDT] 001 LibertyFileManager             moveLibertyFile                I server_orig_wss4j.xml was successfully copied.
[06/06/2021 00:19:43:600 PDT] 001 FeatureReplacementAction       setup                          I Original features:  [appsecurity-2.0, jsp-2.2, servlet-3.1, ssl-1.0, usr:wsseccbh-1.0, jaxws-2.2, wssecurity-1.1]
[06/06/2021 00:19:43:600 PDT] 001 FeatureReplacementAction       getReplacementFeature          I Replace feature [ servlet-3.1 ] with [ servlet-4.0 ]
[06/06/2021 00:19:43:600 PDT] 001 FeatureReplacementAction       getReplacementFeature          I Replace feature [ appsecurity-2.0 ] with [ appSecurity-3.0 ]
[06/06/2021 00:19:43:600 PDT] 001 FeatureReplacementAction       getReplacementFeature          I Replace feature [ jaxws-2.2 ] with [ jaxws-2.3 ]
[06/06/2021 00:19:43:600 PDT] 001 FeatureReplacementAction       getReplacementFeature          I Replace feature [ jsp-2.2 ] with [ jsp-2.3 ]
[06/06/2021 00:19:43:600 PDT] 001 FeatureReplacementAction       getReplacementFeature          I Replace feature [ usr:wsseccbh-1.0 ] with [ usr:wsseccbh-2.0 ]
[06/06/2021 00:19:43:600 PDT] 001 FeatureReplacementAction       setup                          I Resulting features: [jsp-2.3, servlet-4.0, usr:wsseccbh-2.0, ssl-1.0, jaxws-2.3, appSecurity-3.0, wssecurity-1.1]
[06/06/2021 00:19:43:616 PDT] 001 FeatureReplacementAction       setup                          I Config: ServerConfiguration
FeatureManager{feature="jsp-2.3" feature="servlet-4.0" feature="usr:wsseccbh-2.0" feature="ssl-1.0" feature="jaxws-2.3" feature="appSecurity-3.0" feature="wssecurity-1.1" }[BasicRegistry{realm="customRealm" User{name="user1" password="security" },User{name="user2" password="security" },User{name="test1" password="test1" },User{name="test2" password="test2" },User{name="test3" password="test3" },User{name="test4" password="test4" },User{name="admin" password="admin" },User{name="bob" password="bob" },User{name="joe" password="joe" },User{name="user1pw" password="pw8server" },}][IncludeElement{location="../fatTestPorts.xml" }]SSLDefault{sslRef="DefaultSSLSettings" }[SSL{keyStoreRef="myKeyStore" trustStoreRef="myTrustStore" }][KeyStore{password="Liberty" location="${server.config.dir}/key.jks" type="jks" }, KeyStore{password="LibertyServer" location="${server.config.dir}/sslServerTrust.jks" type="jks" }][JavaPermission{actions="read" className="java.io.FilePermission" name="ALL FILES" }, JavaPermission{actions="read" className="java.util.PropertyPermission" name="javax.xml.soap.MessageFactory" }, JavaPermission{className="java.lang.RuntimePermission" name="accessClassInPackage.com.sun.xml.internal.messaging.saaj.soap" }, JavaPermission{className="java.lang.RuntimePermission" name="accessClassInPackage.com.sun.xml.internal.messaging.saaj.soap.ver1_1" }, JavaPermission{className="java.lang.RuntimePermission" name="accessClassInPackage.com.sun.xml.internal.messaging.saaj.util" }, JavaPermission{className="java.lang.RuntimePermission" name="accessClassInPackage.com.sun.xml.internal.messaging.saaj.soap.name" }, JavaPermission{className="java.lang.RuntimePermission" name="accessClassInPackage.com.sun.xml.internal.messaging.saaj.soap.impl" }, JavaPermission{actions="POST:AcceptSOAPActionUser-Agent" className="java.net.URLPermission" name="https://localhost:8020/endsuptokens/EndSupTokensService0" }, JavaPermission{actions="POST:AcceptSOAPActionUser-Agent" className="java.net.URLPermission" name="http://localhost:8010/endsuptokens/EndSupTokensService4" }, JavaPermission{actions="POST:AcceptSOAPActionUser-Agent" className="java.net.URLPermission" name="https://localhost:8020/endsuptokens/EndSupTokensService0Body" }, JavaPermission{actions="POST:AcceptSOAPActionUser-Agent" className="java.net.URLPermission" name="http://localhost:8010/endsuptokens/EndSupTokensService5" }, JavaPermission{actions="POST:AcceptSOAPActionUser-Agent" className="java.net.URLPermission" name="https://localhost:8020/endsuptokens/EndSupTokensService0BodyElement" }, JavaPermission{actions="POST:AcceptSOAPActionUser-Agent" className="java.net.URLPermission" name="http://localhost:8010/endsuptokens/EndSupTokensService6" }, JavaPermission{actions="POST:AcceptSOAPActionUser-Agent" className="java.net.URLPermission" name="https://localhost:8020/endsuptokens/EndSupTokensService1" }, JavaPermission{actions="POST:AcceptSOAPActionUser-Agent" className="java.net.URLPermission" name="http://localhost:8010/endsuptokens/EndSupTokensService7" }, JavaPermission{actions="read" className="java.util.PropertyPermission" name="java.home" }, JavaPermission{actions="read" className="java.util.PropertyPermission" name="javax.xml.soap.MetaFactory" }, JavaPermission{actions="*" className="org.osgi.framework.AdminPermission" name="*" }, JavaPermission{className="java.security.SecurityPermission" name="org.apache.xml.security.register" }, JavaPermission{className="java.lang.RuntimePermission" name="accessClassInPackage.sun.net.www.protocol.c" }]
[06/06/2021 00:19:43:616 PDT] 001 LibertyFileManager             moveLibertyFile                I Moving C:/Users/Administrator/libertyGit/open-liberty/dev/com.ibm.ws.wssecurity_fat.wsscxf.1/build/libs/autoFVT/publish/servers/com.ibm.ws.wssecurity_fat.endsuptokens/server_sym2.xml.tmp to C:/Users/Administrator/libertyGit/open-liberty/dev/com.ibm.ws.wssecurity_fat.wsscxf.1/build/libs/autoFVT/publish/servers/com.ibm.ws.wssecurity_fat.endsuptokens/server_sym2.xml
[06/06/2021 00:19:44:060 PDT] 001 LibertyFileManager             moveLibertyFile                I server_sym2.xml was successfully copied.
[06/06/2021 00:19:44:065 PDT] 001 FeatureReplacementAction       setup                          I Original features:  [appsecurity-2.0, jsp-2.2, servlet-3.1, ssl-1.0, usr:wsseccbh-1.0, jaxws-2.2, wssecurity-1.1]
[06/06/2021 00:19:44:065 PDT] 001 FeatureReplacementAction       getReplacementFeature          I Replace feature [ servlet-3.1 ] with [ servlet-4.0 ]
[06/06/2021 00:19:44:065 PDT] 001 FeatureReplacementAction       getReplacementFeature          I Replace feature [ appsecurity-2.0 ] with [ appSecurity-3.0 ]
[06/06/2021 00:19:44:066 PDT] 001 FeatureReplacementAction       getReplacementFeature          I Replace feature [ jaxws-2.2 ] with [ jaxws-2.3 ]
[06/06/2021 00:19:44:066 PDT] 001 FeatureReplacementAction       getReplacementFeature          I Replace feature [ jsp-2.2 ] with [ jsp-2.3 ]
[06/06/2021 00:19:44:066 PDT] 001 FeatureReplacementAction       getReplacementFeature          I Replace feature [ usr:wsseccbh-1.0 ] with [ usr:wsseccbh-2.0 ]
[06/06/2021 00:19:44:067 PDT] 001 FeatureReplacementAction       setup                          I Resulting features: [jsp-2.3, servlet-4.0, usr:wsseccbh-2.0, ssl-1.0, jaxws-2.3, appSecurity-3.0, wssecurity-1.1]
[06/06/2021 00:19:44:073 PDT] 001 FeatureReplacementAction       setup                          I Config: ServerConfiguration
FeatureManager{feature="jsp-2.3" feature="servlet-4.0" feature="usr:wsseccbh-2.0" feature="ssl-1.0" feature="jaxws-2.3" feature="appSecurity-3.0" feature="wssecurity-1.1" }[BasicRegistry{realm="customRealm" User{name="user1" password="security" },User{name="user2" password="security" },User{name="test1" password="test1" },User{name="test2" password="test2" },User{name="user1pw" password="pw8server" },}][IncludeElement{location="../fatTestPorts.xml" }][JavaPermission{actions="read" className="java.io.FilePermission" name="ALL FILES" }, JavaPermission{className="java.lang.RuntimePermission" name="accessClassInPackage.com.sun.xml.internal.messaging.saaj.soap" }, JavaPermission{className="java.lang.RuntimePermission" name="accessClassInPackage.com.sun.xml.internal.messaging.saaj.soap.ver1_1" }, JavaPermission{className="java.lang.RuntimePermission" name="accessClassInPackage.com.sun.xml.internal.messaging.saaj.util" }, JavaPermission{className="java.lang.RuntimePermission" name="accessClassInPackage.com.sun.xml.internal.messaging.saaj.soap.name" }, JavaPermission{className="java.lang.RuntimePermission" name="accessClassInPackage.com.sun.xml.internal.messaging.saaj.soap.impl" }, JavaPermission{actions="POST:AcceptSOAPActionUser-Agent" className="java.net.URLPermission" name="http://localhost:8010/x509sig/X509XmlSigService1" }, JavaPermission{actions="POST:AcceptSOAPActionUser-Agent" className="java.net.URLPermission" name="http://localhost:8010/x509sig/X509XmlStrService1" }, JavaPermission{actions="POST:AcceptSOAPActionUser-Agent" className="java.net.URLPermission" name="http://localhost:8010/x509sig/X509XmlSigService3" }, JavaPermission{actions="POST:AcceptSOAPActionUser-Agent" className="java.net.URLPermission" name="http://localhost:8010/xmlsig/X509XmlSigService1" }, JavaPermission{actions="POST:AcceptSOAPActionUser-Agent" className="java.net.URLPermission" name="http://localhost:8010/x509sig/X509XmlStrService2" }, JavaPermission{actions="read" className="java.util.PropertyPermission" name="javax.xml.soap.MessageFactory" }, JavaPermission{actions="*" className="org.osgi.framework.AdminPermission" name="*" }, JavaPermission{className="java.security.SecurityPermission" name="org.apache.xml.security.register" }, JavaPermission{className="java.lang.RuntimePermission" name="accessClassInPackage.sun.net.www.protocol.c" }]
[06/06/2021 00:19:44:080 PDT] 001 LibertyFileManager             moveLibertyFile                I Moving C:/Users/Administrator/libertyGit/open-liberty/dev/com.ibm.ws.wssecurity_fat.wsscxf.1/build/libs/autoFVT/publish/servers/com.ibm.ws.wssecurity_fat.x509sig/server_expcert.xml.tmp to C:/Users/Administrator/libertyGit/open-liberty/dev/com.ibm.ws.wssecurity_fat.wsscxf.1/build/libs/autoFVT/publish/servers/com.ibm.ws.wssecurity_fat.x509sig/server_expcert.xml
[06/06/2021 00:19:44:527 PDT] 001 LibertyFileManager             moveLibertyFile                I server_expcert.xml was successfully copied.
[06/06/2021 00:19:44:532 PDT] 001 FeatureReplacementAction       setup                          I Original features:  [appsecurity-2.0, jsp-2.2, servlet-3.1, ssl-1.0, usr:wsseccbh-1.0, jaxws-2.2, wssecurity-1.1]
[06/06/2021 00:19:44:533 PDT] 001 FeatureReplacementAction       getReplacementFeature          I Replace feature [ servlet-3.1 ] with [ servlet-4.0 ]
[06/06/2021 00:19:44:533 PDT] 001 FeatureReplacementAction       getReplacementFeature          I Replace feature [ appsecurity-2.0 ] with [ appSecurity-3.0 ]
[06/06/2021 00:19:44:533 PDT] 001 FeatureReplacementAction       getReplacementFeature          I Replace feature [ jaxws-2.2 ] with [ jaxws-2.3 ]
[06/06/2021 00:19:44:534 PDT] 001 FeatureReplacementAction       getReplacementFeature          I Replace feature [ jsp-2.2 ] with [ jsp-2.3 ]
[06/06/2021 00:19:44:534 PDT] 001 FeatureReplacementAction       getReplacementFeature          I Replace feature [ usr:wsseccbh-1.0 ] with [ usr:wsseccbh-2.0 ]
[06/06/2021 00:19:44:534 PDT] 001 FeatureReplacementAction       setup                          I Resulting features: [jsp-2.3, servlet-4.0, usr:wsseccbh-2.0, ssl-1.0, jaxws-2.3, appSecurity-3.0, wssecurity-1.1]
[06/06/2021 00:19:44:538 PDT] 001 FeatureReplacementAction       setup                          I Config: ServerConfiguration
FeatureManager{feature="jsp-2.3" feature="servlet-4.0" feature="usr:wsseccbh-2.0" feature="ssl-1.0" feature="jaxws-2.3" feature="appSecurity-3.0" feature="wssecurity-1.1" }[BasicRegistry{realm="customRealm" User{name="user1" password="security" },User{name="user2" password="security" },User{name="test1" password="test1" },User{name="test2" password="test2" },User{name="user1pw" password="pw8server" },}][IncludeElement{location="../fatTestPorts.xml" }][JavaPermission{actions="read" className="java.io.FilePermission" name="ALL FILES" }, JavaPermission{className="java.lang.RuntimePermission" name="accessClassInPackage.com.sun.xml.internal.messaging.saaj.soap" }, JavaPermission{className="java.lang.RuntimePermission" name="accessClassInPackage.com.sun.xml.internal.messaging.saaj.soap.ver1_1" }, JavaPermission{className="java.lang.RuntimePermission" name="accessClassInPackage.com.sun.xml.internal.messaging.saaj.util" }, JavaPermission{className="java.lang.RuntimePermission" name="accessClassInPackage.com.sun.xml.internal.messaging.saaj.soap.name" }, JavaPermission{className="java.lang.RuntimePermission" name="accessClassInPackage.com.sun.xml.internal.messaging.saaj.soap.impl" }, JavaPermission{actions="POST:AcceptSOAPActionUser-Agent" className="java.net.URLPermission" name="http://localhost:8010/wss11sig/WSS11SigService1" }, JavaPermission{actions="POST:AcceptSOAPActionUser-Agent" className="java.net.URLPermission" name="http://localhost:8010/wss11sig/WSS11SigService2" }, JavaPermission{actions="POST:AcceptSOAPActionUser-Agent" className="java.net.URLPermission" name="http://localhost:8010/wss11sig/WSS11SigService4" }, JavaPermission{actions="POST:AcceptSOAPActionUser-Agent" className="java.net.URLPermission" name="http://localhost:8010/wss11sig/WSS11SigService5" }, JavaPermission{actions="POST:AcceptSOAPActionUser-Agent" className="java.net.URLPermission" name="http://localhost:8010/wss11sig/WSS11SigService6" }, JavaPermission{actions="POST:AcceptSOAPActionUser-Agent" className="java.net.URLPermission" name="http://localhost:8010/wss11sig/WSS11SigService6a" }, JavaPermission{actions="POST:AcceptSOAPActionUser-Agent" className="java.net.URLPermission" name="http://localhost:8010/wss11sig/WSS11SigService7" }, JavaPermission{actions="POST:AcceptSOAPActionUser-Agent" className="java.net.URLPermission" name="http://localhost:8010/wss11sig/WSS11SigService7a" }, JavaPermission{actions="POST:AcceptSOAPActionUser-Agent" className="java.net.URLPermission" name="http://localhost:8010/wss11sig/WSS11SigService8" }, JavaPermission{actions="*" className="org.osgi.framework.AdminPermission" name="*" }, JavaPermission{className="java.security.SecurityPermission" name="org.apache.xml.security.register" }, JavaPermission{className="java.lang.RuntimePermission" name="accessClassInPackage.sun.net.www.protocol.c" }]
[06/06/2021 00:19:44:545 PDT] 001 LibertyFileManager             moveLibertyFile                I Moving C:/Users/Administrator/libertyGit/open-liberty/dev/com.ibm.ws.wssecurity_fat.wsscxf.1/build/libs/autoFVT/publish/servers/com.ibm.ws.wssecurity_fat.wss11sig/server_enchdr.xml.tmp to C:/Users/Administrator/libertyGit/open-liberty/dev/com.ibm.ws.wssecurity_fat.wsscxf.1/build/libs/autoFVT/publish/servers/com.ibm.ws.wssecurity_fat.wss11sig/server_enchdr.xml
[06/06/2021 00:19:44:991 PDT] 001 LibertyFileManager             moveLibertyFile                I server_enchdr.xml was successfully copied.
[06/06/2021 00:19:44:998 PDT] 001 FeatureReplacementAction       setup                          I Original features:  [appsecurity-2.0, jsp-2.2, servlet-3.1, ssl-1.0, usr:wsseccbh-1.0, jaxws-2.2, wssecurity-1.1]
[06/06/2021 00:19:44:998 PDT] 001 FeatureReplacementAction       getReplacementFeature          I Replace feature [ servlet-3.1 ] with [ servlet-4.0 ]
[06/06/2021 00:19:44:999 PDT] 001 FeatureReplacementAction       getReplacementFeature          I Replace feature [ appsecurity-2.0 ] with [ appSecurity-3.0 ]
[06/06/2021 00:19:44:999 PDT] 001 FeatureReplacementAction       getReplacementFeature          I Replace feature [ jaxws-2.2 ] with [ jaxws-2.3 ]
[06/06/2021 00:19:44:999 PDT] 001 FeatureReplacementAction       getReplacementFeature          I Replace feature [ jsp-2.2 ] with [ jsp-2.3 ]
[06/06/2021 00:19:44:999 PDT] 001 FeatureReplacementAction       getReplacementFeature          I Replace feature [ usr:wsseccbh-1.0 ] with [ usr:wsseccbh-2.0 ]
[06/06/2021 00:19:45:000 PDT] 001 FeatureReplacementAction       setup                          I Resulting features: [jsp-2.3, servlet-4.0, usr:wsseccbh-2.0, ssl-1.0, jaxws-2.3, appSecurity-3.0, wssecurity-1.1]
[06/06/2021 00:19:45:000 PDT] 001 FeatureReplacementAction       setup                          I Config: ServerConfiguration
FeatureManager{feature="jsp-2.3" feature="servlet-4.0" feature="usr:wsseccbh-2.0" feature="ssl-1.0" feature="jaxws-2.3" feature="appSecurity-3.0" feature="wssecurity-1.1" }[BasicRegistry{realm="customRealm" User{name="user1" password="security" },User{name="user2" password="security" },User{name="test1" password="test1" },User{name="test2" password="test2" },User{name="test3" password="test3" },User{name="test4" password="test4" },User{name="admin" password="admin" },User{name="bob" password="bob" },User{name="joe" password="joe" },User{name="user1pw" password="pw8server" },}][Application{name="x509client" location="${server.config.dir}/x509client.war" [ClassLoaderElement{apiTypeVisibility="spec, ibm-api, third-party" }]}][IncludeElement{location="../fatTestPorts.xml" }]SSLDefault{sslRef="DefaultSSLSettings" }[SSL{keyStoreRef="myKeyStore" trustStoreRef="myTrustStore" }][KeyStore{password="Liberty" location="${server.config.dir}/key.jks" type="jks" }, KeyStore{password="LibertyServer" location="${server.config.dir}/sslServerTrust.jks" type="jks" }][JavaPermission{actions="read" className="java.io.FilePermission" name="ALL FILES" }, JavaPermission{className="java.lang.RuntimePermission" name="accessClassInPackage.com.sun.xml.internal.messaging.saaj.soap" }, JavaPermission{className="java.lang.RuntimePermission" name="accessClassInPackage.com.sun.xml.internal.messaging.saaj.soap.ver1_1" }, JavaPermission{className="java.lang.RuntimePermission" name="accessClassInPackage.com.sun.xml.internal.messaging.saaj.util" }, JavaPermission{className="java.lang.RuntimePermission" name="accessClassInPackage.com.sun.xml.internal.messaging.saaj.soap.name" }, JavaPermission{className="java.lang.RuntimePermission" name="accessClassInPackage.com.sun.xml.internal.messaging.saaj.soap.impl" }, JavaPermission{actions="POST:AcceptSOAPActionUser-Agent" className="java.net.URLPermission" name="http://localhost:8010/x509token/FVTVersionBAXService" }, JavaPermission{actions="read" className="java.util.PropertyPermission" name="javax.xml.soap.MessageFactory" }, JavaPermission{actions="read" className="java.util.PropertyPermission" name="java.home" }, JavaPermission{actions="read" className="java.util.PropertyPermission" name="javax.xml.soap.MetaFactory" }, JavaPermission{actions="*" className="org.osgi.framework.AdminPermission" name="*" }, JavaPermission{className="java.lang.RuntimePermission" name="accessClassInPackage.sun.net.www.protocol.c" }, JavaPermission{className="java.security.SecurityPermission" name="org.apache.xml.security.register" }]
[06/06/2021 00:19:45:000 PDT] 001 LibertyFileManager             moveLibertyFile                I Moving C:/Users/Administrator/libertyGit/open-liberty/dev/com.ibm.ws.wssecurity_fat.wsscxf.1/build/libs/autoFVT/publish/servers/com.ibm.ws.wssecurity_fat.x509_2/server.xml.tmp to C:/Users/Administrator/libertyGit/open-liberty/dev/com.ibm.ws.wssecurity_fat.wsscxf.1/build/libs/autoFVT/publish/servers/com.ibm.ws.wssecurity_fat.x509_2/server.xml
[06/06/2021 00:19:45:463 PDT] 001 LibertyFileManager             moveLibertyFile                I server.xml was successfully copied.
[06/06/2021 00:19:45:463 PDT] 001 FeatureReplacementAction       setup                          I Original features:  [appsecurity-2.0, jsp-2.2, servlet-3.1, ssl-1.0, usr:wsseccbh-1.0, jaxws-2.2, wssecurity-1.1]
[06/06/2021 00:19:45:463 PDT] 001 FeatureReplacementAction       getReplacementFeature          I Replace feature [ servlet-3.1 ] with [ servlet-4.0 ]
[06/06/2021 00:19:45:463 PDT] 001 FeatureReplacementAction       getReplacementFeature          I Replace feature [ appsecurity-2.0 ] with [ appSecurity-3.0 ]
[06/06/2021 00:19:45:463 PDT] 001 FeatureReplacementAction       getReplacementFeature          I Replace feature [ jaxws-2.2 ] with [ jaxws-2.3 ]
[06/06/2021 00:19:45:463 PDT] 001 FeatureReplacementAction       getReplacementFeature          I Replace feature [ jsp-2.2 ] with [ jsp-2.3 ]
[06/06/2021 00:19:45:463 PDT] 001 FeatureReplacementAction       getReplacementFeature          I Replace feature [ usr:wsseccbh-1.0 ] with [ usr:wsseccbh-2.0 ]
[06/06/2021 00:19:45:463 PDT] 001 FeatureReplacementAction       setup                          I Resulting features: [jsp-2.3, servlet-4.0, usr:wsseccbh-2.0, ssl-1.0, jaxws-2.3, appSecurity-3.0, wssecurity-1.1]
[06/06/2021 00:19:45:479 PDT] 001 FeatureReplacementAction       setup                          I Config: ServerConfiguration
FeatureManager{feature="jsp-2.3" feature="servlet-4.0" feature="usr:wsseccbh-2.0" feature="ssl-1.0" feature="jaxws-2.3" feature="appSecurity-3.0" feature="wssecurity-1.1" }[BasicRegistry{realm="customRealm" User{name="user1" password="security" },User{name="user2" password="security" },User{name="test1" password="test1" },User{name="test2" password="test2" },User{name="user1pw" password="pw8server" },}][IncludeElement{location="../fatTestPorts.xml" }][JavaPermission{actions="read" className="java.io.FilePermission" name="ALL FILES" }, JavaPermission{className="java.lang.RuntimePermission" name="accessClassInPackage.com.sun.xml.internal.messaging.saaj.soap" }, JavaPermission{className="java.lang.RuntimePermission" name="accessClassInPackage.com.sun.xml.internal.messaging.saaj.soap.ver1_1" }, JavaPermission{className="java.lang.RuntimePermission" name="accessClassInPackage.com.sun.xml.internal.messaging.saaj.util" }, JavaPermission{className="java.lang.RuntimePermission" name="accessClassInPackage.com.sun.xml.internal.messaging.saaj.soap.name" }, JavaPermission{className="java.lang.RuntimePermission" name="accessClassInPackage.com.sun.xml.internal.messaging.saaj.soap.impl" }, JavaPermission{actions="POST:AcceptSOAPActionUser-Agent" className="java.net.URLPermission" name="http://localhost:8010/wss11enc/WSS11EncService1" }, JavaPermission{actions="POST:AcceptSOAPActionUser-Agent" className="java.net.URLPermission" name="http://localhost:8010/wss11enc/WSS11EncService2" }, JavaPermission{actions="POST:AcceptSOAPActionUser-Agent" className="java.net.URLPermission" name="http://localhost:8010/x509enc/X509XmlEncService10" }, JavaPermission{actions="*" className="org.osgi.framework.AdminPermission" name="*" }, JavaPermission{className="java.security.SecurityPermission" name="org.apache.xml.security.register" }, JavaPermission{className="java.lang.RuntimePermission" name="accessClassInPackage.sun.net.www.protocol.c" }]
[06/06/2021 00:19:45:479 PDT] 001 LibertyFileManager             moveLibertyFile                I Moving C:/Users/Administrator/libertyGit/open-liberty/dev/com.ibm.ws.wssecurity_fat.wsscxf.1/build/libs/autoFVT/publish/servers/com.ibm.ws.wssecurity_fat.wss11enc/server_enchdr_wss4j.xml.tmp to C:/Users/Administrator/libertyGit/open-liberty/dev/com.ibm.ws.wssecurity_fat.wsscxf.1/build/libs/autoFVT/publish/servers/com.ibm.ws.wssecurity_fat.wss11enc/server_enchdr_wss4j.xml
[06/06/2021 00:19:45:948 PDT] 001 LibertyFileManager             moveLibertyFile                I server_enchdr_wss4j.xml was successfully copied.
[06/06/2021 00:19:45:948 PDT] 001 FeatureReplacementAction       setup                          I Original features:  [appsecurity-2.0, jsp-2.2, servlet-3.1, ssl-1.0, usr:wsseccbh-1.0, jaxws-2.2, wssecurity-1.1]
[06/06/2021 00:19:45:948 PDT] 001 FeatureReplacementAction       getReplacementFeature          I Replace feature [ servlet-3.1 ] with [ servlet-4.0 ]
[06/06/2021 00:19:45:948 PDT] 001 FeatureReplacementAction       getReplacementFeature          I Replace feature [ appsecurity-2.0 ] with [ appSecurity-3.0 ]
[06/06/2021 00:19:45:948 PDT] 001 FeatureReplacementAction       getReplacementFeature          I Replace feature [ jaxws-2.2 ] with [ jaxws-2.3 ]
[06/06/2021 00:19:45:948 PDT] 001 FeatureReplacementAction       getReplacementFeature          I Replace feature [ jsp-2.2 ] with [ jsp-2.3 ]
[06/06/2021 00:19:45:948 PDT] 001 FeatureReplacementAction       getReplacementFeature          I Replace feature [ usr:wsseccbh-1.0 ] with [ usr:wsseccbh-2.0 ]
[06/06/2021 00:19:45:948 PDT] 001 FeatureReplacementAction       setup                          I Resulting features: [jsp-2.3, servlet-4.0, usr:wsseccbh-2.0, ssl-1.0, jaxws-2.3, appSecurity-3.0, wssecurity-1.1]
[06/06/2021 00:19:45:948 PDT] 001 FeatureReplacementAction       setup                          I Config: ServerConfiguration
FeatureManager{feature="jsp-2.3" feature="servlet-4.0" feature="usr:wsseccbh-2.0" feature="ssl-1.0" feature="jaxws-2.3" feature="appSecurity-3.0" feature="wssecurity-1.1" }[BasicRegistry{realm="customRealm" User{name="user1" password="security" },User{name="user2" password="security" },User{name="test1" password="test1" },User{name="test2" password="test2" },User{name="test3" password="test3" },User{name="test4" password="test4" },User{name="admin" password="admin" },User{name="bob" password="bob" },User{name="joe" password="joe" },User{name="user1pw" password="pw8server" },}][IncludeElement{location="../fatTestPorts.xml" }]SSLDefault{sslRef="DefaultSSLSettings" }[SSL{keyStoreRef="myKeyStore" trustStoreRef="myTrustStore" }][KeyStore{password="Liberty" location="${server.config.dir}/key.jks" type="jks" }, KeyStore{password="LibertyServer" location="${server.config.dir}/sslServerTrust.jks" type="jks" }][JavaPermission{actions="read" className="java.io.FilePermission" name="ALL FILES" }, JavaPermission{actions="get" className="org.osgi.framework.ServicePermission" name="*" }, JavaPermission{className="java.lang.RuntimePermission" name="accessClassInPackage.com.sun.xml.internal.messaging.saaj.soap" }, JavaPermission{className="java.lang.RuntimePermission" name="accessClassInPackage.com.sun.xml.internal.messaging.saaj.soap.ver1_1" }, JavaPermission{className="java.lang.RuntimePermission" name="accessClassInPackage.com.sun.xml.internal.messaging.saaj.util" }, JavaPermission{className="java.lang.RuntimePermission" name="accessClassInPackage.com.sun.xml.internal.messaging.saaj.soap.name" }, JavaPermission{className="java.lang.RuntimePermission" name="accessClassInPackage.com.sun.xml.internal.messaging.saaj.soap.impl" }, JavaPermission{actions="POST:AcceptSOAPActionUser-Agent" className="java.net.URLPermission" name="http://localhost:8010/x509migtoken/FatBAX01Service" }, JavaPermission{actions="POST:AcceptSOAPActionUser-Agent" className="java.net.URLPermission" name="http://localhost:8010/x509migtoken/FatBAX31Service" }, JavaPermission{actions="POST:AcceptSOAPActionUser-Agent" className="java.net.URLPermission" name="http://localhost:8010/x509migtoken/FatBAX29Service" }, JavaPermission{actions="POST:AcceptSOAPActionUser-Agent" className="java.net.URLPermission" name="https://localhost:8020/x509migtoken/FatBAX01Service" }, JavaPermission{actions="POST:AcceptSOAPActionUser-Agent" className="java.net.URLPermission" name="http://localhost:8010/x509migtoken/FatBAX03Service" }, JavaPermission{actions="POST:AcceptSOAPActionUser-Agent" className="java.net.URLPermission" name="http://localhost:8010/x509migtoken/FatBAX09Service" }, JavaPermission{actions="POST:AcceptSOAPActionUser-Agent" className="java.net.URLPermission" name="http://localhost:8010/x509migtoken/FatBAX04Service" }, JavaPermission{actions="POST:AcceptSOAPActionUser-Agent" className="java.net.URLPermission" name="http://localhost:8010/x509migtoken/FatBAX05Service" }, JavaPermission{actions="POST:AcceptSOAPActionUser-Agent" className="java.net.URLPermission" name="http://localhost:8010/x509migtoken/FatBAX06Service" }, JavaPermission{actions="POST:AcceptSOAPActionUser-Agent" className="java.net.URLPermission" name="http://localhost:8010/x509migtoken/FatBAX24Service" }, JavaPermission{actions="POST:AcceptSOAPActionUser-Agent" className="java.net.URLPermission" name="http://localhost:8010/x509migtoken/FatBAX25Service" }, JavaPermission{actions="POST:AcceptSOAPActionUser-Agent" className="java.net.URLPermission" name="http://localhost:8010/x509migtoken/FatBAX27Service" }, JavaPermission{actions="POST:AcceptSOAPActionUser-Agent" className="java.net.URLPermission" name="http://localhost:8010/x509migtoken/FatBAX35Service" }, JavaPermission{actions="POST:AcceptSOAPActionUser-Agent" className="java.net.URLPermission" name="https://localhost:8020/x509migtoken/FatBAX35Service" }, JavaPermission{actions="POST:AcceptSOAPActionUser-Agent" className="java.net.URLPermission" name="http://localhost:8010/x509migtoken/FatBAX33Service" }, JavaPermission{actions="read" className="java.util.PropertyPermission" name="javax.xml.soap.MessageFactory" }, JavaPermission{actions="read" className="java.util.PropertyPermission" name="javax.xml.soap.MetaFactory" }, JavaPermission{actions="read" className="java.util.PropertyPermission" name="java.home" }, JavaPermission{actions="*" className="org.osgi.framework.AdminPermission" name="*" }, JavaPermission{className="java.security.SecurityPermission" name="org.apache.xml.security.register" }, JavaPermission{className="java.lang.RuntimePermission" name="accessClassInPackage.sun.net.www.protocol.c" }]
[06/06/2021 00:19:45:963 PDT] 001 LibertyFileManager             moveLibertyFile                I Moving C:/Users/Administrator/libertyGit/open-liberty/dev/com.ibm.ws.wssecurity_fat.wsscxf.1/build/libs/autoFVT/publish/servers/com.ibm.ws.wssecurity_fat.x509migsym/server_sha512_wss4j.xml.tmp to C:/Users/Administrator/libertyGit/open-liberty/dev/com.ibm.ws.wssecurity_fat.wsscxf.1/build/libs/autoFVT/publish/servers/com.ibm.ws.wssecurity_fat.x509migsym/server_sha512_wss4j.xml
[06/06/2021 00:19:46:432 PDT] 001 LibertyFileManager             moveLibertyFile                I server_sha512_wss4j.xml was successfully copied.
[06/06/2021 00:19:46:432 PDT] 001 FeatureReplacementAction       setup                          I Original features:  [appsecurity-2.0, jsp-2.2, servlet-3.1, ssl-1.0, usr:wsseccbh-1.0, jaxws-2.2, wssecurity-1.1]
[06/06/2021 00:19:46:432 PDT] 001 FeatureReplacementAction       getReplacementFeature          I Replace feature [ servlet-3.1 ] with [ servlet-4.0 ]
[06/06/2021 00:19:46:432 PDT] 001 FeatureReplacementAction       getReplacementFeature          I Replace feature [ appsecurity-2.0 ] with [ appSecurity-3.0 ]
[06/06/2021 00:19:46:432 PDT] 001 FeatureReplacementAction       getReplacementFeature          I Replace feature [ jaxws-2.2 ] with [ jaxws-2.3 ]
[06/06/2021 00:19:46:432 PDT] 001 FeatureReplacementAction       getReplacementFeature          I Replace feature [ jsp-2.2 ] with [ jsp-2.3 ]
[06/06/2021 00:19:46:432 PDT] 001 FeatureReplacementAction       getReplacementFeature          I Replace feature [ usr:wsseccbh-1.0 ] with [ usr:wsseccbh-2.0 ]
[06/06/2021 00:19:46:432 PDT] 001 FeatureReplacementAction       setup                          I Resulting features: [jsp-2.3, servlet-4.0, usr:wsseccbh-2.0, ssl-1.0, jaxws-2.3, appSecurity-3.0, wssecurity-1.1]
[06/06/2021 00:19:46:448 PDT] 001 FeatureReplacementAction       setup                          I Config: ServerConfiguration
FeatureManager{feature="jsp-2.3" feature="servlet-4.0" feature="usr:wsseccbh-2.0" feature="ssl-1.0" feature="jaxws-2.3" feature="appSecurity-3.0" feature="wssecurity-1.1" }[BasicRegistry{realm="customRealm" User{name="user1" password="security" },User{name="user2" password="security" },User{name="test1" password="test1" },User{name="test2" password="test2" },User{name="user1pw" password="pw8server" },}][IncludeElement{location="../fatTestPorts.xml" }][JavaPermission{actions="read" className="java.io.FilePermission" name="ALL FILES" }, JavaPermission{className="java.lang.RuntimePermission" name="accessClassInPackage.com.sun.xml.internal.messaging.saaj.soap" }, JavaPermission{className="java.lang.RuntimePermission" name="accessClassInPackage.com.sun.xml.internal.messaging.saaj.soap.ver1_1" }, JavaPermission{className="java.lang.RuntimePermission" name="accessClassInPackage.com.sun.xml.internal.messaging.saaj.util" }, JavaPermission{className="java.lang.RuntimePermission" name="accessClassInPackage.com.sun.xml.internal.messaging.saaj.soap.name" }, JavaPermission{className="java.lang.RuntimePermission" name="accessClassInPackage.com.sun.xml.internal.messaging.saaj.soap.impl" }, JavaPermission{actions="POST:AcceptSOAPActionUser-Agent" className="java.net.URLPermission" name="http://localhost:8010/x509enc/X509XmlEncService1" }, JavaPermission{actions="POST:AcceptSOAPActionUser-Agent" className="java.net.URLPermission" name="http://localhost:8010/x509enc/X509XmlEncService3" }, JavaPermission{actions="POST:AcceptSOAPActionUser-Agent" className="java.net.URLPermission" name="http://localhost:8010/x509enc/X509XmlEncService4" }, JavaPermission{actions="POST:AcceptSOAPActionUser-Agent" className="java.net.URLPermission" name="http://localhost:8010/x509enc/X509XmlEncService5" }, JavaPermission{actions="POST:AcceptSOAPActionUser-Agent" className="java.net.URLPermission" name="http://localhost:8010/x509enc/X509XmlEncService7" }, JavaPermission{actions="POST:AcceptSOAPActionUser-Agent" className="java.net.URLPermission" name="http://localhost:8010/x509enc/X509XmlEncService8" }, JavaPermission{actions="POST:AcceptSOAPActionUser-Agent" className="java.net.URLPermission" name="http://localhost:8010/x509enc/X509XmlEncService9" }, JavaPermission{actions="POST:AcceptSOAPActionUser-Agent" className="java.net.URLPermission" name="http://localhost:8010/x509enc/X509XmlEncService10" }, JavaPermission{actions="*" className="org.osgi.framework.AdminPermission" name="*" }, JavaPermission{className="java.security.SecurityPermission" name="org.apache.xml.security.register" }, JavaPermission{className="java.lang.RuntimePermission" name="accessClassInPackage.sun.net.www.protocol.c" }]
[06/06/2021 00:19:46:448 PDT] 001 LibertyFileManager             moveLibertyFile                I Moving C:/Users/Administrator/libertyGit/open-liberty/dev/com.ibm.ws.wssecurity_fat.wsscxf.1/build/libs/autoFVT/publish/servers/com.ibm.ws.wssecurity_fat.x509enc/server_wrongEnc_wss4j.xml.tmp to C:/Users/Administrator/libertyGit/open-liberty/dev/com.ibm.ws.wssecurity_fat.wsscxf.1/build/libs/autoFVT/publish/servers/com.ibm.ws.wssecurity_fat.x509enc/server_wrongEnc_wss4j.xml
[06/06/2021 00:19:46:917 PDT] 001 LibertyFileManager             moveLibertyFile                I server_wrongEnc_wss4j.xml was successfully copied.
[06/06/2021 00:19:46:917 PDT] 001 FeatureReplacementAction       setup                          I Original features:  [appsecurity-2.0, jsp-2.2, servlet-3.1, ssl-1.0, usr:wsseccbh-1.0, jaxws-2.2, wssecurity-1.1]
[06/06/2021 00:19:46:917 PDT] 001 FeatureReplacementAction       getReplacementFeature          I Replace feature [ servlet-3.1 ] with [ servlet-4.0 ]
[06/06/2021 00:19:46:917 PDT] 001 FeatureReplacementAction       getReplacementFeature          I Replace feature [ appsecurity-2.0 ] with [ appSecurity-3.0 ]
[06/06/2021 00:19:46:917 PDT] 001 FeatureReplacementAction       getReplacementFeature          I Replace feature [ jaxws-2.2 ] with [ jaxws-2.3 ]
[06/06/2021 00:19:46:917 PDT] 001 FeatureReplacementAction       getReplacementFeature          I Replace feature [ jsp-2.2 ] with [ jsp-2.3 ]
[06/06/2021 00:19:46:917 PDT] 001 FeatureReplacementAction       getReplacementFeature          I Replace feature [ usr:wsseccbh-1.0 ] with [ usr:wsseccbh-2.0 ]
[06/06/2021 00:19:46:917 PDT] 001 FeatureReplacementAction       setup                          I Resulting features: [jsp-2.3, servlet-4.0, usr:wsseccbh-2.0, ssl-1.0, jaxws-2.3, appSecurity-3.0, wssecurity-1.1]
[06/06/2021 00:19:46:917 PDT] 001 FeatureReplacementAction       setup                          I Config: ServerConfiguration
FeatureManager{feature="jsp-2.3" feature="servlet-4.0" feature="usr:wsseccbh-2.0" feature="ssl-1.0" feature="jaxws-2.3" feature="appSecurity-3.0" feature="wssecurity-1.1" }[BasicRegistry{realm="customRealm" User{name="user1" password="security" },User{name="user2" password="security" },User{name="test1" password="test1" },User{name="test2" password="test2" },User{name="user1pw" password="pw8server" },}][IncludeElement{location="../fatTestPorts.xml" }][JavaPermission{actions="read" className="java.io.FilePermission" name="ALL FILES" }, JavaPermission{className="java.lang.RuntimePermission" name="accessClassInPackage.com.sun.xml.internal.messaging.saaj.soap" }, JavaPermission{className="java.lang.RuntimePermission" name="accessClassInPackage.com.sun.xml.internal.messaging.saaj.soap.ver1_1" }, JavaPermission{className="java.lang.RuntimePermission" name="accessClassInPackage.com.sun.xml.internal.messaging.saaj.util" }, JavaPermission{className="java.lang.RuntimePermission" name="accessClassInPackage.com.sun.xml.internal.messaging.saaj.soap.name" }, JavaPermission{className="java.lang.RuntimePermission" name="accessClassInPackage.com.sun.xml.internal.messaging.saaj.soap.impl" }, JavaPermission{actions="POST:AcceptSOAPActionUser-Agent" className="java.net.URLPermission" name="http://localhost:8010/x509enc/X509XmlEncService1" }, JavaPermission{actions="POST:AcceptSOAPActionUser-Agent" className="java.net.URLPermission" name="http://localhost:8010/x509enc/X509XmlEncService3" }, JavaPermission{actions="POST:AcceptSOAPActionUser-Agent" className="java.net.URLPermission" name="http://localhost:8010/x509enc/X509XmlEncService4" }, JavaPermission{actions="POST:AcceptSOAPActionUser-Agent" className="java.net.URLPermission" name="http://localhost:8010/x509enc/X509XmlEncService5" }, JavaPermission{actions="POST:AcceptSOAPActionUser-Agent" className="java.net.URLPermission" name="http://localhost:8010/x509enc/X509XmlEncService7" }, JavaPermission{actions="POST:AcceptSOAPActionUser-Agent" className="java.net.URLPermission" name="http://localhost:8010/x509enc/X509XmlEncService8" }, JavaPermission{actions="POST:AcceptSOAPActionUser-Agent" className="java.net.URLPermission" name="http://localhost:8010/x509enc/X509XmlEncService9" }, JavaPermission{actions="POST:AcceptSOAPActionUser-Agent" className="java.net.URLPermission" name="http://localhost:8010/x509enc/X509XmlEncService10" }, JavaPermission{actions="*" className="org.osgi.framework.AdminPermission" name="*" }, JavaPermission{className="java.security.SecurityPermission" name="org.apache.xml.security.register" }, JavaPermission{className="java.lang.RuntimePermission" name="accessClassInPackage.sun.net.www.protocol.c" }]
[06/06/2021 00:19:46:933 PDT] 001 LibertyFileManager             moveLibertyFile                I Moving C:/Users/Administrator/libertyGit/open-liberty/dev/com.ibm.ws.wssecurity_fat.wsscxf.1/build/libs/autoFVT/publish/servers/com.ibm.ws.wssecurity_fat.x509enc/server_wss4j.xml.tmp to C:/Users/Administrator/libertyGit/open-liberty/dev/com.ibm.ws.wssecurity_fat.wsscxf.1/build/libs/autoFVT/publish/servers/com.ibm.ws.wssecurity_fat.x509enc/server_wss4j.xml
[06/06/2021 00:19:47:401 PDT] 001 LibertyFileManager             moveLibertyFile                I server_wss4j.xml was successfully copied.
[06/06/2021 00:19:47:402 PDT] 001 FeatureReplacementAction       setup                          I Original features:  [appsecurity-2.0, jsp-2.2, servlet-3.1, ssl-1.0, usr:wsseccbh-1.0, jaxws-2.2, wssecurity-1.1]
[06/06/2021 00:19:47:402 PDT] 001 FeatureReplacementAction       getReplacementFeature          I Replace feature [ servlet-3.1 ] with [ servlet-4.0 ]
[06/06/2021 00:19:47:402 PDT] 001 FeatureReplacementAction       getReplacementFeature          I Replace feature [ appsecurity-2.0 ] with [ appSecurity-3.0 ]
[06/06/2021 00:19:47:402 PDT] 001 FeatureReplacementAction       getReplacementFeature          I Replace feature [ jaxws-2.2 ] with [ jaxws-2.3 ]
[06/06/2021 00:19:47:402 PDT] 001 FeatureReplacementAction       getReplacementFeature          I Replace feature [ jsp-2.2 ] with [ jsp-2.3 ]
[06/06/2021 00:19:47:402 PDT] 001 FeatureReplacementAction       getReplacementFeature          I Replace feature [ usr:wsseccbh-1.0 ] with [ usr:wsseccbh-2.0 ]
[06/06/2021 00:19:47:402 PDT] 001 FeatureReplacementAction       setup                          I Resulting features: [jsp-2.3, servlet-4.0, usr:wsseccbh-2.0, ssl-1.0, jaxws-2.3, appSecurity-3.0, wssecurity-1.1]
[06/06/2021 00:19:47:402 PDT] 001 FeatureReplacementAction       setup                          I Config: ServerConfiguration
FeatureManager{feature="jsp-2.3" feature="servlet-4.0" feature="usr:wsseccbh-2.0" feature="ssl-1.0" feature="jaxws-2.3" feature="appSecurity-3.0" feature="wssecurity-1.1" }[BasicRegistry{realm="customRealm" User{name="user1" password="security" },User{name="user2" password="security" },User{name="test1" password="test1" },User{name="test2" password="test2" },User{name="test3" password="test3" },User{name="test4" password="test4" },User{name="admin" password="admin" },User{name="bob" password="bob" },User{name="joe" password="joe" },User{name="user1pw" password="pw8server" },}][IncludeElement{location="../fatTestPorts.xml" }]SSLDefault{sslRef="DefaultSSLSettings" }[SSL{keyStoreRef="myKeyStore" trustStoreRef="myTrustStore" }][KeyStore{password="Liberty" location="${server.config.dir}/key.jks" type="jks" }, KeyStore{password="LibertyServer" location="${server.config.dir}/sslServerTrust.jks" type="jks" }][JavaPermission{actions="read" className="java.io.FilePermission" name="ALL FILES" }, JavaPermission{actions="read" className="java.util.PropertyPermission" name="javax.xml.soap.MessageFactory" }, JavaPermission{className="java.lang.RuntimePermission" name="accessClassInPackage.com.sun.xml.internal.messaging.saaj.soap" }, JavaPermission{className="java.lang.RuntimePermission" name="accessClassInPackage.com.sun.xml.internal.messaging.saaj.soap.ver1_1" }, JavaPermission{className="java.lang.RuntimePermission" name="accessClassInPackage.com.sun.xml.internal.messaging.saaj.util" }, JavaPermission{className="java.lang.RuntimePermission" name="accessClassInPackage.com.sun.xml.internal.messaging.saaj.soap.name" }, JavaPermission{className="java.lang.RuntimePermission" name="accessClassInPackage.com.sun.xml.internal.messaging.saaj.soap.impl" }, JavaPermission{actions="POST:AcceptSOAPActionUser-Agent" className="java.net.URLPermission" name="https://localhost:8020/endsuptokens/EndSupTokensService0" }, JavaPermission{actions="POST:AcceptSOAPActionUser-Agent" className="java.net.URLPermission" name="http://localhost:8010/endsuptokens/EndSupTokensService4" }, JavaPermission{actions="POST:AcceptSOAPActionUser-Agent" className="java.net.URLPermission" name="https://localhost:8020/endsuptokens/EndSupTokensService0Body" }, JavaPermission{actions="POST:AcceptSOAPActionUser-Agent" className="java.net.URLPermission" name="http://localhost:8010/endsuptokens/EndSupTokensService5" }, JavaPermission{actions="POST:AcceptSOAPActionUser-Agent" className="java.net.URLPermission" name="https://localhost:8020/endsuptokens/EndSupTokensService0BodyElement" }, JavaPermission{actions="POST:AcceptSOAPActionUser-Agent" className="java.net.URLPermission" name="http://localhost:8010/endsuptokens/EndSupTokensService6" }, JavaPermission{actions="POST:AcceptSOAPActionUser-Agent" className="java.net.URLPermission" name="https://localhost:8020/endsuptokens/EndSupTokensService1" }, JavaPermission{actions="POST:AcceptSOAPActionUser-Agent" className="java.net.URLPermission" name="http://localhost:8010/endsuptokens/EndSupTokensService7" }, JavaPermission{actions="read" className="java.util.PropertyPermission" name="java.home" }, JavaPermission{actions="read" className="java.util.PropertyPermission" name="javax.xml.soap.MetaFactory" }, JavaPermission{actions="*" className="org.osgi.framework.AdminPermission" name="*" }, JavaPermission{className="java.security.SecurityPermission" name="org.apache.xml.security.register" }, JavaPermission{className="java.lang.RuntimePermission" name="accessClassInPackage.sun.net.www.protocol.c" }]
[06/06/2021 00:19:47:418 PDT] 001 LibertyFileManager             moveLibertyFile                I Moving C:/Users/Administrator/libertyGit/open-liberty/dev/com.ibm.ws.wssecurity_fat.wsscxf.1/build/libs/autoFVT/publish/servers/com.ibm.ws.wssecurity_fat.endsuptokens/server_asym.xml.tmp to C:/Users/Administrator/libertyGit/open-liberty/dev/com.ibm.ws.wssecurity_fat.wsscxf.1/build/libs/autoFVT/publish/servers/com.ibm.ws.wssecurity_fat.endsuptokens/server_asym.xml
[06/06/2021 00:19:47:881 PDT] 001 LibertyFileManager             moveLibertyFile                I server_asym.xml was successfully copied.
[06/06/2021 00:19:47:881 PDT] 001 FeatureReplacementAction       setup                          I Original features:  [appsecurity-2.0, jsp-2.2, servlet-3.1, ssl-1.0, usr:wsseccbh-1.0, jaxws-2.2, wssecurity-1.1]
[06/06/2021 00:19:47:881 PDT] 001 FeatureReplacementAction       getReplacementFeature          I Replace feature [ servlet-3.1 ] with [ servlet-4.0 ]
[06/06/2021 00:19:47:881 PDT] 001 FeatureReplacementAction       getReplacementFeature          I Replace feature [ appsecurity-2.0 ] with [ appSecurity-3.0 ]
[06/06/2021 00:19:47:881 PDT] 001 FeatureReplacementAction       getReplacementFeature          I Replace feature [ jaxws-2.2 ] with [ jaxws-2.3 ]
[06/06/2021 00:19:47:881 PDT] 001 FeatureReplacementAction       getReplacementFeature          I Replace feature [ jsp-2.2 ] with [ jsp-2.3 ]
[06/06/2021 00:19:47:881 PDT] 001 FeatureReplacementAction       getReplacementFeature          I Replace feature [ usr:wsseccbh-1.0 ] with [ usr:wsseccbh-2.0 ]
[06/06/2021 00:19:47:881 PDT] 001 FeatureReplacementAction       setup                          I Resulting features: [jsp-2.3, servlet-4.0, usr:wsseccbh-2.0, ssl-1.0, jaxws-2.3, appSecurity-3.0, wssecurity-1.1]
[06/06/2021 00:19:47:881 PDT] 001 FeatureReplacementAction       setup                          I Config: ServerConfiguration
FeatureManager{feature="jsp-2.3" feature="servlet-4.0" feature="usr:wsseccbh-2.0" feature="ssl-1.0" feature="jaxws-2.3" feature="appSecurity-3.0" feature="wssecurity-1.1" }[BasicRegistry{realm="customRealm" User{name="user1" password="security" },User{name="user2" password="security" },User{name="test1" password="test1" },User{name="test2" password="test2" },User{name="user1pw" password="pw8server" },}][IncludeElement{location="../fatTestPorts.xml" }][JavaPermission{actions="read" className="java.io.FilePermission" name="ALL FILES" }, JavaPermission{className="java.lang.RuntimePermission" name="accessClassInPackage.com.sun.xml.internal.messaging.saaj.soap" }, JavaPermission{className="java.lang.RuntimePermission" name="accessClassInPackage.com.sun.xml.internal.messaging.saaj.soap.ver1_1" }, JavaPermission{className="java.lang.RuntimePermission" name="accessClassInPackage.com.sun.xml.internal.messaging.saaj.util" }, JavaPermission{className="java.lang.RuntimePermission" name="accessClassInPackage.com.sun.xml.internal.messaging.saaj.soap.name" }, JavaPermission{className="java.lang.RuntimePermission" name="accessClassInPackage.com.sun.xml.internal.messaging.saaj.soap.impl" }, JavaPermission{actions="POST:AcceptSOAPActionUser-Agent" className="java.net.URLPermission" name="http://localhost:8010/x509sig/X509XmlSigService1" }, JavaPermission{actions="POST:AcceptSOAPActionUser-Agent" className="java.net.URLPermission" name="http://localhost:8010/x509sig/X509XmlStrService1" }, JavaPermission{actions="POST:AcceptSOAPActionUser-Agent" className="java.net.URLPermission" name="http://localhost:8010/x509sig/X509XmlSigService3" }, JavaPermission{actions="POST:AcceptSOAPActionUser-Agent" className="java.net.URLPermission" name="http://localhost:8010/xmlsig/X509XmlSigService1" }, JavaPermission{actions="POST:AcceptSOAPActionUser-Agent" className="java.net.URLPermission" name="http://localhost:8010/x509sig/X509XmlStrService2" }, JavaPermission{actions="read" className="java.util.PropertyPermission" name="javax.xml.soap.MessageFactory" }, JavaPermission{actions="*" className="org.osgi.framework.AdminPermission" name="*" }, JavaPermission{className="java.security.SecurityPermission" name="org.apache.xml.security.register" }, JavaPermission{className="java.lang.RuntimePermission" name="accessClassInPackage.sun.net.www.protocol.c" }]
[06/06/2021 00:19:47:902 PDT] 001 LibertyFileManager             moveLibertyFile                I Moving C:/Users/Administrator/libertyGit/open-liberty/dev/com.ibm.ws.wssecurity_fat.wsscxf.1/build/libs/autoFVT/publish/servers/com.ibm.ws.wssecurity_fat.x509sig/server_enc.xml.tmp to C:/Users/Administrator/libertyGit/open-liberty/dev/com.ibm.ws.wssecurity_fat.wsscxf.1/build/libs/autoFVT/publish/servers/com.ibm.ws.wssecurity_fat.x509sig/server_enc.xml
[06/06/2021 00:19:48:365 PDT] 001 LibertyFileManager             moveLibertyFile                I server_enc.xml was successfully copied.
[06/06/2021 00:19:48:365 PDT] 001 FeatureReplacementAction       setup                          I Original features:  [appsecurity-2.0, jsp-2.2, servlet-3.0, ssl-1.0, usr:wsseccbh-1.0, jaxws-2.2, wssecurity-1.1]
[06/06/2021 00:19:48:365 PDT] 001 FeatureReplacementAction       getReplacementFeature          I Replace feature [ appsecurity-2.0 ] with [ appSecurity-3.0 ]
[06/06/2021 00:19:48:365 PDT] 001 FeatureReplacementAction       getReplacementFeature          I Replace feature [ jaxws-2.2 ] with [ jaxws-2.3 ]
[06/06/2021 00:19:48:365 PDT] 001 FeatureReplacementAction       getReplacementFeature          I Replace feature [ jsp-2.2 ] with [ jsp-2.3 ]
[06/06/2021 00:19:48:365 PDT] 001 FeatureReplacementAction       getReplacementFeature          I Replace feature [ usr:wsseccbh-1.0 ] with [ usr:wsseccbh-2.0 ]
[06/06/2021 00:19:48:365 PDT] 001 FeatureReplacementAction       setup                          I Resulting features: [jsp-2.3, servlet-3.0, usr:wsseccbh-2.0, ssl-1.0, jaxws-2.3, appSecurity-3.0, wssecurity-1.1]
[06/06/2021 00:19:48:381 PDT] 001 FeatureReplacementAction       setup                          I Config: ServerConfiguration
FeatureManager{feature="jsp-2.3" feature="servlet-3.0" feature="usr:wsseccbh-2.0" feature="ssl-1.0" feature="jaxws-2.3" feature="appSecurity-3.0" feature="wssecurity-1.1" }[BasicRegistry{realm="customRealm" User{name="user1" password="security" },User{name="user2" password="security" },User{name="test1" password="test1" },User{name="test2" password="test2" },User{name="user1pw" password="pw8server" },}][IncludeElement{location="../fatTestPorts.xml" }][JavaPermission{actions="read" className="java.io.FilePermission" name="ALL FILES" }, JavaPermission{className="java.lang.RuntimePermission" name="accessClassInPackage.com.sun.xml.internal.messaging.saaj.soap" }, JavaPermission{className="java.lang.RuntimePermission" name="accessClassInPackage.com.sun.xml.internal.messaging.saaj.soap.ver1_1" }, JavaPermission{className="java.lang.RuntimePermission" name="accessClassInPackage.com.sun.xml.internal.messaging.saaj.util" }, JavaPermission{className="java.lang.RuntimePermission" name="accessClassInPackage.com.sun.xml.internal.messaging.saaj.soap.name" }, JavaPermission{className="java.lang.RuntimePermission" name="accessClassInPackage.com.sun.xml.internal.messaging.saaj.soap.impl" }, JavaPermission{actions="POST:AcceptSOAPActionUser-Agent" className="java.net.URLPermission" name="http://localhost:8010/x509enc/X509XmlEncService1" }, JavaPermission{actions="POST:AcceptSOAPActionUser-Agent" className="java.net.URLPermission" name="http://localhost:8010/x509enc/X509XmlEncService3" }, JavaPermission{actions="POST:AcceptSOAPActionUser-Agent" className="java.net.URLPermission" name="http://localhost:8010/x509enc/X509XmlEncService4" }, JavaPermission{actions="POST:AcceptSOAPActionUser-Agent" className="java.net.URLPermission" name="http://localhost:8010/x509enc/X509XmlEncService5" }, JavaPermission{actions="POST:AcceptSOAPActionUser-Agent" className="java.net.URLPermission" name="http://localhost:8010/x509enc/X509XmlEncService7" }, JavaPermission{actions="POST:AcceptSOAPActionUser-Agent" className="java.net.URLPermission" name="http://localhost:8010/x509enc/X509XmlEncService8" }, JavaPermission{actions="POST:AcceptSOAPActionUser-Agent" className="java.net.URLPermission" name="http://localhost:8010/x509enc/X509XmlEncService9" }, JavaPermission{actions="POST:AcceptSOAPActionUser-Agent" className="java.net.URLPermission" name="http://localhost:8010/x509enc/X509XmlEncService10" }, JavaPermission{actions="*" className="org.osgi.framework.AdminPermission" name="*" }, JavaPermission{className="java.security.SecurityPermission" name="org.apache.xml.security.register" }, JavaPermission{className="java.lang.RuntimePermission" name="accessClassInPackage.sun.net.www.protocol.c" }]
[06/06/2021 00:19:48:381 PDT] 001 LibertyFileManager             moveLibertyFile                I Moving C:/Users/Administrator/libertyGit/open-liberty/dev/com.ibm.ws.wssecurity_fat.wsscxf.1/build/libs/autoFVT/publish/servers/com.ibm.ws.wssecurity_fat.x509enc/server_wrongEnc.xml.tmp to C:/Users/Administrator/libertyGit/open-liberty/dev/com.ibm.ws.wssecurity_fat.wsscxf.1/build/libs/autoFVT/publish/servers/com.ibm.ws.wssecurity_fat.x509enc/server_wrongEnc.xml
[06/06/2021 00:19:48:850 PDT] 001 LibertyFileManager             moveLibertyFile                I server_wrongEnc.xml was successfully copied.
[06/06/2021 00:19:48:850 PDT] 001 FeatureReplacementAction       setup                          I Original features:  [appsecurity-2.0, jsp-2.2, servlet-3.1, ssl-1.0, usr:wsseccbh-1.0, jaxws-2.2, wssecurity-1.1]
[06/06/2021 00:19:48:850 PDT] 001 FeatureReplacementAction       getReplacementFeature          I Replace feature [ servlet-3.1 ] with [ servlet-4.0 ]
[06/06/2021 00:19:48:850 PDT] 001 FeatureReplacementAction       getReplacementFeature          I Replace feature [ appsecurity-2.0 ] with [ appSecurity-3.0 ]
[06/06/2021 00:19:48:850 PDT] 001 FeatureReplacementAction       getReplacementFeature          I Replace feature [ jaxws-2.2 ] with [ jaxws-2.3 ]
[06/06/2021 00:19:48:850 PDT] 001 FeatureReplacementAction       getReplacementFeature          I Replace feature [ jsp-2.2 ] with [ jsp-2.3 ]
[06/06/2021 00:19:48:850 PDT] 001 FeatureReplacementAction       getReplacementFeature          I Replace feature [ usr:wsseccbh-1.0 ] with [ usr:wsseccbh-2.0 ]
[06/06/2021 00:19:48:850 PDT] 001 FeatureReplacementAction       setup                          I Resulting features: [jsp-2.3, servlet-4.0, usr:wsseccbh-2.0, ssl-1.0, jaxws-2.3, appSecurity-3.0, wssecurity-1.1]
[06/06/2021 00:19:48:850 PDT] 001 FeatureReplacementAction       setup                          I Config: ServerConfiguration
FeatureManager{feature="jsp-2.3" feature="servlet-4.0" feature="usr:wsseccbh-2.0" feature="ssl-1.0" feature="jaxws-2.3" feature="appSecurity-3.0" feature="wssecurity-1.1" }[BasicRegistry{realm="customRealm" User{name="user1" password="security" },User{name="user2" password="security" },User{name="test1" password="test1" },User{name="test2" password="test2" },User{name="test3" password="test3" },User{name="test4" password="test4" },User{name="admin" password="admin" },User{name="bob" password="bob" },User{name="joe" password="joe" },User{name="user1pw" password="pw8server" },}][IncludeElement{location="../fatTestPorts.xml" }]SSLDefault{sslRef="DefaultSSLSettings" }[SSL{keyStoreRef="myKeyStore" trustStoreRef="myTrustStore" }][KeyStore{password="Liberty" location="${server.config.dir}/key.jks" type="jks" }, KeyStore{password="LibertyServer" location="${server.config.dir}/sslServerTrust.jks" type="jks" }][JavaPermission{actions="read" className="java.io.FilePermission" name="ALL FILES" }, JavaPermission{className="java.lang.RuntimePermission" name="accessClassInPackage.com.sun.xml.internal.messaging.saaj.soap" }, JavaPermission{className="java.lang.RuntimePermission" name="accessClassInPackage.com.sun.xml.internal.messaging.saaj.soap.ver1_1" }, JavaPermission{className="java.lang.RuntimePermission" name="accessClassInPackage.com.sun.xml.internal.messaging.saaj.util" }, JavaPermission{className="java.lang.RuntimePermission" name="accessClassInPackage.com.sun.xml.internal.messaging.saaj.soap.name" }, JavaPermission{className="java.lang.RuntimePermission" name="accessClassInPackage.com.sun.xml.internal.messaging.saaj.soap.impl" }, JavaPermission{actions="POST:AcceptSOAPActionUser-Agent" className="java.net.URLPermission" name="http://localhost:8010/x509token/FVTVersionBAXService" }, JavaPermission{actions="POST:AcceptSOAPActionUser-Agent" className="java.net.URLPermission" name="https://localhost:8020/x509token/FVTVersionBAXService" }, JavaPermission{actions="read" className="java.util.PropertyPermission" name="javax.xml.soap.MessageFactory" }, JavaPermission{actions="read" className="java.util.PropertyPermission" name="java.home" }, JavaPermission{actions="read" className="java.util.PropertyPermission" name="javax.xml.soap.MetaFactory" }, JavaPermission{actions="*" className="org.osgi.framework.AdminPermission" name="*" }, JavaPermission{className="java.security.SecurityPermission" name="org.apache.xml.security.register" }, JavaPermission{className="java.lang.RuntimePermission" name="accessClassInPackage.sun.net.www.protocol.c" }]
[06/06/2021 00:19:48:866 PDT] 001 LibertyFileManager             moveLibertyFile                I Moving C:/Users/Administrator/libertyGit/open-liberty/dev/com.ibm.ws.wssecurity_fat.wsscxf.1/build/libs/autoFVT/publish/servers/com.ibm.ws.wssecurity_fat.x509/server.xml.tmp to C:/Users/Administrator/libertyGit/open-liberty/dev/com.ibm.ws.wssecurity_fat.wsscxf.1/build/libs/autoFVT/publish/servers/com.ibm.ws.wssecurity_fat.x509/server.xml
[06/06/2021 00:19:49:335 PDT] 001 LibertyFileManager             moveLibertyFile                I server.xml was successfully copied.
[06/06/2021 00:19:49:335 PDT] 001 FeatureReplacementAction       setup                          I Original features:  [appsecurity-2.0, jsp-2.2, servlet-3.1, ssl-1.0, usr:wsseccbh-1.0, jaxws-2.2, wssecurity-1.1]
[06/06/2021 00:19:49:335 PDT] 001 FeatureReplacementAction       getReplacementFeature          I Replace feature [ servlet-3.1 ] with [ servlet-4.0 ]
[06/06/2021 00:19:49:335 PDT] 001 FeatureReplacementAction       getReplacementFeature          I Replace feature [ appsecurity-2.0 ] with [ appSecurity-3.0 ]
[06/06/2021 00:19:49:335 PDT] 001 FeatureReplacementAction       getReplacementFeature          I Replace feature [ jaxws-2.2 ] with [ jaxws-2.3 ]
[06/06/2021 00:19:49:335 PDT] 001 FeatureReplacementAction       getReplacementFeature          I Replace feature [ jsp-2.2 ] with [ jsp-2.3 ]
[06/06/2021 00:19:49:335 PDT] 001 FeatureReplacementAction       getReplacementFeature          I Replace feature [ usr:wsseccbh-1.0 ] with [ usr:wsseccbh-2.0 ]
[06/06/2021 00:19:49:335 PDT] 001 FeatureReplacementAction       setup                          I Resulting features: [jsp-2.3, servlet-4.0, usr:wsseccbh-2.0, ssl-1.0, jaxws-2.3, appSecurity-3.0, wssecurity-1.1]
[06/06/2021 00:19:49:350 PDT] 001 FeatureReplacementAction       setup                          I Config: ServerConfiguration
FeatureManager{feature="jsp-2.3" feature="servlet-4.0" feature="usr:wsseccbh-2.0" feature="ssl-1.0" feature="jaxws-2.3" feature="appSecurity-3.0" feature="wssecurity-1.1" }[BasicRegistry{realm="customRealm" User{name="user1" password="security" },User{name="user2" password="security" },User{name="test1" password="test1" },User{name="test2" password="test2" },User{name="test3" password="test3" },User{name="test4" password="test4" },User{name="admin" password="admin" },User{name="bob" password="bob" },User{name="joe" password="joe" },User{name="user1pw" password="pw8server" },}][IncludeElement{location="../fatTestPorts.xml" }]SSLDefault{sslRef="DefaultSSLSettings" }[SSL{keyStoreRef="myKeyStore" trustStoreRef="myTrustStore" }][KeyStore{password="Liberty" location="${server.config.dir}/key.jks" type="jks" }, KeyStore{password="LibertyServer" location="${server.config.dir}/sslServerTrust.jks" type="jks" }][JavaPermission{actions="read" className="java.io.FilePermission" name="ALL FILES" }, JavaPermission{actions="get" className="org.osgi.framework.ServicePermission" name="*" }, JavaPermission{className="java.lang.RuntimePermission" name="accessClassInPackage.com.sun.xml.internal.messaging.saaj.soap" }, JavaPermission{className="java.lang.RuntimePermission" name="accessClassInPackage.com.sun.xml.internal.messaging.saaj.soap.ver1_1" }, JavaPermission{className="java.lang.RuntimePermission" name="accessClassInPackage.com.sun.xml.internal.messaging.saaj.util" }, JavaPermission{className="java.lang.RuntimePermission" name="accessClassInPackage.com.sun.xml.internal.messaging.saaj.soap.name" }, JavaPermission{className="java.lang.RuntimePermission" name="accessClassInPackage.com.sun.xml.internal.messaging.saaj.soap.impl" }, JavaPermission{actions="POST:AcceptSOAPActionUser-Agent" className="java.net.URLPermission" name="http://localhost:8010/x509migtoken/FatBAX01Service" }, JavaPermission{actions="POST:AcceptSOAPActionUser-Agent" className="java.net.URLPermission" name="http://localhost:8010/x509migtoken/FatBAX31Service" }, JavaPermission{actions="POST:AcceptSOAPActionUser-Agent" className="java.net.URLPermission" name="http://localhost:8010/x509migtoken/FatBAX29Service" }, JavaPermission{actions="POST:AcceptSOAPActionUser-Agent" className="java.net.URLPermission" name="https://localhost:8020/x509migtoken/FatBAX01Service" }, JavaPermission{actions="POST:AcceptSOAPActionUser-Agent" className="java.net.URLPermission" name="http://localhost:8010/x509migtoken/FatBAX03Service" }, JavaPermission{actions="POST:AcceptSOAPActionUser-Agent" className="java.net.URLPermission" name="http://localhost:8010/x509migtoken/FatBAX09Service" }, JavaPermission{actions="POST:AcceptSOAPActionUser-Agent" className="java.net.URLPermission" name="http://localhost:8010/x509migtoken/FatBAX04Service" }, JavaPermission{actions="POST:AcceptSOAPActionUser-Agent" className="java.net.URLPermission" name="http://localhost:8010/x509migtoken/FatBAX05Service" }, JavaPermission{actions="POST:AcceptSOAPActionUser-Agent" className="java.net.URLPermission" name="http://localhost:8010/x509migtoken/FatBAX06Service" }, JavaPermission{actions="POST:AcceptSOAPActionUser-Agent" className="java.net.URLPermission" name="http://localhost:8010/x509migtoken/FatBAX24Service" }, JavaPermission{actions="POST:AcceptSOAPActionUser-Agent" className="java.net.URLPermission" name="http://localhost:8010/x509migtoken/FatBAX25Service" }, JavaPermission{actions="POST:AcceptSOAPActionUser-Agent" className="java.net.URLPermission" name="http://localhost:8010/x509migtoken/FatBAX27Service" }, JavaPermission{actions="POST:AcceptSOAPActionUser-Agent" className="java.net.URLPermission" name="http://localhost:8010/x509migtoken/FatBAX35Service" }, JavaPermission{actions="POST:AcceptSOAPActionUser-Agent" className="java.net.URLPermission" name="https://localhost:8020/x509migtoken/FatBAX35Service" }, JavaPermission{actions="POST:AcceptSOAPActionUser-Agent" className="java.net.URLPermission" name="http://localhost:8010/x509migtoken/FatBAX33Service" }, JavaPermission{actions="read" className="java.util.PropertyPermission" name="javax.xml.soap.MessageFactory" }, JavaPermission{actions="read" className="java.util.PropertyPermission" name="javax.xml.soap.MetaFactory" }, JavaPermission{actions="read" className="java.util.PropertyPermission" name="java.home" }, JavaPermission{actions="*" className="org.osgi.framework.AdminPermission" name="*" }, JavaPermission{className="java.security.SecurityPermission" name="org.apache.xml.security.register" }, JavaPermission{className="java.lang.RuntimePermission" name="accessClassInPackage.sun.net.www.protocol.c" }]
[06/06/2021 00:19:49:350 PDT] 001 LibertyFileManager             moveLibertyFile                I Moving C:/Users/Administrator/libertyGit/open-liberty/dev/com.ibm.ws.wssecurity_fat.wsscxf.1/build/libs/autoFVT/publish/servers/com.ibm.ws.wssecurity_fat.x509migsym/server_wss4j.xml.tmp to C:/Users/Administrator/libertyGit/open-liberty/dev/com.ibm.ws.wssecurity_fat.wsscxf.1/build/libs/autoFVT/publish/servers/com.ibm.ws.wssecurity_fat.x509migsym/server_wss4j.xml
[06/06/2021 00:19:49:804 PDT] 001 LibertyFileManager             moveLibertyFile                I server_wss4j.xml was successfully copied.
[06/06/2021 00:19:49:804 PDT] 001 FeatureReplacementAction       setup                          I Original features:  [appsecurity-2.0, jsp-2.2, servlet-3.0, ssl-1.0, usr:wsseccbh-1.0, jaxws-2.2, wssecurity-1.1]
[06/06/2021 00:19:49:804 PDT] 001 FeatureReplacementAction       getReplacementFeature          I Replace feature [ appsecurity-2.0 ] with [ appSecurity-3.0 ]
[06/06/2021 00:19:49:804 PDT] 001 FeatureReplacementAction       getReplacementFeature          I Replace feature [ jaxws-2.2 ] with [ jaxws-2.3 ]
[06/06/2021 00:19:49:804 PDT] 001 FeatureReplacementAction       getReplacementFeature          I Replace feature [ jsp-2.2 ] with [ jsp-2.3 ]
[06/06/2021 00:19:49:804 PDT] 001 FeatureReplacementAction       getReplacementFeature          I Replace feature [ usr:wsseccbh-1.0 ] with [ usr:wsseccbh-2.0 ]
[06/06/2021 00:19:49:804 PDT] 001 FeatureReplacementAction       setup                          I Resulting features: [jsp-2.3, servlet-3.0, usr:wsseccbh-2.0, ssl-1.0, jaxws-2.3, appSecurity-3.0, wssecurity-1.1]
[06/06/2021 00:19:49:804 PDT] 001 FeatureReplacementAction       setup                          I Config: ServerConfiguration
FeatureManager{feature="jsp-2.3" feature="servlet-3.0" feature="usr:wsseccbh-2.0" feature="ssl-1.0" feature="jaxws-2.3" feature="appSecurity-3.0" feature="wssecurity-1.1" }[BasicRegistry{realm="customRealm" User{name="user1" password="security" },User{name="user2" password="security" },User{name="test1" password="test1" },User{name="test2" password="test2" },User{name="user1pw" password="pw8server" },}][IncludeElement{location="../fatTestPorts.xml" }]
[06/06/2021 00:19:49:820 PDT] 001 LibertyFileManager             moveLibertyFile                I Moving C:/Users/Administrator/libertyGit/open-liberty/dev/com.ibm.ws.wssecurity_fat.wsscxf.1/build/libs/autoFVT/publish/servers/com.ibm.ws.wssecurity_fat.x509enc/server_orig.xml.tmp to C:/Users/Administrator/libertyGit/open-liberty/dev/com.ibm.ws.wssecurity_fat.wsscxf.1/build/libs/autoFVT/publish/servers/com.ibm.ws.wssecurity_fat.x509enc/server_orig.xml
[06/06/2021 00:19:50:283 PDT] 001 LibertyFileManager             moveLibertyFile                I server_orig.xml was successfully copied.
[06/06/2021 00:19:50:283 PDT] 001 FeatureReplacementAction       setup                          I Original features:  [appsecurity-2.0, jsp-2.2, servlet-3.1, ssl-1.0, usr:wsseccbh-1.0, jaxws-2.2, wssecurity-1.1]
[06/06/2021 00:19:50:283 PDT] 001 FeatureReplacementAction       getReplacementFeature          I Replace feature [ servlet-3.1 ] with [ servlet-4.0 ]
[06/06/2021 00:19:50:283 PDT] 001 FeatureReplacementAction       getReplacementFeature          I Replace feature [ appsecurity-2.0 ] with [ appSecurity-3.0 ]
[06/06/2021 00:19:50:283 PDT] 001 FeatureReplacementAction       getReplacementFeature          I Replace feature [ jaxws-2.2 ] with [ jaxws-2.3 ]
[06/06/2021 00:19:50:283 PDT] 001 FeatureReplacementAction       getReplacementFeature          I Replace feature [ jsp-2.2 ] with [ jsp-2.3 ]
[06/06/2021 00:19:50:283 PDT] 001 FeatureReplacementAction       getReplacementFeature          I Replace feature [ usr:wsseccbh-1.0 ] with [ usr:wsseccbh-2.0 ]
[06/06/2021 00:19:50:283 PDT] 001 FeatureReplacementAction       setup                          I Resulting features: [jsp-2.3, servlet-4.0, usr:wsseccbh-2.0, ssl-1.0, jaxws-2.3, appSecurity-3.0, wssecurity-1.1]
[06/06/2021 00:19:50:301 PDT] 001 FeatureReplacementAction       setup                          I Config: ServerConfiguration
FeatureManager{feature="jsp-2.3" feature="servlet-4.0" feature="usr:wsseccbh-2.0" feature="ssl-1.0" feature="jaxws-2.3" feature="appSecurity-3.0" feature="wssecurity-1.1" }[BasicRegistry{realm="customRealm" User{name="user1" password="security" },User{name="user2" password="security" },User{name="test1" password="test1" },User{name="test2" password="test2" },User{name="user1pw" password="pw8server" },}][Application{name="x509crl" type="war" location="${server.config.dir}/testApps/x509crl.war" [ClassLoaderElement{apiTypeVisibility="" }]}, Application{name="x509crlclient" type="war" location="${server.config.dir}/testApps/x509crlclient.war" [ClassLoaderElement{apiTypeVisibility="" }]}][IncludeElement{location="../fatTestPorts.xml" }][JavaPermission{actions="read" className="java.io.FilePermission" name="ALL FILES" }, JavaPermission{className="java.lang.RuntimePermission" name="accessClassInPackage.com.sun.xml.internal.messaging.saaj.soap" }, JavaPermission{className="java.lang.RuntimePermission" name="accessClassInPackage.com.sun.xml.internal.messaging.saaj.soap.ver1_1" }, JavaPermission{className="java.lang.RuntimePermission" name="accessClassInPackage.com.sun.xml.internal.messaging.saaj.util" }, JavaPermission{className="java.lang.RuntimePermission" name="accessClassInPackage.com.sun.xml.internal.messaging.saaj.soap.name" }, JavaPermission{className="java.lang.RuntimePermission" name="accessClassInPackage.com.sun.xml.internal.messaging.saaj.soap.impl" }, JavaPermission{actions="POST:AcceptSOAPActionUser-Agent" className="java.net.URLPermission" name="http://localhost:8010/x509crl/X509CrlNotInListService" }, JavaPermission{actions="POST:AcceptSOAPActionUser-Agent" className="java.net.URLPermission" name="http://localhost:8010/x509crl/X509CrlInListService" }, JavaPermission{actions="*" className="org.osgi.framework.AdminPermission" name="*" }, JavaPermission{className="java.security.SecurityPermission" name="org.apache.xml.security.register" }, JavaPermission{className="java.lang.RuntimePermission" name="accessClassInPackage.sun.net.www.protocol.c" }, JavaPermission{className="java.lang.RuntimePermission" name="getClassLoader" }]
[06/06/2021 00:19:50:304 PDT] 001 LibertyFileManager             moveLibertyFile                I Moving C:/Users/Administrator/libertyGit/open-liberty/dev/com.ibm.ws.wssecurity_fat.wsscxf.1/build/libs/autoFVT/publish/servers/com.ibm.ws.wssecurity_fat.x509crl/server_certp_wss4j.xml.tmp to C:/Users/Administrator/libertyGit/open-liberty/dev/com.ibm.ws.wssecurity_fat.wsscxf.1/build/libs/autoFVT/publish/servers/com.ibm.ws.wssecurity_fat.x509crl/server_certp_wss4j.xml
[06/06/2021 00:19:50:767 PDT] 001 LibertyFileManager             moveLibertyFile                I server_certp_wss4j.xml was successfully copied.
[06/06/2021 00:19:50:767 PDT] 001 FeatureReplacementAction       setup                          I Original features:  [appsecurity-2.0, jsp-2.2, servlet-3.1, ssl-1.0, usr:wsseccbh-1.0, jaxws-2.2, wssecurity-1.1]
[06/06/2021 00:19:50:767 PDT] 001 FeatureReplacementAction       getReplacementFeature          I Replace feature [ servlet-3.1 ] with [ servlet-4.0 ]
[06/06/2021 00:19:50:767 PDT] 001 FeatureReplacementAction       getReplacementFeature          I Replace feature [ appsecurity-2.0 ] with [ appSecurity-3.0 ]
[06/06/2021 00:19:50:767 PDT] 001 FeatureReplacementAction       getReplacementFeature          I Replace feature [ jaxws-2.2 ] with [ jaxws-2.3 ]
[06/06/2021 00:19:50:767 PDT] 001 FeatureReplacementAction       getReplacementFeature          I Replace feature [ jsp-2.2 ] with [ jsp-2.3 ]
[06/06/2021 00:19:50:767 PDT] 001 FeatureReplacementAction       getReplacementFeature          I Replace feature [ usr:wsseccbh-1.0 ] with [ usr:wsseccbh-2.0 ]
[06/06/2021 00:19:50:767 PDT] 001 FeatureReplacementAction       setup                          I Resulting features: [jsp-2.3, servlet-4.0, usr:wsseccbh-2.0, ssl-1.0, jaxws-2.3, appSecurity-3.0, wssecurity-1.1]
[06/06/2021 00:19:50:783 PDT] 001 FeatureReplacementAction       setup                          I Config: ServerConfiguration
FeatureManager{feature="jsp-2.3" feature="servlet-4.0" feature="usr:wsseccbh-2.0" feature="ssl-1.0" feature="jaxws-2.3" feature="appSecurity-3.0" feature="wssecurity-1.1" }[BasicRegistry{realm="customRealm" User{name="user1" password="security" },User{name="user2" password="security" },User{name="test1" password="test1" },User{name="test2" password="test2" },User{name="user1pw" password="pw8server" },}][IncludeElement{location="../fatTestPorts.xml" }][JavaPermission{actions="read" className="java.io.FilePermission" name="ALL FILES" }, JavaPermission{className="java.lang.RuntimePermission" name="accessClassInPackage.com.sun.xml.internal.messaging.saaj.soap" }, JavaPermission{className="java.lang.RuntimePermission" name="accessClassInPackage.com.sun.xml.internal.messaging.saaj.soap.ver1_1" }, JavaPermission{className="java.lang.RuntimePermission" name="accessClassInPackage.com.sun.xml.internal.messaging.saaj.util" }, JavaPermission{className="java.lang.RuntimePermission" name="accessClassInPackage.com.sun.xml.internal.messaging.saaj.soap.name" }, JavaPermission{className="java.lang.RuntimePermission" name="accessClassInPackage.com.sun.xml.internal.messaging.saaj.soap.impl" }, JavaPermission{actions="POST:AcceptSOAPActionUser-Agent" className="java.net.URLPermission" name="http://localhost:8010/wss11sig/WSS11SigService1" }, JavaPermission{actions="POST:AcceptSOAPActionUser-Agent" className="java.net.URLPermission" name="http://localhost:8010/wss11sig/WSS11SigService2" }, JavaPermission{actions="POST:AcceptSOAPActionUser-Agent" className="java.net.URLPermission" name="http://localhost:8010/wss11sig/WSS11SigService4" }, JavaPermission{actions="POST:AcceptSOAPActionUser-Agent" className="java.net.URLPermission" name="http://localhost:8010/wss11sig/WSS11SigService5" }, JavaPermission{actions="POST:AcceptSOAPActionUser-Agent" className="java.net.URLPermission" name="http://localhost:8010/wss11sig/WSS11SigService6" }, JavaPermission{actions="POST:AcceptSOAPActionUser-Agent" className="java.net.URLPermission" name="http://localhost:8010/wss11sig/WSS11SigService6a" }, JavaPermission{actions="POST:AcceptSOAPActionUser-Agent" className="java.net.URLPermission" name="http://localhost:8010/wss11sig/WSS11SigService7" }, JavaPermission{actions="POST:AcceptSOAPActionUser-Agent" className="java.net.URLPermission" name="http://localhost:8010/wss11sig/WSS11SigService7a" }, JavaPermission{actions="POST:AcceptSOAPActionUser-Agent" className="java.net.URLPermission" name="http://localhost:8010/wss11sig/WSS11SigService8" }, JavaPermission{actions="*" className="org.osgi.framework.AdminPermission" name="*" }, JavaPermission{className="java.security.SecurityPermission" name="org.apache.xml.security.register" }, JavaPermission{className="java.lang.RuntimePermission" name="accessClassInPackage.sun.net.www.protocol.c" }]
[06/06/2021 00:19:50:783 PDT] 001 LibertyFileManager             moveLibertyFile                I Moving C:/Users/Administrator/libertyGit/open-liberty/dev/com.ibm.ws.wssecurity_fat.wsscxf.1/build/libs/autoFVT/publish/servers/com.ibm.ws.wssecurity_fat.wss11sig/server.xml.tmp to C:/Users/Administrator/libertyGit/open-liberty/dev/com.ibm.ws.wssecurity_fat.wsscxf.1/build/libs/autoFVT/publish/servers/com.ibm.ws.wssecurity_fat.wss11sig/server.xml
[06/06/2021 00:19:51:252 PDT] 001 LibertyFileManager             moveLibertyFile                I server.xml was successfully copied.
[06/06/2021 00:19:51:252 PDT] 001 FeatureReplacementAction       setup                          I Original features:  [appsecurity-2.0, jsp-2.2, servlet-3.1, ssl-1.0, usr:wsseccbh-1.0, jaxws-2.2, wssecurity-1.1]
[06/06/2021 00:19:51:252 PDT] 001 FeatureReplacementAction       getReplacementFeature          I Replace feature [ servlet-3.1 ] with [ servlet-4.0 ]
[06/06/2021 00:19:51:252 PDT] 001 FeatureReplacementAction       getReplacementFeature          I Replace feature [ appsecurity-2.0 ] with [ appSecurity-3.0 ]
[06/06/2021 00:19:51:252 PDT] 001 FeatureReplacementAction       getReplacementFeature          I Replace feature [ jaxws-2.2 ] with [ jaxws-2.3 ]
[06/06/2021 00:19:51:252 PDT] 001 FeatureReplacementAction       getReplacementFeature          I Replace feature [ jsp-2.2 ] with [ jsp-2.3 ]
[06/06/2021 00:19:51:252 PDT] 001 FeatureReplacementAction       getReplacementFeature          I Replace feature [ usr:wsseccbh-1.0 ] with [ usr:wsseccbh-2.0 ]
[06/06/2021 00:19:51:252 PDT] 001 FeatureReplacementAction       setup                          I Resulting features: [jsp-2.3, servlet-4.0, usr:wsseccbh-2.0, ssl-1.0, jaxws-2.3, appSecurity-3.0, wssecurity-1.1]
[06/06/2021 00:19:51:268 PDT] 001 FeatureReplacementAction       setup                          I Config: ServerConfiguration
FeatureManager{feature="jsp-2.3" feature="servlet-4.0" feature="usr:wsseccbh-2.0" feature="ssl-1.0" feature="jaxws-2.3" feature="appSecurity-3.0" feature="wssecurity-1.1" }[BasicRegistry{realm="customRealm" User{name="user1" password="security" },User{name="user2" password="security" },User{name="test1" password="test1" },User{name="test2" password="test2" },User{name="user1pw" password="pw8server" },}][Application{name="x509crl" type="war" location="${server.config.dir}/testApps/x509crl.war" [ClassLoaderElement{apiTypeVisibility="" }]}, Application{name="x509crlclient" type="war" location="${server.config.dir}/testApps/x509crlclient.war" [ClassLoaderElement{apiTypeVisibility="" }]}][IncludeElement{location="../fatTestPorts.xml" }][JavaPermission{actions="read" className="java.io.FilePermission" name="ALL FILES" }, JavaPermission{className="java.lang.RuntimePermission" name="accessClassInPackage.com.sun.xml.internal.messaging.saaj.soap" }, JavaPermission{className="java.lang.RuntimePermission" name="accessClassInPackage.com.sun.xml.internal.messaging.saaj.soap.ver1_1" }, JavaPermission{className="java.lang.RuntimePermission" name="accessClassInPackage.com.sun.xml.internal.messaging.saaj.util" }, JavaPermission{className="java.lang.RuntimePermission" name="accessClassInPackage.com.sun.xml.internal.messaging.saaj.soap.name" }, JavaPermission{className="java.lang.RuntimePermission" name="accessClassInPackage.com.sun.xml.internal.messaging.saaj.soap.impl" }, JavaPermission{actions="POST:AcceptSOAPActionUser-Agent" className="java.net.URLPermission" name="http://localhost:8010/x509crl/X509CrlNotInListService" }, JavaPermission{actions="POST:AcceptSOAPActionUser-Agent" className="java.net.URLPermission" name="http://localhost:8010/x509crl/X509CrlInListService" }, JavaPermission{actions="*" className="org.osgi.framework.AdminPermission" name="*" }, JavaPermission{className="java.security.SecurityPermission" name="org.apache.xml.security.register" }, JavaPermission{className="java.lang.RuntimePermission" name="accessClassInPackage.sun.net.www.protocol.c" }, JavaPermission{className="java.lang.RuntimePermission" name="getClassLoader" }]
[06/06/2021 00:19:51:268 PDT] 001 LibertyFileManager             moveLibertyFile                I Moving C:/Users/Administrator/libertyGit/open-liberty/dev/com.ibm.ws.wssecurity_fat.wsscxf.1/build/libs/autoFVT/publish/servers/com.ibm.ws.wssecurity_fat.x509crl/server_certn.xml.tmp to C:/Users/Administrator/libertyGit/open-liberty/dev/com.ibm.ws.wssecurity_fat.wsscxf.1/build/libs/autoFVT/publish/servers/com.ibm.ws.wssecurity_fat.x509crl/server_certn.xml
[06/06/2021 00:19:51:737 PDT] 001 LibertyFileManager             moveLibertyFile                I server_certn.xml was successfully copied.
[06/06/2021 00:19:51:737 PDT] 001 FeatureReplacementAction       setup                          I Original features:  [appsecurity-2.0, jsp-2.2, servlet-3.1, ssl-1.0, usr:wsseccbh-1.0, jaxws-2.2, wssecurity-1.1]
[06/06/2021 00:19:51:737 PDT] 001 FeatureReplacementAction       getReplacementFeature          I Replace feature [ servlet-3.1 ] with [ servlet-4.0 ]
[06/06/2021 00:19:51:737 PDT] 001 FeatureReplacementAction       getReplacementFeature          I Replace feature [ appsecurity-2.0 ] with [ appSecurity-3.0 ]
[06/06/2021 00:19:51:737 PDT] 001 FeatureReplacementAction       getReplacementFeature          I Replace feature [ jaxws-2.2 ] with [ jaxws-2.3 ]
[06/06/2021 00:19:51:737 PDT] 001 FeatureReplacementAction       getReplacementFeature          I Replace feature [ jsp-2.2 ] with [ jsp-2.3 ]
[06/06/2021 00:19:51:737 PDT] 001 FeatureReplacementAction       getReplacementFeature          I Replace feature [ usr:wsseccbh-1.0 ] with [ usr:wsseccbh-2.0 ]
[06/06/2021 00:19:51:737 PDT] 001 FeatureReplacementAction       setup                          I Resulting features: [jsp-2.3, servlet-4.0, usr:wsseccbh-2.0, ssl-1.0, jaxws-2.3, appSecurity-3.0, wssecurity-1.1]
[06/06/2021 00:19:51:737 PDT] 001 FeatureReplacementAction       setup                          I Config: ServerConfiguration
FeatureManager{feature="jsp-2.3" feature="servlet-4.0" feature="usr:wsseccbh-2.0" feature="ssl-1.0" feature="jaxws-2.3" feature="appSecurity-3.0" feature="wssecurity-1.1" }[BasicRegistry{realm="customRealm" User{name="user1" password="security" },User{name="user2" password="security" },User{name="test1" password="test1" },User{name="test2" password="test2" },User{name="user1pw" password="pw8server" },}][IncludeElement{location="../fatTestPorts.xml" }]
[06/06/2021 00:19:51:753 PDT] 001 LibertyFileManager             moveLibertyFile                I Moving C:/Users/Administrator/libertyGit/open-liberty/dev/com.ibm.ws.wssecurity_fat.wsscxf.1/build/libs/autoFVT/publish/servers/com.ibm.ws.wssecurity_fat.wss11enc/server_orig_wss4j.xml.tmp to C:/Users/Administrator/libertyGit/open-liberty/dev/com.ibm.ws.wssecurity_fat.wsscxf.1/build/libs/autoFVT/publish/servers/com.ibm.ws.wssecurity_fat.wss11enc/server_orig_wss4j.xml
[06/06/2021 00:19:52:206 PDT] 001 LibertyFileManager             moveLibertyFile                I server_orig_wss4j.xml was successfully copied.
[06/06/2021 00:19:52:206 PDT] 001 FeatureReplacementAction       setup                          I Original features:  [appsecurity-2.0, jsp-2.2, servlet-3.1, ssl-1.0, usr:wsseccbh-1.0, jaxws-2.2, wssecurity-1.1]
[06/06/2021 00:19:52:206 PDT] 001 FeatureReplacementAction       getReplacementFeature          I Replace feature [ servlet-3.1 ] with [ servlet-4.0 ]
[06/06/2021 00:19:52:206 PDT] 001 FeatureReplacementAction       getReplacementFeature          I Replace feature [ appsecurity-2.0 ] with [ appSecurity-3.0 ]
[06/06/2021 00:19:52:206 PDT] 001 FeatureReplacementAction       getReplacementFeature          I Replace feature [ jaxws-2.2 ] with [ jaxws-2.3 ]
[06/06/2021 00:19:52:206 PDT] 001 FeatureReplacementAction       getReplacementFeature          I Replace feature [ jsp-2.2 ] with [ jsp-2.3 ]
[06/06/2021 00:19:52:206 PDT] 001 FeatureReplacementAction       getReplacementFeature          I Replace feature [ usr:wsseccbh-1.0 ] with [ usr:wsseccbh-2.0 ]
[06/06/2021 00:19:52:206 PDT] 001 FeatureReplacementAction       setup                          I Resulting features: [jsp-2.3, servlet-4.0, usr:wsseccbh-2.0, ssl-1.0, jaxws-2.3, appSecurity-3.0, wssecurity-1.1]
[06/06/2021 00:19:52:206 PDT] 001 FeatureReplacementAction       setup                          I Config: ServerConfiguration
FeatureManager{feature="jsp-2.3" feature="servlet-4.0" feature="usr:wsseccbh-2.0" feature="ssl-1.0" feature="jaxws-2.3" feature="appSecurity-3.0" feature="wssecurity-1.1" }[BasicRegistry{realm="customRealm" User{name="user1" password="security" },User{name="user2" password="security" },User{name="test1" password="test1" },User{name="test2" password="test2" },User{name="test3" password="test3" },User{name="test4" password="test4" },User{name="admin" password="admin" },User{name="bob" password="bob" },User{name="joe" password="joe" },User{name="user1pw" password="pw8server" },}][IncludeElement{location="../fatTestPorts.xml" }]SSLDefault{sslRef="DefaultSSLSettings" }[SSL{keyStoreRef="myKeyStore" trustStoreRef="myTrustStore" }][KeyStore{password="Liberty" location="${server.config.dir}/key.jks" type="jks" }, KeyStore{password="LibertyServer" location="${server.config.dir}/sslServerTrust.jks" type="jks" }][JavaPermission{actions="read" className="java.io.FilePermission" name="ALL FILES" }, JavaPermission{className="java.lang.RuntimePermission" name="accessClassInPackage.com.sun.xml.internal.messaging.saaj.soap" }, JavaPermission{className="java.lang.RuntimePermission" name="accessClassInPackage.com.sun.xml.internal.messaging.saaj.soap.ver1_1" }, JavaPermission{className="java.lang.RuntimePermission" name="accessClassInPackage.com.sun.xml.internal.messaging.saaj.util" }, JavaPermission{className="java.lang.RuntimePermission" name="accessClassInPackage.com.sun.xml.internal.messaging.saaj.soap.name" }, JavaPermission{className="java.lang.RuntimePermission" name="accessClassInPackage.com.sun.xml.internal.messaging.saaj.soap.impl" }, JavaPermission{actions="POST:AcceptSOAPActionUser-Agent" className="java.net.URLPermission" name="http://localhost:8010/x509token/FVTVersionBAXService" }, JavaPermission{actions="POST:AcceptSOAPActionUser-Agent" className="java.net.URLPermission" name="https://localhost:8020/x509token/FVTVersionBAXService" }, JavaPermission{actions="read" className="java.util.PropertyPermission" name="javax.xml.soap.MessageFactory" }, JavaPermission{actions="read" className="java.util.PropertyPermission" name="java.home" }, JavaPermission{actions="read" className="java.util.PropertyPermission" name="javax.xml.soap.MetaFactory" }, JavaPermission{actions="*" className="org.osgi.framework.AdminPermission" name="*" }, JavaPermission{className="java.security.SecurityPermission" name="org.apache.xml.security.register" }, JavaPermission{className="java.lang.RuntimePermission" name="accessClassInPackage.sun.net.www.protocol.c" }]
[06/06/2021 00:19:52:222 PDT] 001 LibertyFileManager             moveLibertyFile                I Moving C:/Users/Administrator/libertyGit/open-liberty/dev/com.ibm.ws.wssecurity_fat.wsscxf.1/build/libs/autoFVT/publish/servers/com.ibm.ws.wssecurity_fat.x509/server_wss4j.xml.tmp to C:/Users/Administrator/libertyGit/open-liberty/dev/com.ibm.ws.wssecurity_fat.wsscxf.1/build/libs/autoFVT/publish/servers/com.ibm.ws.wssecurity_fat.x509/server_wss4j.xml
[06/06/2021 00:19:52:684 PDT] 001 LibertyFileManager             moveLibertyFile                I server_wss4j.xml was successfully copied.
[06/06/2021 00:19:52:684 PDT] 001 FeatureReplacementAction       setup                          I Original features:  [appsecurity-2.0, jsp-2.2, servlet-3.1, ssl-1.0, usr:wsseccbh-1.0, jaxws-2.2, wssecurity-1.1]
[06/06/2021 00:19:52:684 PDT] 001 FeatureReplacementAction       getReplacementFeature          I Replace feature [ servlet-3.1 ] with [ servlet-4.0 ]
[06/06/2021 00:19:52:684 PDT] 001 FeatureReplacementAction       getReplacementFeature          I Replace feature [ appsecurity-2.0 ] with [ appSecurity-3.0 ]
[06/06/2021 00:19:52:684 PDT] 001 FeatureReplacementAction       getReplacementFeature          I Replace feature [ jaxws-2.2 ] with [ jaxws-2.3 ]
[06/06/2021 00:19:52:684 PDT] 001 FeatureReplacementAction       getReplacementFeature          I Replace feature [ jsp-2.2 ] with [ jsp-2.3 ]
[06/06/2021 00:19:52:684 PDT] 001 FeatureReplacementAction       getReplacementFeature          I Replace feature [ usr:wsseccbh-1.0 ] with [ usr:wsseccbh-2.0 ]
[06/06/2021 00:19:52:684 PDT] 001 FeatureReplacementAction       setup                          I Resulting features: [jsp-2.3, servlet-4.0, usr:wsseccbh-2.0, ssl-1.0, jaxws-2.3, appSecurity-3.0, wssecurity-1.1]
[06/06/2021 00:19:52:684 PDT] 001 FeatureReplacementAction       setup                          I Config: ServerConfiguration
FeatureManager{feature="jsp-2.3" feature="servlet-4.0" feature="usr:wsseccbh-2.0" feature="ssl-1.0" feature="jaxws-2.3" feature="appSecurity-3.0" feature="wssecurity-1.1" }[BasicRegistry{realm="customRealm" User{name="user1" password="security" },User{name="user2" password="security" },User{name="test1" password="test1" },User{name="test2" password="test2" },User{name="user1pw" password="pw8server" },}][IncludeElement{location="../fatTestPorts.xml" }]
[06/06/2021 00:19:52:705 PDT] 001 LibertyFileManager             moveLibertyFile                I Moving C:/Users/Administrator/libertyGit/open-liberty/dev/com.ibm.ws.wssecurity_fat.wsscxf.1/build/libs/autoFVT/publish/servers/com.ibm.ws.wssecurity_fat.wss11sig/server_orig.xml.tmp to C:/Users/Administrator/libertyGit/open-liberty/dev/com.ibm.ws.wssecurity_fat.wsscxf.1/build/libs/autoFVT/publish/servers/com.ibm.ws.wssecurity_fat.wss11sig/server_orig.xml
[06/06/2021 00:19:53:169 PDT] 001 LibertyFileManager             moveLibertyFile                I server_orig.xml was successfully copied.
[06/06/2021 00:19:53:169 PDT] 001 FeatureReplacementAction       setup                          I Original features:  [appsecurity-2.0, jsp-2.2, servlet-3.1, ssl-1.0, usr:wsseccbh-1.0, jaxws-2.2, wssecurity-1.1]
[06/06/2021 00:19:53:169 PDT] 001 FeatureReplacementAction       getReplacementFeature          I Replace feature [ servlet-3.1 ] with [ servlet-4.0 ]
[06/06/2021 00:19:53:169 PDT] 001 FeatureReplacementAction       getReplacementFeature          I Replace feature [ appsecurity-2.0 ] with [ appSecurity-3.0 ]
[06/06/2021 00:19:53:169 PDT] 001 FeatureReplacementAction       getReplacementFeature          I Replace feature [ jaxws-2.2 ] with [ jaxws-2.3 ]
[06/06/2021 00:19:53:169 PDT] 001 FeatureReplacementAction       getReplacementFeature          I Replace feature [ jsp-2.2 ] with [ jsp-2.3 ]
[06/06/2021 00:19:53:169 PDT] 001 FeatureReplacementAction       getReplacementFeature          I Replace feature [ usr:wsseccbh-1.0 ] with [ usr:wsseccbh-2.0 ]
[06/06/2021 00:19:53:169 PDT] 001 FeatureReplacementAction       setup                          I Resulting features: [jsp-2.3, servlet-4.0, usr:wsseccbh-2.0, ssl-1.0, jaxws-2.3, appSecurity-3.0, wssecurity-1.1]
[06/06/2021 00:19:53:169 PDT] 001 FeatureReplacementAction       setup                          I Config: ServerConfiguration
FeatureManager{feature="jsp-2.3" feature="servlet-4.0" feature="usr:wsseccbh-2.0" feature="ssl-1.0" feature="jaxws-2.3" feature="appSecurity-3.0" feature="wssecurity-1.1" }[BasicRegistry{realm="customRealm" User{name="user1" password="security" },User{name="user2" password="security" },User{name="test1" password="test1" },User{name="test2" password="test2" },User{name="user1pw" password="pw8server" },}][IncludeElement{location="../fatTestPorts.xml" }][JavaPermission{actions="read" className="java.io.FilePermission" name="ALL FILES" }, JavaPermission{className="java.lang.RuntimePermission" name="accessClassInPackage.com.sun.xml.internal.messaging.saaj.soap" }, JavaPermission{className="java.lang.RuntimePermission" name="accessClassInPackage.com.sun.xml.internal.messaging.saaj.soap.ver1_1" }, JavaPermission{className="java.lang.RuntimePermission" name="accessClassInPackage.com.sun.xml.internal.messaging.saaj.util" }, JavaPermission{className="java.lang.RuntimePermission" name="accessClassInPackage.com.sun.xml.internal.messaging.saaj.soap.name" }, JavaPermission{className="java.lang.RuntimePermission" name="accessClassInPackage.com.sun.xml.internal.messaging.saaj.soap.impl" }, JavaPermission{actions="POST:AcceptSOAPActionUser-Agent" className="java.net.URLPermission" name="http://localhost:8010/x509sig/X509XmlSigService1" }, JavaPermission{actions="POST:AcceptSOAPActionUser-Agent" className="java.net.URLPermission" name="http://localhost:8010/x509sig/X509XmlStrService1" }, JavaPermission{actions="POST:AcceptSOAPActionUser-Agent" className="java.net.URLPermission" name="http://localhost:8010/x509sig/X509XmlSigService3" }, JavaPermission{actions="POST:AcceptSOAPActionUser-Agent" className="java.net.URLPermission" name="http://localhost:8010/xmlsig/X509XmlSigService1" }, JavaPermission{actions="POST:AcceptSOAPActionUser-Agent" className="java.net.URLPermission" name="http://localhost:8010/x509sig/X509XmlStrService2" }, JavaPermission{actions="read" className="java.util.PropertyPermission" name="javax.xml.soap.MessageFactory" }, JavaPermission{actions="*" className="org.osgi.framework.AdminPermission" name="*" }, JavaPermission{className="java.security.SecurityPermission" name="org.apache.xml.security.register" }, JavaPermission{className="java.lang.RuntimePermission" name="accessClassInPackage.sun.net.www.protocol.c" }]
[06/06/2021 00:19:53:185 PDT] 001 LibertyFileManager             moveLibertyFile                I Moving C:/Users/Administrator/libertyGit/open-liberty/dev/com.ibm.ws.wssecurity_fat.wsscxf.1/build/libs/autoFVT/publish/servers/com.ibm.ws.wssecurity_fat.x509sig/server_expcert_wss4j.xml.tmp to C:/Users/Administrator/libertyGit/open-liberty/dev/com.ibm.ws.wssecurity_fat.wsscxf.1/build/libs/autoFVT/publish/servers/com.ibm.ws.wssecurity_fat.x509sig/server_expcert_wss4j.xml
[06/06/2021 00:19:53:654 PDT] 001 LibertyFileManager             moveLibertyFile                I server_expcert_wss4j.xml was successfully copied.
[06/06/2021 00:19:53:654 PDT] 001 FeatureReplacementAction       setup                          I Original features:  [appsecurity-2.0, jsp-2.2, servlet-3.1, ssl-1.0, usr:wsseccbh-1.0, jaxws-2.2, wssecurity-1.1]
[06/06/2021 00:19:53:654 PDT] 001 FeatureReplacementAction       getReplacementFeature          I Replace feature [ servlet-3.1 ] with [ servlet-4.0 ]
[06/06/2021 00:19:53:654 PDT] 001 FeatureReplacementAction       getReplacementFeature          I Replace feature [ appsecurity-2.0 ] with [ appSecurity-3.0 ]
[06/06/2021 00:19:53:654 PDT] 001 FeatureReplacementAction       getReplacementFeature          I Replace feature [ jaxws-2.2 ] with [ jaxws-2.3 ]
[06/06/2021 00:19:53:654 PDT] 001 FeatureReplacementAction       getReplacementFeature          I Replace feature [ jsp-2.2 ] with [ jsp-2.3 ]
[06/06/2021 00:19:53:654 PDT] 001 FeatureReplacementAction       getReplacementFeature          I Replace feature [ usr:wsseccbh-1.0 ] with [ usr:wsseccbh-2.0 ]
[06/06/2021 00:19:53:654 PDT] 001 FeatureReplacementAction       setup                          I Resulting features: [jsp-2.3, servlet-4.0, usr:wsseccbh-2.0, ssl-1.0, jaxws-2.3, appSecurity-3.0, wssecurity-1.1]
[06/06/2021 00:19:53:654 PDT] 001 FeatureReplacementAction       setup                          I Config: ServerConfiguration
FeatureManager{feature="jsp-2.3" feature="servlet-4.0" feature="usr:wsseccbh-2.0" feature="ssl-1.0" feature="jaxws-2.3" feature="appSecurity-3.0" feature="wssecurity-1.1" }[BasicRegistry{realm="customRealm" User{name="user1" password="security" },User{name="user2" password="security" },User{name="test1" password="test1" },User{name="test2" password="test2" },User{name="user1pw" password="pw8server" },}][IncludeElement{location="../fatTestPorts.xml" }][JavaPermission{actions="read" className="java.io.FilePermission" name="ALL FILES" }, JavaPermission{className="java.lang.RuntimePermission" name="accessClassInPackage.com.sun.xml.internal.messaging.saaj.soap" }, JavaPermission{className="java.lang.RuntimePermission" name="accessClassInPackage.com.sun.xml.internal.messaging.saaj.soap.ver1_1" }, JavaPermission{className="java.lang.RuntimePermission" name="accessClassInPackage.com.sun.xml.internal.messaging.saaj.util" }, JavaPermission{className="java.lang.RuntimePermission" name="accessClassInPackage.com.sun.xml.internal.messaging.saaj.soap.name" }, JavaPermission{className="java.lang.RuntimePermission" name="accessClassInPackage.com.sun.xml.internal.messaging.saaj.soap.impl" }, JavaPermission{actions="POST:AcceptSOAPActionUser-Agent" className="java.net.URLPermission" name="http://localhost:8010/wss11sig/WSS11SigService1" }, JavaPermission{actions="POST:AcceptSOAPActionUser-Agent" className="java.net.URLPermission" name="http://localhost:8010/wss11sig/WSS11SigService2" }, JavaPermission{actions="POST:AcceptSOAPActionUser-Agent" className="java.net.URLPermission" name="http://localhost:8010/wss11sig/WSS11SigService4" }, JavaPermission{actions="POST:AcceptSOAPActionUser-Agent" className="java.net.URLPermission" name="http://localhost:8010/wss11sig/WSS11SigService5" }, JavaPermission{actions="POST:AcceptSOAPActionUser-Agent" className="java.net.URLPermission" name="http://localhost:8010/wss11sig/WSS11SigService6" }, JavaPermission{actions="POST:AcceptSOAPActionUser-Agent" className="java.net.URLPermission" name="http://localhost:8010/wss11sig/WSS11SigService6a" }, JavaPermission{actions="POST:AcceptSOAPActionUser-Agent" className="java.net.URLPermission" name="http://localhost:8010/wss11sig/WSS11SigService7" }, JavaPermission{actions="POST:AcceptSOAPActionUser-Agent" className="java.net.URLPermission" name="http://localhost:8010/wss11sig/WSS11SigService7a" }, JavaPermission{actions="POST:AcceptSOAPActionUser-Agent" className="java.net.URLPermission" name="http://localhost:8010/wss11sig/WSS11SigService8" }, JavaPermission{actions="*" className="org.osgi.framework.AdminPermission" name="*" }, JavaPermission{className="java.security.SecurityPermission" name="org.apache.xml.security.register" }, JavaPermission{className="java.lang.RuntimePermission" name="accessClassInPackage.sun.net.www.protocol.c" }]
[06/06/2021 00:19:53:670 PDT] 001 LibertyFileManager             moveLibertyFile                I Moving C:/Users/Administrator/libertyGit/open-liberty/dev/com.ibm.ws.wssecurity_fat.wsscxf.1/build/libs/autoFVT/publish/servers/com.ibm.ws.wssecurity_fat.wss11sig/server_enchdr_wss4j.xml.tmp to C:/Users/Administrator/libertyGit/open-liberty/dev/com.ibm.ws.wssecurity_fat.wsscxf.1/build/libs/autoFVT/publish/servers/com.ibm.ws.wssecurity_fat.wss11sig/server_enchdr_wss4j.xml
[06/06/2021 00:19:54:139 PDT] 001 LibertyFileManager             moveLibertyFile                I server_enchdr_wss4j.xml was successfully copied.
[06/06/2021 00:19:54:139 PDT] 001 LibertyServerFactory           getLibertyServer               I server=com.ibm.ws.wssecurity_fat.x509async   testClassName=componenttest.rules.repeater.FeatureReplacementAction
[06/06/2021 00:19:54:155 PDT] 001 LibertyServer                  setup                          I Successfully obtained machine. Operating System is: WINDOWS
[06/06/2021 00:19:54:155 PDT] 001 LibertyServer                  setup                          I Jar Home now set to: C:/java8_8.0.6.30/ibm-java-sdk-80-win-x86_64/sdk/jre/../bin/jar.exe
[06/06/2021 00:19:55:605 PDT] 001 LibertyServerFactory           getLibertyServer               I Found dropins folder with applications to verify!
[06/06/2021 00:19:55:605 PDT] 001 LibertyServerFactory           addAppsToVerificationList      I Adding x509aSync to the startup verification list for server com.ibm.ws.wssecurity_fat.x509async
[06/06/2021 00:19:55:605 PDT] 001 LibertyServer                  InstallApp                     I Adding app x509aSync to startup verification list
[06/06/2021 00:19:55:605 PDT] 001 LibertyServer                  addInstalledAppForValidation   I Adding installed app: x509aSync for validation
[06/06/2021 00:19:55:605 PDT] 001 LibertyServerFactory           addAppsToVerificationList      I Adding x509aSyncclient to the startup verification list for server com.ibm.ws.wssecurity_fat.x509async
[06/06/2021 00:19:55:606 PDT] 001 LibertyServer                  InstallApp                     I Adding app x509aSyncclient to startup verification list
[06/06/2021 00:19:55:606 PDT] 001 LibertyServer                  addInstalledAppForValidation   I Adding installed app: x509aSyncclient for validation
[06/06/2021 00:19:55:606 PDT] 001 LibertyServerFactory           getLibertyServer               I server=com.ibm.ws.wssecurity_fat.endsuptokens   testClassName=componenttest.rules.repeater.FeatureReplacementAction
[06/06/2021 00:19:55:624 PDT] 001 LibertyServer                  setup                          I Successfully obtained machine. Operating System is: WINDOWS
[06/06/2021 00:19:55:624 PDT] 001 LibertyServer                  setup                          I Jar Home now set to: C:/java8_8.0.6.30/ibm-java-sdk-80-win-x86_64/sdk/jre/../bin/jar.exe
[06/06/2021 00:19:58:101 PDT] 001 LibertyServerFactory           getLibertyServer               I server=com.ibm.ws.wssecurity_fat.x509sig   testClassName=componenttest.rules.repeater.FeatureReplacementAction
[06/06/2021 00:19:58:148 PDT] 001 LibertyServer                  setup                          I Successfully obtained machine. Operating System is: WINDOWS
[06/06/2021 00:19:58:148 PDT] 001 LibertyServer                  setup                          I Jar Home now set to: C:/java8_8.0.6.30/ibm-java-sdk-80-win-x86_64/sdk/jre/../bin/jar.exe
[06/06/2021 00:20:00:602 PDT] 001 LibertyServerFactory           getLibertyServer               I server=com.ibm.ws.wssecurity_fat.x509migsym   testClassName=componenttest.rules.repeater.FeatureReplacementAction
[06/06/2021 00:20:00:649 PDT] 001 LibertyServer                  setup                          I Successfully obtained machine. Operating System is: WINDOWS
[06/06/2021 00:20:00:649 PDT] 001 LibertyServer                  setup                          I Jar Home now set to: C:/java8_8.0.6.30/ibm-java-sdk-80-win-x86_64/sdk/jre/../bin/jar.exe
[06/06/2021 00:20:03:086 PDT] 001 LibertyServerFactory           getLibertyServer               I server=com.ibm.ws.wssecurity_fat.x509mig   testClassName=componenttest.rules.repeater.FeatureReplacementAction
[06/06/2021 00:20:03:101 PDT] 001 LibertyServer                  setup                          I Successfully obtained machine. Operating System is: WINDOWS
[06/06/2021 00:20:03:101 PDT] 001 LibertyServer                  setup                          I Jar Home now set to: C:/java8_8.0.6.30/ibm-java-sdk-80-win-x86_64/sdk/jre/../bin/jar.exe
[06/06/2021 00:20:05:441 PDT] 001 LibertyServerFactory           getLibertyServer               I server=com.ibm.ws.wssecurity_fat.wss11sig   testClassName=componenttest.rules.repeater.FeatureReplacementAction
[06/06/2021 00:20:05:456 PDT] 001 LibertyServer                  setup                          I Successfully obtained machine. Operating System is: WINDOWS
[06/06/2021 00:20:05:456 PDT] 001 LibertyServer                  setup                          I Jar Home now set to: C:/java8_8.0.6.30/ibm-java-sdk-80-win-x86_64/sdk/jre/../bin/jar.exe
[06/06/2021 00:20:07:841 PDT] 001 LibertyServerFactory           getLibertyServer               I server=com.ibm.ws.wssecurity_fat.sha2sig   testClassName=componenttest.rules.repeater.FeatureReplacementAction
[06/06/2021 00:20:07:873 PDT] 001 LibertyServer                  setup                          I Successfully obtained machine. Operating System is: WINDOWS
[06/06/2021 00:20:07:873 PDT] 001 LibertyServer                  setup                          I Jar Home now set to: C:/java8_8.0.6.30/ibm-java-sdk-80-win-x86_64/sdk/jre/../bin/jar.exe
[06/06/2021 00:20:10:317 PDT] 001 LibertyServerFactory           getLibertyServer               I server=com.ibm.ws.wssecurity_fat.x509enc   testClassName=componenttest.rules.repeater.FeatureReplacementAction
[06/06/2021 00:20:10:333 PDT] 001 LibertyServer                  setup                          I Successfully obtained machine. Operating System is: WINDOWS
[06/06/2021 00:20:10:333 PDT] 001 LibertyServer                  setup                          I Jar Home now set to: C:/java8_8.0.6.30/ibm-java-sdk-80-win-x86_64/sdk/jre/../bin/jar.exe
[06/06/2021 00:20:12:757 PDT] 001 LibertyServerFactory           getLibertyServer               I server=com.ibm.ws.wssecurity_fat.wss11enc   testClassName=componenttest.rules.repeater.FeatureReplacementAction
[06/06/2021 00:20:12:779 PDT] 001 LibertyServer                  setup                          I Successfully obtained machine. Operating System is: WINDOWS
[06/06/2021 00:20:12:795 PDT] 001 LibertyServer                  setup                          I Jar Home now set to: C:/java8_8.0.6.30/ibm-java-sdk-80-win-x86_64/sdk/jre/../bin/jar.exe
[06/06/2021 00:20:15:163 PDT] 001 LibertyServerFactory           getLibertyServer               I server=com.ibm.ws.wssecurity_fat.x509   testClassName=componenttest.rules.repeater.FeatureReplacementAction
[06/06/2021 00:20:15:178 PDT] 001 LibertyServer                  setup                          I Successfully obtained machine. Operating System is: WINDOWS
[06/06/2021 00:20:15:178 PDT] 001 LibertyServer                  setup                          I Jar Home now set to: C:/java8_8.0.6.30/ibm-java-sdk-80-win-x86_64/sdk/jre/../bin/jar.exe
[06/06/2021 00:20:17:665 PDT] 001 LibertyServerFactory           getLibertyServer               I server=com.ibm.ws.wssecurity_fat.x509_1   testClassName=componenttest.rules.repeater.FeatureReplacementAction
[06/06/2021 00:20:17:702 PDT] 001 LibertyServer                  setup                          I Successfully obtained machine. Operating System is: WINDOWS
[06/06/2021 00:20:17:702 PDT] 001 LibertyServer                  setup                          I Jar Home now set to: C:/java8_8.0.6.30/ibm-java-sdk-80-win-x86_64/sdk/jre/../bin/jar.exe
[06/06/2021 00:20:20:133 PDT] 001 LibertyServerFactory           getLibertyServer               I server=com.ibm.ws.wssecurity_fat.x509_2   testClassName=componenttest.rules.repeater.FeatureReplacementAction
[06/06/2021 00:20:20:149 PDT] 001 LibertyServer                  setup                          I Successfully obtained machine. Operating System is: WINDOWS
[06/06/2021 00:20:20:149 PDT] 001 LibertyServer                  setup                          I Jar Home now set to: C:/java8_8.0.6.30/ibm-java-sdk-80-win-x86_64/sdk/jre/../bin/jar.exe
[06/06/2021 00:20:22:613 PDT] 001 LibertyServerFactory           getLibertyServer               I server=com.ibm.ws.wssecurity_fat.x509crl   testClassName=componenttest.rules.repeater.FeatureReplacementAction
[06/06/2021 00:20:22:629 PDT] 001 LibertyServer                  setup                          I Successfully obtained machine. Operating System is: WINDOWS
[06/06/2021 00:20:22:629 PDT] 001 LibertyServer                  setup                          I Jar Home now set to: C:/java8_8.0.6.30/ibm-java-sdk-80-win-x86_64/sdk/jre/../bin/jar.exe
[06/06/2021 00:20:25:096 PDT] 001 LibertyServerFactory           getLibertyServer               I server=com.ibm.ws.wssecurity_fat.x509async   testClassName=com.ibm.ws.wssecurity.fat.cxf.x509token.CxfX509ASyncTests
[06/06/2021 00:20:25:112 PDT] 001 LibertyServer                  setup                          I Successfully obtained machine. Operating System is: WINDOWS
[06/06/2021 00:20:25:112 PDT] 001 LibertyServer                  setup                          I Jar Home now set to: C:/java8_8.0.6.30/ibm-java-sdk-80-win-x86_64/sdk/jre/../bin/jar.exe
[06/06/2021 00:20:26:550 PDT] 001 LibertyServerFactory           getLibertyServer               I Found dropins folder with applications to verify!
[06/06/2021 00:20:26:550 PDT] 001 LibertyServerFactory           addAppsToVerificationList      I Adding x509aSync to the startup verification list for server com.ibm.ws.wssecurity_fat.x509async
[06/06/2021 00:20:26:550 PDT] 001 LibertyServer                  InstallApp                     I Adding app x509aSync to startup verification list
[06/06/2021 00:20:26:550 PDT] 001 LibertyServer                  addInstalledAppForValidation   I Adding installed app: x509aSync for validation
[06/06/2021 00:20:26:550 PDT] 001 LibertyServerFactory           addAppsToVerificationList      I Adding x509aSyncclient to the startup verification list for server com.ibm.ws.wssecurity_fat.x509async
[06/06/2021 00:20:26:550 PDT] 001 LibertyServer                  InstallApp                     I Adding app x509aSyncclient to startup verification list
[06/06/2021 00:20:26:550 PDT] 001 LibertyServer                  addInstalledAppForValidation   I Adding installed app: x509aSyncclient for validation
[06/06/2021 00:20:26:550 PDT] 001 FATRunner                      injectLibertyServers           I Injected LibertyServer com.ibm.ws.wssecurity_fat.x509async to class com.ibm.ws.wssecurity.fat.cxf.x509token.CxfX509ASyncTests
[06/06/2021 00:20:26:565 PDT] 001 LibertyFileManager             copyFileIntoLiberty            I Copying: C:/Users/Administrator/libertyGit/open-liberty/dev/com.ibm.ws.wssecurity_fat.wsscxf.1/build/libs/autoFVT/lib/LibertyFATTestFiles/bundles/com.ibm.ws.wssecurity.example.cbhwss4j.jar to C:/Users/Administrator/libertyGit/open-liberty/dev/build.image/wlp/usr/extension/lib//com.ibm.ws.wssecurity.example.cbhwss4j.jar
[06/06/2021 00:20:26:565 PDT] 001 LibertyFileManager             copyFileIntoLiberty            I Copying: C:/Users/Administrator/libertyGit/open-liberty/dev/com.ibm.ws.wssecurity_fat.wsscxf.1/build/libs/autoFVT/lib/LibertyFATTestFiles/features/wsseccbh-2.0.mf to C:/Users/Administrator/libertyGit/open-liberty/dev/build.image/wlp/usr/extension/lib/features//wsseccbh-2.0.mf
[06/06/2021 00:20:26:565 PDT] 001 CxfX509ASyncTests              copyServerXml                  I Copying: C:\Users\Administrator\libertyGit\open-liberty\dev\com.ibm.ws.wssecurity_fat.wsscxf.1\build\libs\autoFVT\publish/servers/com.ibm.ws.wssecurity_fat.x509async/server_wss4j.xml to C:\Users\Administrator\libertyGit\open-liberty\dev\build.image\wlp\usr\servers\com.ibm.ws.wssecurity_fat.x509async
[06/06/2021 00:20:26:565 PDT] 001 LibertyFileManager             copyFileIntoLiberty            I Copying: C:/Users/Administrator/libertyGit/open-liberty/dev/com.ibm.ws.wssecurity_fat.wsscxf.1/build/libs/autoFVT/publish/servers/com.ibm.ws.wssecurity_fat.x509async/server_wss4j.xml to C:/Users/Administrator/libertyGit/open-liberty/dev/build.image/wlp/usr/servers/com.ibm.ws.wssecurity_fat.x509async/server.xml
[06/06/2021 00:20:26:581 PDT] 001 ShrinkHelper                   exportArtifact                 I Exporting shrinkwrap artifact: x509aSyncclient.war: 10 assets to publish/servers/com.ibm.ws.wssecurity_fat.x509async/dropins
[06/06/2021 00:20:26:581 PDT] 001 ShrinkHelper                   exportArtifact                 I Not exporting artifact because it already exists at C:\Users\Administrator\libertyGit\open-liberty\dev\com.ibm.ws.wssecurity_fat.wsscxf.1\build\libs\autoFVT\publish\servers\com.ibm.ws.wssecurity_fat.x509async\dropins\x509aSyncclient.war
[06/06/2021 00:20:26:581 PDT] 001 LibertyFileManager             copyFileIntoLiberty            I Copying: C:/Users/Administrator/libertyGit/open-liberty/dev/com.ibm.ws.wssecurity_fat.wsscxf.1/build/libs/autoFVT/publish/servers/com.ibm.ws.wssecurity_fat.x509async/dropins/x509aSyncclient.war to C:/Users/Administrator/libertyGit/open-liberty/dev/build.image/wlp/usr/servers/com.ibm.ws.wssecurity_fat.x509async/dropins/x509aSyncclient.war
[06/06/2021 00:20:26:581 PDT] 001 LibertyServer                  addInstalledAppForValidation   I Adding installed app: x509aSyncclient for validation
[06/06/2021 00:20:26:597 PDT] 001 ShrinkHelper                   exportArtifact                 I Exporting shrinkwrap artifact: x509aSync.war: 9 assets to publish/servers/com.ibm.ws.wssecurity_fat.x509async/dropins
[06/06/2021 00:20:26:597 PDT] 001 ShrinkHelper                   exportArtifact                 I Not exporting artifact because it already exists at C:\Users\Administrator\libertyGit\open-liberty\dev\com.ibm.ws.wssecurity_fat.wsscxf.1\build\libs\autoFVT\publish\servers\com.ibm.ws.wssecurity_fat.x509async\dropins\x509aSync.war
[06/06/2021 00:20:26:597 PDT] 001 LibertyFileManager             copyFileIntoLiberty            I Copying: C:/Users/Administrator/libertyGit/open-liberty/dev/com.ibm.ws.wssecurity_fat.wsscxf.1/build/libs/autoFVT/publish/servers/com.ibm.ws.wssecurity_fat.x509async/dropins/x509aSync.war to C:/Users/Administrator/libertyGit/open-liberty/dev/build.image/wlp/usr/servers/com.ibm.ws.wssecurity_fat.x509async/dropins/x509aSync.war
[06/06/2021 00:20:26:597 PDT] 001 LibertyServer                  addInstalledAppForValidation   I Adding installed app: x509aSync for validation
[06/06/2021 00:20:26:597 PDT] 001 CommonTests                    commonSetUp                    I *****************************commonSetUp
[06/06/2021 00:20:26:597 PDT] 001 CommonTests                    setupSSLCLient                 I *****************************setupSSLCLient
[06/06/2021 00:20:26:597 PDT] 001 CommonTests                    setupSSLCLient                 I Inside setupSSLClient but not calling enableSSLv3()
[06/06/2021 00:20:26:597 PDT] 001 CommonTests                    setupSSLCLient                 I Setting up global trust
[06/06/2021 00:20:26:597 PDT] 001 CommonTests                    setupSSLCLient                 I before SSLContext TLS
[06/06/2021 00:20:26:612 PDT] 001 CommonTests                    setupSSLCLient                 I Setting trustStore to ./securitykeys/sslClientDefault.jks
[06/06/2021 00:20:26:612 PDT] 001 CommonTests                    setupSSLCLient                 I javax.net.debug is set to: ssl
[06/06/2021 00:20:26:612 PDT] 001 CommonTests                    setupSSLCLient                 I end of setupSSLClient()
[06/06/2021 00:20:26:612 PDT] 001 CommonTests                    commonSetUp                    I setting lastServer and origServer
[06/06/2021 00:20:26:628 PDT] 001 CommonTests                    commonSetUp                    I Starting server: com.ibm.ws.wssecurity_fat.x509async
[06/06/2021 00:20:26:628 PDT] 001 LibertyServer                  startServerWithArgs            I >>> STARTING SERVER: com.ibm.ws.wssecurity_fat.x509async
[06/06/2021 00:20:26:628 PDT] 001 LibertyServer                  startServerWithArgs            I Starting com.ibm.ws.wssecurity_fat.x509async; preClean=true, clean=true, validateApps=true, expectStartFailure=false, cmd=start, args=null
[06/06/2021 00:20:26:628 PDT] 001 LibertyServer                  startServerWithArgs            I Tidying logs
[06/06/2021 00:20:26:635 PDT] 001 LibertyServer                  calculateDebugInfo             I debugging allowed for server = com.ibm.ws.wssecurity_fat.x509async, but didn't find valid port, so debug not enabled
[06/06/2021 00:20:26:636 PDT] 001 LibertyServer                  startServerWithArgs            I Using additional env props: {LOG_FILE=CxfX509ASyncTests.log, JVM_ARGS= -Djava.io.tmpdir=C:\Users\Administrator\libertyGit\open-liberty\dev\com.ibm.ws.wssecurity_fat.wsscxf.1\build\libs\autoFVT\build\tmp -Djava.security.egd=file:///dev/urandom -Xdump:system+java+snap:events=throw+systhrow,filter="java/lang/ClassCastException#ServiceFactoryUse.<init>*" -Xdump:system+java+snap:events=throw+systhrow,filter="java/lang/ClassCastException#org/eclipse/osgi/internal/serviceregistry/ServiceFactoryUse.<init>*", LOG_DIR=C:/Users/Administrator/libertyGit/open-liberty/dev/build.image/wlp/usr/servers/com.ibm.ws.wssecurity_fat.x509async/logs/, JAVA_HOME=C:/java8_8.0.6.30/ibm-java-sdk-80-win-x86_64/sdk/jre}
[06/06/2021 00:20:54:608 PDT] 001 LibertyServer                  validateServerStarted          I Waiting up to 15 seconds for server confirmation:  CWWKF0011I to be found in C:/Users/Administrator/libertyGit/open-liberty/dev/build.image/wlp/usr/servers/com.ibm.ws.wssecurity_fat.x509async/logs/CxfX509ASyncTests.log
[06/06/2021 00:20:54:608 PDT] 001 LogMonitor                     getMarkOffset                  I Mark offset for C:/Users/Administrator/libertyGit/open-liberty/dev/build.image/wlp/usr/servers/com.ibm.ws.wssecurity_fat.x509async/logs/CxfX509ASyncTests.log=0 for C:/Users/Administrator/libertyGit/open-liberty/dev/build.image/wlp/usr/servers/com.ibm.ws.wssecurity_fat.x509async/logs/CxfX509ASyncTests.log
[06/06/2021 00:20:54:623 PDT] 001 LibertyServer                  validateAppsLoaded             I Started searching for app manager messages at 12:20:54 AM PDT and finished at 12:20:54 AM PDT
[06/06/2021 00:20:54:661 PDT] 001 FeatureDependencyProcessor     validateTestedFeatures         I Validated that all installed features were present in test dependencies JSON file.
[06/06/2021 00:20:54:661 PDT] 001 LogMonitor                     getMarkOffset                  I Mark offset for C:/Users/Administrator/libertyGit/open-liberty/dev/build.image/wlp/usr/servers/com.ibm.ws.wssecurity_fat.x509async/logs/messages.log=0 for C:/Users/Administrator/libertyGit/open-liberty/dev/build.image/wlp/usr/servers/com.ibm.ws.wssecurity_fat.x509async/logs/messages.log
[06/06/2021 00:20:54:676 PDT] 001 CommonTests                    commonSetUp                    I ****clientHttpUrl is:http://localhost:8010/x509aSyncclient/CxfX509AsyncSvcClient
[06/06/2021 00:20:54:676 PDT] 001 CommonTests                    commonSetUp                    I ****portNumber is:8010
[06/06/2021 00:20:54:676 PDT] 001 LogMonitor                     getMarkOffset                  I Mark offset for C:/Users/Administrator/libertyGit/open-liberty/dev/build.image/wlp/usr/servers/com.ibm.ws.wssecurity_fat.x509async/logs/messages.log=0 for C:/Users/Administrator/libertyGit/open-liberty/dev/build.image/wlp/usr/servers/com.ibm.ws.wssecurity_fat.x509async/logs/messages.log
[06/06/2021 00:20:54:676 PDT] 001 CxfX509ASyncTests              setup                          I CBHVersion in setup: EE8
Start printing CommonTests providers
IBMJSSE2 version 1.8
IBMJCE version 1.8
IBMJCEPlus version 1.8
IBMJGSSProvider version 8.0
IBMCertPath version 8.0
IBMSASL version 1.8
IBMXMLCRYPTO version 8.0
IBMXMLEnc version 8.0
IBMSPNEGO version 8.0
SUN version 1.8
Finished printing CommonTests  providers
Start Updating Order
IBM Cert is already before SUN - no update needed
[06/06/2021 00:20:54:676 PDT] 001 FATRunner                      evaluate                       I entering com.ibm.ws.wssecurity.fat.cxf.x509token.CxfX509ASyncTests.testCxfAsyncInvokeNonBlocking
----- Start:  testCxfAsyncInvokeNonBlocking_EE8_FEATURES   ----------------------------------------------------
[06/06/2021 00:20:54:676 PDT] 001 CommonTests                    testCxfAsyncInvokeNonBlocking_ I *****************************Starting TEST: testCxfAsyncInvokeNonBlocking_EE8_FEATURES
[06/06/2021 00:20:54:676 PDT] 001 CommonTests                    testCxfAsyncInvokeNonBlocking_ I *****************************testCxfAsyncInvokeNonBlocking_EE8_FEATURES
[06/06/2021 00:20:54:676 PDT] 001 CommonTests                    testCxfAsyncInvokeNonBlocking_ I In CommontTests.genericAsyncTestSub: generic CXF client code
[06/06/2021 00:20:54:676 PDT] 001 CommonTests                    testCxfAsyncInvokeNonBlocking_ I Invoke service client: http://localhost:8010/x509aSyncclient/CxfX509AsyncSvcClient
[06/06/2021 00:20:54:676 PDT] 001 CommonTests                    testCxfAsyncInvokeNonBlocking_ I CBHVersion is: null
[06/06/2021 00:20:54:676 PDT] 001 CommonTests                    testCxfAsyncInvokeNonBlocking_ I CallBackhandlerVersion is: null
[06/06/2021 00:20:54:692 PDT] 001 CommonTests                    testCxfAsyncInvokeNonBlocking_ I request is: GET request for (null) http://localhost:8010/x509aSyncclient/CxfX509AsyncSvcClient?id=user1&msg=&serviceName=X509AsyncService&testName=testCxfAsyncInvokeNonBlocking_EE8_FEATURES&servicePort=X509AsyncPort&httpSecureDefaultPort=&clientWsdl=&pw=security&httpDefaultPort=8010
[06/06/2021 00:20:54:692 PDT] 001 CommonTests                    testCxfAsyncInvokeNonBlocking_ I Invoke the client - before wc.getResponse
Sending:: User-Agent: httpunit/1.5
Sending:: Accept-Encoding: gzip
Header:: HTTP/1.1 200 OK
Header:: X-Powered-By: Servlet/4.0
Header:: Content-Language: en-US
Header:: Transfer-Encoding: chunked
Header:: Date: Sun, 06 Jun 2021 07:21:06 GMT
[06/06/2021 00:21:06:214 PDT] 001 CommonTests                    testCxfAsyncInvokeNonBlocking_ I After wc.getResponse
[06/06/2021 00:21:06:215 PDT] 001 CommonTests                    testCxfAsyncInvokeNonBlocking_ I Read the response - before response.getText() 
[06/06/2021 00:21:06:215 PDT] 001 CommonTests                    testCxfAsyncInvokeNonBlocking_ I Response from CXF x509 Sig Service client: <html><head><title>CXF x509 Async Service Cleint</title></head><body><p>Request: CXF x509 Async Service Client</p><p>Response: java.util.concurrent.ExecutionException: javax.xml.ws.soap.SOAPFaultException: com.ibm.ws.wssecurity.example.cbhwss4j.CommonPasswordCallbackWss4j cannot be found by com.ibm.ws.org.apache.cxf.rt.security.3.4.1_1.0.53.202106011250</p></body></html>
[06/06/2021 00:21:06:215 PDT] 001 CommonTests                    restoreServer                  I lastServer: C:\Users\Administrator\libertyGit\open-liberty\dev\com.ibm.ws.wssecurity_fat.wsscxf.1\build\libs\autoFVT\publish/servers/com.ibm.ws.wssecurity_fat.x509async/server.xml
[06/06/2021 00:21:06:215 PDT] 001 CommonTests                    restoreServer                  I origServer: C:\Users\Administrator\libertyGit\open-liberty\dev\com.ibm.ws.wssecurity_fat.wsscxf.1\build\libs\autoFVT\publish/servers/com.ibm.ws.wssecurity_fat.x509async/server.xml
[06/06/2021 00:21:06:215 PDT] 001 CommonTests                    reconfigServer                 I ************** Starting server.xml update for: restoreServer
[06/06/2021 00:21:06:216 PDT] 001 LibertyServer                  setMarkToEndOfLog              I Setting mark to the end of logs (if null, messages.log): [Lcom.ibm.websphere.simplicity.RemoteFile;@7382b802
[06/06/2021 00:21:06:217 PDT] 001 LogMonitor                     setMarkToEndOfLog              I C:/Users/Administrator/libertyGit/open-liberty/dev/build.image/wlp/usr/servers/com.ibm.ws.wssecurity_fat.x509async/logs/messages.log, old mark offset=0, new mark offset=67718 for C:/Users/Administrator/libertyGit/open-liberty/dev/build.image/wlp/usr/servers/com.ibm.ws.wssecurity_fat.x509async/logs/messages.log
[06/06/2021 00:21:06:217 PDT] 001 CommonTests                    reconfigServer                 I The SAME SERVER CONFIG file is being used - skipping reconfig
[06/06/2021 00:21:06:217 PDT] 001 CommonTests                    testCxfAsyncInvokeNonBlocking_ I *****************************Ending TEST 
----- End:  org.junit.rules.TestName@792229ed   ----------------------------------------------------
[06/06/2021 00:21:06:217 PDT] 001 FATRunner                      evaluate                       S null
java.lang.AssertionError: 
Expected: 
Response: null
 But received: 
<html><head><title>CXF x509 Async Service Cleint</title></head><body><p>Request: CXF x509 Async Service Client</p><p>Response: java.util.concurrent.ExecutionException: javax.xml.ws.soap.SOAPFaultException: com.ibm.ws.wssecurity.example.cbhwss4j.CommonPasswordCallbackWss4j cannot be found by com.ibm.ws.org.apache.cxf.rt.security.3.4.1_1.0.53.202106011250</p></body></html>

	at org.junit.Assert.fail(Assert.java:93)
	at org.junit.Assert.assertTrue(Assert.java:43)
	at com.ibm.ws.wssecurity.fat.utils.common.CommonTests.genericAsyncTestSub(CommonTests.java:629)
	at com.ibm.ws.wssecurity.fat.utils.common.CommonTests.genericAsyncTest(CommonTests.java:380)
	at com.ibm.ws.wssecurity.fat.utils.common.CommonTests.genericAsyncTest(CommonTests.java:327)
	at com.ibm.ws.wssecurity.fat.cxf.x509token.CxfX509ASyncTests.testCxfAsyncInvokeNonBlocking(CxfX509ASyncTests.java:120)
	at sun.reflect.NativeMethodAccessorImpl.invoke0(Native Method)
	at sun.reflect.NativeMethodAccessorImpl.invoke(NativeMethodAccessorImpl.java:90)
	at sun.reflect.DelegatingMethodAccessorImpl.invoke(DelegatingMethodAccessorImpl.java:55)
	at java.lang.reflect.Method.invoke(Method.java:508)
	at org.junit.runners.model.FrameworkMethod$1.runReflectiveCall(FrameworkMethod.java:45)
	at org.junit.internal.runners.model.ReflectiveCallable.run(ReflectiveCallable.java:15)
	at org.junit.runners.model.FrameworkMethod.invokeExplosively(FrameworkMethod.java:42)
	at org.junit.internal.runners.statements.InvokeMethod.evaluate(InvokeMethod.java:20)
	at org.junit.internal.runners.statements.RunBefores.evaluate(RunBefores.java:28)
	at org.junit.internal.runners.statements.RunAfters.evaluate(RunAfters.java:30)
	at org.junit.rules.TestWatcher$1.evaluate(TestWatcher.java:47)
	at org.junit.rules.RunRules.evaluate(RunRules.java:18)
	at componenttest.custom.junit.runner.FATRunner$1.evaluate(FATRunner.java:197)
	at org.junit.runners.ParentRunner.runLeaf(ParentRunner.java:263)
	at org.junit.runners.BlockJUnit4ClassRunner.runChild(BlockJUnit4ClassRunner.java:68)
	at org.junit.runners.BlockJUnit4ClassRunner.runChild(BlockJUnit4ClassRunner.java:47)
	at org.junit.runners.ParentRunner$3.run(ParentRunner.java:231)
	at org.junit.runners.ParentRunner$1.schedule(ParentRunner.java:60)
	at org.junit.runners.ParentRunner.runChildren(ParentRunner.java:229)
	at org.junit.runners.ParentRunner.access$000(ParentRunner.java:50)
	at org.junit.runners.ParentRunner$2.evaluate(ParentRunner.java:222)
	at org.junit.internal.runners.statements.RunBefores.evaluate(RunBefores.java:28)
	at org.junit.internal.runners.statements.RunAfters.evaluate(RunAfters.java:30)
	at componenttest.custom.junit.runner.FATRunner$2.evaluate(FATRunner.java:318)
	at org.junit.runners.ParentRunner.run(ParentRunner.java:300)
	at componenttest.custom.junit.runner.FATRunner.run(FATRunner.java:171)
	at org.junit.runners.Suite.runChild(Suite.java:128)
	at org.junit.runners.Suite.runChild(Suite.java:24)
	at org.junit.runners.ParentRunner$3.run(ParentRunner.java:231)
	at org.junit.runners.ParentRunner$1.schedule(ParentRunner.java:60)
	at org.junit.runners.ParentRunner.runChildren(ParentRunner.java:229)
	at org.junit.runners.ParentRunner.access$000(ParentRunner.java:50)
	at org.junit.runners.ParentRunner$2.evaluate(ParentRunner.java:222)
	at componenttest.rules.repeater.RepeatTests$CompositeRepeatTestActionStatement.evaluate(RepeatTests.java:115)
	at org.junit.rules.RunRules.evaluate(RunRules.java:18)
	at org.junit.runners.ParentRunner.run(ParentRunner.java:300)
	at junit.framework.JUnit4TestAdapter.run(JUnit4TestAdapter.java:39)
	at org.apache.tools.ant.taskdefs.optional.junit.JUnitTestRunner.run(JUnitTestRunner.java:520)
	at org.apache.tools.ant.taskdefs.optional.junit.JUnitTestRunner.launch(JUnitTestRunner.java:1060)
	at org.apache.tools.ant.taskdefs.optional.junit.JUnitTestRunner.main(JUnitTestRunner.java:911)
[06/06/2021 00:21:06:220 PDT] 001 FATRunner                      evaluate                       I exiting com.ibm.ws.wssecurity.fat.cxf.x509token.CxfX509ASyncTests.testCxfAsyncInvokeNonBlocking
[06/06/2021 00:21:06:231 PDT] 001 CommonTests                    tearDown                       I *****************************tearDown
[06/06/2021 00:21:06:232 PDT] 001 CommonTests                    tearDown                       I Time to stop the server
[06/06/2021 00:21:06:232 PDT] 001 CommonTests                    getIgnoredServerExceptions     I null
[06/06/2021 00:21:06:232 PDT] 001 CommonTests                    tearDown                       I calling stop with no expected exceptions
[06/06/2021 00:21:06:232 PDT] 001 LibertyServer                  stopServer                     I <<< STOPPING SERVER: com.ibm.ws.wssecurity_fat.x509async
[06/06/2021 00:21:10:967 PDT] 001 LibertyServer                  stopServer                     I Stop Server Response: Stopping server com.ibm.ws.wssecurity_fat.x509async.
Server com.ibm.ws.wssecurity_fat.x509async stopped.

[06/06/2021 00:21:10:967 PDT] 001 LogMonitor                     getMarkOffset                  I Mark offset for C:/Users/Administrator/libertyGit/open-liberty/dev/build.image/wlp/usr/servers/com.ibm.ws.wssecurity_fat.x509async/logs/CxfX509ASyncTests.log=0 for C:/Users/Administrator/libertyGit/open-liberty/dev/build.image/wlp/usr/servers/com.ibm.ws.wssecurity_fat.x509async/logs/CxfX509ASyncTests.log
[06/06/2021 00:21:10:967 PDT] 001 LibertyServer                  executeServerScript            I Running server script with command=status
[06/06/2021 00:21:12:205 PDT] 001 LibertyServer                  stopServer                     I Server com.ibm.ws.wssecurity_fat.x509async stopped successfully
[06/06/2021 00:21:12:237 PDT] 001 LibertyServer                  checkLogsForErrorsAndWarnings  I Error/warning found in log ORIGINALLY: [6/6/21 0:20:44:094 PDT] 00000035 com.ibm.ws.config.admin.internal.ConfigurationAdminImpl      W CWWKG0101W: The configuration with the persisted identity (PID) com.ibm.ws.wssecurity.sig.config_70 is bound to the bundle com.ibm.ws.wssecurity.3.4.1. The configuration is not visible to other bundles.  
[06/06/2021 00:21:12:237 PDT] 001 LibertyServer                  checkLogsForErrorsAndWarnings  I Error/warning found in log ORIGINALLY: [6/6/21 0:20:44:198 PDT] 00000035 com.ibm.ws.config.admin.internal.ConfigurationAdminImpl      W CWWKG0101W: The configuration with the persisted identity (PID) com.ibm.ws.wssecurity.sig.config_69 is bound to the bundle com.ibm.ws.wssecurity.3.4.1. The configuration is not visible to other bundles.  
[06/06/2021 00:21:12:237 PDT] 001 LibertyServer                  checkLogsForErrorsAndWarnings  I Error/warning found: [6/6/21 0:20:44:094 PDT] 00000035 com.ibm.ws.config.admin.internal.ConfigurationAdminImpl      W CWWKG0101W: The configuration with the persisted identity (PID) com.ibm.ws.wssecurity.sig.config_70 is bound to the bundle com.ibm.ws.wssecurity.3.4.1. The configuration is not visible to other bundles.  
[06/06/2021 00:21:12:237 PDT] 001 LibertyServer                  checkLogsForErrorsAndWarnings  I Error/warning found: [6/6/21 0:20:44:198 PDT] 00000035 com.ibm.ws.config.admin.internal.ConfigurationAdminImpl      W CWWKG0101W: The configuration with the persisted identity (PID) com.ibm.ws.wssecurity.sig.config_69 is bound to the bundle com.ibm.ws.wssecurity.3.4.1. The configuration is not visible to other bundles.  
[06/06/2021 00:21:12:374 PDT] 001 CommonTests                    tearDown                       I Server stop threw an exception - start
java.lang.Exception: Errors/warnings were found in server com.ibm.ws.wssecurity_fat.x509async logs:
 <br>[6/6/21 0:20:44:094 PDT] 00000035 com.ibm.ws.config.admin.internal.ConfigurationAdminImpl      W CWWKG0101W: The configuration with the persisted identity (PID) com.ibm.ws.wssecurity.sig.config_70 is bound to the bundle com.ibm.ws.wssecurity.3.4.1. The configuration is not visible to other bundles.  
 <br>[6/6/21 0:20:44:198 PDT] 00000035 com.ibm.ws.config.admin.internal.ConfigurationAdminImpl      W CWWKG0101W: The configuration with the persisted identity (PID) com.ibm.ws.wssecurity.sig.config_69 is bound to the bundle com.ibm.ws.wssecurity.3.4.1. The configuration is not visible to other bundles.  
	at componenttest.topology.impl.LibertyServer.checkLogsForErrorsAndWarnings(LibertyServer.java:2603)
	at componenttest.topology.impl.LibertyServer.stopServer(LibertyServer.java:2462)
	at componenttest.topology.impl.LibertyServer.stopServer(LibertyServer.java:2277)
	at componenttest.topology.impl.LibertyServer.stopServer(LibertyServer.java:2252)
	at com.ibm.ws.wssecurity.fat.utils.common.CommonTests.tearDown(CommonTests.java:809)
	at sun.reflect.NativeMethodAccessorImpl.invoke0(Native Method)
	at sun.reflect.NativeMethodAccessorImpl.invoke(NativeMethodAccessorImpl.java:90)
	at sun.reflect.DelegatingMethodAccessorImpl.invoke(DelegatingMethodAccessorImpl.java:55)
	at java.lang.reflect.Method.invoke(Method.java:508)
	at org.junit.runners.model.FrameworkMethod$1.runReflectiveCall(FrameworkMethod.java:45)
	at org.junit.internal.runners.model.ReflectiveCallable.run(ReflectiveCallable.java:15)
	at org.junit.runners.model.FrameworkMethod.invokeExplosively(FrameworkMethod.java:42)
	at org.junit.internal.runners.statements.RunAfters.evaluate(RunAfters.java:36)
	at componenttest.custom.junit.runner.FATRunner$2.evaluate(FATRunner.java:318)
	at org.junit.runners.ParentRunner.run(ParentRunner.java:300)
	at componenttest.custom.junit.runner.FATRunner.run(FATRunner.java:171)
	at org.junit.runners.Suite.runChild(Suite.java:128)
	at org.junit.runners.Suite.runChild(Suite.java:24)
	at org.junit.runners.ParentRunner$3.run(ParentRunner.java:231)
	at org.junit.runners.ParentRunner$1.schedule(ParentRunner.java:60)
	at org.junit.runners.ParentRunner.runChildren(ParentRunner.java:229)
	at org.junit.runners.ParentRunner.access$000(ParentRunner.java:50)
	at org.junit.runners.ParentRunner$2.evaluate(ParentRunner.java:222)
	at componenttest.rules.repeater.RepeatTests$CompositeRepeatTestActionStatement.evaluate(RepeatTests.java:115)
	at org.junit.rules.RunRules.evaluate(RunRules.java:18)
	at org.junit.runners.ParentRunner.run(ParentRunner.java:300)
	at junit.framework.JUnit4TestAdapter.run(JUnit4TestAdapter.java:39)
	at org.apache.tools.ant.taskdefs.optional.junit.JUnitTestRunner.run(JUnitTestRunner.java:520)
	at org.apache.tools.ant.taskdefs.optional.junit.JUnitTestRunner.launch(JUnitTestRunner.java:1060)
	at org.apache.tools.ant.taskdefs.optional.junit.JUnitTestRunner.main(JUnitTestRunner.java:911)
[06/06/2021 00:21:12:374 PDT] 001 CommonTests                    tearDown                       I Server stop threw an exception - end
[06/06/2021 00:21:12:374 PDT] 001 CommonTests                    tearDown                       I Trying to unintall the callback handler
[06/06/2021 00:21:12:374 PDT] 001 SharedTools                    uninstallCallbackHandler       I Looking for file: .\publish\bundles\com.ibm.ws.wssecurity.example.cbh_1.0.0.jar
[06/06/2021 00:21:12:374 PDT] 001 LibertyServerFactory           tidyAllKnownServers            I Now post-test-tidying all servers known to test: com.ibm.ws.wssecurity.fat.cxf.x509token.CxfX509ASyncTests
[06/06/2021 00:21:12:374 PDT] 001 LibertyServerFactory           tidyAllKnownServers            I Tidying server: com.ibm.ws.wssecurity_fat.x509async hash:2074578349
[06/06/2021 00:21:12:374 PDT] 001 LibertyServerFactory           tidyAllKnownServers            I Tidying server: com.ibm.ws.wssecurity_fat.x509async hash:-1295029071
[06/06/2021 00:21:13:391 PDT] 001 LogPolice                      checkUsedTrace                 I So far this FAT has used 6MB of trace.
]]></system-out>
  <system-err><![CDATA[*****************************commonSetUp
*****************************setupSSLCLient
Rhino classes (js.jar) not found - Javascript disabled
*****************************Starting TEST: testCxfAsyncInvokeNonBlocking
*****************************testCxfAsyncInvokeNonBlocking
*****************************Ending TEST 
*****************************tearDown
*****************************commonSetUp
*****************************setupSSLCLient
*****************************Starting TEST: testCxfAsyncInvokeNonBlocking_EE8_FEATURES
*****************************testCxfAsyncInvokeNonBlocking_EE8_FEATURES
*****************************Ending TEST 
*****************************tearDown
]]></system-err>
</testsuite>
